{"/home/runner/work/euparliamentmonitor/euparliamentmonitor/src/constants/config.ts": {"path":"/home/runner/work/euparliamentmonitor/euparliamentmonitor/src/constants/config.ts","statementMap":{"0":{"start":{"line":13,"column":16},"end":{"line":13,"column":49}},"1":{"start":{"line":14,"column":18},"end":{"line":14,"column":42}},"2":{"start":{"line":17,"column":36},"end":{"line":17,"column":71}},"3":{"start":{"line":20,"column":32},"end":{"line":20,"column":63}},"4":{"start":{"line":23,"column":36},"end":{"line":23,"column":67}},"5":{"start":{"line":26,"column":24},"end":{"line":26,"column":57}},"6":{"start":{"line":29,"column":40},"end":{"line":29,"column":85}},"7":{"start":{"line":32,"column":32},"end":{"line":32,"column":35}},"8":{"start":{"line":35,"column":68},"end":{"line":36,"column":null}},"9":{"start":{"line":40,"column":35},"end":{"line":40,"column":59}},"10":{"start":{"line":43,"column":39},"end":{"line":43,"column":65}},"11":{"start":{"line":46,"column":37},"end":{"line":46,"column":66}},"12":{"start":{"line":49,"column":46},"end":{"line":49,"column":79}},"13":{"start":{"line":52,"column":41},"end":{"line":52,"column":69}},"14":{"start":{"line":55,"column":36},"end":{"line":55,"column":59}},"15":{"start":{"line":58,"column":40},"end":{"line":58,"column":67}},"16":{"start":{"line":61,"column":43},"end":{"line":61,"column":73}},"17":{"start":{"line":64,"column":44},"end":{"line":64,"column":75}},"18":{"start":{"line":67,"column":29},"end":{"line":67,"column":32}}},"fnMap":{},"branchMap":{},"s":{"0":17,"1":17,"2":17,"3":17,"4":17,"5":17,"6":17,"7":17,"8":17,"9":17,"10":17,"11":17,"12":17,"13":17,"14":17,"15":17,"16":17,"17":17,"18":17},"f":{},"b":{},"meta":{"lastBranch":0,"lastFunction":0,"lastStatement":19,"seen":{"s:13:16:13:49":0,"s:14:18:14:42":1,"s:17:36:17:71":2,"s:20:32:20:63":3,"s:23:36:23:67":4,"s:26:24:26:57":5,"s:29:40:29:85":6,"s:32:32:32:35":7,"s:35:68:36:Infinity":8,"s:40:35:40:59":9,"s:43:39:43:65":10,"s:46:37:46:66":11,"s:49:46:49:79":12,"s:52:41:52:69":13,"s:55:36:55:59":14,"s:58:40:58:67":15,"s:61:43:61:73":16,"s:64:44:64:75":17,"s:67:29:67:32":18}}}
,"/home/runner/work/euparliamentmonitor/euparliamentmonitor/src/constants/language-articles.ts": {"path":"/home/runner/work/euparliamentmonitor/euparliamentmonitor/src/constants/language-articles.ts","statementMap":{"0":{"start":{"line":22,"column":97},"end":{"line":85,"column":null}},"1":{"start":{"line":23,"column":23},"end":{"line":27,"column":4}},"2":{"start":{"line":28,"column":23},"end":{"line":31,"column":4}},"3":{"start":{"line":32,"column":23},"end":{"line":35,"column":4}},"4":{"start":{"line":36,"column":23},"end":{"line":39,"column":4}},"5":{"start":{"line":40,"column":23},"end":{"line":44,"column":4}},"6":{"start":{"line":45,"column":23},"end":{"line":49,"column":4}},"7":{"start":{"line":50,"column":23},"end":{"line":54,"column":4}},"8":{"start":{"line":55,"column":23},"end":{"line":59,"column":4}},"9":{"start":{"line":60,"column":23},"end":{"line":64,"column":4}},"10":{"start":{"line":65,"column":23},"end":{"line":68,"column":4}},"11":{"start":{"line":69,"column":23},"end":{"line":72,"column":4}},"12":{"start":{"line":73,"column":23},"end":{"line":76,"column":4}},"13":{"start":{"line":77,"column":23},"end":{"line":80,"column":4}},"14":{"start":{"line":81,"column":23},"end":{"line":84,"column":4}},"15":{"start":{"line":88,"column":85},"end":{"line":156,"column":null}},"16":{"start":{"line":89,"column":18},"end":{"line":93,"column":4}},"17":{"start":{"line":94,"column":18},"end":{"line":98,"column":4}},"18":{"start":{"line":99,"column":18},"end":{"line":103,"column":4}},"19":{"start":{"line":104,"column":18},"end":{"line":108,"column":4}},"20":{"start":{"line":109,"column":18},"end":{"line":113,"column":4}},"21":{"start":{"line":114,"column":18},"end":{"line":118,"column":4}},"22":{"start":{"line":119,"column":18},"end":{"line":123,"column":4}},"23":{"start":{"line":124,"column":18},"end":{"line":128,"column":4}},"24":{"start":{"line":129,"column":18},"end":{"line":133,"column":4}},"25":{"start":{"line":134,"column":18},"end":{"line":138,"column":4}},"26":{"start":{"line":139,"column":18},"end":{"line":143,"column":4}},"27":{"start":{"line":144,"column":18},"end":{"line":147,"column":4}},"28":{"start":{"line":148,"column":18},"end":{"line":151,"column":4}},"29":{"start":{"line":152,"column":18},"end":{"line":155,"column":4}},"30":{"start":{"line":160,"column":2},"end":{"line":227,"column":null}},"31":{"start":{"line":161,"column":25},"end":{"line":165,"column":6}},"32":{"start":{"line":166,"column":25},"end":{"line":170,"column":6}},"33":{"start":{"line":171,"column":25},"end":{"line":175,"column":6}},"34":{"start":{"line":176,"column":25},"end":{"line":180,"column":6}},"35":{"start":{"line":181,"column":25},"end":{"line":185,"column":6}},"36":{"start":{"line":186,"column":25},"end":{"line":190,"column":6}},"37":{"start":{"line":191,"column":25},"end":{"line":195,"column":6}},"38":{"start":{"line":196,"column":25},"end":{"line":200,"column":6}},"39":{"start":{"line":201,"column":25},"end":{"line":205,"column":6}},"40":{"start":{"line":206,"column":25},"end":{"line":210,"column":6}},"41":{"start":{"line":211,"column":25},"end":{"line":214,"column":6}},"42":{"start":{"line":215,"column":25},"end":{"line":218,"column":6}},"43":{"start":{"line":219,"column":25},"end":{"line":222,"column":6}},"44":{"start":{"line":223,"column":25},"end":{"line":226,"column":6}},"45":{"start":{"line":230,"column":88},"end":{"line":297,"column":null}},"46":{"start":{"line":231,"column":18},"end":{"line":235,"column":4}},"47":{"start":{"line":236,"column":18},"end":{"line":240,"column":4}},"48":{"start":{"line":241,"column":18},"end":{"line":245,"column":4}},"49":{"start":{"line":246,"column":18},"end":{"line":250,"column":4}},"50":{"start":{"line":251,"column":18},"end":{"line":255,"column":4}},"51":{"start":{"line":256,"column":18},"end":{"line":260,"column":4}},"52":{"start":{"line":261,"column":18},"end":{"line":265,"column":4}},"53":{"start":{"line":266,"column":18},"end":{"line":270,"column":4}},"54":{"start":{"line":271,"column":18},"end":{"line":275,"column":4}},"55":{"start":{"line":276,"column":18},"end":{"line":280,"column":4}},"56":{"start":{"line":281,"column":18},"end":{"line":284,"column":4}},"57":{"start":{"line":285,"column":18},"end":{"line":288,"column":4}},"58":{"start":{"line":289,"column":18},"end":{"line":292,"column":4}},"59":{"start":{"line":293,"column":18},"end":{"line":296,"column":4}},"60":{"start":{"line":300,"column":80},"end":{"line":368,"column":null}},"61":{"start":{"line":301,"column":17},"end":{"line":305,"column":4}},"62":{"start":{"line":306,"column":17},"end":{"line":310,"column":4}},"63":{"start":{"line":311,"column":17},"end":{"line":315,"column":4}},"64":{"start":{"line":316,"column":17},"end":{"line":320,"column":4}},"65":{"start":{"line":321,"column":17},"end":{"line":325,"column":4}},"66":{"start":{"line":326,"column":17},"end":{"line":330,"column":4}},"67":{"start":{"line":331,"column":17},"end":{"line":335,"column":4}},"68":{"start":{"line":336,"column":17},"end":{"line":340,"column":4}},"69":{"start":{"line":341,"column":17},"end":{"line":345,"column":4}},"70":{"start":{"line":346,"column":17},"end":{"line":350,"column":4}},"71":{"start":{"line":351,"column":17},"end":{"line":355,"column":4}},"72":{"start":{"line":356,"column":17},"end":{"line":359,"column":4}},"73":{"start":{"line":360,"column":17},"end":{"line":363,"column":4}},"74":{"start":{"line":364,"column":17},"end":{"line":367,"column":4}},"75":{"start":{"line":371,"column":86},"end":{"line":435,"column":null}},"76":{"start":{"line":372,"column":17},"end":{"line":375,"column":4}},"77":{"start":{"line":376,"column":17},"end":{"line":380,"column":4}},"78":{"start":{"line":381,"column":17},"end":{"line":385,"column":4}},"79":{"start":{"line":386,"column":17},"end":{"line":390,"column":4}},"80":{"start":{"line":391,"column":17},"end":{"line":395,"column":4}},"81":{"start":{"line":396,"column":17},"end":{"line":400,"column":4}},"82":{"start":{"line":401,"column":17},"end":{"line":405,"column":4}},"83":{"start":{"line":406,"column":17},"end":{"line":410,"column":4}},"84":{"start":{"line":411,"column":17},"end":{"line":414,"column":4}},"85":{"start":{"line":415,"column":17},"end":{"line":418,"column":4}},"86":{"start":{"line":419,"column":17},"end":{"line":422,"column":4}},"87":{"start":{"line":423,"column":17},"end":{"line":426,"column":4}},"88":{"start":{"line":427,"column":17},"end":{"line":430,"column":4}},"89":{"start":{"line":431,"column":17},"end":{"line":434,"column":4}},"90":{"start":{"line":438,"column":95},"end":{"line":504,"column":null}},"91":{"start":{"line":439,"column":22},"end":{"line":443,"column":4}},"92":{"start":{"line":444,"column":22},"end":{"line":448,"column":4}},"93":{"start":{"line":449,"column":22},"end":{"line":453,"column":4}},"94":{"start":{"line":454,"column":22},"end":{"line":458,"column":4}},"95":{"start":{"line":459,"column":22},"end":{"line":463,"column":4}},"96":{"start":{"line":464,"column":22},"end":{"line":468,"column":4}},"97":{"start":{"line":469,"column":22},"end":{"line":473,"column":4}},"98":{"start":{"line":474,"column":22},"end":{"line":478,"column":4}},"99":{"start":{"line":479,"column":22},"end":{"line":483,"column":4}},"100":{"start":{"line":484,"column":22},"end":{"line":487,"column":4}},"101":{"start":{"line":488,"column":22},"end":{"line":491,"column":4}},"102":{"start":{"line":492,"column":22},"end":{"line":495,"column":4}},"103":{"start":{"line":496,"column":22},"end":{"line":499,"column":4}},"104":{"start":{"line":500,"column":22},"end":{"line":503,"column":4}},"105":{"start":{"line":507,"column":73},"end":{"line":573,"column":null}},"106":{"start":{"line":508,"column":13},"end":{"line":512,"column":4}},"107":{"start":{"line":513,"column":13},"end":{"line":517,"column":4}},"108":{"start":{"line":518,"column":13},"end":{"line":522,"column":4}},"109":{"start":{"line":523,"column":13},"end":{"line":526,"column":4}},"110":{"start":{"line":527,"column":13},"end":{"line":531,"column":4}},"111":{"start":{"line":532,"column":13},"end":{"line":536,"column":4}},"112":{"start":{"line":537,"column":13},"end":{"line":541,"column":4}},"113":{"start":{"line":542,"column":13},"end":{"line":546,"column":4}},"114":{"start":{"line":547,"column":13},"end":{"line":551,"column":4}},"115":{"start":{"line":552,"column":13},"end":{"line":556,"column":4}},"116":{"start":{"line":557,"column":13},"end":{"line":560,"column":4}},"117":{"start":{"line":561,"column":13},"end":{"line":564,"column":4}},"118":{"start":{"line":565,"column":13},"end":{"line":568,"column":4}},"119":{"start":{"line":569,"column":13},"end":{"line":572,"column":4}},"120":{"start":{"line":576,"column":70},"end":{"line":758,"column":null}},"121":{"start":{"line":761,"column":64},"end":{"line":860,"column":null}},"122":{"start":{"line":863,"column":60},"end":{"line":1130,"column":null}},"123":{"start":{"line":1133,"column":65},"end":{"line":1288,"column":null}},"124":{"start":{"line":1291,"column":62},"end":{"line":1511,"column":null}}},"fnMap":{"0":{"name":"(anonymous_0)","decl":{"start":{"line":23,"column":6},"end":{"line":23,"column":7}},"loc":{"start":{"line":23,"column":23},"end":{"line":27,"column":4}},"line":23},"1":{"name":"(anonymous_1)","decl":{"start":{"line":28,"column":6},"end":{"line":28,"column":7}},"loc":{"start":{"line":28,"column":23},"end":{"line":31,"column":4}},"line":28},"2":{"name":"(anonymous_2)","decl":{"start":{"line":32,"column":6},"end":{"line":32,"column":7}},"loc":{"start":{"line":32,"column":23},"end":{"line":35,"column":4}},"line":32},"3":{"name":"(anonymous_3)","decl":{"start":{"line":36,"column":6},"end":{"line":36,"column":7}},"loc":{"start":{"line":36,"column":23},"end":{"line":39,"column":4}},"line":36},"4":{"name":"(anonymous_4)","decl":{"start":{"line":40,"column":6},"end":{"line":40,"column":7}},"loc":{"start":{"line":40,"column":23},"end":{"line":44,"column":4}},"line":40},"5":{"name":"(anonymous_5)","decl":{"start":{"line":45,"column":6},"end":{"line":45,"column":7}},"loc":{"start":{"line":45,"column":23},"end":{"line":49,"column":4}},"line":45},"6":{"name":"(anonymous_6)","decl":{"start":{"line":50,"column":6},"end":{"line":50,"column":7}},"loc":{"start":{"line":50,"column":23},"end":{"line":54,"column":4}},"line":50},"7":{"name":"(anonymous_7)","decl":{"start":{"line":55,"column":6},"end":{"line":55,"column":7}},"loc":{"start":{"line":55,"column":23},"end":{"line":59,"column":4}},"line":55},"8":{"name":"(anonymous_8)","decl":{"start":{"line":60,"column":6},"end":{"line":60,"column":7}},"loc":{"start":{"line":60,"column":23},"end":{"line":64,"column":4}},"line":60},"9":{"name":"(anonymous_9)","decl":{"start":{"line":65,"column":6},"end":{"line":65,"column":7}},"loc":{"start":{"line":65,"column":23},"end":{"line":68,"column":4}},"line":65},"10":{"name":"(anonymous_10)","decl":{"start":{"line":69,"column":6},"end":{"line":69,"column":7}},"loc":{"start":{"line":69,"column":23},"end":{"line":72,"column":4}},"line":69},"11":{"name":"(anonymous_11)","decl":{"start":{"line":73,"column":6},"end":{"line":73,"column":7}},"loc":{"start":{"line":73,"column":23},"end":{"line":76,"column":4}},"line":73},"12":{"name":"(anonymous_12)","decl":{"start":{"line":77,"column":6},"end":{"line":77,"column":7}},"loc":{"start":{"line":77,"column":23},"end":{"line":80,"column":4}},"line":77},"13":{"name":"(anonymous_13)","decl":{"start":{"line":81,"column":6},"end":{"line":81,"column":7}},"loc":{"start":{"line":81,"column":23},"end":{"line":84,"column":4}},"line":81},"14":{"name":"(anonymous_14)","decl":{"start":{"line":89,"column":6},"end":{"line":89,"column":7}},"loc":{"start":{"line":89,"column":18},"end":{"line":93,"column":4}},"line":89},"15":{"name":"(anonymous_15)","decl":{"start":{"line":94,"column":6},"end":{"line":94,"column":7}},"loc":{"start":{"line":94,"column":18},"end":{"line":98,"column":4}},"line":94},"16":{"name":"(anonymous_16)","decl":{"start":{"line":99,"column":6},"end":{"line":99,"column":7}},"loc":{"start":{"line":99,"column":18},"end":{"line":103,"column":4}},"line":99},"17":{"name":"(anonymous_17)","decl":{"start":{"line":104,"column":6},"end":{"line":104,"column":7}},"loc":{"start":{"line":104,"column":18},"end":{"line":108,"column":4}},"line":104},"18":{"name":"(anonymous_18)","decl":{"start":{"line":109,"column":6},"end":{"line":109,"column":7}},"loc":{"start":{"line":109,"column":18},"end":{"line":113,"column":4}},"line":109},"19":{"name":"(anonymous_19)","decl":{"start":{"line":114,"column":6},"end":{"line":114,"column":7}},"loc":{"start":{"line":114,"column":18},"end":{"line":118,"column":4}},"line":114},"20":{"name":"(anonymous_20)","decl":{"start":{"line":119,"column":6},"end":{"line":119,"column":7}},"loc":{"start":{"line":119,"column":18},"end":{"line":123,"column":4}},"line":119},"21":{"name":"(anonymous_21)","decl":{"start":{"line":124,"column":6},"end":{"line":124,"column":7}},"loc":{"start":{"line":124,"column":18},"end":{"line":128,"column":4}},"line":124},"22":{"name":"(anonymous_22)","decl":{"start":{"line":129,"column":6},"end":{"line":129,"column":7}},"loc":{"start":{"line":129,"column":18},"end":{"line":133,"column":4}},"line":129},"23":{"name":"(anonymous_23)","decl":{"start":{"line":134,"column":6},"end":{"line":134,"column":7}},"loc":{"start":{"line":134,"column":18},"end":{"line":138,"column":4}},"line":134},"24":{"name":"(anonymous_24)","decl":{"start":{"line":139,"column":6},"end":{"line":139,"column":7}},"loc":{"start":{"line":139,"column":18},"end":{"line":143,"column":4}},"line":139},"25":{"name":"(anonymous_25)","decl":{"start":{"line":144,"column":6},"end":{"line":144,"column":7}},"loc":{"start":{"line":144,"column":18},"end":{"line":147,"column":4}},"line":144},"26":{"name":"(anonymous_26)","decl":{"start":{"line":148,"column":6},"end":{"line":148,"column":7}},"loc":{"start":{"line":148,"column":18},"end":{"line":151,"column":4}},"line":148},"27":{"name":"(anonymous_27)","decl":{"start":{"line":152,"column":6},"end":{"line":152,"column":7}},"loc":{"start":{"line":152,"column":18},"end":{"line":155,"column":4}},"line":152},"28":{"name":"(anonymous_28)","decl":{"start":{"line":161,"column":8},"end":{"line":161,"column":9}},"loc":{"start":{"line":161,"column":25},"end":{"line":165,"column":6}},"line":161},"29":{"name":"(anonymous_29)","decl":{"start":{"line":166,"column":8},"end":{"line":166,"column":9}},"loc":{"start":{"line":166,"column":25},"end":{"line":170,"column":6}},"line":166},"30":{"name":"(anonymous_30)","decl":{"start":{"line":171,"column":8},"end":{"line":171,"column":9}},"loc":{"start":{"line":171,"column":25},"end":{"line":175,"column":6}},"line":171},"31":{"name":"(anonymous_31)","decl":{"start":{"line":176,"column":8},"end":{"line":176,"column":9}},"loc":{"start":{"line":176,"column":25},"end":{"line":180,"column":6}},"line":176},"32":{"name":"(anonymous_32)","decl":{"start":{"line":181,"column":8},"end":{"line":181,"column":9}},"loc":{"start":{"line":181,"column":25},"end":{"line":185,"column":6}},"line":181},"33":{"name":"(anonymous_33)","decl":{"start":{"line":186,"column":8},"end":{"line":186,"column":9}},"loc":{"start":{"line":186,"column":25},"end":{"line":190,"column":6}},"line":186},"34":{"name":"(anonymous_34)","decl":{"start":{"line":191,"column":8},"end":{"line":191,"column":9}},"loc":{"start":{"line":191,"column":25},"end":{"line":195,"column":6}},"line":191},"35":{"name":"(anonymous_35)","decl":{"start":{"line":196,"column":8},"end":{"line":196,"column":9}},"loc":{"start":{"line":196,"column":25},"end":{"line":200,"column":6}},"line":196},"36":{"name":"(anonymous_36)","decl":{"start":{"line":201,"column":8},"end":{"line":201,"column":9}},"loc":{"start":{"line":201,"column":25},"end":{"line":205,"column":6}},"line":201},"37":{"name":"(anonymous_37)","decl":{"start":{"line":206,"column":8},"end":{"line":206,"column":9}},"loc":{"start":{"line":206,"column":25},"end":{"line":210,"column":6}},"line":206},"38":{"name":"(anonymous_38)","decl":{"start":{"line":211,"column":8},"end":{"line":211,"column":9}},"loc":{"start":{"line":211,"column":25},"end":{"line":214,"column":6}},"line":211},"39":{"name":"(anonymous_39)","decl":{"start":{"line":215,"column":8},"end":{"line":215,"column":9}},"loc":{"start":{"line":215,"column":25},"end":{"line":218,"column":6}},"line":215},"40":{"name":"(anonymous_40)","decl":{"start":{"line":219,"column":8},"end":{"line":219,"column":9}},"loc":{"start":{"line":219,"column":25},"end":{"line":222,"column":6}},"line":219},"41":{"name":"(anonymous_41)","decl":{"start":{"line":223,"column":8},"end":{"line":223,"column":9}},"loc":{"start":{"line":223,"column":25},"end":{"line":226,"column":6}},"line":223},"42":{"name":"(anonymous_42)","decl":{"start":{"line":231,"column":6},"end":{"line":231,"column":7}},"loc":{"start":{"line":231,"column":18},"end":{"line":235,"column":4}},"line":231},"43":{"name":"(anonymous_43)","decl":{"start":{"line":236,"column":6},"end":{"line":236,"column":7}},"loc":{"start":{"line":236,"column":18},"end":{"line":240,"column":4}},"line":236},"44":{"name":"(anonymous_44)","decl":{"start":{"line":241,"column":6},"end":{"line":241,"column":7}},"loc":{"start":{"line":241,"column":18},"end":{"line":245,"column":4}},"line":241},"45":{"name":"(anonymous_45)","decl":{"start":{"line":246,"column":6},"end":{"line":246,"column":7}},"loc":{"start":{"line":246,"column":18},"end":{"line":250,"column":4}},"line":246},"46":{"name":"(anonymous_46)","decl":{"start":{"line":251,"column":6},"end":{"line":251,"column":7}},"loc":{"start":{"line":251,"column":18},"end":{"line":255,"column":4}},"line":251},"47":{"name":"(anonymous_47)","decl":{"start":{"line":256,"column":6},"end":{"line":256,"column":7}},"loc":{"start":{"line":256,"column":18},"end":{"line":260,"column":4}},"line":256},"48":{"name":"(anonymous_48)","decl":{"start":{"line":261,"column":6},"end":{"line":261,"column":7}},"loc":{"start":{"line":261,"column":18},"end":{"line":265,"column":4}},"line":261},"49":{"name":"(anonymous_49)","decl":{"start":{"line":266,"column":6},"end":{"line":266,"column":7}},"loc":{"start":{"line":266,"column":18},"end":{"line":270,"column":4}},"line":266},"50":{"name":"(anonymous_50)","decl":{"start":{"line":271,"column":6},"end":{"line":271,"column":7}},"loc":{"start":{"line":271,"column":18},"end":{"line":275,"column":4}},"line":271},"51":{"name":"(anonymous_51)","decl":{"start":{"line":276,"column":6},"end":{"line":276,"column":7}},"loc":{"start":{"line":276,"column":18},"end":{"line":280,"column":4}},"line":276},"52":{"name":"(anonymous_52)","decl":{"start":{"line":281,"column":6},"end":{"line":281,"column":7}},"loc":{"start":{"line":281,"column":18},"end":{"line":284,"column":4}},"line":281},"53":{"name":"(anonymous_53)","decl":{"start":{"line":285,"column":6},"end":{"line":285,"column":7}},"loc":{"start":{"line":285,"column":18},"end":{"line":288,"column":4}},"line":285},"54":{"name":"(anonymous_54)","decl":{"start":{"line":289,"column":6},"end":{"line":289,"column":7}},"loc":{"start":{"line":289,"column":18},"end":{"line":292,"column":4}},"line":289},"55":{"name":"(anonymous_55)","decl":{"start":{"line":293,"column":6},"end":{"line":293,"column":7}},"loc":{"start":{"line":293,"column":18},"end":{"line":296,"column":4}},"line":293},"56":{"name":"(anonymous_56)","decl":{"start":{"line":301,"column":6},"end":{"line":301,"column":7}},"loc":{"start":{"line":301,"column":17},"end":{"line":305,"column":4}},"line":301},"57":{"name":"(anonymous_57)","decl":{"start":{"line":306,"column":6},"end":{"line":306,"column":7}},"loc":{"start":{"line":306,"column":17},"end":{"line":310,"column":4}},"line":306},"58":{"name":"(anonymous_58)","decl":{"start":{"line":311,"column":6},"end":{"line":311,"column":7}},"loc":{"start":{"line":311,"column":17},"end":{"line":315,"column":4}},"line":311},"59":{"name":"(anonymous_59)","decl":{"start":{"line":316,"column":6},"end":{"line":316,"column":7}},"loc":{"start":{"line":316,"column":17},"end":{"line":320,"column":4}},"line":316},"60":{"name":"(anonymous_60)","decl":{"start":{"line":321,"column":6},"end":{"line":321,"column":7}},"loc":{"start":{"line":321,"column":17},"end":{"line":325,"column":4}},"line":321},"61":{"name":"(anonymous_61)","decl":{"start":{"line":326,"column":6},"end":{"line":326,"column":7}},"loc":{"start":{"line":326,"column":17},"end":{"line":330,"column":4}},"line":326},"62":{"name":"(anonymous_62)","decl":{"start":{"line":331,"column":6},"end":{"line":331,"column":7}},"loc":{"start":{"line":331,"column":17},"end":{"line":335,"column":4}},"line":331},"63":{"name":"(anonymous_63)","decl":{"start":{"line":336,"column":6},"end":{"line":336,"column":7}},"loc":{"start":{"line":336,"column":17},"end":{"line":340,"column":4}},"line":336},"64":{"name":"(anonymous_64)","decl":{"start":{"line":341,"column":6},"end":{"line":341,"column":7}},"loc":{"start":{"line":341,"column":17},"end":{"line":345,"column":4}},"line":341},"65":{"name":"(anonymous_65)","decl":{"start":{"line":346,"column":6},"end":{"line":346,"column":7}},"loc":{"start":{"line":346,"column":17},"end":{"line":350,"column":4}},"line":346},"66":{"name":"(anonymous_66)","decl":{"start":{"line":351,"column":6},"end":{"line":351,"column":7}},"loc":{"start":{"line":351,"column":17},"end":{"line":355,"column":4}},"line":351},"67":{"name":"(anonymous_67)","decl":{"start":{"line":356,"column":6},"end":{"line":356,"column":7}},"loc":{"start":{"line":356,"column":17},"end":{"line":359,"column":4}},"line":356},"68":{"name":"(anonymous_68)","decl":{"start":{"line":360,"column":6},"end":{"line":360,"column":7}},"loc":{"start":{"line":360,"column":17},"end":{"line":363,"column":4}},"line":360},"69":{"name":"(anonymous_69)","decl":{"start":{"line":364,"column":6},"end":{"line":364,"column":7}},"loc":{"start":{"line":364,"column":17},"end":{"line":367,"column":4}},"line":364},"70":{"name":"(anonymous_70)","decl":{"start":{"line":372,"column":6},"end":{"line":372,"column":7}},"loc":{"start":{"line":372,"column":17},"end":{"line":375,"column":4}},"line":372},"71":{"name":"(anonymous_71)","decl":{"start":{"line":376,"column":6},"end":{"line":376,"column":7}},"loc":{"start":{"line":376,"column":17},"end":{"line":380,"column":4}},"line":376},"72":{"name":"(anonymous_72)","decl":{"start":{"line":381,"column":6},"end":{"line":381,"column":7}},"loc":{"start":{"line":381,"column":17},"end":{"line":385,"column":4}},"line":381},"73":{"name":"(anonymous_73)","decl":{"start":{"line":386,"column":6},"end":{"line":386,"column":7}},"loc":{"start":{"line":386,"column":17},"end":{"line":390,"column":4}},"line":386},"74":{"name":"(anonymous_74)","decl":{"start":{"line":391,"column":6},"end":{"line":391,"column":7}},"loc":{"start":{"line":391,"column":17},"end":{"line":395,"column":4}},"line":391},"75":{"name":"(anonymous_75)","decl":{"start":{"line":396,"column":6},"end":{"line":396,"column":7}},"loc":{"start":{"line":396,"column":17},"end":{"line":400,"column":4}},"line":396},"76":{"name":"(anonymous_76)","decl":{"start":{"line":401,"column":6},"end":{"line":401,"column":7}},"loc":{"start":{"line":401,"column":17},"end":{"line":405,"column":4}},"line":401},"77":{"name":"(anonymous_77)","decl":{"start":{"line":406,"column":6},"end":{"line":406,"column":7}},"loc":{"start":{"line":406,"column":17},"end":{"line":410,"column":4}},"line":406},"78":{"name":"(anonymous_78)","decl":{"start":{"line":411,"column":6},"end":{"line":411,"column":7}},"loc":{"start":{"line":411,"column":17},"end":{"line":414,"column":4}},"line":411},"79":{"name":"(anonymous_79)","decl":{"start":{"line":415,"column":6},"end":{"line":415,"column":7}},"loc":{"start":{"line":415,"column":17},"end":{"line":418,"column":4}},"line":415},"80":{"name":"(anonymous_80)","decl":{"start":{"line":419,"column":6},"end":{"line":419,"column":7}},"loc":{"start":{"line":419,"column":17},"end":{"line":422,"column":4}},"line":419},"81":{"name":"(anonymous_81)","decl":{"start":{"line":423,"column":6},"end":{"line":423,"column":7}},"loc":{"start":{"line":423,"column":17},"end":{"line":426,"column":4}},"line":423},"82":{"name":"(anonymous_82)","decl":{"start":{"line":427,"column":6},"end":{"line":427,"column":7}},"loc":{"start":{"line":427,"column":17},"end":{"line":430,"column":4}},"line":427},"83":{"name":"(anonymous_83)","decl":{"start":{"line":431,"column":6},"end":{"line":431,"column":7}},"loc":{"start":{"line":431,"column":17},"end":{"line":434,"column":4}},"line":431},"84":{"name":"(anonymous_84)","decl":{"start":{"line":439,"column":6},"end":{"line":439,"column":7}},"loc":{"start":{"line":439,"column":22},"end":{"line":443,"column":4}},"line":439},"85":{"name":"(anonymous_85)","decl":{"start":{"line":444,"column":6},"end":{"line":444,"column":7}},"loc":{"start":{"line":444,"column":22},"end":{"line":448,"column":4}},"line":444},"86":{"name":"(anonymous_86)","decl":{"start":{"line":449,"column":6},"end":{"line":449,"column":7}},"loc":{"start":{"line":449,"column":22},"end":{"line":453,"column":4}},"line":449},"87":{"name":"(anonymous_87)","decl":{"start":{"line":454,"column":6},"end":{"line":454,"column":7}},"loc":{"start":{"line":454,"column":22},"end":{"line":458,"column":4}},"line":454},"88":{"name":"(anonymous_88)","decl":{"start":{"line":459,"column":6},"end":{"line":459,"column":7}},"loc":{"start":{"line":459,"column":22},"end":{"line":463,"column":4}},"line":459},"89":{"name":"(anonymous_89)","decl":{"start":{"line":464,"column":6},"end":{"line":464,"column":7}},"loc":{"start":{"line":464,"column":22},"end":{"line":468,"column":4}},"line":464},"90":{"name":"(anonymous_90)","decl":{"start":{"line":469,"column":6},"end":{"line":469,"column":7}},"loc":{"start":{"line":469,"column":22},"end":{"line":473,"column":4}},"line":469},"91":{"name":"(anonymous_91)","decl":{"start":{"line":474,"column":6},"end":{"line":474,"column":7}},"loc":{"start":{"line":474,"column":22},"end":{"line":478,"column":4}},"line":474},"92":{"name":"(anonymous_92)","decl":{"start":{"line":479,"column":6},"end":{"line":479,"column":7}},"loc":{"start":{"line":479,"column":22},"end":{"line":483,"column":4}},"line":479},"93":{"name":"(anonymous_93)","decl":{"start":{"line":484,"column":6},"end":{"line":484,"column":7}},"loc":{"start":{"line":484,"column":22},"end":{"line":487,"column":4}},"line":484},"94":{"name":"(anonymous_94)","decl":{"start":{"line":488,"column":6},"end":{"line":488,"column":7}},"loc":{"start":{"line":488,"column":22},"end":{"line":491,"column":4}},"line":488},"95":{"name":"(anonymous_95)","decl":{"start":{"line":492,"column":6},"end":{"line":492,"column":7}},"loc":{"start":{"line":492,"column":22},"end":{"line":495,"column":4}},"line":492},"96":{"name":"(anonymous_96)","decl":{"start":{"line":496,"column":6},"end":{"line":496,"column":7}},"loc":{"start":{"line":496,"column":22},"end":{"line":499,"column":4}},"line":496},"97":{"name":"(anonymous_97)","decl":{"start":{"line":500,"column":6},"end":{"line":500,"column":7}},"loc":{"start":{"line":500,"column":22},"end":{"line":503,"column":4}},"line":500},"98":{"name":"(anonymous_98)","decl":{"start":{"line":508,"column":6},"end":{"line":508,"column":9}},"loc":{"start":{"line":508,"column":13},"end":{"line":512,"column":4}},"line":508},"99":{"name":"(anonymous_99)","decl":{"start":{"line":513,"column":6},"end":{"line":513,"column":9}},"loc":{"start":{"line":513,"column":13},"end":{"line":517,"column":4}},"line":513},"100":{"name":"(anonymous_100)","decl":{"start":{"line":518,"column":6},"end":{"line":518,"column":9}},"loc":{"start":{"line":518,"column":13},"end":{"line":522,"column":4}},"line":518},"101":{"name":"(anonymous_101)","decl":{"start":{"line":523,"column":6},"end":{"line":523,"column":9}},"loc":{"start":{"line":523,"column":13},"end":{"line":526,"column":4}},"line":523},"102":{"name":"(anonymous_102)","decl":{"start":{"line":527,"column":6},"end":{"line":527,"column":9}},"loc":{"start":{"line":527,"column":13},"end":{"line":531,"column":4}},"line":527},"103":{"name":"(anonymous_103)","decl":{"start":{"line":532,"column":6},"end":{"line":532,"column":9}},"loc":{"start":{"line":532,"column":13},"end":{"line":536,"column":4}},"line":532},"104":{"name":"(anonymous_104)","decl":{"start":{"line":537,"column":6},"end":{"line":537,"column":9}},"loc":{"start":{"line":537,"column":13},"end":{"line":541,"column":4}},"line":537},"105":{"name":"(anonymous_105)","decl":{"start":{"line":542,"column":6},"end":{"line":542,"column":9}},"loc":{"start":{"line":542,"column":13},"end":{"line":546,"column":4}},"line":542},"106":{"name":"(anonymous_106)","decl":{"start":{"line":547,"column":6},"end":{"line":547,"column":9}},"loc":{"start":{"line":547,"column":13},"end":{"line":551,"column":4}},"line":547},"107":{"name":"(anonymous_107)","decl":{"start":{"line":552,"column":6},"end":{"line":552,"column":9}},"loc":{"start":{"line":552,"column":13},"end":{"line":556,"column":4}},"line":552},"108":{"name":"(anonymous_108)","decl":{"start":{"line":557,"column":6},"end":{"line":557,"column":9}},"loc":{"start":{"line":557,"column":13},"end":{"line":560,"column":4}},"line":557},"109":{"name":"(anonymous_109)","decl":{"start":{"line":561,"column":6},"end":{"line":561,"column":9}},"loc":{"start":{"line":561,"column":13},"end":{"line":564,"column":4}},"line":561},"110":{"name":"(anonymous_110)","decl":{"start":{"line":565,"column":6},"end":{"line":565,"column":9}},"loc":{"start":{"line":565,"column":13},"end":{"line":568,"column":4}},"line":565},"111":{"name":"(anonymous_111)","decl":{"start":{"line":569,"column":6},"end":{"line":569,"column":9}},"loc":{"start":{"line":569,"column":13},"end":{"line":572,"column":4}},"line":569}},"branchMap":{},"s":{"0":15,"1":6,"2":1,"3":1,"4":1,"5":1,"6":2,"7":1,"8":1,"9":1,"10":1,"11":1,"12":1,"13":1,"14":1,"15":15,"16":1,"17":0,"18":0,"19":0,"20":0,"21":1,"22":0,"23":0,"24":0,"25":0,"26":0,"27":0,"28":0,"29":0,"30":15,"31":1,"32":1,"33":0,"34":0,"35":0,"36":0,"37":0,"38":0,"39":0,"40":0,"41":0,"42":0,"43":0,"44":0,"45":15,"46":1,"47":0,"48":0,"49":0,"50":0,"51":0,"52":1,"53":0,"54":0,"55":0,"56":0,"57":0,"58":0,"59":0,"60":15,"61":6,"62":3,"63":2,"64":2,"65":2,"66":4,"67":2,"68":2,"69":2,"70":2,"71":2,"72":2,"73":2,"74":2,"75":15,"76":6,"77":2,"78":2,"79":2,"80":2,"81":4,"82":2,"83":2,"84":2,"85":2,"86":2,"87":2,"88":2,"89":2,"90":15,"91":4,"92":1,"93":1,"94":1,"95":1,"96":1,"97":1,"98":1,"99":1,"100":1,"101":1,"102":1,"103":1,"104":1,"105":15,"106":6,"107":2,"108":2,"109":2,"110":2,"111":2,"112":2,"113":2,"114":2,"115":2,"116":2,"117":2,"118":2,"119":2,"120":15,"121":15,"122":15,"123":15,"124":15},"f":{"0":6,"1":1,"2":1,"3":1,"4":1,"5":2,"6":1,"7":1,"8":1,"9":1,"10":1,"11":1,"12":1,"13":1,"14":1,"15":0,"16":0,"17":0,"18":0,"19":1,"20":0,"21":0,"22":0,"23":0,"24":0,"25":0,"26":0,"27":0,"28":1,"29":1,"30":0,"31":0,"32":0,"33":0,"34":0,"35":0,"36":0,"37":0,"38":0,"39":0,"40":0,"41":0,"42":1,"43":0,"44":0,"45":0,"46":0,"47":0,"48":1,"49":0,"50":0,"51":0,"52":0,"53":0,"54":0,"55":0,"56":6,"57":3,"58":2,"59":2,"60":2,"61":4,"62":2,"63":2,"64":2,"65":2,"66":2,"67":2,"68":2,"69":2,"70":6,"71":2,"72":2,"73":2,"74":2,"75":4,"76":2,"77":2,"78":2,"79":2,"80":2,"81":2,"82":2,"83":2,"84":4,"85":1,"86":1,"87":1,"88":1,"89":1,"90":1,"91":1,"92":1,"93":1,"94":1,"95":1,"96":1,"97":1,"98":6,"99":2,"100":2,"101":2,"102":2,"103":2,"104":2,"105":2,"106":2,"107":2,"108":2,"109":2,"110":2,"111":2},"b":{},"meta":{"lastBranch":0,"lastFunction":112,"lastStatement":125,"seen":{"s:22:97:85:Infinity":0,"f:23:6:23:7":0,"s:23:23:27:4":1,"f:28:6:28:7":1,"s:28:23:31:4":2,"f:32:6:32:7":2,"s:32:23:35:4":3,"f:36:6:36:7":3,"s:36:23:39:4":4,"f:40:6:40:7":4,"s:40:23:44:4":5,"f:45:6:45:7":5,"s:45:23:49:4":6,"f:50:6:50:7":6,"s:50:23:54:4":7,"f:55:6:55:7":7,"s:55:23:59:4":8,"f:60:6:60:7":8,"s:60:23:64:4":9,"f:65:6:65:7":9,"s:65:23:68:4":10,"f:69:6:69:7":10,"s:69:23:72:4":11,"f:73:6:73:7":11,"s:73:23:76:4":12,"f:77:6:77:7":12,"s:77:23:80:4":13,"f:81:6:81:7":13,"s:81:23:84:4":14,"s:88:85:156:Infinity":15,"f:89:6:89:7":14,"s:89:18:93:4":16,"f:94:6:94:7":15,"s:94:18:98:4":17,"f:99:6:99:7":16,"s:99:18:103:4":18,"f:104:6:104:7":17,"s:104:18:108:4":19,"f:109:6:109:7":18,"s:109:18:113:4":20,"f:114:6:114:7":19,"s:114:18:118:4":21,"f:119:6:119:7":20,"s:119:18:123:4":22,"f:124:6:124:7":21,"s:124:18:128:4":23,"f:129:6:129:7":22,"s:129:18:133:4":24,"f:134:6:134:7":23,"s:134:18:138:4":25,"f:139:6:139:7":24,"s:139:18:143:4":26,"f:144:6:144:7":25,"s:144:18:147:4":27,"f:148:6:148:7":26,"s:148:18:151:4":28,"f:152:6:152:7":27,"s:152:18:155:4":29,"s:160:2:227:Infinity":30,"f:161:8:161:9":28,"s:161:25:165:6":31,"f:166:8:166:9":29,"s:166:25:170:6":32,"f:171:8:171:9":30,"s:171:25:175:6":33,"f:176:8:176:9":31,"s:176:25:180:6":34,"f:181:8:181:9":32,"s:181:25:185:6":35,"f:186:8:186:9":33,"s:186:25:190:6":36,"f:191:8:191:9":34,"s:191:25:195:6":37,"f:196:8:196:9":35,"s:196:25:200:6":38,"f:201:8:201:9":36,"s:201:25:205:6":39,"f:206:8:206:9":37,"s:206:25:210:6":40,"f:211:8:211:9":38,"s:211:25:214:6":41,"f:215:8:215:9":39,"s:215:25:218:6":42,"f:219:8:219:9":40,"s:219:25:222:6":43,"f:223:8:223:9":41,"s:223:25:226:6":44,"s:230:88:297:Infinity":45,"f:231:6:231:7":42,"s:231:18:235:4":46,"f:236:6:236:7":43,"s:236:18:240:4":47,"f:241:6:241:7":44,"s:241:18:245:4":48,"f:246:6:246:7":45,"s:246:18:250:4":49,"f:251:6:251:7":46,"s:251:18:255:4":50,"f:256:6:256:7":47,"s:256:18:260:4":51,"f:261:6:261:7":48,"s:261:18:265:4":52,"f:266:6:266:7":49,"s:266:18:270:4":53,"f:271:6:271:7":50,"s:271:18:275:4":54,"f:276:6:276:7":51,"s:276:18:280:4":55,"f:281:6:281:7":52,"s:281:18:284:4":56,"f:285:6:285:7":53,"s:285:18:288:4":57,"f:289:6:289:7":54,"s:289:18:292:4":58,"f:293:6:293:7":55,"s:293:18:296:4":59,"s:300:80:368:Infinity":60,"f:301:6:301:7":56,"s:301:17:305:4":61,"f:306:6:306:7":57,"s:306:17:310:4":62,"f:311:6:311:7":58,"s:311:17:315:4":63,"f:316:6:316:7":59,"s:316:17:320:4":64,"f:321:6:321:7":60,"s:321:17:325:4":65,"f:326:6:326:7":61,"s:326:17:330:4":66,"f:331:6:331:7":62,"s:331:17:335:4":67,"f:336:6:336:7":63,"s:336:17:340:4":68,"f:341:6:341:7":64,"s:341:17:345:4":69,"f:346:6:346:7":65,"s:346:17:350:4":70,"f:351:6:351:7":66,"s:351:17:355:4":71,"f:356:6:356:7":67,"s:356:17:359:4":72,"f:360:6:360:7":68,"s:360:17:363:4":73,"f:364:6:364:7":69,"s:364:17:367:4":74,"s:371:86:435:Infinity":75,"f:372:6:372:7":70,"s:372:17:375:4":76,"f:376:6:376:7":71,"s:376:17:380:4":77,"f:381:6:381:7":72,"s:381:17:385:4":78,"f:386:6:386:7":73,"s:386:17:390:4":79,"f:391:6:391:7":74,"s:391:17:395:4":80,"f:396:6:396:7":75,"s:396:17:400:4":81,"f:401:6:401:7":76,"s:401:17:405:4":82,"f:406:6:406:7":77,"s:406:17:410:4":83,"f:411:6:411:7":78,"s:411:17:414:4":84,"f:415:6:415:7":79,"s:415:17:418:4":85,"f:419:6:419:7":80,"s:419:17:422:4":86,"f:423:6:423:7":81,"s:423:17:426:4":87,"f:427:6:427:7":82,"s:427:17:430:4":88,"f:431:6:431:7":83,"s:431:17:434:4":89,"s:438:95:504:Infinity":90,"f:439:6:439:7":84,"s:439:22:443:4":91,"f:444:6:444:7":85,"s:444:22:448:4":92,"f:449:6:449:7":86,"s:449:22:453:4":93,"f:454:6:454:7":87,"s:454:22:458:4":94,"f:459:6:459:7":88,"s:459:22:463:4":95,"f:464:6:464:7":89,"s:464:22:468:4":96,"f:469:6:469:7":90,"s:469:22:473:4":97,"f:474:6:474:7":91,"s:474:22:478:4":98,"f:479:6:479:7":92,"s:479:22:483:4":99,"f:484:6:484:7":93,"s:484:22:487:4":100,"f:488:6:488:7":94,"s:488:22:491:4":101,"f:492:6:492:7":95,"s:492:22:495:4":102,"f:496:6:496:7":96,"s:496:22:499:4":103,"f:500:6:500:7":97,"s:500:22:503:4":104,"s:507:73:573:Infinity":105,"f:508:6:508:9":98,"s:508:13:512:4":106,"f:513:6:513:9":99,"s:513:13:517:4":107,"f:518:6:518:9":100,"s:518:13:522:4":108,"f:523:6:523:9":101,"s:523:13:526:4":109,"f:527:6:527:9":102,"s:527:13:531:4":110,"f:532:6:532:9":103,"s:532:13:536:4":111,"f:537:6:537:9":104,"s:537:13:541:4":112,"f:542:6:542:9":105,"s:542:13:546:4":113,"f:547:6:547:9":106,"s:547:13:551:4":114,"f:552:6:552:9":107,"s:552:13:556:4":115,"f:557:6:557:9":108,"s:557:13:560:4":116,"f:561:6:561:9":109,"s:561:13:564:4":117,"f:565:6:565:9":110,"s:565:13:568:4":118,"f:569:6:569:9":111,"s:569:13:572:4":119,"s:576:70:758:Infinity":120,"s:761:64:860:Infinity":121,"s:863:60:1130:Infinity":122,"s:1133:65:1288:Infinity":123,"s:1291:62:1511:Infinity":124}}}
,"/home/runner/work/euparliamentmonitor/euparliamentmonitor/src/constants/language-core.ts": {"path":"/home/runner/work/euparliamentmonitor/euparliamentmonitor/src/constants/language-core.ts","statementMap":{"0":{"start":{"line":14,"column":54},"end":{"line":29,"column":null}},"1":{"start":{"line":32,"column":81},"end":{"line":36,"column":null}},"2":{"start":{"line":39,"column":43},"end":{"line":54,"column":null}},"3":{"start":{"line":57,"column":43},"end":{"line":72,"column":null}},"4":{"start":{"line":82,"column":15},"end":{"line":82,"column":35}},"5":{"start":{"line":83,"column":2},"end":{"line":83,"column":null}},"6":{"start":{"line":93,"column":2},"end":{"line":93,"column":null}},"7":{"start":{"line":103,"column":2},"end":{"line":103,"column":null}}},"fnMap":{"0":{"name":"getLocalizedString","decl":{"start":{"line":81,"column":16},"end":{"line":81,"column":34}},"loc":{"start":{"line":81,"column":71},"end":{"line":84,"column":null}},"line":81},"1":{"name":"isSupportedLanguage","decl":{"start":{"line":92,"column":16},"end":{"line":92,"column":35}},"loc":{"start":{"line":92,"column":48},"end":{"line":94,"column":null}},"line":92},"2":{"name":"getTextDirection","decl":{"start":{"line":102,"column":16},"end":{"line":102,"column":32}},"loc":{"start":{"line":102,"column":45},"end":{"line":104,"column":null}},"line":102}},"branchMap":{"0":{"loc":{"start":{"line":83,"column":9},"end":{"line":83,"column":28}},"type":"binary-expr","locations":[{"start":{"line":83,"column":9},"end":{"line":83,"column":18}},{"start":{"line":83,"column":22},"end":{"line":83,"column":28}}],"line":83},"1":{"loc":{"start":{"line":103,"column":9},"end":{"line":103,"column":55}},"type":"cond-expr","locations":[{"start":{"line":103,"column":42},"end":{"line":103,"column":47}},{"start":{"line":103,"column":50},"end":{"line":103,"column":55}}],"line":103},"2":{"loc":{"start":{"line":103,"column":9},"end":{"line":103,"column":39}},"type":"binary-expr","locations":[{"start":{"line":103,"column":9},"end":{"line":103,"column":22}},{"start":{"line":103,"column":26},"end":{"line":103,"column":39}}],"line":103}},"s":{"0":15,"1":15,"2":15,"3":15,"4":26817,"5":26817,"6":13,"7":424},"f":{"0":26817,"1":13,"2":424},"b":{"0":[26817,50],"1":[34,390],"2":[424,406]},"meta":{"lastBranch":3,"lastFunction":3,"lastStatement":8,"seen":{"s:14:54:29:Infinity":0,"s:32:81:36:Infinity":1,"s:39:43:54:Infinity":2,"s:57:43:72:Infinity":3,"f:81:16:81:34":0,"s:82:15:82:35":4,"s:83:2:83:Infinity":5,"b:83:9:83:18:83:22:83:28":0,"f:92:16:92:35":1,"s:93:2:93:Infinity":6,"f:102:16:102:32":2,"s:103:2:103:Infinity":7,"b:103:42:103:47:103:50:103:55":1,"b:103:9:103:22:103:26:103:39":2}}}
,"/home/runner/work/euparliamentmonitor/euparliamentmonitor/src/constants/language-ui.ts": {"path":"/home/runner/work/euparliamentmonitor/euparliamentmonitor/src/constants/language-ui.ts","statementMap":{"0":{"start":{"line":14,"column":40},"end":{"line":29,"column":null}},"1":{"start":{"line":32,"column":46},"end":{"line":47,"column":null}},"2":{"start":{"line":50,"column":45},"end":{"line":65,"column":null}},"3":{"start":{"line":68,"column":49},"end":{"line":83,"column":null}},"4":{"start":{"line":86,"column":44},"end":{"line":101,"column":null}},"5":{"start":{"line":104,"column":71},"end":{"line":287,"column":null}},"6":{"start":{"line":290,"column":71},"end":{"line":305,"column":null}},"7":{"start":{"line":291,"column":24},"end":{"line":291,"column":42}},"8":{"start":{"line":292,"column":24},"end":{"line":292,"column":45}},"9":{"start":{"line":293,"column":24},"end":{"line":293,"column":45}},"10":{"start":{"line":294,"column":24},"end":{"line":294,"column":45}},"11":{"start":{"line":295,"column":24},"end":{"line":295,"column":46}},"12":{"start":{"line":296,"column":24},"end":{"line":296,"column":47}},"13":{"start":{"line":297,"column":24},"end":{"line":297,"column":48}},"14":{"start":{"line":298,"column":24},"end":{"line":298,"column":48}},"15":{"start":{"line":299,"column":24},"end":{"line":299,"column":46}},"16":{"start":{"line":300,"column":24},"end":{"line":300,"column":45}},"17":{"start":{"line":301,"column":24},"end":{"line":301,"column":44}},"18":{"start":{"line":302,"column":24},"end":{"line":302,"column":37}},"19":{"start":{"line":303,"column":24},"end":{"line":303,"column":37}},"20":{"start":{"line":304,"column":24},"end":{"line":304,"column":37}},"21":{"start":{"line":308,"column":48},"end":{"line":323,"column":null}},"22":{"start":{"line":326,"column":47},"end":{"line":341,"column":null}}},"fnMap":{"0":{"name":"(anonymous_0)","decl":{"start":{"line":291,"column":6},"end":{"line":291,"column":7}},"loc":{"start":{"line":291,"column":24},"end":{"line":291,"column":42}},"line":291},"1":{"name":"(anonymous_1)","decl":{"start":{"line":292,"column":6},"end":{"line":292,"column":7}},"loc":{"start":{"line":292,"column":24},"end":{"line":292,"column":45}},"line":292},"2":{"name":"(anonymous_2)","decl":{"start":{"line":293,"column":6},"end":{"line":293,"column":7}},"loc":{"start":{"line":293,"column":24},"end":{"line":293,"column":45}},"line":293},"3":{"name":"(anonymous_3)","decl":{"start":{"line":294,"column":6},"end":{"line":294,"column":7}},"loc":{"start":{"line":294,"column":24},"end":{"line":294,"column":45}},"line":294},"4":{"name":"(anonymous_4)","decl":{"start":{"line":295,"column":6},"end":{"line":295,"column":7}},"loc":{"start":{"line":295,"column":24},"end":{"line":295,"column":46}},"line":295},"5":{"name":"(anonymous_5)","decl":{"start":{"line":296,"column":6},"end":{"line":296,"column":7}},"loc":{"start":{"line":296,"column":24},"end":{"line":296,"column":47}},"line":296},"6":{"name":"(anonymous_6)","decl":{"start":{"line":297,"column":6},"end":{"line":297,"column":7}},"loc":{"start":{"line":297,"column":24},"end":{"line":297,"column":48}},"line":297},"7":{"name":"(anonymous_7)","decl":{"start":{"line":298,"column":6},"end":{"line":298,"column":7}},"loc":{"start":{"line":298,"column":24},"end":{"line":298,"column":48}},"line":298},"8":{"name":"(anonymous_8)","decl":{"start":{"line":299,"column":6},"end":{"line":299,"column":7}},"loc":{"start":{"line":299,"column":24},"end":{"line":299,"column":46}},"line":299},"9":{"name":"(anonymous_9)","decl":{"start":{"line":300,"column":6},"end":{"line":300,"column":7}},"loc":{"start":{"line":300,"column":24},"end":{"line":300,"column":45}},"line":300},"10":{"name":"(anonymous_10)","decl":{"start":{"line":301,"column":6},"end":{"line":301,"column":7}},"loc":{"start":{"line":301,"column":24},"end":{"line":301,"column":44}},"line":301},"11":{"name":"(anonymous_11)","decl":{"start":{"line":302,"column":6},"end":{"line":302,"column":7}},"loc":{"start":{"line":302,"column":24},"end":{"line":302,"column":37}},"line":302},"12":{"name":"(anonymous_12)","decl":{"start":{"line":303,"column":6},"end":{"line":303,"column":7}},"loc":{"start":{"line":303,"column":24},"end":{"line":303,"column":37}},"line":303},"13":{"name":"(anonymous_13)","decl":{"start":{"line":304,"column":6},"end":{"line":304,"column":7}},"loc":{"start":{"line":304,"column":24},"end":{"line":304,"column":37}},"line":304}},"branchMap":{},"s":{"0":15,"1":15,"2":15,"3":15,"4":15,"5":15,"6":15,"7":162,"8":20,"9":15,"10":14,"11":15,"12":31,"13":25,"14":21,"15":15,"16":16,"17":15,"18":15,"19":14,"20":14,"21":15,"22":15},"f":{"0":162,"1":20,"2":15,"3":14,"4":15,"5":31,"6":25,"7":21,"8":15,"9":16,"10":15,"11":15,"12":14,"13":14},"b":{},"meta":{"lastBranch":0,"lastFunction":14,"lastStatement":23,"seen":{"s:14:40:29:Infinity":0,"s:32:46:47:Infinity":1,"s:50:45:65:Infinity":2,"s:68:49:83:Infinity":3,"s:86:44:101:Infinity":4,"s:104:71:287:Infinity":5,"s:290:71:305:Infinity":6,"f:291:6:291:7":0,"s:291:24:291:42":7,"f:292:6:292:7":1,"s:292:24:292:45":8,"f:293:6:293:7":2,"s:293:24:293:45":9,"f:294:6:294:7":3,"s:294:24:294:45":10,"f:295:6:295:7":4,"s:295:24:295:46":11,"f:296:6:296:7":5,"s:296:24:296:47":12,"f:297:6:297:7":6,"s:297:24:297:48":13,"f:298:6:298:7":7,"s:298:24:298:48":14,"f:299:6:299:7":8,"s:299:24:299:46":15,"f:300:6:300:7":9,"s:300:24:300:45":16,"f:301:6:301:7":10,"s:301:24:301:44":17,"f:302:6:302:7":11,"s:302:24:302:37":18,"f:303:6:303:7":12,"s:303:24:303:37":19,"f:304:6:304:7":13,"s:304:24:304:37":20,"s:308:48:323:Infinity":21,"s:326:47:341:Infinity":22}}}
,"/home/runner/work/euparliamentmonitor/euparliamentmonitor/src/constants/languages.ts": {"path":"/home/runner/work/euparliamentmonitor/euparliamentmonitor/src/constants/languages.ts","statementMap":{},"fnMap":{},"branchMap":{},"s":{},"f":{},"b":{},"meta":{"lastBranch":0,"lastFunction":0,"lastStatement":0,"seen":{}}}
,"/home/runner/work/euparliamentmonitor/euparliamentmonitor/src/generators/breaking-content.ts": {"path":"/home/runner/work/euparliamentmonitor/euparliamentmonitor/src/generators/breaking-content.ts","statementMap":{"0":{"start":{"line":20,"column":23},"end":{"line":20,"column":27}},"1":{"start":{"line":32,"column":2},"end":{"line":32,"column":null}},"2":{"start":{"line":32,"column":30},"end":{"line":32,"column":null}},"3":{"start":{"line":33,"column":15},"end":{"line":33,"column":60}},"4":{"start":{"line":34,"column":16},"end":{"line":42,"column":27}},"5":{"start":{"line":37,"column":8},"end":{"line":40,"column":73}},"6":{"start":{"line":43,"column":2},"end":{"line":49,"column":null}},"7":{"start":{"line":60,"column":2},"end":{"line":60,"column":null}},"8":{"start":{"line":60,"column":31},"end":{"line":60,"column":null}},"9":{"start":{"line":61,"column":15},"end":{"line":61,"column":60}},"10":{"start":{"line":62,"column":16},"end":{"line":70,"column":27}},"11":{"start":{"line":65,"column":8},"end":{"line":68,"column":48}},"12":{"start":{"line":71,"column":2},"end":{"line":77,"column":null}},"13":{"start":{"line":88,"column":2},"end":{"line":88,"column":null}},"14":{"start":{"line":88,"column":30},"end":{"line":88,"column":null}},"15":{"start":{"line":89,"column":15},"end":{"line":89,"column":60}},"16":{"start":{"line":90,"column":16},"end":{"line":98,"column":27}},"17":{"start":{"line":93,"column":8},"end":{"line":96,"column":57}},"18":{"start":{"line":99,"column":2},"end":{"line":105,"column":null}},"19":{"start":{"line":123,"column":19},"end":{"line":123,"column":88}},"20":{"start":{"line":124,"column":2},"end":{"line":124,"column":null}},"21":{"start":{"line":124,"column":17},"end":{"line":124,"column":null}},"22":{"start":{"line":125,"column":15},"end":{"line":125,"column":60}},"23":{"start":{"line":126,"column":2},"end":{"line":132,"column":null}},"24":{"start":{"line":165,"column":17},"end":{"line":165,"column":63}},"25":{"start":{"line":166,"column":15},"end":{"line":166,"column":60}},"26":{"start":{"line":167,"column":18},"end":{"line":174,"column":null}},"27":{"start":{"line":176,"column":20},"end":{"line":176,"column":44}},"28":{"start":{"line":178,"column":25},"end":{"line":185,"column":8}},"29":{"start":{"line":187,"column":27},"end":{"line":194,"column":8}},"30":{"start":{"line":196,"column":24},"end":{"line":203,"column":8}},"31":{"start":{"line":205,"column":28},"end":{"line":212,"column":8}},"32":{"start":{"line":214,"column":15},"end":{"line":214,"column":60}},"33":{"start":{"line":215,"column":15},"end":{"line":215,"column":65}},"34":{"start":{"line":216,"column":19},"end":{"line":216,"column":75}},"35":{"start":{"line":218,"column":32},"end":{"line":224,"column":8}},"36":{"start":{"line":226,"column":31},"end":{"line":230,"column":null}},"37":{"start":{"line":233,"column":28},"end":{"line":244,"column":null}},"38":{"start":{"line":246,"column":2},"end":{"line":259,"column":null}}},"fnMap":{"0":{"name":"buildAnomalyAlertSection","decl":{"start":{"line":31,"column":9},"end":{"line":31,"column":33}},"loc":{"start":{"line":31,"column":86},"end":{"line":50,"column":null}},"line":31},"1":{"name":"(anonymous_1)","decl":{"start":{"line":36,"column":6},"end":{"line":36,"column":7}},"loc":{"start":{"line":37,"column":8},"end":{"line":40,"column":73}},"line":37},"2":{"name":"buildCoalitionDynamicsSection","decl":{"start":{"line":59,"column":9},"end":{"line":59,"column":38}},"loc":{"start":{"line":59,"column":88},"end":{"line":78,"column":null}},"line":59},"3":{"name":"(anonymous_3)","decl":{"start":{"line":64,"column":6},"end":{"line":64,"column":7}},"loc":{"start":{"line":65,"column":8},"end":{"line":68,"column":48}},"line":65},"4":{"name":"buildKeyPlayersIntelSection","decl":{"start":{"line":87,"column":9},"end":{"line":87,"column":36}},"loc":{"start":{"line":87,"column":81},"end":{"line":106,"column":null}},"line":87},"5":{"name":"(anonymous_5)","decl":{"start":{"line":92,"column":6},"end":{"line":92,"column":7}},"loc":{"start":{"line":93,"column":8},"end":{"line":96,"column":57}},"line":93},"6":{"name":"buildIntelligenceBriefingSection","decl":{"start":{"line":117,"column":9},"end":{"line":117,"column":41}},"loc":{"start":{"line":121,"column":14},"end":{"line":133,"column":null}},"line":121},"7":{"name":"buildBreakingNewsContent","decl":{"start":{"line":154,"column":16},"end":{"line":154,"column":40}},"loc":{"start":{"line":163,"column":37},"end":{"line":260,"column":null}},"line":163}},"branchMap":{"0":{"loc":{"start":{"line":32,"column":2},"end":{"line":32,"column":null}},"type":"if","locations":[{"start":{"line":32,"column":2},"end":{"line":32,"column":null}},{"start":{},"end":{}}],"line":32},"1":{"loc":{"start":{"line":60,"column":2},"end":{"line":60,"column":null}},"type":"if","locations":[{"start":{"line":60,"column":2},"end":{"line":60,"column":null}},{"start":{},"end":{}}],"line":60},"2":{"loc":{"start":{"line":88,"column":2},"end":{"line":88,"column":null}},"type":"if","locations":[{"start":{"line":88,"column":2},"end":{"line":88,"column":null}},{"start":{},"end":{}}],"line":88},"3":{"loc":{"start":{"line":96,"column":11},"end":{"line":96,"column":50}},"type":"cond-expr","locations":[{"start":{"line":96,"column":20},"end":{"line":96,"column":45}},{"start":{"line":96,"column":48},"end":{"line":96,"column":50}}],"line":96},"4":{"loc":{"start":{"line":123,"column":19},"end":{"line":123,"column":88}},"type":"binary-expr","locations":[{"start":{"line":123,"column":19},"end":{"line":123,"column":39}},{"start":{"line":123,"column":43},"end":{"line":123,"column":64}},{"start":{"line":123,"column":68},"end":{"line":123,"column":88}}],"line":123},"5":{"loc":{"start":{"line":124,"column":2},"end":{"line":124,"column":null}},"type":"if","locations":[{"start":{"line":124,"column":2},"end":{"line":124,"column":null}},{"start":{},"end":{}}],"line":124},"6":{"loc":{"start":{"line":160,"column":2},"end":{"line":160,"column":13}},"type":"default-arg","locations":[{"start":{"line":160,"column":9},"end":{"line":160,"column":13}}],"line":160},"7":{"loc":{"start":{"line":161,"column":2},"end":{"line":161,"column":45}},"type":"default-arg","locations":[{"start":{"line":161,"column":43},"end":{"line":161,"column":45}}],"line":161},"8":{"loc":{"start":{"line":162,"column":2},"end":{"line":162,"column":42}},"type":"default-arg","locations":[{"start":{"line":162,"column":40},"end":{"line":162,"column":42}}],"line":162},"9":{"loc":{"start":{"line":163,"column":2},"end":{"line":163,"column":37}},"type":"default-arg","locations":[{"start":{"line":163,"column":35},"end":{"line":163,"column":37}}],"line":163},"10":{"loc":{"start":{"line":168,"column":4},"end":{"line":174,"column":20}},"type":"binary-expr","locations":[{"start":{"line":168,"column":4},"end":{"line":168,"column":14}},{"start":{"line":169,"column":4},"end":{"line":169,"column":16}},{"start":{"line":170,"column":4},"end":{"line":170,"column":13}},{"start":{"line":171,"column":4},"end":{"line":171,"column":16}},{"start":{"line":172,"column":4},"end":{"line":172,"column":20}},{"start":{"line":173,"column":4},"end":{"line":173,"column":21}},{"start":{"line":174,"column":4},"end":{"line":174,"column":20}}],"line":168},"11":{"loc":{"start":{"line":178,"column":25},"end":{"line":185,"column":8}},"type":"cond-expr","locations":[{"start":{"line":179,"column":6},"end":{"line":183,"column":null}},{"start":{"line":185,"column":6},"end":{"line":185,"column":8}}],"line":178},"12":{"loc":{"start":{"line":187,"column":27},"end":{"line":194,"column":8}},"type":"cond-expr","locations":[{"start":{"line":188,"column":6},"end":{"line":192,"column":null}},{"start":{"line":194,"column":6},"end":{"line":194,"column":8}}],"line":187},"13":{"loc":{"start":{"line":196,"column":24},"end":{"line":203,"column":8}},"type":"cond-expr","locations":[{"start":{"line":197,"column":6},"end":{"line":201,"column":null}},{"start":{"line":203,"column":6},"end":{"line":203,"column":8}}],"line":196},"14":{"loc":{"start":{"line":205,"column":28},"end":{"line":212,"column":8}},"type":"cond-expr","locations":[{"start":{"line":206,"column":6},"end":{"line":210,"column":null}},{"start":{"line":212,"column":6},"end":{"line":212,"column":8}}],"line":205},"15":{"loc":{"start":{"line":218,"column":32},"end":{"line":224,"column":8}},"type":"cond-expr","locations":[{"start":{"line":219,"column":6},"end":{"line":222,"column":null}},{"start":{"line":224,"column":6},"end":{"line":224,"column":8}}],"line":218},"16":{"loc":{"start":{"line":233,"column":28},"end":{"line":244,"column":null}},"type":"cond-expr","locations":[{"start":{"line":234,"column":6},"end":{"line":239,"column":null}},{"start":{"line":241,"column":6},"end":{"line":244,"column":null}}],"line":233}},"s":{"0":8,"1":6,"2":2,"3":4,"4":4,"5":4,"6":4,"7":6,"8":4,"9":2,"10":2,"11":2,"12":2,"13":6,"14":4,"15":2,"16":2,"17":2,"18":2,"19":63,"20":63,"21":57,"22":6,"23":6,"24":63,"25":63,"26":63,"27":63,"28":63,"29":63,"30":63,"31":63,"32":63,"33":63,"34":63,"35":63,"36":63,"37":63,"38":63},"f":{"0":6,"1":4,"2":6,"3":2,"4":6,"5":2,"6":63,"7":63},"b":{"0":[2,4],"1":[4,2],"2":[4,2],"3":[2,0],"4":[63,59,58],"5":[57,6],"6":[63],"7":[63],"8":[63],"9":[63],"10":[63,30,28,27,26,22,21],"11":[33,30],"12":[23,40],"13":[22,41],"14":[18,45],"15":[43,20],"16":[20,43]},"meta":{"lastBranch":17,"lastFunction":8,"lastStatement":39,"seen":{"s:20:23:20:27":0,"f:31:9:31:33":0,"b:32:2:32:Infinity:undefined:undefined:undefined:undefined":0,"s:32:2:32:Infinity":1,"s:32:30:32:Infinity":2,"s:33:15:33:60":3,"s:34:16:42:27":4,"f:36:6:36:7":1,"s:37:8:40:73":5,"s:43:2:49:Infinity":6,"f:59:9:59:38":2,"b:60:2:60:Infinity:undefined:undefined:undefined:undefined":1,"s:60:2:60:Infinity":7,"s:60:31:60:Infinity":8,"s:61:15:61:60":9,"s:62:16:70:27":10,"f:64:6:64:7":3,"s:65:8:68:48":11,"s:71:2:77:Infinity":12,"f:87:9:87:36":4,"b:88:2:88:Infinity:undefined:undefined:undefined:undefined":2,"s:88:2:88:Infinity":13,"s:88:30:88:Infinity":14,"s:89:15:89:60":15,"s:90:16:98:27":16,"f:92:6:92:7":5,"s:93:8:96:57":17,"b:96:20:96:45:96:48:96:50":3,"s:99:2:105:Infinity":18,"f:117:9:117:41":6,"s:123:19:123:88":19,"b:123:19:123:39:123:43:123:64:123:68:123:88":4,"b:124:2:124:Infinity:undefined:undefined:undefined:undefined":5,"s:124:2:124:Infinity":20,"s:124:17:124:Infinity":21,"s:125:15:125:60":22,"s:126:2:132:Infinity":23,"f:154:16:154:40":7,"b:160:9:160:13":6,"b:161:43:161:45":7,"b:162:40:162:42":8,"b:163:35:163:37":9,"s:165:17:165:63":24,"s:166:15:166:60":25,"s:167:18:174:Infinity":26,"b:168:4:168:14:169:4:169:16:170:4:170:13:171:4:171:16:172:4:172:20:173:4:173:21:174:4:174:20":10,"s:176:20:176:44":27,"s:178:25:185:8":28,"b:179:6:183:Infinity:185:6:185:8":11,"s:187:27:194:8":29,"b:188:6:192:Infinity:194:6:194:8":12,"s:196:24:203:8":30,"b:197:6:201:Infinity:203:6:203:8":13,"s:205:28:212:8":31,"b:206:6:210:Infinity:212:6:212:8":14,"s:214:15:214:60":32,"s:215:15:215:65":33,"s:216:19:216:75":34,"s:218:32:224:8":35,"b:219:6:222:Infinity:224:6:224:8":15,"s:226:31:230:Infinity":36,"s:233:28:244:Infinity":37,"b:234:6:239:Infinity:241:6:244:Infinity":16,"s:246:2:259:Infinity":38}}}
,"/home/runner/work/euparliamentmonitor/euparliamentmonitor/src/generators/committee-helpers.ts": {"path":"/home/runner/work/euparliamentmonitor/euparliamentmonitor/src/generators/committee-helpers.ts","statementMap":{"0":{"start":{"line":13,"column":35},"end":{"line":13,"column":84}},"1":{"start":{"line":27,"column":2},"end":{"line":51,"column":null}},"2":{"start":{"line":28,"column":4},"end":{"line":28,"column":null}},"3":{"start":{"line":28,"column":31},"end":{"line":28,"column":null}},"4":{"start":{"line":29,"column":19},"end":{"line":29,"column":null}},"5":{"start":{"line":32,"column":4},"end":{"line":32,"column":null}},"6":{"start":{"line":32,"column":27},"end":{"line":32,"column":null}},"7":{"start":{"line":33,"column":4},"end":{"line":33,"column":null}},"8":{"start":{"line":34,"column":4},"end":{"line":34,"column":null}},"9":{"start":{"line":35,"column":4},"end":{"line":35,"column":null}},"10":{"start":{"line":36,"column":27},"end":{"line":36,"column":55}},"11":{"start":{"line":37,"column":22},"end":{"line":37,"column":23}},"12":{"start":{"line":38,"column":4},"end":{"line":45,"column":null}},"13":{"start":{"line":39,"column":6},"end":{"line":39,"column":null}},"14":{"start":{"line":40,"column":11},"end":{"line":45,"column":null}},"15":{"start":{"line":41,"column":27},"end":{"line":41,"column":49}},"16":{"start":{"line":42,"column":6},"end":{"line":44,"column":null}},"17":{"start":{"line":43,"column":8},"end":{"line":43,"column":null}},"18":{"start":{"line":46,"column":4},"end":{"line":46,"column":null}},"19":{"start":{"line":47,"column":4},"end":{"line":47,"column":null}},"20":{"start":{"line":49,"column":20},"end":{"line":49,"column":68}},"21":{"start":{"line":50,"column":4},"end":{"line":50,"column":null}},"22":{"start":{"line":61,"column":2},"end":{"line":76,"column":null}},"23":{"start":{"line":62,"column":4},"end":{"line":62,"column":null}},"24":{"start":{"line":62,"column":31},"end":{"line":62,"column":null}},"25":{"start":{"line":63,"column":19},"end":{"line":63,"column":null}},"26":{"start":{"line":66,"column":4},"end":{"line":66,"column":null}},"27":{"start":{"line":66,"column":60},"end":{"line":66,"column":null}},"28":{"start":{"line":67,"column":4},"end":{"line":71,"column":null}},"29":{"start":{"line":67,"column":50},"end":{"line":71,"column":6}},"30":{"start":{"line":72,"column":4},"end":{"line":72,"column":null}},"31":{"start":{"line":74,"column":20},"end":{"line":74,"column":68}},"32":{"start":{"line":75,"column":4},"end":{"line":75,"column":null}},"33":{"start":{"line":86,"column":2},"end":{"line":101,"column":null}},"34":{"start":{"line":87,"column":4},"end":{"line":87,"column":null}},"35":{"start":{"line":87,"column":31},"end":{"line":87,"column":null}},"36":{"start":{"line":88,"column":19},"end":{"line":88,"column":null}},"37":{"start":{"line":91,"column":4},"end":{"line":91,"column":null}},"38":{"start":{"line":91,"column":31},"end":{"line":91,"column":null}},"39":{"start":{"line":92,"column":18},"end":{"line":92,"column":51}},"40":{"start":{"line":93,"column":17},"end":{"line":93,"column":48}},"41":{"start":{"line":94,"column":4},"end":{"line":97,"column":null}},"42":{"start":{"line":99,"column":20},"end":{"line":99,"column":68}},"43":{"start":{"line":100,"column":4},"end":{"line":100,"column":null}}},"fnMap":{"0":{"name":"applyCommitteeInfo","decl":{"start":{"line":22,"column":16},"end":{"line":22,"column":34}},"loc":{"start":{"line":25,"column":22},"end":{"line":52,"column":null}},"line":25},"1":{"name":"applyDocuments","decl":{"start":{"line":60,"column":16},"end":{"line":60,"column":30}},"loc":{"start":{"line":60,"column":73},"end":{"line":77,"column":null}},"line":60},"2":{"name":"(anonymous_2)","decl":{"start":{"line":67,"column":42},"end":{"line":67,"column":43}},"loc":{"start":{"line":67,"column":50},"end":{"line":71,"column":6}},"line":67},"3":{"name":"applyEffectiveness","decl":{"start":{"line":85,"column":16},"end":{"line":85,"column":34}},"loc":{"start":{"line":85,"column":77},"end":{"line":102,"column":null}},"line":85}},"branchMap":{"0":{"loc":{"start":{"line":28,"column":4},"end":{"line":28,"column":null}},"type":"if","locations":[{"start":{"line":28,"column":4},"end":{"line":28,"column":null}},{"start":{},"end":{}}],"line":28},"1":{"loc":{"start":{"line":32,"column":4},"end":{"line":32,"column":null}},"type":"if","locations":[{"start":{"line":32,"column":4},"end":{"line":32,"column":null}},{"start":{},"end":{}}],"line":32},"2":{"loc":{"start":{"line":33,"column":16},"end":{"line":33,"column":50}},"type":"binary-expr","locations":[{"start":{"line":33,"column":16},"end":{"line":33,"column":37}},{"start":{"line":33,"column":41},"end":{"line":33,"column":50}}],"line":33},"3":{"loc":{"start":{"line":34,"column":24},"end":{"line":34,"column":69}},"type":"binary-expr","locations":[{"start":{"line":34,"column":24},"end":{"line":34,"column":53}},{"start":{"line":34,"column":57},"end":{"line":34,"column":69}}],"line":34},"4":{"loc":{"start":{"line":35,"column":17},"end":{"line":35,"column":48}},"type":"binary-expr","locations":[{"start":{"line":35,"column":17},"end":{"line":35,"column":39}},{"start":{"line":35,"column":43},"end":{"line":35,"column":48}}],"line":35},"5":{"loc":{"start":{"line":38,"column":4},"end":{"line":45,"column":null}},"type":"if","locations":[{"start":{"line":38,"column":4},"end":{"line":45,"column":null}},{"start":{"line":40,"column":11},"end":{"line":45,"column":null}}],"line":38},"6":{"loc":{"start":{"line":38,"column":8},"end":{"line":38,"column":77}},"type":"binary-expr","locations":[{"start":{"line":38,"column":8},"end":{"line":38,"column":42}},{"start":{"line":38,"column":46},"end":{"line":38,"column":77}}],"line":38},"7":{"loc":{"start":{"line":40,"column":11},"end":{"line":45,"column":null}},"type":"if","locations":[{"start":{"line":40,"column":11},"end":{"line":45,"column":null}},{"start":{},"end":{}}],"line":40},"8":{"loc":{"start":{"line":42,"column":6},"end":{"line":44,"column":null}},"type":"if","locations":[{"start":{"line":42,"column":6},"end":{"line":44,"column":null}},{"start":{},"end":{}}],"line":42},"9":{"loc":{"start":{"line":49,"column":20},"end":{"line":49,"column":68}},"type":"cond-expr","locations":[{"start":{"line":49,"column":43},"end":{"line":49,"column":54}},{"start":{"line":49,"column":57},"end":{"line":49,"column":68}}],"line":49},"10":{"loc":{"start":{"line":62,"column":4},"end":{"line":62,"column":null}},"type":"if","locations":[{"start":{"line":62,"column":4},"end":{"line":62,"column":null}},{"start":{},"end":{}}],"line":62},"11":{"loc":{"start":{"line":66,"column":4},"end":{"line":66,"column":null}},"type":"if","locations":[{"start":{"line":66,"column":4},"end":{"line":66,"column":null}},{"start":{},"end":{}}],"line":66},"12":{"loc":{"start":{"line":66,"column":8},"end":{"line":66,"column":58}},"type":"binary-expr","locations":[{"start":{"line":66,"column":8},"end":{"line":66,"column":25}},{"start":{"line":66,"column":29},"end":{"line":66,"column":58}}],"line":66},"13":{"loc":{"start":{"line":68,"column":13},"end":{"line":68,"column":43}},"type":"binary-expr","locations":[{"start":{"line":68,"column":13},"end":{"line":68,"column":20}},{"start":{"line":68,"column":24},"end":{"line":68,"column":43}}],"line":68},"14":{"loc":{"start":{"line":69,"column":12},"end":{"line":69,"column":50}},"type":"binary-expr","locations":[{"start":{"line":69,"column":12},"end":{"line":69,"column":18}},{"start":{"line":69,"column":22},"end":{"line":69,"column":36}},{"start":{"line":69,"column":40},"end":{"line":69,"column":50}}],"line":69},"15":{"loc":{"start":{"line":70,"column":12},"end":{"line":70,"column":24}},"type":"binary-expr","locations":[{"start":{"line":70,"column":12},"end":{"line":70,"column":18}},{"start":{"line":70,"column":22},"end":{"line":70,"column":24}}],"line":70},"16":{"loc":{"start":{"line":74,"column":20},"end":{"line":74,"column":68}},"type":"cond-expr","locations":[{"start":{"line":74,"column":43},"end":{"line":74,"column":54}},{"start":{"line":74,"column":57},"end":{"line":74,"column":68}}],"line":74},"17":{"loc":{"start":{"line":87,"column":4},"end":{"line":87,"column":null}},"type":"if","locations":[{"start":{"line":87,"column":4},"end":{"line":87,"column":null}},{"start":{},"end":{}}],"line":87},"18":{"loc":{"start":{"line":91,"column":4},"end":{"line":91,"column":null}},"type":"if","locations":[{"start":{"line":91,"column":4},"end":{"line":91,"column":null}},{"start":{},"end":{}}],"line":91},"19":{"loc":{"start":{"line":93,"column":17},"end":{"line":93,"column":48}},"type":"binary-expr","locations":[{"start":{"line":93,"column":17},"end":{"line":93,"column":42}},{"start":{"line":93,"column":46},"end":{"line":93,"column":48}}],"line":93},"20":{"loc":{"start":{"line":95,"column":6},"end":{"line":97,"column":14}},"type":"cond-expr","locations":[{"start":{"line":96,"column":10},"end":{"line":96,"column":null}},{"start":{"line":97,"column":10},"end":{"line":97,"column":14}}],"line":95},"21":{"loc":{"start":{"line":95,"column":6},"end":{"line":95,"column":null}},"type":"binary-expr","locations":[{"start":{"line":95,"column":6},"end":{"line":95,"column":31}},{"start":{"line":95,"column":35},"end":{"line":95,"column":null}}],"line":95},"22":{"loc":{"start":{"line":99,"column":20},"end":{"line":99,"column":68}},"type":"cond-expr","locations":[{"start":{"line":99,"column":43},"end":{"line":99,"column":54}},{"start":{"line":99,"column":57},"end":{"line":99,"column":68}}],"line":99}},"s":{"0":8,"1":6,"2":6,"3":1,"4":5,"5":5,"6":1,"7":3,"8":6,"9":6,"10":6,"11":6,"12":6,"13":1,"14":2,"15":2,"16":2,"17":1,"18":3,"19":3,"20":1,"21":1,"22":5,"23":5,"24":0,"25":5,"26":5,"27":1,"28":3,"29":3,"30":3,"31":1,"32":1,"33":6,"34":6,"35":0,"36":6,"37":6,"38":1,"39":4,"40":4,"41":6,"42":1,"43":1},"f":{"0":6,"1":5,"2":3,"3":6},"b":{"0":[1,5],"1":[1,4],"2":[3,2],"3":[6,2],"4":[6,2],"5":[1,2],"6":[6,1],"7":[2,0],"8":[1,1],"9":[1,0],"10":[0,5],"11":[1,4],"12":[5,3],"13":[3,0],"14":[3,2,1],"15":[3,2],"16":[1,0],"17":[0,6],"18":[1,5],"19":[4,2],"20":[2,2],"21":[6,2],"22":[1,0]},"meta":{"lastBranch":23,"lastFunction":4,"lastStatement":44,"seen":{"s:13:35:13:84":0,"f:22:16:22:34":0,"s:27:2:51:Infinity":1,"b:28:4:28:Infinity:undefined:undefined:undefined:undefined":0,"s:28:4:28:Infinity":2,"s:28:31:28:Infinity":3,"s:29:19:29:Infinity":4,"b:32:4:32:Infinity:undefined:undefined:undefined:undefined":1,"s:32:4:32:Infinity":5,"s:32:27:32:Infinity":6,"s:33:4:33:Infinity":7,"b:33:16:33:37:33:41:33:50":2,"s:34:4:34:Infinity":8,"b:34:24:34:53:34:57:34:69":3,"s:35:4:35:Infinity":9,"b:35:17:35:39:35:43:35:48":4,"s:36:27:36:55":10,"s:37:22:37:23":11,"b:38:4:45:Infinity:40:11:45:Infinity":5,"s:38:4:45:Infinity":12,"b:38:8:38:42:38:46:38:77":6,"s:39:6:39:Infinity":13,"b:40:11:45:Infinity:undefined:undefined:undefined:undefined":7,"s:40:11:45:Infinity":14,"s:41:27:41:49":15,"b:42:6:44:Infinity:undefined:undefined:undefined:undefined":8,"s:42:6:44:Infinity":16,"s:43:8:43:Infinity":17,"s:46:4:46:Infinity":18,"s:47:4:47:Infinity":19,"s:49:20:49:68":20,"b:49:43:49:54:49:57:49:68":9,"s:50:4:50:Infinity":21,"f:60:16:60:30":1,"s:61:2:76:Infinity":22,"b:62:4:62:Infinity:undefined:undefined:undefined:undefined":10,"s:62:4:62:Infinity":23,"s:62:31:62:Infinity":24,"s:63:19:63:Infinity":25,"b:66:4:66:Infinity:undefined:undefined:undefined:undefined":11,"s:66:4:66:Infinity":26,"b:66:8:66:25:66:29:66:58":12,"s:66:60:66:Infinity":27,"s:67:4:71:Infinity":28,"f:67:42:67:43":2,"s:67:50:71:6":29,"b:68:13:68:20:68:24:68:43":13,"b:69:12:69:18:69:22:69:36:69:40:69:50":14,"b:70:12:70:18:70:22:70:24":15,"s:72:4:72:Infinity":30,"s:74:20:74:68":31,"b:74:43:74:54:74:57:74:68":16,"s:75:4:75:Infinity":32,"f:85:16:85:34":3,"s:86:2:101:Infinity":33,"b:87:4:87:Infinity:undefined:undefined:undefined:undefined":17,"s:87:4:87:Infinity":34,"s:87:31:87:Infinity":35,"s:88:19:88:Infinity":36,"b:91:4:91:Infinity:undefined:undefined:undefined:undefined":18,"s:91:4:91:Infinity":37,"s:91:31:91:Infinity":38,"s:92:18:92:51":39,"s:93:17:93:48":40,"b:93:17:93:42:93:46:93:48":19,"s:94:4:97:Infinity":41,"b:96:10:96:Infinity:97:10:97:14":20,"b:95:6:95:31:95:35:95:Infinity":21,"s:99:20:99:68":42,"b:99:43:99:54:99:57:99:68":22,"s:100:4:100:Infinity":43}}}
,"/home/runner/work/euparliamentmonitor/euparliamentmonitor/src/generators/motions-content.ts": {"path":"/home/runner/work/euparliamentmonitor/euparliamentmonitor/src/generators/motions-content.ts","statementMap":{"0":{"start":{"line":21,"column":34},"end":{"line":21,"column":66}},"1":{"start":{"line":39,"column":2},"end":{"line":88,"column":null}},"2":{"start":{"line":112,"column":17},"end":{"line":112,"column":63}},"3":{"start":{"line":113,"column":15},"end":{"line":113,"column":59}},"4":{"start":{"line":114,"column":2},"end":{"line":197,"column":null}},"5":{"start":{"line":124,"column":24},"end":{"line":135,"column":null}},"6":{"start":{"line":145,"column":25},"end":{"line":151,"column":null}},"7":{"start":{"line":161,"column":32},"end":{"line":161,"column":61}},"8":{"start":{"line":163,"column":14},"end":{"line":163,"column":81}},"9":{"start":{"line":164,"column":34},"end":{"line":164,"column":63}},"10":{"start":{"line":165,"column":12},"end":{"line":171,"column":null}},"11":{"start":{"line":180,"column":26},"end":{"line":186,"column":null}},"12":{"start":{"line":209,"column":2},"end":{"line":209,"column":null}},"13":{"start":{"line":209,"column":28},"end":{"line":209,"column":null}},"14":{"start":{"line":210,"column":16},"end":{"line":223,"column":25}},"15":{"start":{"line":212,"column":20},"end":{"line":212,"column":54}},"16":{"start":{"line":213,"column":24},"end":{"line":213,"column":62}},"17":{"start":{"line":214,"column":24},"end":{"line":214,"column":62}},"18":{"start":{"line":215,"column":6},"end":{"line":221,"column":null}},"19":{"start":{"line":224,"column":2},"end":{"line":224,"column":null}},"20":{"start":{"line":234,"column":2},"end":{"line":234,"column":null}},"21":{"start":{"line":234,"column":31},"end":{"line":234,"column":null}},"22":{"start":{"line":235,"column":16},"end":{"line":243,"column":25}},"23":{"start":{"line":238,"column":8},"end":{"line":241,"column":48}},"24":{"start":{"line":244,"column":2},"end":{"line":244,"column":null}},"25":{"start":{"line":262,"column":2},"end":{"line":262,"column":null}},"26":{"start":{"line":262,"column":61},"end":{"line":262,"column":null}},"27":{"start":{"line":263,"column":22},"end":{"line":263,"column":59}},"28":{"start":{"line":264,"column":25},"end":{"line":264,"column":64}},"29":{"start":{"line":265,"column":2},"end":{"line":265,"column":null}},"30":{"start":{"line":265,"column":39},"end":{"line":265,"column":null}},"31":{"start":{"line":266,"column":15},"end":{"line":266,"column":63}},"32":{"start":{"line":267,"column":2},"end":{"line":272,"column":null}}},"fnMap":{"0":{"name":"getMotionsFallbackData","decl":{"start":{"line":30,"column":16},"end":{"line":30,"column":38}},"loc":{"start":{"line":32,"column":21},"end":{"line":89,"column":null}},"line":32},"1":{"name":"generateMotionsContent","decl":{"start":{"line":103,"column":16},"end":{"line":103,"column":38}},"loc":{"start":{"line":110,"column":13},"end":{"line":198,"column":null}},"line":110},"2":{"name":"(anonymous_2)","decl":{"start":{"line":124,"column":12},"end":{"line":124,"column":13}},"loc":{"start":{"line":124,"column":24},"end":{"line":135,"column":null}},"line":124},"3":{"name":"(anonymous_3)","decl":{"start":{"line":145,"column":12},"end":{"line":145,"column":13}},"loc":{"start":{"line":145,"column":25},"end":{"line":151,"column":null}},"line":145},"4":{"name":"(anonymous_4)","decl":{"start":{"line":160,"column":15},"end":{"line":160,"column":16}},"loc":{"start":{"line":160,"column":27},"end":{"line":172,"column":11}},"line":160},"5":{"name":"(anonymous_5)","decl":{"start":{"line":180,"column":12},"end":{"line":180,"column":13}},"loc":{"start":{"line":180,"column":26},"end":{"line":186,"column":null}},"line":180},"6":{"name":"buildVoteAlignmentHtml","decl":{"start":{"line":208,"column":9},"end":{"line":208,"column":31}},"loc":{"start":{"line":208,"column":55},"end":{"line":225,"column":null}},"line":208},"7":{"name":"(anonymous_7)","decl":{"start":{"line":211,"column":9},"end":{"line":211,"column":10}},"loc":{"start":{"line":211,"column":15},"end":{"line":222,"column":5}},"line":211},"8":{"name":"buildCoalitionAlignmentHtml","decl":{"start":{"line":233,"column":9},"end":{"line":233,"column":36}},"loc":{"start":{"line":233,"column":72},"end":{"line":245,"column":null}},"line":233},"9":{"name":"(anonymous_9)","decl":{"start":{"line":237,"column":6},"end":{"line":237,"column":7}},"loc":{"start":{"line":238,"column":8},"end":{"line":241,"column":48}},"line":238},"10":{"name":"buildPoliticalAlignmentSection","decl":{"start":{"line":257,"column":16},"end":{"line":257,"column":46}},"loc":{"start":{"line":260,"column":18},"end":{"line":273,"column":null}},"line":260}},"branchMap":{"0":{"loc":{"start":{"line":110,"column":2},"end":{"line":110,"column":13}},"type":"default-arg","locations":[{"start":{"line":110,"column":9},"end":{"line":110,"column":13}}],"line":110},"1":{"loc":{"start":{"line":161,"column":32},"end":{"line":161,"column":61}},"type":"binary-expr","locations":[{"start":{"line":161,"column":32},"end":{"line":161,"column":48}},{"start":{"line":161,"column":52},"end":{"line":161,"column":61}}],"line":161},"2":{"loc":{"start":{"line":163,"column":14},"end":{"line":163,"column":81}},"type":"cond-expr","locations":[{"start":{"line":163,"column":48},"end":{"line":163,"column":59}},{"start":{"line":163,"column":62},"end":{"line":163,"column":81}}],"line":163},"3":{"loc":{"start":{"line":209,"column":2},"end":{"line":209,"column":null}},"type":"if","locations":[{"start":{"line":209,"column":2},"end":{"line":209,"column":null}},{"start":{},"end":{}}],"line":209},"4":{"loc":{"start":{"line":234,"column":2},"end":{"line":234,"column":null}},"type":"if","locations":[{"start":{"line":234,"column":2},"end":{"line":234,"column":null}},{"start":{},"end":{}}],"line":234},"5":{"loc":{"start":{"line":262,"column":2},"end":{"line":262,"column":null}},"type":"if","locations":[{"start":{"line":262,"column":2},"end":{"line":262,"column":null}},{"start":{},"end":{}}],"line":262},"6":{"loc":{"start":{"line":262,"column":6},"end":{"line":262,"column":59}},"type":"binary-expr","locations":[{"start":{"line":262,"column":6},"end":{"line":262,"column":32}},{"start":{"line":262,"column":36},"end":{"line":262,"column":59}}],"line":262},"7":{"loc":{"start":{"line":265,"column":2},"end":{"line":265,"column":null}},"type":"if","locations":[{"start":{"line":265,"column":2},"end":{"line":265,"column":null}},{"start":{},"end":{}}],"line":265},"8":{"loc":{"start":{"line":265,"column":6},"end":{"line":265,"column":37}},"type":"binary-expr","locations":[{"start":{"line":265,"column":6},"end":{"line":265,"column":18}},{"start":{"line":265,"column":22},"end":{"line":265,"column":37}}],"line":265}},"s":{"0":8,"1":11,"2":53,"3":53,"4":53,"5":55,"6":55,"7":51,"8":51,"9":51,"10":51,"11":55,"12":20,"13":3,"14":17,"15":25,"16":25,"17":25,"18":25,"19":17,"20":20,"21":13,"22":7,"23":13,"24":7,"25":22,"26":2,"27":20,"28":20,"29":20,"30":0,"31":20,"32":20},"f":{"0":11,"1":53,"2":55,"3":55,"4":51,"5":55,"6":20,"7":25,"8":20,"9":13,"10":22},"b":{"0":[53],"1":[51,0],"2":[51,0],"3":[3,17],"4":[13,7],"5":[2,20],"6":[22,5],"7":[0,20],"8":[20,3]},"meta":{"lastBranch":9,"lastFunction":11,"lastStatement":33,"seen":{"s:21:34:21:66":0,"f:30:16:30:38":0,"s:39:2:88:Infinity":1,"f:103:16:103:38":1,"b:110:9:110:13":0,"s:112:17:112:63":2,"s:113:15:113:59":3,"s:114:2:197:Infinity":4,"f:124:12:124:13":2,"s:124:24:135:Infinity":5,"f:145:12:145:13":3,"s:145:25:151:Infinity":6,"f:160:15:160:16":4,"s:161:32:161:61":7,"b:161:32:161:48:161:52:161:61":1,"s:163:14:163:81":8,"b:163:48:163:59:163:62:163:81":2,"s:164:34:164:63":9,"s:165:12:171:Infinity":10,"f:180:12:180:13":5,"s:180:26:186:Infinity":11,"f:208:9:208:31":6,"b:209:2:209:Infinity:undefined:undefined:undefined:undefined":3,"s:209:2:209:Infinity":12,"s:209:28:209:Infinity":13,"s:210:16:223:25":14,"f:211:9:211:10":7,"s:212:20:212:54":15,"s:213:24:213:62":16,"s:214:24:214:62":17,"s:215:6:221:Infinity":18,"s:224:2:224:Infinity":19,"f:233:9:233:36":8,"b:234:2:234:Infinity:undefined:undefined:undefined:undefined":4,"s:234:2:234:Infinity":20,"s:234:31:234:Infinity":21,"s:235:16:243:25":22,"f:237:6:237:7":9,"s:238:8:241:48":23,"s:244:2:244:Infinity":24,"f:257:16:257:46":10,"b:262:2:262:Infinity:undefined:undefined:undefined:undefined":5,"s:262:2:262:Infinity":25,"b:262:6:262:32:262:36:262:59":6,"s:262:61:262:Infinity":26,"s:263:22:263:59":27,"s:264:25:264:64":28,"b:265:2:265:Infinity:undefined:undefined:undefined:undefined":7,"s:265:2:265:Infinity":29,"b:265:6:265:18:265:22:265:37":8,"s:265:39:265:Infinity":30,"s:266:15:266:63":31,"s:267:2:272:Infinity":32}}}
[...]
5,"column":6},"end":{"line":225,"column":null}},"57":{"start":{"line":227,"column":4},"end":{"line":229,"column":null}},"58":{"start":{"line":228,"column":6},"end":{"line":228,"column":null}},"59":{"start":{"line":230,"column":4},"end":{"line":230,"column":null}},"60":{"start":{"line":234,"column":2},"end":{"line":242,"column":null}},"61":{"start":{"line":241,"column":4},"end":{"line":241,"column":null}},"62":{"start":{"line":245,"column":2},"end":{"line":247,"column":null}},"63":{"start":{"line":246,"column":4},"end":{"line":246,"column":null}},"64":{"start":{"line":249,"column":2},"end":{"line":249,"column":null}},"65":{"start":{"line":263,"column":21},"end":{"line":263,"column":63}},"66":{"start":{"line":263,"column":46},"end":{"line":263,"column":62}},"67":{"start":{"line":264,"column":2},"end":{"line":266,"column":null}},"68":{"start":{"line":265,"column":4},"end":{"line":265,"column":null}},"69":{"start":{"line":267,"column":2},"end":{"line":267,"column":null}},"70":{"start":{"line":267,"column":28},"end":{"line":267,"column":43}},"71":{"start":{"line":268,"column":2},"end":{"line":268,"column":null}},"72":{"start":{"line":286,"column":49},"end":{"line":286,"column":51}},"73":{"start":{"line":288,"column":49},"end":{"line":297,"column":null}},"74":{"start":{"line":299,"column":2},"end":{"line":310,"column":null}},"75":{"start":{"line":300,"column":19},"end":{"line":300,"column":49}},"76":{"start":{"line":301,"column":4},"end":{"line":309,"column":null}},"77":{"start":{"line":302,"column":6},"end":{"line":308,"column":null}},"78":{"start":{"line":312,"column":2},"end":{"line":317,"column":null}},"79":{"start":{"line":329,"column":16},"end":{"line":329,"column":38}},"80":{"start":{"line":330,"column":2},"end":{"line":330,"column":null}},"81":{"start":{"line":340,"column":2},"end":{"line":340,"column":null}},"82":{"start":{"line":356,"column":2},"end":{"line":358,"column":null}},"83":{"start":{"line":357,"column":4},"end":{"line":357,"column":null}},"84":{"start":{"line":360,"column":15},"end":{"line":365,"column":15}},"85":{"start":{"line":363,"column":8},"end":{"line":363,"column":128}},"86":{"start":{"line":367,"column":2},"end":{"line":377,"column":null}}},"fnMap":{"0":{"name":"findColumnIndex","decl":{"start":{"line":98,"column":9},"end":{"line":98,"column":24}},"loc":{"start":{"line":98,"column":79},"end":{"line":100,"column":null}},"line":98},"1":{"name":"(anonymous_1)","decl":{"start":{"line":99,"column":27},"end":{"line":99,"column":28}},"loc":{"start":{"line":99,"column":34},"end":{"line":99,"column":53}},"line":99},"2":{"name":"readCol","decl":{"start":{"line":109,"column":9},"end":{"line":109,"column":16}},"loc":{"start":{"line":109,"column":53},"end":{"line":111,"column":null}},"line":109},"3":{"name":"splitCSVLine","decl":{"start":{"line":121,"column":9},"end":{"line":121,"column":21}},"loc":{"start":{"line":121,"column":34},"end":{"line":145,"column":null}},"line":121},"4":{"name":"parseWorldBankCSV","decl":{"start":{"line":155,"column":16},"end":{"line":155,"column":33}},"loc":{"start":{"line":155,"column":68},"end":{"line":192,"column":null}},"line":155},"5":{"name":"(anonymous_5)","decl":{"start":{"line":165,"column":46},"end":{"line":165,"column":47}},"loc":{"start":{"line":165,"column":53},"end":{"line":165,"column":68}},"line":165},"6":{"name":"(anonymous_6)","decl":{"start":{"line":167,"column":39},"end":{"line":167,"column":40}},"loc":{"start":{"line":167,"column":59},"end":{"line":167,"column":99}},"line":167},"7":{"name":"formatIndicatorValue","decl":{"start":{"line":203,"column":16},"end":{"line":203,"column":36}},"loc":{"start":{"line":203,"column":78},"end":{"line":250,"column":null}},"line":203},"8":{"name":"getMostRecentValue","decl":{"start":{"line":260,"column":16},"end":{"line":260,"column":34}},"loc":{"start":{"line":261,"column":43},"end":{"line":269,"column":null}},"line":261},"9":{"name":"(anonymous_9)","decl":{"start":{"line":263,"column":39},"end":{"line":263,"column":40}},"loc":{"start":{"line":263,"column":46},"end":{"line":263,"column":62}},"line":263},"10":{"name":"(anonymous_10)","decl":{"start":{"line":267,"column":18},"end":{"line":267,"column":19}},"loc":{"start":{"line":267,"column":28},"end":{"line":267,"column":43}},"line":267},"11":{"name":"buildEconomicContext","decl":{"start":{"line":281,"column":16},"end":{"line":281,"column":36}},"loc":{"start":{"line":284,"column":67},"end":{"line":318,"column":null}},"line":284},"12":{"name":"getWorldBankCountryCode","decl":{"start":{"line":328,"column":16},"end":{"line":328,"column":39}},"loc":{"start":{"line":328,"column":56},"end":{"line":331,"column":null}},"line":328},"13":{"name":"isEUMemberState","decl":{"start":{"line":339,"column":16},"end":{"line":339,"column":31}},"loc":{"start":{"line":339,"column":48},"end":{"line":341,"column":null}},"line":339},"14":{"name":"buildEconomicContextHTML","decl":{"start":{"line":355,"column":16},"end":{"line":355,"column":40}},"loc":{"start":{"line":355,"column":65},"end":{"line":378,"column":null}},"line":355},"15":{"name":"(anonymous_15)","decl":{"start":{"line":362,"column":6},"end":{"line":362,"column":7}},"loc":{"start":{"line":363,"column":8},"end":{"line":363,"column":128}},"line":363}},"branchMap":{"0":{"loc":{"start":{"line":110,"column":9},"end":{"line":110,"column":42}},"type":"cond-expr","locations":[{"start":{"line":110,"column":21},"end":{"line":110,"column":36}},{"start":{"line":110,"column":40},"end":{"line":110,"column":42}}],"line":110},"1":{"loc":{"start":{"line":110,"column":21},"end":{"line":110,"column":36}},"type":"binary-expr","locations":[{"start":{"line":110,"column":21},"end":{"line":110,"column":30}},{"start":{"line":110,"column":34},"end":{"line":110,"column":36}}],"line":110},"2":{"loc":{"start":{"line":128,"column":4},"end":{"line":141,"column":null}},"type":"if","locations":[{"start":{"line":128,"column":4},"end":{"line":141,"column":null}},{"start":{"line":136,"column":11},"end":{"line":141,"column":null}}],"line":128},"3":{"loc":{"start":{"line":129,"column":6},"end":{"line":135,"column":null}},"type":"if","locations":[{"start":{"line":129,"column":6},"end":{"line":135,"column":null}},{"start":{"line":133,"column":13},"end":{"line":135,"column":null}}],"line":129},"4":{"loc":{"start":{"line":129,"column":10},"end":{"line":129,"column":64}},"type":"binary-expr","locations":[{"start":{"line":129,"column":10},"end":{"line":129,"column":18}},{"start":{"line":129,"column":22},"end":{"line":129,"column":41}},{"start":{"line":129,"column":45},"end":{"line":129,"column":64}}],"line":129},"5":{"loc":{"start":{"line":136,"column":11},"end":{"line":141,"column":null}},"type":"if","locations":[{"start":{"line":136,"column":11},"end":{"line":141,"column":null}},{"start":{"line":139,"column":11},"end":{"line":141,"column":null}}],"line":136},"6":{"loc":{"start":{"line":136,"column":15},"end":{"line":136,"column":38}},"type":"binary-expr","locations":[{"start":{"line":136,"column":15},"end":{"line":136,"column":25}},{"start":{"line":136,"column":29},"end":{"line":136,"column":38}}],"line":136},"7":{"loc":{"start":{"line":156,"column":2},"end":{"line":158,"column":null}},"type":"if","locations":[{"start":{"line":156,"column":2},"end":{"line":158,"column":null}},{"start":{},"end":{}}],"line":156},"8":{"loc":{"start":{"line":156,"column":6},"end":{"line":156,"column":45}},"type":"binary-expr","locations":[{"start":{"line":156,"column":6},"end":{"line":156,"column":14}},{"start":{"line":156,"column":18},"end":{"line":156,"column":45}}],"line":156},"9":{"loc":{"start":{"line":161,"column":2},"end":{"line":163,"column":null}},"type":"if","locations":[{"start":{"line":161,"column":2},"end":{"line":163,"column":null}},{"start":{},"end":{}}],"line":161},"10":{"loc":{"start":{"line":174,"column":35},"end":{"line":174,"column":56}},"type":"binary-expr","locations":[{"start":{"line":174,"column":35},"end":{"line":174,"column":50}},{"start":{"line":174,"column":54},"end":{"line":174,"column":56}}],"line":174},"11":{"loc":{"start":{"line":175,"column":24},"end":{"line":175,"column":65}},"type":"cond-expr","locations":[{"start":{"line":175,"column":42},"end":{"line":175,"column":58}},{"start":{"line":175,"column":61},"end":{"line":175,"column":65}}],"line":175},"12":{"loc":{"start":{"line":176,"column":34},"end":{"line":176,"column":54}},"type":"binary-expr","locations":[{"start":{"line":176,"column":34},"end":{"line":176,"column":48}},{"start":{"line":176,"column":52},"end":{"line":176,"column":54}}],"line":176},"13":{"loc":{"start":{"line":177,"column":17},"end":{"line":177,"column":52}},"type":"cond-expr","locations":[{"start":{"line":177,"column":27},"end":{"line":177,"column":48}},{"start":{"line":177,"column":51},"end":{"line":177,"column":52}}],"line":177},"14":{"loc":{"start":{"line":179,"column":4},"end":{"line":188,"column":null}},"type":"if","locations":[{"start":{"line":179,"column":4},"end":{"line":188,"column":null}},{"start":{},"end":{}}],"line":179},"15":{"loc":{"start":{"line":181,"column":33},"end":{"line":181,"column":56}},"type":"binary-expr","locations":[{"start":{"line":181,"column":33},"end":{"line":181,"column":50}},{"start":{"line":181,"column":54},"end":{"line":181,"column":56}}],"line":181},"16":{"loc":{"start":{"line":182,"column":35},"end":{"line":182,"column":62}},"type":"binary-expr","locations":[{"start":{"line":182,"column":35},"end":{"line":182,"column":56}},{"start":{"line":182,"column":60},"end":{"line":182,"column":62}}],"line":182},"17":{"loc":{"start":{"line":183,"column":35},"end":{"line":183,"column":60}},"type":"binary-expr","locations":[{"start":{"line":183,"column":35},"end":{"line":183,"column":54}},{"start":{"line":183,"column":58},"end":{"line":183,"column":60}}],"line":183},"18":{"loc":{"start":{"line":184,"column":37},"end":{"line":184,"column":66}},"type":"binary-expr","locations":[{"start":{"line":184,"column":37},"end":{"line":184,"column":60}},{"start":{"line":184,"column":64},"end":{"line":184,"column":66}}],"line":184},"19":{"loc":{"start":{"line":186,"column":15},"end":{"line":186,"column":64}},"type":"cond-expr","locations":[{"start":{"line":186,"column":46},"end":{"line":186,"column":57}},{"start":{"line":186,"column":60},"end":{"line":186,"column":64}}],"line":186},"20":{"loc":{"start":{"line":204,"column":2},"end":{"line":206,"column":null}},"type":"if","locations":[{"start":{"line":204,"column":2},"end":{"line":206,"column":null}},{"start":{},"end":{}}],"line":204},"21":{"loc":{"start":{"line":204,"column":6},"end":{"line":204,"column":47}},"type":"binary-expr","locations":[{"start":{"line":204,"column":6},"end":{"line":204,"column":20}},{"start":{"line":204,"column":24},"end":{"line":204,"column":47}}],"line":204},"22":{"loc":{"start":{"line":209,"column":2},"end":{"line":220,"column":null}},"type":"if","locations":[{"start":{"line":209,"column":2},"end":{"line":220,"column":null}},{"start":{},"end":{}}],"line":209},"23":{"loc":{"start":{"line":210,"column":4},"end":{"line":212,"column":null}},"type":"if","locations":[{"start":{"line":210,"column":4},"end":{"line":212,"column":null}},{"start":{},"end":{}}],"line":210},"24":{"loc":{"start":{"line":213,"column":4},"end":{"line":215,"column":null}},"type":"if","locations":[{"start":{"line":213,"column":4},"end":{"line":215,"column":null}},{"start":{},"end":{}}],"line":213},"25":{"loc":{"start":{"line":216,"column":4},"end":{"line":218,"column":null}},"type":"if","locations":[{"start":{"line":216,"column":4},"end":{"line":218,"column":null}},{"start":{},"end":{}}],"line":216},"26":{"loc":{"start":{"line":223,"column":2},"end":{"line":231,"column":null}},"type":"if","locations":[{"start":{"line":223,"column":2},"end":{"line":231,"column":null}},{"start":{},"end":{}}],"line":223},"27":{"loc":{"start":{"line":224,"column":4},"end":{"line":226,"column":null}},"type":"if","locations":[{"start":{"line":224,"column":4},"end":{"line":226,"column":null}},{"start":{},"end":{}}],"line":224},"28":{"loc":{"start":{"line":227,"column":4},"end":{"line":229,"column":null}},"type":"if","locations":[{"start":{"line":227,"column":4},"end":{"line":229,"column":null}},{"start":{},"end":{}}],"line":227},"29":{"loc":{"start":{"line":234,"column":2},"end":{"line":242,"column":null}},"type":"if","locations":[{"start":{"line":234,"column":2},"end":{"line":242,"column":null}},{"start":{},"end":{}}],"line":234},"30":{"loc":{"start":{"line":235,"column":4},"end":{"line":239,"column":51}},"type":"binary-expr","locations":[{"start":{"line":235,"column":4},"end":{"line":235,"column":47}},{"start":{"line":236,"column":4},"end":{"line":236,"column":47}},{"start":{"line":237,"column":4},"end":{"line":237,"column":50}},{"start":{"line":238,"column":4},"end":{"line":238,"column":43}},{"start":{"line":239,"column":4},"end":{"line":239,"column":51}}],"line":235},"31":{"loc":{"start":{"line":245,"column":2},"end":{"line":247,"column":null}},"type":"if","locations":[{"start":{"line":245,"column":2},"end":{"line":247,"column":null}},{"start":{},"end":{}}],"line":245},"32":{"loc":{"start":{"line":264,"column":2},"end":{"line":266,"column":null}},"type":"if","locations":[{"start":{"line":264,"column":2},"end":{"line":266,"column":null}},{"start":{},"end":{}}],"line":264},"33":{"loc":{"start":{"line":268,"column":9},"end":{"line":268,"column":30}},"type":"binary-expr","locations":[{"start":{"line":268,"column":9},"end":{"line":268,"column":22}},{"start":{"line":268,"column":26},"end":{"line":268,"column":30}}],"line":268},"34":{"loc":{"start":{"line":301,"column":4},"end":{"line":309,"column":null}},"type":"if","locations":[{"start":{"line":301,"column":4},"end":{"line":309,"column":null}},{"start":{},"end":{}}],"line":301},"35":{"loc":{"start":{"line":303,"column":14},"end":{"line":303,"column":56}},"type":"binary-expr","locations":[{"start":{"line":303,"column":14},"end":{"line":303,"column":41}},{"start":{"line":303,"column":45},"end":{"line":303,"column":56}}],"line":303},"36":{"loc":{"start":{"line":330,"column":9},"end":{"line":330,"column":40}},"type":"binary-expr","locations":[{"start":{"line":330,"column":9},"end":{"line":330,"column":32}},{"start":{"line":330,"column":36},"end":{"line":330,"column":40}}],"line":330},"37":{"loc":{"start":{"line":356,"column":2},"end":{"line":358,"column":null}},"type":"if","locations":[{"start":{"line":356,"column":2},"end":{"line":358,"column":null}},{"start":{},"end":{}}],"line":356}},"s":{"0":1,"1":1,"2":1,"3":1,"4":48,"5":168,"6":50,"7":17,"8":17,"9":17,"10":17,"11":17,"12":1017,"13":1017,"14":20,"15":2,"16":2,"17":18,"18":997,"19":85,"20":85,"21":912,"22":17,"23":17,"24":12,"25":3,"26":9,"27":9,"28":1,"29":8,"30":48,"31":8,"32":48,"33":8,"34":8,"35":8,"36":9,"37":9,"38":9,"39":9,"40":9,"41":9,"42":8,"43":8,"44":13,"45":1,"46":12,"47":4,"48":2,"49":2,"50":1,"51":1,"52":1,"53":0,"54":8,"55":2,"56":1,"57":1,"58":1,"59":0,"60":6,"61":4,"62":2,"63":1,"64":1,"65":5,"66":7,"67":5,"68":2,"69":3,"70":1,"71":3,"72":2,"73":2,"74":2,"75":2,"76":2,"77":2,"78":2,"79":8,"80":8,"81":6,"82":3,"83":1,"84":2,"85":2,"86":2},"f":{"0":48,"1":168,"2":50,"3":17,"4":12,"5":48,"6":48,"7":13,"8":5,"9":7,"10":1,"11":2,"12":8,"13":6,"14":3,"15":2},"b":{"0":[50,0],"1":[50,0],"2":[20,997],"3":[2,18],"4":[20,11,10],"5":[85,912],"6":[997,86],"7":[3,9],"8":[12,9],"9":[1,8],"10":[9,0],"11":[8,1],"12":[9,0],"13":[9,0],"14":[8,1],"15":[8,0],"16":[8,0],"17":[8,0],"18":[8,0],"19":[7,1],"20":[1,12],"21":[13,12],"22":[4,8],"23":[2,2],"24":[1,1],"25":[1,0],"26":[2,6],"27":[1,1],"28":[1,0],"29":[4,2],"30":[6,5,4,2,2],"31":[1,1],"32":[2,3],"33":[3,0],"34":[2,0],"35":[2,0],"36":[8,3],"37":[1,2]},"meta":{"lastBranch":38,"lastFunction":16,"lastStatement":87,"seen":{"s:31:66:59:Infinity":0,"s:62:33:62:38":1,"s:68:59:77:Infinity":2,"s:82:68:89:Infinity":3,"f:98:9:98:24":0,"s:99:2:99:Infinity":4,"f:99:27:99:28":1,"s:99:34:99:53":5,"f:109:9:109:16":2,"s:110:2:110:Infinity":6,"b:110:21:110:36:110:40:110:42":0,"b:110:21:110:30:110:34:110:36":1,"f:121:9:121:21":3,"s:122:27:122:29":7,"s:123:16:123:18":8,"s:124:17:124:22":9,"s:126:2:142:Infinity":10,"s:126:15:126:16":11,"s:127:15:127:23":12,"b:128:4:141:Infinity:136:11:141:Infinity":2,"s:128:4:141:Infinity":13,"b:129:6:135:Infinity:133:13:135:Infinity":3,"s:129:6:135:Infinity":14,"b:129:10:129:18:129:22:129:41:129:45:129:64":4,"s:131:8:131:Infinity":15,"s:132:8:132:12":16,"s:134:8:134:Infinity":17,"b:136:11:141:Infinity:139:11:141:Infinity":5,"s:136:11:141:Infinity":18,"b:136:15:136:25:136:29:136:38":6,"s:137:6:137:Infinity":19,"s:138:6:138:Infinity":20,"s:140:6:140:Infinity":21,"s:143:2:143:Infinity":22,"s:144:2:144:Infinity":23,"f:155:16:155:33":4,"b:156:2:158:Infinity:undefined:undefined:undefined:undefined":7,"s:156:2:158:Infinity":24,"b:156:6:156:14:156:18:156:45":8,"s:157:4:157:Infinity":25,"s:160:16:160:45":26,"b:161:2:163:Infinity:undefined:undefined:undefined:undefined":9,"s:161:2:163:Infinity":27,"s:162:4:162:Infinity":28,"s:165:18:165:69":29,"f:165:46:165:47":5,"s:165:53:165:68":30,"s:166:17:167:Infinity":31,"f:167:39:167:40":6,"s:167:59:167:99":32,"s:170:40:170:42":33,"s:172:2:189:Infinity":34,"s:172:15:172:16":35,"s:173:17:173:40":36,"s:174:21:174:57":37,"b:174:35:174:50:174:54:174:56":10,"s:175:24:175:65":38,"b:175:42:175:58:175:61:175:65":11,"s:176:20:176:55":39,"b:176:34:176:48:176:52:176:54":12,"s:177:17:177:52":40,"b:177:27:177:48:177:51:177:52":13,"b:179:4:188:Infinity:undefined:undefined:undefined:undefined":14,"s:179:4:188:Infinity":41,"s:180:6:187:Infinity":42,"b:181:33:181:50:181:54:181:56":15,"b:182:35:182:56:182:60:182:62":16,"b:183:35:183:54:183:58:183:60":17,"b:184:37:184:60:184:64:184:66":18,"b:186:46:186:57:186:60:186:64":19,"s:191:2:191:Infinity":43,"f:203:16:203:36":7,"b:204:2:206:Infinity:undefined:undefined:undefined:undefined":20,"s:204:2:206:Infinity":44,"b:204:6:204:20:204:24:204:47":21,"s:205:4:205:Infinity":45,"b:209:2:220:Infinity:undefined:undefined:undefined:undefined":22,"s:209:2:220:Infinity":46,"b:210:4:212:Infinity:undefined:undefined:undefined:undefined":23,"s:210:4:212:Infinity":47,"s:211:6:211:Infinity":48,"b:213:4:215:Infinity:undefined:undefined:undefined:undefined":24,"s:213:4:215:Infinity":49,"s:214:6:214:Infinity":50,"b:216:4:218:Infinity:undefined:undefined:undefined:undefined":25,"s:216:4:218:Infinity":51,"s:217:6:217:Infinity":52,"s:219:4:219:Infinity":53,"b:223:2:231:Infinity:undefined:undefined:undefined:undefined":26,"s:223:2:231:Infinity":54,"b:224:4:226:Infinity:undefined:undefined:undefined:undefined":27,"s:224:4:226:Infinity":55,"s:225:6:225:Infinity":56,"b:227:4:229:Infinity:undefined:undefined:undefined:undefined":28,"s:227:4:229:Infinity":57,"s:228:6:228:Infinity":58,"s:230:4:230:Infinity":59,"b:234:2:242:Infinity:undefined:undefined:undefined:undefined":29,"s:234:2:242:Infinity":60,"b:235:4:235:47:236:4:236:47:237:4:237:50:238:4:238:43:239:4:239:51":30,"s:241:4:241:Infinity":61,"b:245:2:247:Infinity:undefined:undefined:undefined:undefined":31,"s:245:2:247:Infinity":62,"s:246:4:246:Infinity":63,"s:249:2:249:Infinity":64,"f:260:16:260:34":8,"s:263:21:263:63":65,"f:263:39:263:40":9,"s:263:46:263:62":66,"b:264:2:266:Infinity:undefined:undefined:undefined:undefined":32,"s:264:2:266:Infinity":67,"s:265:4:265:Infinity":68,"s:267:2:267:Infinity":69,"f:267:18:267:19":10,"s:267:28:267:43":70,"s:268:2:268:Infinity":71,"b:268:9:268:22:268:26:268:30":33,"f:281:16:281:36":11,"s:286:49:286:51":72,"s:288:49:297:Infinity":73,"s:299:2:310:Infinity":74,"s:300:19:300:49":75,"b:301:4:309:Infinity:undefined:undefined:undefined:undefined":34,"s:301:4:309:Infinity":76,"s:302:6:308:Infinity":77,"b:303:14:303:41:303:45:303:56":35,"s:312:2:317:Infinity":78,"f:328:16:328:39":12,"s:329:16:329:38":79,"s:330:2:330:Infinity":80,"b:330:9:330:32:330:36:330:40":36,"f:339:16:339:31":13,"s:340:2:340:Infinity":81,"f:355:16:355:40":14,"b:356:2:358:Infinity:undefined:undefined:undefined:undefined":37,"s:356:2:358:Infinity":82,"s:357:4:357:Infinity":83,"s:360:15:365:15":84,"f:362:6:362:7":15,"s:363:8:363:128":85,"s:367:2:377:Infinity":86}}}
}
