TN:
SF:scripts/backport-article-seo.js
FN:62,parseArgs
FN:82,(anonymous_1)
FN:100,printHelp
FN:126,listArticleFiles
FN:146,(anonymous_4)
FN:214,decodeEntities
FN:216,(anonymous_6)
FN:220,(anonymous_7)
FN:224,(anonymous_8)
FN:236,encodeAttribute
FN:251,encodeBody
FN:262,encodeJson
FN:274,sliceArticleBody
FN:289,stripTags
FN:300,extractBodyH1
FN:364,extractBodyFirstProse
FN:405,deriveMetadataForFile
FN:546,extractCommitteeCodes
FN:550,(anonymous_18)
FN:580,isTextPlausiblyInLang
FN:622,extractBodySecondProse
FN:651,buildSyntheticMarkdown
FN:671,chooseTitle
FN:695,isGenericBodyH1
FN:729,extractFirstSentence
FN:748,truncateUpto
FN:766,pickLangEntry
FN:782,rewriteHtml
FN:829,replaceNamedMeta
FN:856,replacePropertyMeta
FN:883,rewriteJsonLd
FN:909,readCurrentTitle
FN:925,readCurrentDescription
FN:938,main
FN:947,(anonymous_34)
FN:1016,(anonymous_35)
FNF:36
FNH:29
FNDA:8,parseArgs
FNDA:3,(anonymous_1)
FNDA:0,printHelp
FNDA:1,listArticleFiles
FNDA:1,(anonymous_4)
FNDA:39,decodeEntities
FNDA:1,(anonymous_6)
FNDA:2,(anonymous_7)
FNDA:18,(anonymous_8)
FNDA:18,encodeAttribute
FNDA:6,encodeBody
FNDA:12,encodeJson
FNDA:8,sliceArticleBody
FNDA:33,stripTags
FNDA:6,extractBodyH1
FNDA:9,extractBodyFirstProse
FNDA:5,deriveMetadataForFile
FNDA:10,extractCommitteeCodes
FNDA:0,(anonymous_18)
FNDA:4,isTextPlausiblyInLang
FNDA:8,extractBodySecondProse
FNDA:5,buildSyntheticMarkdown
FNDA:7,chooseTitle
FNDA:28,isGenericBodyH1
FNDA:7,extractFirstSentence
FNDA:18,truncateUpto
FNDA:9,pickLangEntry
FNDA:6,rewriteHtml
FNDA:24,replaceNamedMeta
FNDA:18,replacePropertyMeta
FNDA:6,rewriteJsonLd
FNDA:0,readCurrentTitle
FNDA:0,readCurrentDescription
FNDA:0,main
FNDA:0,(anonymous_34)
FNDA:0,(anonymous_35)
DA:48,1
DA:50,1
DA:53,1
DA:63,8
DA:64,8
DA:65,8
DA:66,8
DA:68,2
DA:69,2
DA:71,1
DA:72,1
DA:74,2
DA:75,2
DA:76,1
DA:77,1
DA:80,2
DA:81,2
DA:82,3
DA:83,1
DA:87,0
DA:88,0
DA:91,1
DA:94,5
DA:101,0
DA:127,1
DA:128,1
DA:129,1
DA:130,5
DA:131,4
DA:132,4
DA:133,3
DA:134,3
DA:135,2
DA:136,2
DA:137,2
DA:146,1
DA:147,1
DA:153,1
DA:215,39
DA:217,1
DA:218,1
DA:221,2
DA:222,2
DA:225,18
DA:226,18
DA:237,18
DA:252,6
DA:263,12
DA:275,8
DA:276,8
DA:277,7
DA:278,7
DA:279,7
DA:290,33
DA:301,6
DA:302,6
DA:321,1
DA:367,9
DA:371,9
DA:373,9
DA:375,9
DA:376,15
DA:377,15
DA:378,14
DA:379,8
DA:381,1
DA:406,5
DA:407,5
DA:408,5
DA:409,5
DA:416,5
DA:418,5
DA:424,5
DA:426,5
DA:435,2
DA:438,2
DA:440,2
DA:442,2
DA:447,2
DA:452,2
DA:454,2
DA:461,3
DA:463,3
DA:466,5
DA:467,5
DA:471,5
DA:478,1
DA:487,1
DA:510,1
DA:532,1
DA:547,10
DA:548,9
DA:549,9
DA:550,0
DA:551,0
DA:553,0
DA:554,0
DA:555,0
DA:556,0
DA:557,0
DA:558,0
DA:560,0
DA:581,4
DA:582,4
DA:583,4
DA:585,4
DA:586,4
DA:588,0
DA:592,4
DA:593,0
DA:594,0
DA:595,0
DA:597,0
DA:605,4
DA:606,4
DA:607,3
DA:608,4
DA:609,2
DA:623,8
DA:627,8
DA:629,8
DA:630,8
DA:632,8
DA:633,12
DA:634,12
DA:635,8
DA:636,8
DA:637,8
DA:639,8
DA:652,5
DA:653,5
DA:654,5
DA:655,5
DA:656,5
DA:672,7
DA:673,2
DA:675,5
DA:676,3
DA:677,3
DA:679,3
DA:696,28
DA:697,20
DA:698,20
DA:706,20
DA:707,88
DA:708,9
DA:716,11
DA:717,4
DA:719,7
DA:730,7
DA:731,7
DA:732,7
DA:733,2
DA:734,2
DA:735,2
DA:749,18
DA:750,18
DA:751,4
DA:752,4
DA:753,4
DA:754,18
DA:767,9
DA:768,9
DA:769,3
DA:770,9
DA:783,6
DA:784,6
DA:785,6
DA:786,6
DA:787,6
DA:789,6
DA:792,6
DA:798,6
DA:799,6
DA:800,6
DA:801,6
DA:804,6
DA:805,6
DA:806,6
DA:809,6
DA:811,6
DA:830,24
DA:831,24
DA:841,24
DA:842,24
DA:843,96
DA:845,24
DA:857,18
DA:858,18
DA:864,18
DA:865,18
DA:866,72
DA:868,18
DA:884,6
DA:885,6
DA:886,6
DA:887,6
DA:888,6
DA:892,6
DA:896,6
DA:910,0
DA:911,0
DA:912,0
DA:913,0
DA:926,0
DA:927,0
DA:939,0
DA:940,0
DA:941,0
DA:942,0
DA:945,0
DA:946,0
DA:947,0
DA:950,0
DA:952,0
DA:954,0
DA:956,0
DA:957,0
DA:958,0
DA:959,0
DA:960,0
DA:961,0
DA:962,0
DA:963,0
DA:964,0
DA:965,0
DA:966,0
DA:967,0
DA:968,0
DA:969,0
DA:970,0
DA:971,0
DA:977,0
DA:979,0
DA:982,0
DA:983,0
DA:987,0
DA:988,0
DA:991,0
DA:992,0
DA:993,0
DA:994,0
DA:995,0
DA:998,0
DA:999,0
DA:1000,0
DA:1001,0
DA:1002,0
DA:1003,0
DA:1007,0
DA:1008,0
DA:1013,1
DA:1014,1
DA:1015,1
DA:1016,0
DA:1017,0
DA:1018,0
LF:257
LH:186
BRDA:66,0,0,2
BRDA:66,0,1,1
BRDA:66,0,2,2
BRDA:66,0,3,2
BRDA:66,0,4,0
BRDA:66,0,5,0
BRDA:66,0,6,1
BRDA:75,1,0,1
BRDA:75,1,1,1
BRDA:81,2,0,1
BRDA:81,2,1,1
BRDA:130,3,0,1
BRDA:130,3,1,4
BRDA:132,4,0,1
BRDA:132,4,1,3
BRDA:132,5,0,4
BRDA:132,5,1,3
BRDA:134,6,0,1
BRDA:134,6,1,2
BRDA:136,7,0,0
BRDA:136,7,1,2
BRDA:146,8,0,0
BRDA:146,8,1,1
BRDA:146,9,0,1
BRDA:146,9,1,0
BRDA:218,10,0,1
BRDA:218,10,1,0
BRDA:222,11,0,2
BRDA:222,11,1,0
BRDA:226,12,0,17
BRDA:226,12,1,1
BRDA:276,13,0,1
BRDA:276,13,1,7
BRDA:278,14,0,0
BRDA:278,14,1,7
BRDA:302,15,0,6
BRDA:302,15,1,0
BRDA:377,16,0,1
BRDA:377,16,1,14
BRDA:378,17,0,6
BRDA:378,17,1,8
BRDA:416,18,0,5
BRDA:416,18,1,5
BRDA:422,19,0,0
BRDA:422,19,1,5
BRDA:426,20,0,2
BRDA:426,20,1,3
BRDA:435,21,0,2
BRDA:435,21,1,2
BRDA:435,21,2,2
BRDA:438,22,0,2
BRDA:438,22,1,2
BRDA:440,23,0,2
BRDA:440,23,1,0
BRDA:442,24,0,1
BRDA:442,24,1,1
BRDA:447,25,0,1
BRDA:447,25,1,1
BRDA:447,26,0,1
BRDA:447,26,1,0
BRDA:447,27,0,0
BRDA:447,27,1,1
BRDA:449,28,0,0
BRDA:449,28,1,1
BRDA:452,29,0,2
BRDA:452,29,1,1
BRDA:463,30,0,3
BRDA:463,30,1,3
BRDA:463,30,2,2
BRDA:463,30,3,1
BRDA:466,31,0,0
BRDA:466,31,1,3
BRDA:466,32,0,5
BRDA:466,32,1,1
BRDA:467,33,0,2
BRDA:467,33,1,1
BRDA:547,34,0,1
BRDA:547,34,1,9
BRDA:549,35,0,9
BRDA:549,35,1,0
BRDA:551,36,0,0
BRDA:551,36,1,0
BRDA:556,37,0,0
BRDA:556,37,1,0
BRDA:581,38,0,0
BRDA:581,38,1,4
BRDA:583,39,0,0
BRDA:583,39,1,4
BRDA:586,40,0,0
BRDA:586,40,1,4
BRDA:592,41,0,0
BRDA:592,41,1,4
BRDA:595,42,0,0
BRDA:595,42,1,0
BRDA:606,43,0,1
BRDA:606,43,1,3
BRDA:608,44,0,1
BRDA:608,44,1,3
BRDA:634,45,0,4
BRDA:634,45,1,8
BRDA:635,46,0,0
BRDA:635,46,1,8
BRDA:637,47,0,2
BRDA:637,47,1,6
BRDA:639,48,0,8
BRDA:639,48,1,6
BRDA:653,49,0,5
BRDA:653,49,1,0
BRDA:655,50,0,4
BRDA:655,50,1,1
BRDA:672,51,0,2
BRDA:672,51,1,5
BRDA:672,52,0,7
BRDA:672,52,1,7
BRDA:675,53,0,3
BRDA:675,53,1,2
BRDA:677,54,0,2
BRDA:677,54,1,1
BRDA:696,55,0,8
BRDA:696,55,1,20
BRDA:707,56,0,9
BRDA:707,56,1,79
BRDA:707,57,0,88
BRDA:707,57,1,80
BRDA:707,57,2,79
BRDA:716,58,0,4
BRDA:716,58,1,7
BRDA:731,59,0,6
BRDA:731,59,1,1
BRDA:732,60,0,5
BRDA:732,60,1,2
BRDA:735,61,0,2
BRDA:735,61,1,0
BRDA:750,62,0,14
BRDA:750,62,1,4
BRDA:753,63,0,4
BRDA:753,63,1,0
BRDA:768,64,0,6
BRDA:768,64,1,3
BRDA:770,65,0,9
BRDA:770,65,1,1
BRDA:886,66,0,0
BRDA:886,66,1,6
BRDA:911,67,0,0
BRDA:911,67,1,0
BRDA:927,68,0,0
BRDA:927,68,1,0
BRDA:938,69,0,0
BRDA:941,70,0,0
BRDA:941,70,1,0
BRDA:946,71,0,0
BRDA:946,71,1,0
BRDA:958,72,0,0
BRDA:958,72,1,0
BRDA:967,73,0,0
BRDA:967,73,1,0
BRDA:970,74,0,0
BRDA:970,74,1,0
BRDA:970,75,0,0
BRDA:970,75,1,0
BRDA:977,76,0,0
BRDA:977,76,1,0
BRDA:983,77,0,0
BRDA:983,77,1,0
BRDA:983,77,2,0
BRDA:987,78,0,0
BRDA:987,78,1,0
BRDA:998,79,0,0
BRDA:998,79,1,0
BRDA:1007,80,0,0
BRDA:1007,80,1,0
BRDA:1007,81,0,0
BRDA:1007,81,1,0
BRDA:1014,82,0,1
BRDA:1014,82,1,0
BRDA:1015,83,0,0
BRDA:1015,83,1,1
BRDA:1017,84,0,0
BRDA:1017,84,1,0
BRDA:1017,84,2,0
BRF:180
BRH:114
end_of_record
TN:
SF:scripts/cache-thresholds.js
FN:66,normaliseSlug
FN:86,loadThresholds
FN:116,filterThresholdsForSlug
FN:167,buildThresholdsCache
FNF:4
FNH:4
FNDA:37,normaliseSlug
FNDA:10,loadThresholds
FNDA:12,filterThresholdsForSlug
FNDA:7,buildThresholdsCache
DA:46,1
DA:49,1
DA:52,1
DA:72,37
DA:87,10
DA:89,10
DA:90,1
DA:93,9
DA:94,9
DA:95,9
DA:117,12
DA:118,12
DA:120,12
DA:122,12
DA:124,12
DA:126,22
DA:127,22
DA:129,10
DA:131,10
DA:132,22
DA:133,40
DA:135,40
DA:140,12
DA:168,7
DA:170,7
DA:173,7
DA:175,7
DA:177,7
DA:181,7
DA:183,7
DA:185,7
DA:196,7
DA:199,7
DA:200,1
DA:201,1
DA:202,1
DA:203,1
DA:210,6
DA:212,6
LF:39
LH:39
BRDA:89,0,0,1
BRDA:89,0,1,9
BRDA:120,1,0,12
BRDA:120,1,1,1
BRDA:122,2,0,12
BRDA:122,2,1,2
BRDA:127,3,0,12
BRDA:127,3,1,10
BRDA:127,4,0,22
BRDA:127,4,1,12
BRDA:131,5,0,10
BRDA:131,5,1,0
BRDA:131,5,2,0
BRDA:133,6,0,40
BRDA:133,6,1,0
BRDA:135,7,0,40
BRDA:135,7,1,40
BRDA:177,8,0,1
BRDA:177,8,1,6
BRDA:199,9,0,1
BRDA:199,9,1,6
BRDA:202,10,0,1
BRDA:202,10,1,0
BRDA:202,11,0,1
BRDA:202,11,1,1
BRF:25
BRH:21
end_of_record
TN:
SF:scripts/check-election-tier.js
FN:41,computeElectionTier
FN:69,shouldDispatchForTier
FN:79,writeOutputs
FNF:3
FNH:3
FNDA:11,computeElectionTier
FNDA:29,shouldDispatchForTier
FNDA:1,writeOutputs
DA:33,1
DA:34,1
DA:42,11
DA:43,11
DA:44,11
DA:45,11
DA:47,11
DA:50,11
DA:51,3
DA:52,8
DA:53,2
DA:54,6
DA:55,2
DA:56,4
DA:57,2
DA:60,2
DA:63,11
DA:70,29
DA:71,22
DA:72,15
DA:73,8
DA:80,1
DA:81,1
DA:82,1
DA:83,1
DA:84,1
DA:86,1
DA:87,1
DA:88,1
DA:89,1
DA:93,1
DA:94,1
DA:95,1
DA:96,1
DA:97,1
DA:100,0
DA:101,0
LF:37
LH:35
BRDA:42,0,0,11
BRDA:42,0,1,1
BRDA:47,1,0,9
BRDA:47,1,1,2
BRDA:50,2,0,3
BRDA:50,2,1,8
BRDA:52,3,0,2
BRDA:52,3,1,6
BRDA:54,4,0,2
BRDA:54,4,1,4
BRDA:56,5,0,2
BRDA:56,5,1,2
BRDA:70,6,0,7
BRDA:70,6,1,22
BRDA:71,7,0,7
BRDA:71,7,1,15
BRDA:71,8,0,7
BRDA:71,8,1,6
BRDA:72,9,0,7
BRDA:72,9,1,8
BRDA:81,10,0,1
BRDA:81,10,1,0
BRF:22
BRH:21
end_of_record
TN:
SF:scripts/discover-untranslated-briefs.js
FN:112,(anonymous_0)
FN:128,parseArgs
FN:200,printHelp
FN:218,findExecutiveBriefSources
FN:273,findMissingLangs
FN:315,extractH2Titles
FN:335,countFixedTokens
FN:356,buildQueue
FN:405,(anonymous_8)
FN:412,(anonymous_9)
FN:445,(anonymous_10)
FN:451,(anonymous_11)
FN:458,(anonymous_12)
FN:460,(anonymous_13)
FN:492,main
FNF:15
FNH:14
FNDA:42,(anonymous_0)
FNDA:11,parseArgs
FNDA:0,printHelp
FNDA:22,findExecutiveBriefSources
FNDA:40,findMissingLangs
FNDA:35,extractH2Titles
FNDA:35,countFixedTokens
FNDA:18,buildQueue
FNDA:21,(anonymous_8)
FNDA:17,(anonymous_9)
FNDA:19,(anonymous_10)
FNDA:27,(anonymous_11)
FNDA:533,(anonymous_12)
FNDA:45,(anonymous_13)
FNDA:1,main
DA:112,42
DA:115,3
DA:118,3
DA:129,11
DA:138,11
DA:139,18
DA:140,18
DA:142,2
DA:143,2
DA:144,2
DA:146,4
DA:147,4
DA:148,4
DA:150,2
DA:151,2
DA:152,2
DA:154,2
DA:155,2
DA:156,2
DA:158,1
DA:159,1
DA:161,2
DA:162,2
DA:163,2
DA:165,4
DA:166,4
DA:167,4
DA:170,0
DA:171,0
DA:172,0
DA:174,1
DA:175,1
DA:179,10
DA:184,2
DA:186,8
DA:187,1
DA:189,7
DA:190,1
DA:194,6
DA:195,3
DA:197,3
DA:201,0
DA:219,22
DA:220,22
DA:222,21
DA:223,21
DA:225,21
DA:226,33
DA:227,33
DA:228,33
DA:229,32
DA:230,32
DA:232,31
DA:233,31
DA:234,41
DA:235,41
DA:237,41
DA:239,40
DA:240,40
DA:241,40
DA:249,40
DA:250,2
DA:251,2
DA:252,2
DA:263,21
DA:274,40
DA:275,40
DA:276,40
DA:277,520
DA:278,520
DA:280,40
DA:292,3
DA:316,35
DA:317,34
DA:318,34
DA:319,34
DA:320,34
DA:321,4881
DA:322,4881
DA:324,34
DA:336,35
DA:337,35
DA:338,35
DA:339,35
DA:340,245
DA:341,245
DA:342,245
DA:343,245
DA:345,35
DA:358,18
DA:365,18
DA:366,1
DA:371,17
DA:372,17
DA:373,17
DA:374,17
DA:375,37
DA:376,37
DA:377,33
DA:378,33
DA:379,406
DA:389,33
DA:390,33
DA:391,33
DA:405,17
DA:406,21
DA:407,7
DA:408,3
DA:409,1
DA:410,0
DA:412,17
DA:413,17
DA:416,6
DA:417,3
DA:418,1
DA:419,0
DA:423,17
DA:424,1
DA:425,16
DA:426,1
DA:429,15
DA:430,15
DA:431,15
DA:436,5
DA:437,5
DA:439,10
DA:440,10
DA:443,10
DA:445,19
DA:448,10
DA:451,27
DA:457,17
DA:458,533
DA:460,45
DA:466,17
DA:467,17
DA:468,17
DA:469,33
DA:470,33
DA:473,17
DA:493,1
DA:494,1
DA:498,1
DA:503,1
DA:515,1
DA:516,1
DA:517,1
DA:518,1
DA:520,0
DA:522,1
LF:150
LH:143
BRDA:140,0,0,2
BRDA:140,0,1,4
BRDA:140,0,2,2
BRDA:140,0,3,2
BRDA:140,0,4,1
BRDA:140,0,5,2
BRDA:140,0,6,4
BRDA:140,0,7,0
BRDA:140,0,8,0
BRDA:140,0,9,1
BRDA:174,1,0,1
BRDA:174,1,1,0
BRDA:179,2,0,2
BRDA:179,2,1,8
BRDA:180,3,0,10
BRDA:180,3,1,10
BRDA:180,3,2,9
BRDA:186,4,0,1
BRDA:186,4,1,7
BRDA:186,5,0,8
BRDA:186,5,1,8
BRDA:189,6,0,1
BRDA:189,6,1,6
BRDA:194,7,0,3
BRDA:194,7,1,3
BRDA:194,8,0,6
BRDA:194,8,1,4
BRDA:220,9,0,1
BRDA:220,9,1,21
BRDA:226,10,0,0
BRDA:226,10,1,33
BRDA:228,11,0,1
BRDA:228,11,1,32
BRDA:230,12,0,1
BRDA:230,12,1,31
BRDA:230,13,0,32
BRDA:230,13,1,32
BRDA:234,14,0,0
BRDA:234,14,1,41
BRDA:237,15,0,1
BRDA:237,15,1,40
BRDA:240,16,0,40
BRDA:240,16,1,0
BRDA:249,17,0,2
BRDA:249,17,1,38
BRDA:251,18,0,2
BRDA:251,18,1,0
BRDA:278,19,0,429
BRDA:278,19,1,91
BRDA:316,20,0,1
BRDA:316,20,1,34
BRDA:322,21,0,6
BRDA:322,21,1,4875
BRDA:336,22,0,0
BRDA:336,22,1,35
BRDA:343,23,0,9
BRDA:343,23,1,236
BRDA:358,24,0,9
BRDA:358,24,1,9
BRDA:362,25,0,9
BRDA:362,25,1,0
BRDA:363,26,0,4
BRDA:363,26,1,5
BRDA:365,27,0,1
BRDA:365,27,1,17
BRDA:376,28,0,4
BRDA:376,28,1,33
BRDA:379,29,0,406
BRDA:379,29,1,193
BRDA:406,30,0,14
BRDA:406,30,1,7
BRDA:406,31,0,0
BRDA:406,31,1,14
BRDA:407,32,0,4
BRDA:407,32,1,3
BRDA:408,33,0,2
BRDA:408,33,1,1
BRDA:408,34,0,0
BRDA:408,34,1,2
BRDA:409,35,0,1
BRDA:409,35,1,0
BRDA:409,36,0,1
BRDA:409,36,1,0
BRDA:413,37,0,11
BRDA:413,37,1,6
BRDA:413,38,0,0
BRDA:413,38,1,11
BRDA:416,39,0,3
BRDA:416,39,1,3
BRDA:417,40,0,2
BRDA:417,40,1,1
BRDA:417,41,0,0
BRDA:417,41,1,2
BRDA:418,42,0,1
BRDA:418,42,1,0
BRDA:418,43,0,1
BRDA:418,43,1,0
BRDA:423,44,0,1
BRDA:423,44,1,16
BRDA:425,45,0,1
BRDA:425,45,1,15
BRDA:431,46,0,5
BRDA:431,46,1,10
BRDA:436,47,0,4
BRDA:436,47,1,1
BRDA:440,48,0,8
BRDA:440,48,1,2
BRDA:458,49,0,533
BRDA:458,49,1,507
BRDA:458,50,0,259
BRDA:458,50,1,248
BRDA:469,51,0,26
BRDA:469,51,1,7
BRDA:469,52,0,33
BRDA:469,52,1,18
BRDA:470,53,0,15
BRDA:470,53,1,18
BRDA:470,54,0,33
BRDA:470,54,1,18
BRDA:516,55,0,1
BRDA:516,55,1,0
BRF:121
BRH:103
end_of_record
TN:
SF:scripts/extend-artifacts.js
FN:68,resolveArtifactPath
FN:118,extendArtifact
FN:251,extendArtifacts
FN:262,(anonymous_3)
FN:263,(anonymous_4)
FN:264,(anonymous_5)
FNF:6
FNH:6
FNDA:34,resolveArtifactPath
FNDA:30,extendArtifact
FNDA:7,extendArtifacts
FNDA:11,(anonymous_3)
FNDA:11,(anonymous_4)
FNDA:11,(anonymous_5)
DA:69,34
DA:72,34
DA:73,2
DA:76,32
DA:78,8
DA:81,8
DA:82,7
DA:83,7
DA:84,7
DA:85,3
DA:89,5
DA:119,30
DA:120,2
DA:133,28
DA:134,28
DA:136,2
DA:147,26
DA:148,30
DA:151,30
DA:152,30
DA:153,1
DA:166,25
DA:167,25
DA:169,25
DA:170,8
DA:171,8
DA:173,8
DA:174,2
DA:189,23
DA:191,3
DA:192,3
DA:193,20
DA:194,17
DA:197,3
DA:198,3
DA:201,23
DA:202,23
DA:204,23
DA:205,19
DA:206,19
DA:207,19
DA:209,0
DA:222,23
DA:252,7
DA:253,1
DA:262,11
DA:263,11
DA:264,11
DA:266,6
LF:49
LH:48
BRDA:69,0,0,34
BRDA:69,0,1,25
BRDA:72,1,0,2
BRDA:72,1,1,32
BRDA:72,2,0,34
BRDA:72,2,1,9
BRDA:76,3,0,24
BRDA:76,3,1,8
BRDA:81,4,0,7
BRDA:81,4,1,1
BRDA:84,5,0,3
BRDA:84,5,1,4
BRDA:84,6,0,7
BRDA:84,6,1,3
BRDA:118,7,0,30
BRDA:119,8,0,2
BRDA:119,8,1,28
BRDA:119,9,0,30
BRDA:119,9,1,30
BRDA:119,9,2,29
BRDA:121,10,0,2
BRDA:121,10,1,1
BRDA:139,11,0,2
BRDA:139,11,1,2
BRDA:144,12,0,2
BRDA:144,12,1,0
BRDA:147,13,0,26
BRDA:147,13,1,18
BRDA:148,14,0,30
BRDA:148,14,1,23
BRDA:152,15,0,1
BRDA:152,15,1,29
BRDA:169,16,0,8
BRDA:169,16,1,17
BRDA:173,17,0,2
BRDA:173,17,1,6
BRDA:173,18,0,8
BRDA:173,18,1,3
BRDA:189,19,0,3
BRDA:189,19,1,20
BRDA:191,20,0,3
BRDA:191,20,1,3
BRDA:191,20,2,2
BRDA:192,21,0,1
BRDA:192,21,1,2
BRDA:193,22,0,17
BRDA:193,22,1,3
BRDA:193,23,0,20
BRDA:193,23,1,18
BRDA:197,24,0,3
BRDA:197,24,1,3
BRDA:198,25,0,1
BRDA:198,25,1,2
BRDA:204,26,0,19
BRDA:204,26,1,4
BRDA:251,27,0,7
BRDA:252,28,0,1
BRDA:252,28,1,6
BRF:58
BRH:57
end_of_record
TN:
SF:scripts/imf-fallback-ladder.js
FN:84,computeImfPeriodWindow
FN:110,fetchJson
FN:115,(anonymous_2)
FN:157,tryImfSdmx
FN:193,_extractSdmxObservations
FN:210,(anonymous_5)
FN:211,(anonymous_6)
FN:215,(anonymous_7)
FN:216,(anonymous_8)
FN:242,(anonymous_9)
FN:276,tryImfDataMapper
FN:324,tryWorldBank
FN:352,(anonymous_12)
FN:382,tryCache
FN:412,buildEconomicContextPayload
FN:467,runFallbackLadder
FN:474,(anonymous_16)
FN:484,(anonymous_17)
FN:494,(anonymous_18)
FN:504,(anonymous_19)
FNF:20
FNH:17
FNDA:23,computeImfPeriodWindow
FNDA:36,fetchJson
FNDA:0,(anonymous_2)
FNDA:9,tryImfSdmx
FNDA:4,_extractSdmxObservations
FNDA:2,(anonymous_5)
FNDA:0,(anonymous_6)
FNDA:1,(anonymous_7)
FNDA:0,(anonymous_8)
FNDA:4,(anonymous_9)
FNDA:11,tryImfDataMapper
FNDA:8,tryWorldBank
FNDA:10,(anonymous_12)
FNDA:7,tryCache
FNDA:7,buildEconomicContextPayload
FNDA:4,runFallbackLadder
FNDA:4,(anonymous_16)
FNDA:4,(anonymous_17)
FNDA:2,(anonymous_18)
FNDA:2,(anonymous_19)
DA:48,1
DA:51,1
DA:54,1
DA:57,1
DA:64,1
DA:70,1
DA:73,1
DA:85,23
DA:86,23
DA:87,23
DA:88,23
DA:89,115
DA:90,23
DA:94,1
DA:97,1
DA:111,36
DA:112,36
DA:114,36
DA:115,36
DA:117,36
DA:118,36
DA:127,23
DA:128,2
DA:131,21
DA:132,21
DA:133,21
DA:134,21
DA:136,1
DA:138,21
DA:140,13
DA:141,13
DA:143,36
DA:158,9
DA:159,9
DA:160,9
DA:161,9
DA:164,9
DA:165,9
DA:166,9
DA:167,9
DA:168,0
DA:169,9
DA:170,0
DA:173,9
DA:175,9
DA:176,5
DA:179,4
DA:180,4
DA:181,3
DA:184,1
DA:194,4
DA:196,4
DA:198,4
DA:199,4
DA:201,2
DA:202,4
DA:203,4
DA:206,4
DA:207,4
DA:210,4
DA:211,0
DA:212,4
DA:215,4
DA:216,0
DA:217,4
DA:219,4
DA:221,1
DA:222,1
DA:223,0
DA:224,0
DA:225,0
DA:226,0
DA:228,0
DA:229,0
DA:231,0
DA:232,0
DA:233,0
DA:238,1
DA:239,1
DA:240,2
DA:242,4
DA:243,2
DA:246,2
DA:248,2
DA:249,2
DA:250,4
DA:251,4
DA:252,4
DA:254,4
DA:255,4
DA:256,4
DA:262,2
DA:277,11
DA:278,11
DA:279,11
DA:280,11
DA:282,11
DA:284,11
DA:285,5
DA:288,6
DA:289,6
DA:291,11
DA:292,2
DA:295,4
DA:296,4
DA:297,20
DA:298,20
DA:299,7
DA:300,7
DA:301,6
DA:306,4
DA:307,1
DA:310,3
DA:325,8
DA:326,8
DA:328,8
DA:329,8
DA:331,8
DA:332,16
DA:333,16
DA:335,16
DA:336,16
DA:338,8
DA:339,16
DA:341,16
DA:342,10
DA:343,10
DA:344,10
DA:345,10
DA:346,10
DA:350,8
DA:351,8
DA:352,10
DA:353,4
DA:356,8
DA:357,4
DA:358,4
DA:362,8
DA:363,6
DA:366,2
DA:383,7
DA:384,3
DA:387,4
DA:388,4
DA:389,4
DA:390,4
DA:391,7
DA:392,0
DA:394,3
DA:396,1
DA:414,7
DA:420,7
DA:421,7
DA:424,7
DA:425,7
DA:426,7
DA:427,8
DA:431,7
DA:468,4
DA:470,4
DA:475,4
DA:485,4
DA:495,2
DA:504,2
DA:508,4
DA:510,12
DA:511,12
DA:513,0
DA:514,0
DA:517,12
DA:518,3
DA:519,3
DA:521,3
DA:522,2
DA:523,2
DA:526,3
DA:530,3
DA:538,9
DA:541,1
LF:179
LH:163
BRDA:85,0,0,23
BRDA:85,0,1,19
BRDA:110,1,0,36
BRDA:111,2,0,36
BRDA:111,2,1,0
BRDA:112,3,0,36
BRDA:112,3,1,36
BRDA:127,4,0,2
BRDA:127,4,1,21
BRDA:140,5,0,13
BRDA:140,5,1,13
BRDA:141,6,0,1
BRDA:141,6,1,12
BRDA:157,7,0,9
BRDA:158,8,0,9
BRDA:158,8,1,7
BRDA:167,9,0,0
BRDA:167,9,1,9
BRDA:169,10,0,0
BRDA:169,10,1,9
BRDA:175,11,0,5
BRDA:175,11,1,4
BRDA:175,12,0,9
BRDA:175,12,1,4
BRDA:180,13,0,3
BRDA:180,13,1,1
BRDA:180,14,0,4
BRDA:180,14,1,1
BRDA:194,15,0,0
BRDA:194,15,1,4
BRDA:194,16,0,4
BRDA:194,16,1,4
BRDA:199,17,0,2
BRDA:199,17,1,2
BRDA:201,18,0,2
BRDA:201,18,1,0
BRDA:203,19,0,4
BRDA:203,19,1,0
BRDA:206,20,0,1
BRDA:206,20,1,1
BRDA:207,21,0,2
BRDA:207,21,1,0
BRDA:210,22,0,4
BRDA:210,22,1,1
BRDA:212,23,0,4
BRDA:212,23,1,1
BRDA:215,24,0,4
BRDA:215,24,1,1
BRDA:217,25,0,4
BRDA:217,25,1,1
BRDA:221,26,0,1
BRDA:221,26,1,1
BRDA:224,27,0,0
BRDA:224,27,1,0
BRDA:225,28,0,0
BRDA:225,28,1,0
BRDA:226,29,0,0
BRDA:226,29,1,0
BRDA:228,30,0,0
BRDA:228,30,1,0
BRDA:229,31,0,0
BRDA:229,31,1,0
BRDA:231,32,0,0
BRDA:231,32,1,0
BRDA:232,33,0,0
BRDA:232,33,1,0
BRDA:238,34,0,1
BRDA:238,34,1,0
BRDA:243,35,0,2
BRDA:243,35,1,0
BRDA:244,36,0,2
BRDA:244,36,1,0
BRDA:245,37,0,0
BRDA:245,37,1,0
BRDA:246,38,0,2
BRDA:246,38,1,0
BRDA:248,39,0,2
BRDA:248,39,1,0
BRDA:251,40,0,4
BRDA:251,40,1,0
BRDA:252,41,0,4
BRDA:252,41,1,0
BRDA:254,42,0,4
BRDA:254,42,1,0
BRDA:255,43,0,2
BRDA:255,43,1,2
BRDA:262,44,0,1
BRDA:262,44,1,1
BRDA:276,45,0,11
BRDA:277,46,0,11
BRDA:277,46,1,10
BRDA:284,47,0,5
BRDA:284,47,1,6
BRDA:284,48,0,11
BRDA:284,48,1,7
BRDA:291,49,0,2
BRDA:291,49,1,9
BRDA:291,50,0,11
BRDA:291,50,1,4
BRDA:298,51,0,7
BRDA:298,51,1,13
BRDA:298,52,0,20
BRDA:298,52,1,7
BRDA:300,53,0,6
BRDA:300,53,1,1
BRDA:300,54,0,7
BRDA:300,54,1,6
BRDA:306,55,0,1
BRDA:306,55,1,3
BRDA:324,56,0,8
BRDA:325,57,0,8
BRDA:325,57,1,8
BRDA:326,58,0,8
BRDA:326,58,1,2
BRDA:336,59,0,8
BRDA:336,59,1,8
BRDA:336,60,0,16
BRDA:336,60,1,10
BRDA:338,61,0,8
BRDA:338,61,1,2
BRDA:344,62,0,10
BRDA:344,62,1,0
BRDA:344,63,0,10
BRDA:344,63,1,10
BRDA:345,64,0,4
BRDA:345,64,1,6
BRDA:356,65,0,4
BRDA:356,65,1,4
BRDA:362,66,0,6
BRDA:362,66,1,2
BRDA:383,67,0,3
BRDA:383,67,1,4
BRDA:383,68,0,7
BRDA:383,68,1,5
BRDA:390,69,0,4
BRDA:390,69,1,1
BRDA:391,70,0,0
BRDA:391,70,1,7
BRDA:391,71,0,7
BRDA:391,71,1,3
BRDA:420,72,0,7
BRDA:420,72,1,0
BRDA:421,73,0,2
BRDA:421,73,1,5
BRDA:421,74,0,2
BRDA:421,74,1,3
BRDA:421,75,0,1
BRDA:421,75,1,2
BRDA:425,76,0,7
BRDA:425,76,1,0
BRDA:425,77,0,7
BRDA:425,77,1,7
BRDA:467,78,0,4
BRDA:468,79,0,4
BRDA:504,80,0,2
BRDA:504,80,1,1
BRDA:517,81,0,3
BRDA:517,81,1,9
BRDA:521,82,0,2
BRDA:521,82,1,1
BRDA:534,83,0,1
BRDA:534,83,1,2
BRF:162
BRH:127
end_of_record
TN:
SF:scripts/lint-src-todos.js
FN:62,walk
FN:73,findOffenders
FN:102,main
FNF:3
FNH:1
FNDA:0,walk
FNDA:9,findOffenders
FNDA:0,main
DA:50,1
DA:54,1
DA:60,1
DA:63,0
DA:64,0
DA:65,0
DA:66,0
DA:67,0
DA:68,0
DA:70,0
DA:74,9
DA:75,9
DA:76,9
DA:77,9
DA:78,9
DA:79,9
DA:80,9
DA:81,29
DA:83,29
DA:85,29
DA:86,7
DA:87,7
DA:88,7
DA:89,5
DA:99,9
DA:103,0
DA:104,0
DA:105,0
DA:106,0
DA:108,0
DA:111,0
DA:112,0
DA:114,0
DA:117,0
DA:121,1
DA:122,1
DA:123,0
LF:37
LH:20
BRDA:67,0,0,0
BRDA:67,0,1,0
BRDA:68,1,0,0
BRDA:68,1,1,0
BRDA:73,2,0,9
BRDA:77,3,0,0
BRDA:77,3,1,9
BRDA:88,4,0,5
BRDA:88,4,1,2
BRDA:104,5,0,0
BRDA:104,5,1,0
BRDA:122,6,0,0
BRDA:122,6,1,1
BRF:13
BRH:5
end_of_record
TN:
SF:scripts/minify-assets.js
FN:47,fmt
FN:53,errorMessage
FN:58,pool
FN:61,worker
FN:113,(anonymous_4)
FN:114,(anonymous_5)
FN:120,(anonymous_6)
FN:121,(anonymous_7)
FN:131,(anonymous_8)
FN:131,(anonymous_9)
FN:169,collectJs
FN:191,(anonymous_11)
FN:191,(anonymous_12)
FNF:13
FNH:0
FNDA:0,fmt
FNDA:0,errorMessage
FNDA:0,pool
FNDA:0,worker
FNDA:0,(anonymous_4)
FNDA:0,(anonymous_5)
FNDA:0,(anonymous_6)
FNDA:0,(anonymous_7)
FNDA:0,(anonymous_8)
FNDA:0,(anonymous_9)
FNDA:0,collectJs
FNDA:0,(anonymous_11)
FNDA:0,(anonymous_12)
DA:40,0
DA:41,0
DA:43,0
DA:48,0
DA:49,0
DA:50,0
DA:54,0
DA:59,0
DA:60,0
DA:62,0
DA:63,0
DA:64,0
DA:67,0
DA:68,0
DA:69,0
DA:72,0
DA:73,0
DA:74,0
DA:75,0
DA:79,0
DA:81,0
DA:82,0
DA:83,0
DA:84,0
DA:85,0
DA:86,0
DA:88,0
DA:89,0
DA:90,0
DA:91,0
DA:92,0
DA:93,0
DA:99,0
DA:112,0
DA:113,0
DA:114,0
DA:116,0
DA:117,0
DA:118,0
DA:119,0
DA:120,0
DA:121,0
DA:126,0
DA:127,0
DA:128,0
DA:129,0
DA:131,0
DA:132,0
DA:133,0
DA:134,0
DA:135,0
DA:136,0
DA:137,0
DA:138,0
DA:140,0
DA:141,0
DA:145,0
DA:146,0
DA:147,0
DA:148,0
DA:149,0
DA:150,0
DA:151,0
DA:153,0
DA:156,0
DA:157,0
DA:158,0
DA:159,0
DA:160,0
DA:167,0
DA:168,0
DA:170,0
DA:171,0
DA:172,0
DA:173,0
DA:174,0
DA:175,0
DA:178,0
DA:185,0
DA:187,0
DA:188,0
DA:189,0
DA:191,0
DA:192,0
DA:193,0
DA:194,0
DA:195,0
DA:202,0
DA:203,0
DA:204,0
DA:205,0
DA:208,0
DA:209,0
DA:211,0
DA:212,0
DA:216,0
DA:217,0
DA:218,0
DA:219,0
DA:220,0
DA:221,0
DA:222,0
DA:224,0
DA:227,0
DA:228,0
DA:229,0
DA:230,0
DA:231,0
DA:238,0
DA:240,0
DA:241,0
DA:250,0
DA:251,0
DA:252,0
LF:114
LH:0
BRDA:49,0,0,0
BRDA:49,0,1,0
BRDA:54,1,0,0
BRDA:54,1,1,0
BRDA:84,2,0,0
BRDA:84,2,1,0
BRDA:84,3,0,0
BRDA:84,3,1,0
BRDA:89,4,0,0
BRDA:89,4,1,0
BRDA:93,5,0,0
BRDA:93,5,1,0
BRDA:148,6,0,0
BRDA:148,6,1,0
BRDA:151,7,0,0
BRDA:151,7,1,0
BRDA:162,8,0,0
BRDA:162,8,1,0
BRDA:173,9,0,0
BRDA:173,9,1,0
BRDA:175,10,0,0
BRDA:175,10,1,0
BRDA:175,11,0,0
BRDA:175,11,1,0
BRDA:202,12,0,0
BRDA:202,12,1,0
BRDA:219,13,0,0
BRDA:219,13,1,0
BRDA:222,14,0,0
BRDA:222,14,1,0
BRDA:233,15,0,0
BRDA:233,15,1,0
BRDA:240,16,0,0
BRDA:240,16,1,0
BRDA:244,17,0,0
BRDA:244,17,1,0
BRDA:250,18,0,0
BRDA:250,18,1,0
BRF:38
BRH:0
end_of_record
TN:
SF:scripts/optimize-css.js
FNF:0
FNH:0
DA:26,0
DA:27,0
DA:28,0
DA:30,0
DA:31,0
DA:32,0
DA:34,0
DA:39,0
DA:41,0
DA:50,0
DA:51,0
DA:52,0
DA:55,0
DA:56,0
DA:58,0
DA:59,0
DA:60,0
DA:62,0
DA:70,0
DA:71,0
DA:72,0
DA:78,0
DA:79,0
LF:23
LH:0
BRDA:50,0,0,0
BRDA:50,0,1,0
BRDA:50,1,0,0
BRDA:50,1,1,0
BRDA:64,2,0,0
BRDA:64,2,1,0
BRDA:71,3,0,0
BRDA:71,3,1,0
BRF:8
BRH:0
end_of_record
TN:
SF:scripts/scrape-doceo-votes.js
FN:70,buildDoceoUrl
FN:84,decodeXmlEntities
FN:92,(anonymous_2)
FN:99,(anonymous_3)
FN:117,extractTagContents
FN:160,extractAttr
FN:191,parseDoceoXml
FN:262,_extractGroupTotal
FN:281,_extractMemberNames
FN:304,sleep
FN:305,(anonymous_10)
FN:318,fetchWithRetry
FN:383,scrapeDoceoVotes
FNF:13
FNH:12
FNDA:8,buildDoceoUrl
FNDA:67,decodeXmlEntities
FNDA:1,(anonymous_2)
FNDA:0,(anonymous_3)
FNDA:116,extractTagContents
FNDA:174,extractAttr
FNDA:19,parseDoceoXml
FNDA:87,_extractGroupTotal
FNDA:87,_extractMemberNames
FNDA:11,sleep
FNDA:11,(anonymous_10)
FNDA:10,fetchWithRetry
FNDA:6,scrapeDoceoVotes
DA:47,1
DA:50,1
DA:53,1
DA:54,1
DA:57,1
DA:71,8
DA:85,67
DA:86,67
DA:93,1
DA:94,1
DA:95,1
DA:97,0
DA:100,0
DA:101,0
DA:102,0
DA:104,0
DA:118,116
DA:119,116
DA:120,116
DA:121,116
DA:123,116
DA:124,183
DA:125,183
DA:128,67
DA:129,67
DA:132,67
DA:133,0
DA:134,0
DA:137,67
DA:138,67
DA:139,67
DA:140,0
DA:141,0
DA:144,67
DA:145,67
DA:148,116
DA:163,174
DA:165,174
DA:166,174
DA:167,174
DA:168,174
DA:192,19
DA:193,19
DA:200,19
DA:201,19
DA:204,19
DA:205,19
DA:206,30
DA:208,30
DA:209,30
DA:211,29
DA:214,29
DA:215,29
DA:217,29
DA:218,29
DA:219,29
DA:222,29
DA:223,29
DA:226,30
DA:227,30
DA:228,30
DA:231,30
DA:232,30
DA:233,30
DA:235,30
DA:249,30
DA:252,19
DA:263,87
DA:264,87
DA:265,87
DA:266,87
DA:267,87
DA:268,87
DA:269,87
DA:270,87
DA:271,87
DA:282,87
DA:283,87
DA:285,87
DA:286,87
DA:287,87
DA:288,87
DA:290,87
DA:291,87
DA:305,11
DA:319,10
DA:320,10
DA:321,10
DA:323,10
DA:325,10
DA:326,17
DA:327,7
DA:328,7
DA:331,17
DA:332,17
DA:340,8
DA:341,2
DA:344,6
DA:345,6
DA:346,6
DA:350,0
DA:352,9
DA:356,2
DA:392,6
DA:394,6
DA:396,6
DA:397,6
DA:398,1
DA:402,6
DA:403,6
DA:405,1
DA:415,5
DA:416,1
DA:426,4
DA:428,6
DA:430,6
DA:440,6
DA:441,3
DA:442,3
DA:446,4
DA:448,4
LF:121
LH:111
BRDA:70,0,0,8
BRDA:85,1,0,0
BRDA:85,1,1,67
BRDA:94,2,0,1
BRDA:94,2,1,0
BRDA:94,3,0,1
BRDA:94,3,1,1
BRDA:94,3,2,1
BRDA:94,3,3,0
BRDA:101,4,0,0
BRDA:101,4,1,0
BRDA:101,5,0,0
BRDA:101,5,1,0
BRDA:101,5,2,0
BRDA:101,5,3,0
BRDA:125,6,0,116
BRDA:125,6,1,67
BRDA:129,7,0,0
BRDA:129,7,1,67
BRDA:132,8,0,0
BRDA:132,8,1,67
BRDA:139,9,0,0
BRDA:139,9,1,67
BRDA:167,10,0,0
BRDA:167,10,1,174
BRDA:168,11,0,174
BRDA:168,11,1,5
BRDA:168,11,2,0
BRDA:209,12,0,1
BRDA:209,12,1,29
BRDA:223,13,0,29
BRDA:223,13,1,0
BRDA:265,14,0,0
BRDA:265,14,1,87
BRDA:267,15,0,0
BRDA:267,15,1,87
BRDA:271,16,0,0
BRDA:271,16,1,87
BRDA:286,17,0,0
BRDA:286,17,1,87
BRDA:288,18,0,0
BRDA:288,18,1,87
BRDA:318,19,0,10
BRDA:319,20,0,10
BRDA:319,20,1,6
BRDA:320,21,0,10
BRDA:320,21,1,5
BRDA:321,22,0,10
BRDA:321,22,1,0
BRDA:326,23,0,7
BRDA:326,23,1,10
BRDA:340,24,0,2
BRDA:340,24,1,6
BRDA:344,25,0,6
BRDA:344,25,1,0
BRDA:356,26,0,2
BRDA:356,26,1,0
BRDA:387,27,0,6
BRDA:388,28,0,6
BRDA:390,29,0,6
BRDA:397,30,0,1
BRDA:397,30,1,5
BRDA:415,31,0,1
BRDA:415,31,1,4
BRDA:426,32,0,4
BRDA:426,32,1,0
BRDA:440,33,0,3
BRDA:440,33,1,3
BRDA:451,34,0,1
BRDA:451,34,1,3
BRF:70
BRH:46
end_of_record
TN:
SF:scripts/validate-brief-translations.js
FN:143,(anonymous_0)
FN:176,countGlobal
FN:192,countHeadings
FN:198,countMermaidBlocks
FN:211,extractH2Titles
FN:240,detectLikelyDroppedH2s
FN:256,(anonymous_6)
FN:257,(anonymous_7)
FN:276,countMatches
FN:291,shellQuote
FN:306,aggregateByKey
FN:330,parseArgs
FN:379,findAllTranslations
FN:405,validateTranslation
FN:533,(anonymous_14)
FN:537,(anonymous_15)
FN:580,expandPathGlobs
FN:595,runValidation
FN:616,main
FNF:19
FNH:19
FNDA:14,(anonymous_0)
FNDA:114,countGlobal
FNDA:94,countHeadings
FNDA:20,countMermaidBlocks
FNDA:14,extractH2Titles
FNDA:7,detectLikelyDroppedH2s
FNDA:10,(anonymous_6)
FNDA:8,(anonymous_7)
FNDA:198,countMatches
FNDA:44,shellQuote
FNDA:6,aggregateByKey
FNDA:4,parseArgs
FNDA:3,findAllTranslations
FNDA:20,validateTranslation
FNDA:21,(anonymous_14)
FNDA:1,(anonymous_15)
FNDA:3,expandPathGlobs
FNDA:3,runValidation
FNDA:1,main
DA:65,2
DA:68,2
DA:77,2
DA:121,2
DA:142,2
DA:143,14
DA:163,2
DA:164,2
DA:165,2
DA:173,2
DA:178,114
DA:179,114
DA:180,123
DA:181,114
DA:193,94
DA:194,94
DA:199,20
DA:212,14
DA:213,14
DA:214,14
DA:215,121
DA:216,121
DA:218,14
DA:241,7
DA:242,3
DA:247,3
DA:248,11
DA:249,11
DA:250,77
DA:251,77
DA:253,11
DA:254,2
DA:255,2
DA:256,10
DA:257,8
DA:258,2
DA:259,2
DA:260,2
DA:263,2
DA:270,3
DA:271,2
DA:277,198
DA:278,198
DA:279,198
DA:280,164
DA:282,198
DA:292,44
DA:307,6
DA:308,6
DA:309,27
DA:310,27
DA:311,26
DA:313,6
DA:314,6
DA:315,14
DA:317,6
DA:331,4
DA:338,4
DA:339,7
DA:340,7
DA:342,1
DA:343,1
DA:344,1
DA:346,1
DA:347,2
DA:348,2
DA:350,1
DA:352,1
DA:353,1
DA:354,1
DA:356,2
DA:357,2
DA:359,2
DA:360,2
DA:363,0
DA:367,0
DA:368,0
DA:370,0
DA:371,0
DA:375,4
DA:380,3
DA:381,3
DA:382,2
DA:383,2
DA:384,2
DA:385,8
DA:387,8
DA:388,8
DA:390,0
DA:392,8
DA:393,14
DA:394,14
DA:395,6
DA:396,8
DA:397,5
DA:401,2
DA:406,20
DA:407,20
DA:408,20
DA:409,20
DA:411,20
DA:412,1
DA:419,1
DA:422,19
DA:423,19
DA:424,19
DA:426,19
DA:427,1
DA:436,19
DA:437,1
DA:444,1
DA:447,18
DA:448,18
DA:449,18
DA:450,4
DA:461,18
DA:462,18
DA:463,18
DA:464,162
DA:466,18
DA:467,5
DA:478,18
DA:479,18
DA:480,126
DA:481,126
DA:482,126
DA:483,126
DA:484,72
DA:485,72
DA:486,72
DA:487,74
DA:488,74
DA:489,22
DA:492,72
DA:493,22
DA:494,22
DA:495,22
DA:514,18
DA:515,54
DA:516,54
DA:517,37
DA:519,37
DA:520,19
DA:521,1
DA:522,37
DA:523,8
DA:524,8
DA:530,7
DA:531,7
DA:532,7
DA:533,21
DA:534,7
DA:535,7
DA:536,1
DA:537,1
DA:541,8
DA:557,18
DA:558,18
DA:559,1
DA:560,1
DA:561,1
DA:573,18
DA:581,3
DA:582,3
DA:583,3
DA:584,3
DA:585,2
DA:586,2
DA:588,1
DA:591,3
DA:596,3
DA:597,3
DA:598,5
DA:599,5
DA:600,4
DA:601,4
DA:602,0
DA:603,0
DA:608,1
DA:609,0
DA:612,3
DA:617,1
DA:618,1
DA:622,1
DA:624,1
DA:634,1
DA:635,1
DA:636,1
DA:637,1
DA:638,0
DA:639,0
DA:642,1
DA:643,0
DA:645,1
LF:194
LH:182
BRDA:216,0,0,30
BRDA:216,0,1,91
BRDA:241,1,0,4
BRDA:241,1,1,3
BRDA:251,2,0,2
BRDA:251,2,1,75
BRDA:253,3,0,9
BRDA:253,3,1,2
BRDA:258,4,0,2
BRDA:258,4,1,0
BRDA:263,5,0,2
BRDA:263,5,1,0
BRDA:270,6,0,1
BRDA:270,6,1,2
BRDA:278,7,0,198
BRDA:278,7,1,73
BRDA:280,8,0,164
BRDA:280,8,1,129
BRDA:310,9,0,1
BRDA:310,9,1,26
BRDA:311,10,0,26
BRDA:311,10,1,14
BRDA:340,11,0,1
BRDA:340,11,1,1
BRDA:340,11,2,1
BRDA:340,11,3,2
BRDA:340,11,4,2
BRDA:340,11,5,0
BRDA:340,11,6,0
BRDA:340,11,7,0
BRDA:346,12,0,1
BRDA:346,12,1,3
BRDA:370,13,0,0
BRDA:370,13,1,0
BRDA:381,14,0,1
BRDA:381,14,1,2
BRDA:394,15,0,6
BRDA:394,15,1,8
BRDA:396,16,0,5
BRDA:396,16,1,3
BRDA:396,17,0,8
BRDA:396,17,1,8
BRDA:411,18,0,1
BRDA:411,18,1,19
BRDA:426,19,0,1
BRDA:426,19,1,18
BRDA:436,20,0,1
BRDA:436,20,1,18
BRDA:449,21,0,4
BRDA:449,21,1,14
BRDA:449,22,0,18
BRDA:449,22,1,18
BRDA:464,23,0,28
BRDA:464,23,1,134
BRDA:466,24,0,5
BRDA:466,24,1,13
BRDA:483,25,0,54
BRDA:483,25,1,72
BRDA:487,26,0,74
BRDA:487,26,1,21
BRDA:488,27,0,22
BRDA:488,27,1,52
BRDA:492,28,0,22
BRDA:492,28,1,50
BRDA:516,29,0,17
BRDA:516,29,1,37
BRDA:519,30,0,18
BRDA:519,30,1,19
BRDA:520,31,0,18
BRDA:520,31,1,1
BRDA:522,32,0,8
BRDA:522,32,1,29
BRDA:524,33,0,7
BRDA:524,33,1,1
BRDA:535,34,0,1
BRDA:535,34,1,6
BRDA:558,35,0,1
BRDA:558,35,1,17
BRDA:560,36,0,1
BRDA:560,36,1,0
BRDA:584,37,0,2
BRDA:584,37,1,1
BRDA:595,38,0,3
BRDA:595,39,0,3
BRDA:599,40,0,4
BRDA:599,40,1,1
BRDA:601,41,0,0
BRDA:601,41,1,4
BRDA:608,42,0,0
BRDA:608,42,1,1
BRDA:618,43,0,0
BRDA:618,43,1,1
BRDA:635,44,0,1
BRDA:635,44,1,0
BRDA:638,45,0,0
BRDA:638,45,1,0
BRDA:642,46,0,0
BRDA:642,46,1,1
BRDA:642,47,0,1
BRDA:642,47,1,1
BRF:100
BRH:85
end_of_record
TN:
SF:scripts/validate-manifest-seo.js
FN:145,parseManifestLocation
FN:157,findAllManifests
FN:186,loadManifest
FN:205,detectForbiddenPrefix
FN:222,detectLeakyRunIdOrJargon
FN:262,effectiveTextLength
FN:282,validateLangMap
FN:353,detectFallthrough
FN:384,validateManifest
FN:450,runValidation
FN:482,parseArgs
FN:538,main
FN:542,(anonymous_12)
FNF:13
FNH:10
FNDA:3,parseManifestLocation
FNDA:2,findAllManifests
FNDA:15,loadManifest
FNDA:327,detectForbiddenPrefix
FNDA:330,detectLeakyRunIdOrJargon
FNDA:331,effectiveTextLength
FNDA:23,validateLangMap
FNDA:23,detectFallthrough
FNDA:15,validateManifest
FNDA:0,runValidation
FNDA:5,parseArgs
FNDA:0,main
FNDA:0,(anonymous_12)
DA:61,1
DA:64,1
DA:74,1
DA:82,1
DA:85,1
DA:93,1
DA:126,1
DA:136,1
DA:146,3
DA:147,3
DA:148,3
DA:149,2
DA:158,2
DA:159,2
DA:160,1
DA:161,1
DA:162,1
DA:163,3
DA:165,3
DA:166,3
DA:168,0
DA:170,3
DA:171,3
DA:172,3
DA:173,2
DA:174,1
DA:175,1
DA:179,1
DA:188,15
DA:189,15
DA:191,1
DA:193,14
DA:194,14
DA:196,1
DA:206,327
DA:207,325
DA:208,325
DA:209,4512
DA:211,322
DA:223,330
DA:224,327
DA:225,327
DA:226,653
DA:228,326
DA:229,326
DA:230,326
DA:232,324
DA:250,1
DA:263,331
DA:264,328
DA:265,328
DA:266,328
DA:267,27321
DA:269,328
DA:283,23
DA:284,23
DA:285,23
DA:287,23
DA:288,323
DA:289,1
DA:295,1
DA:297,322
DA:298,0
DA:304,0
DA:306,322
DA:307,322
DA:308,4
DA:315,322
DA:316,322
DA:317,1
DA:324,322
DA:325,322
DA:326,0
DA:354,23
DA:355,23
DA:356,23
DA:357,23
DA:358,23
DA:359,322
DA:360,299
DA:361,322
DA:362,139
DA:363,113
DA:365,23
DA:366,10
DA:385,15
DA:386,15
DA:387,15
DA:388,2
DA:398,13
DA:399,13
DA:400,13
DA:404,15
DA:405,1
DA:411,12
DA:412,11
DA:413,11
DA:416,13
DA:417,0
DA:423,13
DA:424,12
DA:430,12
DA:439,13
DA:451,0
DA:452,0
DA:453,0
DA:454,0
DA:455,0
DA:456,0
DA:457,0
DA:458,0
DA:461,0
DA:462,0
DA:465,0
DA:483,5
DA:490,5
DA:491,6
DA:492,6
DA:494,0
DA:495,0
DA:496,0
DA:498,2
DA:499,6
DA:500,6
DA:502,1
DA:503,1
DA:505,5
DA:506,4
DA:507,4
DA:509,2
DA:511,0
DA:512,0
DA:513,0
DA:515,1
DA:516,1
DA:518,2
DA:519,2
DA:522,0
DA:526,0
DA:527,0
DA:529,1
DA:530,1
DA:534,4
DA:539,0
DA:541,0
DA:542,0
DA:545,0
DA:547,0
DA:558,0
DA:559,0
DA:560,0
DA:561,0
DA:562,0
DA:563,0
DA:566,0
DA:567,0
DA:569,0
LF:157
LH:118
BRDA:148,0,0,1
BRDA:148,0,1,2
BRDA:159,1,0,1
BRDA:159,1,1,1
BRDA:172,2,0,2
BRDA:172,2,1,1
BRDA:174,3,0,1
BRDA:174,3,1,0
BRDA:174,4,0,1
BRDA:174,4,1,1
BRDA:206,5,0,2
BRDA:206,5,1,325
BRDA:209,6,0,3
BRDA:209,6,1,4509
BRDA:223,7,0,3
BRDA:223,7,1,327
BRDA:226,8,0,1
BRDA:226,8,1,652
BRDA:230,9,0,2
BRDA:230,9,1,324
BRDA:263,10,0,3
BRDA:263,10,1,328
BRDA:267,11,0,1535
BRDA:267,11,1,25786
BRDA:284,12,0,11
BRDA:284,12,1,12
BRDA:285,13,0,11
BRDA:285,13,1,12
BRDA:288,14,0,1
BRDA:288,14,1,322
BRDA:297,15,0,0
BRDA:297,15,1,322
BRDA:297,16,0,322
BRDA:297,16,1,322
BRDA:307,17,0,4
BRDA:307,17,1,318
BRDA:307,18,0,322
BRDA:307,18,1,320
BRDA:316,19,0,1
BRDA:316,19,1,321
BRDA:325,20,0,0
BRDA:325,20,1,322
BRDA:355,21,0,23
BRDA:355,21,1,0
BRDA:356,22,0,0
BRDA:356,22,1,23
BRDA:359,23,0,23
BRDA:359,23,1,299
BRDA:360,24,0,299
BRDA:360,24,1,0
BRDA:361,25,0,160
BRDA:361,25,1,162
BRDA:361,26,0,322
BRDA:361,26,1,299
BRDA:362,27,0,26
BRDA:362,27,1,113
BRDA:365,28,0,13
BRDA:365,28,1,10
BRDA:368,29,0,1
BRDA:368,29,1,9
BRDA:373,30,0,1
BRDA:373,30,1,9
BRDA:375,31,0,1
BRDA:375,31,1,9
BRDA:387,32,0,2
BRDA:387,32,1,13
BRDA:400,33,0,13
BRDA:400,33,1,12
BRDA:404,34,0,1
BRDA:404,34,1,12
BRDA:411,35,0,11
BRDA:411,35,1,1
BRDA:411,36,0,12
BRDA:411,36,1,11
BRDA:416,37,0,0
BRDA:416,37,1,13
BRDA:423,38,0,12
BRDA:423,38,1,1
BRDA:423,39,0,13
BRDA:423,39,1,12
BRDA:450,40,0,0
BRDA:450,41,0,0
BRDA:454,42,0,0
BRDA:454,42,1,0
BRDA:456,43,0,0
BRDA:456,43,1,0
BRDA:461,44,0,0
BRDA:461,44,1,0
BRDA:492,45,0,0
BRDA:492,45,1,2
BRDA:492,45,2,0
BRDA:492,45,3,1
BRDA:492,45,4,2
BRDA:492,45,5,0
BRDA:492,45,6,0
BRDA:492,45,7,1
BRDA:500,46,0,1
BRDA:500,46,1,5
BRDA:505,47,0,1
BRDA:505,47,1,4
BRDA:529,48,0,1
BRDA:529,48,1,0
BRDA:541,49,0,0
BRDA:541,49,1,0
BRDA:559,50,0,0
BRDA:559,50,1,0
BRDA:562,51,0,0
BRDA:562,51,1,0
BRDA:566,52,0,0
BRDA:566,52,1,0
BRDA:566,53,0,0
BRDA:566,53,1,0
BRF:112
BRH:82
end_of_record
TN:
SF:scripts/aggregator/forward-statements-registry.js
FN:63,shardPath
FN:76,parseLine
FN:91,newId
FN:101,isValidDateString
FN:118,isValidIsoWeekString
FN:133,validateEntry
FN:168,appendEntries
FN:216,readEntries
FN:222,(anonymous_8)
FN:273,(anonymous_9)
FN:299,readExpiredUnresolved
FN:342,updateEntry
FN:387,buildSummary
FN:391,(anonymous_13)
FN:397,(anonymous_14)
FN:411,generateSessionDayIds
FN:433,isMondayRun
FN:451,normaliseHorizon
FN:483,cli
FN:535,(anonymous_19)
FNF:20
FNH:20
FNDA:53,shardPath
FNDA:106,parseLine
FNDA:32,newId
FNDA:138,isValidDateString
FNDA:6,isValidIsoWeekString
FNDA:55,validateEntry
FNDA:28,appendEntries
FNDA:46,readEntries
FNDA:38,(anonymous_8)
FNDA:2,(anonymous_9)
FNDA:7,readExpiredUnresolved
FNDA:10,updateEntry
FNDA:3,buildSummary
FNDA:21,(anonymous_13)
FNDA:21,(anonymous_14)
FNDA:2,generateSessionDayIds
FNDA:3,isMondayRun
FNDA:31,normaliseHorizon
FNDA:19,cli
FNDA:20,(anonymous_19)
DA:46,2
DA:47,2
DA:64,53
DA:65,53
DA:77,106
DA:78,106
DA:79,65
DA:80,65
DA:82,2
DA:92,32
DA:102,138
DA:103,119
DA:104,119
DA:105,119
DA:119,6
DA:120,6
DA:121,6
DA:122,5
DA:123,5
DA:134,55
DA:135,55
DA:136,1
DA:138,54
DA:140,54
DA:141,54
DA:142,1
DA:143,54
DA:144,4
DA:145,54
DA:146,1
DA:147,54
DA:151,3
DA:152,54
DA:153,1
DA:154,54
DA:156,54
DA:169,28
DA:170,28
DA:172,28
DA:173,28
DA:175,28
DA:177,45
DA:181,45
DA:182,45
DA:183,45
DA:184,45
DA:186,45
DA:187,45
DA:188,2
DA:189,2
DA:192,43
DA:193,43
DA:194,43
DA:197,28
DA:217,46
DA:218,46
DA:220,36
DA:222,38
DA:226,36
DA:227,36
DA:228,38
DA:229,38
DA:230,102
DA:231,102
DA:232,62
DA:233,0
DA:236,0
DA:238,62
DA:242,36
DA:243,36
DA:244,46
DA:245,57
DA:248,55
DA:249,13
DA:250,2
DA:253,2
DA:256,11
DA:258,11
DA:260,4
DA:264,4
DA:268,49
DA:269,48
DA:271,47
DA:272,3
DA:273,3
DA:274,3
DA:277,46
DA:279,36
DA:283,2
DA:300,7
DA:301,7
DA:302,7
DA:303,7
DA:304,14
DA:305,1
DA:308,1
DA:311,13
DA:312,13
DA:314,1
DA:318,1
DA:320,12
DA:321,9
DA:322,14
DA:323,5
DA:325,7
DA:343,10
DA:345,10
DA:346,1
DA:350,9
DA:352,9
DA:353,9
DA:354,6
DA:357,9
DA:358,9
DA:359,3
DA:362,6
DA:363,10
DA:364,10
DA:367,10
DA:374,10
DA:375,10
DA:376,10
DA:377,10
DA:388,3
DA:389,3
DA:390,3
DA:391,21
DA:394,3
DA:397,21
DA:399,3
DA:412,2
DA:413,2
DA:414,2
DA:415,2
DA:416,6
DA:417,6
DA:418,6
DA:419,6
DA:420,6
DA:421,6
DA:423,2
DA:434,3
DA:435,3
DA:452,31
DA:453,14
DA:454,3
DA:457,11
DA:458,11
DA:459,2
DA:461,9
DA:462,9
DA:463,9
DA:464,4
DA:467,5
DA:468,5
DA:470,5
DA:471,5
DA:484,19
DA:486,19
DA:487,3
DA:502,3
DA:505,16
DA:506,3
DA:508,3
DA:509,1
DA:511,2
DA:513,3
DA:514,3
DA:515,3
DA:516,3
DA:517,2
DA:520,13
DA:521,6
DA:522,6
DA:523,6
DA:524,6
DA:525,6
DA:526,6
DA:527,6
DA:528,6
DA:529,6
DA:530,6
DA:531,6
DA:534,7
DA:535,5
DA:536,20
DA:537,20
DA:539,5
DA:540,5
DA:541,5
DA:542,5
DA:543,5
DA:544,2
DA:545,2
DA:547,3
DA:548,3
DA:549,3
DA:550,1
DA:553,2
DA:554,1
DA:555,1
DA:558,1
DA:559,1
DA:563,2
DA:568,0
LF:205
LH:202
BRDA:65,0,0,53
BRDA:65,0,1,0
BRDA:78,1,0,41
BRDA:78,1,1,65
BRDA:102,2,0,19
BRDA:102,2,1,119
BRDA:102,3,0,138
BRDA:102,3,1,137
BRDA:106,4,0,119
BRDA:106,4,1,115
BRDA:106,4,2,114
BRDA:119,5,0,0
BRDA:119,5,1,6
BRDA:121,6,0,1
BRDA:121,6,1,5
BRDA:123,7,0,5
BRDA:123,7,1,5
BRDA:135,8,0,1
BRDA:135,8,1,54
BRDA:135,9,0,55
BRDA:135,9,1,54
BRDA:140,10,0,2
BRDA:140,10,1,52
BRDA:140,11,0,54
BRDA:140,11,1,53
BRDA:141,12,0,1
BRDA:141,12,1,53
BRDA:141,13,0,54
BRDA:141,13,1,53
BRDA:143,14,0,4
BRDA:143,14,1,50
BRDA:145,15,0,1
BRDA:145,15,1,53
BRDA:145,16,0,54
BRDA:145,16,1,53
BRDA:147,17,0,3
BRDA:147,17,1,51
BRDA:148,18,0,54
BRDA:148,18,1,53
BRDA:148,18,2,6
BRDA:152,19,0,1
BRDA:152,19,1,53
BRDA:154,20,0,1
BRDA:154,20,1,53
BRDA:169,21,0,28
BRDA:169,21,1,3
BRDA:177,22,0,45
BRDA:177,22,1,0
BRDA:177,23,0,45
BRDA:177,23,1,45
BRDA:181,24,0,28
BRDA:181,24,1,17
BRDA:181,25,0,45
BRDA:181,25,1,17
BRDA:182,26,0,4
BRDA:182,26,1,41
BRDA:183,27,0,1
BRDA:183,27,1,44
BRDA:184,28,0,45
BRDA:184,28,1,0
BRDA:187,29,0,2
BRDA:187,29,1,43
BRDA:188,30,0,2
BRDA:188,30,1,1
BRDA:217,31,0,46
BRDA:217,31,1,7
BRDA:218,32,0,10
BRDA:218,32,1,36
BRDA:231,33,0,40
BRDA:231,33,1,62
BRDA:232,34,0,0
BRDA:232,34,1,62
BRDA:232,35,0,62
BRDA:232,35,1,62
BRDA:243,36,0,36
BRDA:243,36,1,32
BRDA:245,37,0,2
BRDA:245,37,1,55
BRDA:245,38,0,57
BRDA:245,38,1,4
BRDA:248,39,0,13
BRDA:248,39,1,42
BRDA:249,40,0,2
BRDA:249,40,1,11
BRDA:262,41,0,4
BRDA:262,41,1,0
BRDA:268,42,0,1
BRDA:268,42,1,48
BRDA:268,43,0,49
BRDA:268,43,1,5
BRDA:268,43,2,5
BRDA:269,44,0,1
BRDA:269,44,1,47
BRDA:269,45,0,48
BRDA:269,45,1,3
BRDA:269,45,2,3
BRDA:271,46,0,3
BRDA:271,46,1,44
BRDA:272,47,0,2
BRDA:272,47,1,1
BRDA:273,48,0,1
BRDA:273,48,1,2
BRDA:274,49,0,1
BRDA:274,49,1,2
BRDA:274,50,0,3
BRDA:274,50,1,2
BRDA:300,51,0,7
BRDA:300,51,1,1
BRDA:304,52,0,1
BRDA:304,52,1,13
BRDA:316,53,0,1
BRDA:316,53,1,0
BRDA:320,54,0,3
BRDA:320,54,1,9
BRDA:321,55,0,9
BRDA:321,55,1,0
BRDA:322,56,0,4
BRDA:322,56,1,10
BRDA:343,57,0,10
BRDA:343,57,1,3
BRDA:345,58,0,1
BRDA:345,58,1,9
BRDA:354,59,0,6
BRDA:354,59,1,0
BRDA:358,60,0,3
BRDA:358,60,1,6
BRDA:362,61,0,6
BRDA:362,61,1,1
BRDA:363,62,0,6
BRDA:363,62,1,0
BRDA:364,63,0,3
BRDA:364,63,1,3
BRDA:452,64,0,17
BRDA:452,64,1,14
BRDA:453,65,0,3
BRDA:453,65,1,11
BRDA:458,66,0,2
BRDA:458,66,1,9
BRDA:463,67,0,4
BRDA:463,67,1,5
BRDA:463,68,0,9
BRDA:463,68,1,8
BRDA:486,69,0,3
BRDA:486,69,1,16
BRDA:486,70,0,19
BRDA:486,70,1,18
BRDA:486,70,2,17
BRDA:505,71,0,3
BRDA:505,71,1,13
BRDA:508,72,0,1
BRDA:508,72,1,2
BRDA:508,73,0,3
BRDA:508,73,1,1
BRDA:514,74,0,3
BRDA:514,74,1,0
BRDA:516,75,0,1
BRDA:516,75,1,2
BRDA:520,76,0,6
BRDA:520,76,1,7
BRDA:526,77,0,2
BRDA:526,77,1,4
BRDA:526,78,0,6
BRDA:526,78,1,2
BRDA:527,79,0,2
BRDA:527,79,1,4
BRDA:527,80,0,6
BRDA:527,80,1,2
BRDA:528,81,0,2
BRDA:528,81,1,4
BRDA:528,82,0,6
BRDA:528,82,1,2
BRDA:529,83,0,2
BRDA:529,83,1,4
BRDA:534,84,0,5
BRDA:534,84,1,2
BRDA:537,85,0,10
BRDA:537,85,1,10
BRDA:543,86,0,2
BRDA:543,86,1,3
BRDA:543,87,0,5
BRDA:543,87,1,4
BRDA:549,88,0,2
BRDA:549,88,1,1
BRDA:553,89,0,1
BRDA:553,89,1,1
BRDA:563,90,0,0
BRDA:563,90,1,2
BRDA:564,91,0,2
BRDA:564,91,1,2
BRDA:564,91,2,2
BRF:190
BRH:178
end_of_record
TN:
SF:scripts/aggregator/pipeline-transit-model.js
FN:94,mulberry32
FN:96,(anonymous_1)
FN:112,deriveProcedureSeed
FN:136,inferCurrentStage
FN:144,(anonymous_4)
FN:145,(anonymous_5)
FN:149,(anonymous_6)
FN:151,(anonymous_7)
FN:152,(anonymous_8)
FN:176,extractTransitionDurations
FN:192,(anonymous_10)
FN:193,(anonymous_11)
FN:197,(anonymous_12)
FN:198,(anonymous_13)
FN:204,(anonymous_14)
FN:205,(anonymous_15)
FN:277,classifyEventStage
FN:313,monteCarloStage
FN:319,(anonymous_18)
FN:328,(anonymous_19)
FN:352,(anonymous_20)
FN:375,computeTransitModel
FN:437,deriveAsOfFromData
FN:471,parseArgs
FN:528,cli
FNF:25
FNH:24
FNDA:55,mulberry32
FNDA:341690,(anonymous_1)
FNDA:36,deriveProcedureSeed
FNDA:141,inferCurrentStage
FNDA:640,(anonymous_4)
FNDA:640,(anonymous_5)
FNDA:640,(anonymous_6)
FNDA:640,(anonymous_7)
FNDA:741,(anonymous_8)
FNDA:10,extractTransitionDurations
FNDA:630,(anonymous_10)
FNDA:630,(anonymous_11)
FNDA:630,(anonymous_12)
FNDA:738,(anonymous_13)
FNDA:630,(anonymous_14)
FNDA:630,(anonymous_15)
FNDA:782,classifyEventStage
FNDA:34,monteCarloStage
FNDA:446,(anonymous_18)
FNDA:437,(anonymous_19)
FNDA:1653502,(anonymous_20)
FNDA:7,computeTransitModel
FNDA:7,deriveAsOfFromData
FNDA:5,parseArgs
FNDA:0,cli
DA:37,1
DA:40,1
DA:43,1
DA:46,1
DA:49,1
DA:52,1
DA:55,1
DA:58,1
DA:61,1
DA:64,1
DA:67,1
DA:74,1
DA:82,1
DA:95,55
DA:96,55
DA:97,341690
DA:98,341690
DA:99,341690
DA:100,341690
DA:113,36
DA:114,36
DA:115,588
DA:116,588
DA:118,36
DA:137,141
DA:138,141
DA:139,4
DA:143,137
DA:144,640
DA:145,640
DA:149,640
DA:151,640
DA:152,741
DA:155,137
DA:156,137
DA:157,137
DA:160,0
DA:177,10
DA:184,10
DA:186,10
DA:187,135
DA:188,135
DA:191,133
DA:192,630
DA:193,630
DA:197,630
DA:198,738
DA:200,133
DA:203,133
DA:204,630
DA:205,630
DA:210,133
DA:215,133
DA:216,133
DA:218,133
DA:219,497
DA:220,497
DA:222,497
DA:224,134
DA:228,363
DA:231,363
DA:232,363
DA:235,497
DA:236,363
DA:240,363
DA:241,363
DA:246,10
DA:247,50
DA:248,50
DA:249,50
DA:252,50
DA:254,50
DA:255,50
DA:258,50
DA:259,50
DA:260,18
DA:262,32
DA:266,10
DA:279,782
DA:280,285
DA:284,497
DA:291,246
DA:293,251
DA:294,124
DA:296,127
DA:297,126
DA:299,1
DA:314,34
DA:315,17
DA:319,446
DA:320,17
DA:321,17
DA:322,17
DA:323,446
DA:324,446
DA:328,437
DA:331,17
DA:332,17
DA:333,170000
DA:335,170000
DA:336,170000
DA:337,170000
DA:338,729146
DA:339,729146
DA:340,334577
DA:342,394569
DA:345,170000
DA:347,170000
DA:348,170000
DA:352,1653502
DA:353,17
DA:354,17
DA:355,17
DA:357,17
DA:376,7
DA:379,7
DA:381,7
DA:386,7
DA:387,7
DA:388,28
DA:389,28
DA:390,28
DA:391,28
DA:392,14
DA:395,14
DA:404,7
DA:406,7
DA:407,132
DA:408,132
DA:409,132
DA:410,132
DA:413,132
DA:414,132
DA:415,168
DA:416,168
DA:419,132
DA:426,7
DA:438,7
DA:440,7
DA:441,132
DA:442,132
DA:443,132
DA:444,620
DA:445,620
DA:446,72
DA:451,7
DA:452,50
DA:453,50
DA:454,0
DA:458,7
DA:472,5
DA:474,5
DA:475,14
DA:476,3
DA:477,11
DA:478,3
DA:479,8
DA:480,3
DA:481,5
DA:482,1
DA:483,1
DA:484,0
DA:485,0
DA:487,1
DA:488,1
DA:489,0
DA:490,0
DA:493,1
DA:494,4
DA:495,2
DA:496,2
DA:497,1
DA:498,1
DA:500,1
DA:501,2
DA:502,2
DA:516,2
DA:520,2
DA:529,0
DA:531,0
DA:532,0
DA:535,0
DA:539,0
DA:540,0
DA:542,0
DA:543,0
DA:544,0
DA:545,0
DA:546,0
DA:547,0
DA:548,0
DA:551,0
DA:552,0
DA:555,0
DA:556,0
DA:557,0
DA:558,0
DA:559,0
DA:560,0
DA:561,0
DA:564,0
DA:565,0
DA:569,0
DA:572,0
DA:573,0
DA:574,0
DA:578,0
DA:579,0
DA:583,1
DA:588,0
LF:210
LH:173
BRDA:137,0,0,141
BRDA:137,0,1,1
BRDA:137,0,2,1
BRDA:138,1,0,4
BRDA:138,1,1,137
BRDA:138,2,0,141
BRDA:138,2,1,141
BRDA:144,3,0,640
BRDA:144,3,1,0
BRDA:144,3,2,0
BRDA:146,4,0,640
BRDA:146,4,1,0
BRDA:146,4,2,0
BRDA:147,5,0,640
BRDA:147,5,1,0
BRDA:147,5,2,0
BRDA:147,5,3,0
BRDA:151,6,0,640
BRDA:151,6,1,628
BRDA:157,7,0,137
BRDA:157,7,1,0
BRDA:187,8,0,135
BRDA:187,8,1,0
BRDA:187,8,2,0
BRDA:188,9,0,2
BRDA:188,9,1,133
BRDA:188,10,0,135
BRDA:188,10,1,135
BRDA:192,11,0,630
BRDA:192,11,1,0
BRDA:192,11,2,0
BRDA:194,12,0,630
BRDA:194,12,1,0
BRDA:194,12,2,0
BRDA:195,13,0,630
BRDA:195,13,1,0
BRDA:195,13,2,0
BRDA:195,13,3,0
BRDA:200,14,0,0
BRDA:200,14,1,133
BRDA:210,15,0,0
BRDA:210,15,1,133
BRDA:220,16,0,0
BRDA:220,16,1,497
BRDA:222,17,0,134
BRDA:222,17,1,363
BRDA:232,18,0,363
BRDA:232,18,1,0
BRDA:232,19,0,0
BRDA:232,19,1,0
BRDA:235,20,0,363
BRDA:235,20,1,134
BRDA:235,21,0,497
BRDA:235,21,1,363
BRDA:235,21,2,363
BRDA:247,22,0,0
BRDA:247,22,1,50
BRDA:247,23,0,50
BRDA:247,23,1,0
BRDA:248,24,0,50
BRDA:248,24,1,0
BRDA:249,25,0,0
BRDA:249,25,1,50
BRDA:252,26,0,0
BRDA:252,26,1,50
BRDA:255,27,0,50
BRDA:255,27,1,0
BRDA:255,28,0,0
BRDA:255,28,1,0
BRDA:258,29,0,50
BRDA:258,29,1,0
BRDA:258,29,2,0
BRDA:258,29,3,0
BRDA:259,30,0,18
BRDA:259,30,1,32
BRDA:259,31,0,50
BRDA:259,31,1,32
BRDA:279,32,0,285
BRDA:279,32,1,497
BRDA:279,33,0,782
BRDA:279,33,1,500
BRDA:279,33,2,497
BRDA:284,34,0,246
BRDA:284,34,1,251
BRDA:285,35,0,497
BRDA:285,35,1,254
BRDA:285,35,2,253
BRDA:285,35,3,252
BRDA:285,35,4,251
BRDA:285,35,5,0
BRDA:293,36,0,124
BRDA:293,36,1,127
BRDA:293,37,0,251
BRDA:293,37,1,128
BRDA:293,37,2,128
BRDA:296,38,0,126
BRDA:296,38,1,1
BRDA:296,39,0,127
BRDA:296,39,1,2
BRDA:296,39,2,1
BRDA:314,40,0,17
BRDA:314,40,1,17
BRDA:314,41,0,34
BRDA:314,41,1,33
BRDA:339,42,0,334577
BRDA:339,42,1,394569
BRDA:376,43,0,7
BRDA:376,43,1,0
BRDA:379,44,0,0
BRDA:379,44,1,7
BRDA:391,45,0,14
BRDA:391,45,1,14
BRDA:399,46,0,14
BRDA:399,46,1,0
BRDA:408,47,0,132
BRDA:408,47,1,0
BRDA:408,47,2,0
BRDA:408,47,3,0
BRDA:441,48,0,132
BRDA:441,48,1,0
BRDA:441,48,2,0
BRDA:442,49,0,0
BRDA:442,49,1,132
BRDA:444,50,0,620
BRDA:444,50,1,0
BRDA:444,50,2,0
BRDA:444,50,3,0
BRDA:445,51,0,72
BRDA:445,51,1,548
BRDA:445,52,0,620
BRDA:445,52,1,620
BRDA:452,53,0,50
BRDA:452,53,1,0
BRDA:452,53,2,0
BRDA:453,54,0,0
BRDA:453,54,1,50
BRDA:453,55,0,50
BRDA:453,55,1,50
BRDA:458,56,0,4
BRDA:458,56,1,3
BRDA:475,57,0,3
BRDA:475,57,1,11
BRDA:475,58,0,14
BRDA:475,58,1,3
BRDA:477,59,0,3
BRDA:477,59,1,8
BRDA:477,60,0,11
BRDA:477,60,1,3
BRDA:479,61,0,3
BRDA:479,61,1,5
BRDA:479,62,0,8
BRDA:479,62,1,3
BRDA:481,63,0,1
BRDA:481,63,1,4
BRDA:481,64,0,5
BRDA:481,64,1,1
BRDA:483,65,0,0
BRDA:483,65,1,1
BRDA:488,66,0,0
BRDA:488,66,1,1
BRDA:494,67,0,2
BRDA:494,67,1,2
BRDA:494,68,0,4
BRDA:494,68,1,2
BRDA:496,69,0,1
BRDA:496,69,1,1
BRDA:501,70,0,2
BRDA:501,70,1,0
BRDA:501,71,0,2
BRDA:501,71,1,1
BRDA:531,72,0,0
BRDA:531,72,1,0
BRDA:531,73,0,0
BRDA:531,73,1,0
BRDA:531,73,2,0
BRDA:545,74,0,0
BRDA:545,74,1,0
BRDA:545,75,0,0
BRDA:545,75,1,0
BRDA:545,75,2,0
BRDA:545,75,3,0
BRDA:546,76,0,0
BRDA:546,76,1,0
BRDA:558,77,0,0
BRDA:558,77,1,0
BRDA:558,78,0,0
BRDA:558,78,1,0
BRDA:558,78,2,0
BRDA:558,78,3,0
BRDA:558,78,4,0
BRDA:559,79,0,0
BRDA:559,79,1,0
BRDA:573,80,0,0
BRDA:573,80,1,0
BRDA:583,81,0,0
BRDA:583,81,1,1
BRDA:584,82,0,1
BRDA:584,82,1,1
BRDA:584,82,2,1
BRF:199
BRH:121
end_of_record
TN:
SF:scripts/aggregator/prior-run-diff.js
FN:99,usage
FN:117,parseArgs
FN:138,safeReadJson
FN:146,loadThresholds
FN:154,countLines
FN:159,hasPlaceholders
FN:161,(anonymous_6)
FN:164,hasMermaid
FN:168,isDiagramRequired
FN:187,classifyArtifact
FN:220,buildPriorRunDiff
FN:313,collectArtifactPaths
FN:323,addArtifactPaths
FN:360,main
FNF:14
FNH:10
FNDA:0,usage
FNDA:0,parseArgs
FNDA:19,safeReadJson
FNDA:0,loadThresholds
FNDA:37,countLines
FNDA:35,hasPlaceholders
FNDA:165,(anonymous_6)
FNDA:18,hasMermaid
FNDA:32,isDiagramRequired
FNDA:51,classifyArtifact
FNDA:19,buildPriorRunDiff
FNDA:14,collectArtifactPaths
FNDA:35,addArtifactPaths
FNDA:0,main
DA:79,2
DA:80,2
DA:81,2
DA:85,2
DA:87,2
DA:95,2
DA:100,0
DA:113,0
DA:114,0
DA:118,0
DA:119,0
DA:120,0
DA:121,0
DA:122,0
DA:123,0
DA:124,0
DA:125,0
DA:126,0
DA:127,0
DA:128,0
DA:129,0
DA:131,0
DA:134,0
DA:135,0
DA:139,19
DA:140,19
DA:142,1
DA:147,0
DA:150,0
DA:151,0
DA:155,37
DA:156,37
DA:160,35
DA:161,165
DA:165,18
DA:169,32
DA:170,22
DA:171,22
DA:172,32
DA:188,51
DA:189,51
DA:190,14
DA:192,37
DA:193,37
DA:195,37
DA:196,2
DA:198,35
DA:199,3
DA:201,32
DA:202,4
DA:204,28
DA:221,19
DA:222,19
DA:224,19
DA:226,19
DA:232,19
DA:233,1
DA:244,18
DA:245,19
DA:246,4
DA:258,14
DA:259,14
DA:261,19
DA:262,19
DA:266,19
DA:268,19
DA:269,19
DA:271,19
DA:272,37
DA:273,37
DA:274,37
DA:275,23
DA:276,23
DA:285,14
DA:294,14
DA:314,14
DA:324,35
DA:325,17
DA:326,17
DA:329,18
DA:330,12
DA:331,7
DA:334,11
DA:335,2
DA:338,9
DA:339,4
DA:342,9
DA:343,12
DA:344,8
DA:349,14
DA:350,14
DA:351,14
DA:352,15
DA:355,14
DA:361,0
DA:362,0
DA:364,0
DA:365,0
DA:366,0
DA:373,0
DA:374,0
DA:375,0
DA:377,0
DA:378,0
DA:384,2
DA:385,2
DA:387,2
DA:388,0
LF:108
LH:76
BRDA:99,0,0,0
BRDA:119,1,0,0
BRDA:119,1,1,0
BRDA:123,2,0,0
BRDA:123,2,1,0
BRDA:123,3,0,0
BRDA:123,3,1,0
BRDA:124,4,0,0
BRDA:124,4,1,0
BRDA:126,5,0,0
BRDA:126,5,1,0
BRDA:128,6,0,0
BRDA:128,6,1,0
BRDA:134,7,0,0
BRDA:134,7,1,0
BRDA:147,8,0,0
BRDA:147,8,1,0
BRDA:150,9,0,0
BRDA:150,9,1,0
BRDA:155,10,0,0
BRDA:155,10,1,37
BRDA:160,11,0,1
BRDA:160,11,1,34
BRDA:169,12,0,10
BRDA:169,12,1,22
BRDA:169,13,0,32
BRDA:169,13,1,32
BRDA:171,14,0,10
BRDA:171,14,1,12
BRDA:189,15,0,14
BRDA:189,15,1,37
BRDA:195,16,0,2
BRDA:195,16,1,35
BRDA:198,17,0,3
BRDA:198,17,1,32
BRDA:201,18,0,4
BRDA:201,18,1,28
BRDA:201,19,0,32
BRDA:201,19,1,18
BRDA:226,20,0,19
BRDA:226,20,1,3
BRDA:226,20,2,3
BRDA:226,20,3,2
BRDA:226,20,4,1
BRDA:232,21,0,1
BRDA:232,21,1,18
BRDA:244,22,0,17
BRDA:244,22,1,1
BRDA:245,23,0,4
BRDA:245,23,1,15
BRDA:259,24,0,14
BRDA:259,24,1,0
BRDA:261,25,0,19
BRDA:261,25,1,3
BRDA:262,26,0,19
BRDA:262,26,1,3
BRDA:272,27,0,37
BRDA:272,27,1,9
BRDA:274,28,0,23
BRDA:274,28,1,14
BRDA:324,29,0,17
BRDA:324,29,1,18
BRDA:329,30,0,7
BRDA:329,30,1,11
BRDA:334,31,0,2
BRDA:334,31,1,9
BRDA:334,32,0,11
BRDA:334,32,1,10
BRDA:338,33,0,4
BRDA:338,33,1,5
BRDA:343,34,0,8
BRDA:343,34,1,4
BRDA:350,35,0,14
BRDA:350,35,1,0
BRDA:350,36,0,14
BRDA:350,36,1,14
BRDA:364,37,0,0
BRDA:364,37,1,0
BRDA:364,38,0,0
BRDA:364,38,1,0
BRDA:385,39,0,2
BRDA:385,39,1,0
BRDA:387,40,0,0
BRDA:387,40,1,2
BRF:84
BRH:56
end_of_record
TN:
SF:scripts/templates/sync-template-frontmatter.js
FN:128,loadDepthFloors
FN:161,loadCatalogMap
FN:177,(anonymous_2)
FN:209,stripCellNoise
FN:256,buildFrontmatterBlock
FN:293,applyFrontmatter
FN:339,listTemplateFiles
FN:342,(anonymous_7)
FN:343,(anonymous_8)
FN:347,main
FNF:10
FNH:3
FNDA:0,loadDepthFloors
FNDA:0,loadCatalogMap
FNDA:0,(anonymous_2)
FNDA:7,stripCellNoise
FNDA:12,buildFrontmatterBlock
FNDA:7,applyFrontmatter
FNDA:0,listTemplateFiles
FNDA:0,(anonymous_7)
FNDA:0,(anonymous_8)
FNDA:0,main
DA:46,1
DA:47,1
DA:48,1
DA:49,1
DA:50,1
DA:52,1
DA:53,1
DA:56,1
DA:60,1
DA:129,0
DA:130,0
DA:134,0
DA:135,0
DA:136,0
DA:137,0
DA:138,0
DA:139,0
DA:140,0
DA:141,0
DA:142,0
DA:144,0
DA:148,0
DA:162,0
DA:163,0
DA:164,0
DA:165,0
DA:166,0
DA:168,0
DA:171,0
DA:172,0
DA:173,0
DA:177,0
DA:185,0
DA:186,0
DA:189,0
DA:190,0
DA:195,0
DA:199,0
DA:200,0
DA:206,0
DA:210,7
DA:220,1
DA:257,12
DA:258,12
DA:272,1
DA:276,1
DA:295,7
DA:299,7
DA:300,7
DA:305,7
DA:306,7
DA:307,7
DA:308,7
DA:309,45
DA:310,11
DA:314,7
DA:316,1
DA:320,6
DA:321,6
DA:322,6
DA:325,6
DA:326,6
DA:328,6
DA:329,7
DA:340,0
DA:342,0
DA:343,0
DA:348,0
DA:349,0
DA:351,0
DA:352,0
DA:354,0
DA:355,0
DA:356,0
DA:358,0
DA:359,0
DA:360,0
DA:362,0
DA:363,0
DA:364,0
DA:365,0
DA:366,0
DA:368,0
DA:370,0
DA:371,0
DA:372,0
DA:373,0
DA:374,0
DA:375,0
DA:380,0
DA:381,0
DA:382,0
DA:385,0
DA:387,0
DA:388,0
DA:391,0
DA:401,1
DA:402,0
LF:98
LH:34
BRDA:134,0,0,0
BRDA:134,0,1,0
BRDA:139,1,0,0
BRDA:139,1,1,0
BRDA:140,2,0,0
BRDA:140,2,1,0
BRDA:142,3,0,0
BRDA:142,3,1,0
BRDA:166,4,0,0
BRDA:166,4,1,0
BRDA:168,5,0,0
BRDA:168,5,1,0
BRDA:172,6,0,0
BRDA:172,6,1,0
BRDA:185,7,0,0
BRDA:185,7,1,0
BRDA:186,8,0,0
BRDA:186,8,1,0
BRDA:190,9,0,0
BRDA:190,9,1,0
BRDA:195,10,0,0
BRDA:195,10,1,0
BRDA:195,11,0,0
BRDA:195,11,1,0
BRDA:199,12,0,0
BRDA:199,12,1,0
BRDA:261,13,0,12
BRDA:261,13,1,3
BRDA:263,14,0,11
BRDA:263,14,1,1
BRDA:264,15,0,12
BRDA:264,15,1,3
BRDA:309,16,0,11
BRDA:309,16,1,34
BRDA:314,17,0,1
BRDA:314,17,1,6
BRDA:321,18,0,6
BRDA:321,18,1,0
BRDA:321,19,0,6
BRDA:321,19,1,6
BRDA:328,20,0,6
BRDA:328,20,1,0
BRDA:362,21,0,0
BRDA:362,21,1,0
BRDA:363,22,0,0
BRDA:363,22,1,0
BRDA:364,23,0,0
BRDA:364,23,1,0
BRDA:364,23,2,0
BRDA:365,24,0,0
BRDA:365,24,1,0
BRDA:365,24,2,0
BRDA:370,25,0,0
BRDA:370,25,1,0
BRDA:372,26,0,0
BRDA:372,26,1,0
BRDA:375,27,0,0
BRDA:375,27,1,0
BRDA:380,28,0,0
BRDA:380,28,1,0
BRDA:381,29,0,0
BRDA:381,29,1,0
BRDA:401,30,0,0
BRDA:401,30,1,1
BRF:64
BRH:15
end_of_record
TN:
SF:src/aggregator/analysis-aggregator.ts
FN:109,flattenManifestFiles
FN:123,latestGateResult
FN:139,expandSectionArtifacts
FN:149,(anonymous_3)
FN:172,discoverTradecraftFiles
FN:201,isExcludedArtifact
FN:214,collectRunArtifacts
FN:217,(anonymous_7)
FN:240,humanize
FN:244,(anonymous_9)
FN:262,renderProvenanceBlock
FN:293,renderTradecraftAppendix
FN:294,(anonymous_12)
FN:295,(anonymous_13)
FN:333,humanizeStem
FN:345,renderAnalysisIndex
FN:349,(anonymous_16)
FN:474,renderReaderIntelligenceGuide
FN:479,(anonymous_18)
FN:485,(anonymous_19)
FN:522,renderArtifactFragment
FN:561,shouldSuppressFragmentHeader
FN:602,namespacedSectionId
FN:606,appendSection
FN:651,resolveArticleTypeFromManifest
FN:666,aggregateAnalysisRun
FN:680,(anonymous_26)
FN:728,(anonymous_27)
FN:824,guessDateFromRunDir
FNF:29
FNH:29
FNDA:52,flattenManifestFiles
FNDA:52,latestGateResult
FNDA:943,expandSectionArtifacts
FNDA:697,(anonymous_3)
FNDA:50,discoverTradecraftFiles
FNDA:135,isExcludedArtifact
FNDA:49,collectRunArtifacts
FNDA:180,(anonymous_7)
FNDA:1628,humanize
FNDA:3841,(anonymous_9)
FNDA:50,renderProvenanceBlock
FNDA:52,renderTradecraftAppendix
FNDA:1227,(anonymous_12)
FNDA:1227,(anonymous_13)
FNDA:170,humanizeStem
FNDA:52,renderAnalysisIndex
FNDA:134,(anonymous_16)
FNDA:50,renderReaderIntelligenceGuide
FNDA:133,(anonymous_18)
FNDA:254,(anonymous_19)
FNDA:131,renderArtifactFragment
FNDA:131,shouldSuppressFragmentHeader
FNDA:180,namespacedSectionId
FNDA:931,appendSection
FNDA:88,resolveArticleTypeFromManifest
FNDA:50,aggregateAnalysisRun
FNDA:234,(anonymous_26)
FNDA:131,(anonymous_27)
FNDA:3,guessDateFromRunDir
DA:55,14
DA:110,52
DA:124,52
DA:144,943
DA:145,943
DA:146,3821
DA:147,249
DA:148,249
DA:149,697
DA:151,249
DA:152,2
DA:153,2
DA:155,3572
DA:156,146
DA:157,146
DA:158,146
DA:161,943
DA:173,50
DA:174,50
DA:175,100
DA:176,100
DA:177,68
DA:178,68
DA:179,1410
DA:180,1410
DA:181,1305
DA:185,50
DA:202,135
DA:203,135
DA:215,49
DA:216,49
DA:217,49
DA:218,180
DA:219,180
DA:220,319
DA:221,319
DA:222,319
DA:223,131
DA:224,131
DA:225,188
DA:226,131
DA:230,49
DA:231,49
DA:241,1628
DA:244,3841
DA:270,50
DA:271,50
DA:272,50
DA:294,1227
DA:295,1227
DA:296,52
DA:302,52
DA:303,28
DA:304,28
DA:305,28
DA:306,869
DA:307,869
DA:309,28
DA:311,52
DA:312,35
DA:313,35
DA:314,35
DA:315,358
DA:316,358
DA:318,35
DA:320,52
DA:334,170
DA:349,52
DA:350,134
DA:351,134
DA:353,52
DA:371,14
DA:478,50
DA:480,133
DA:481,133
DA:484,133
DA:485,254
DA:486,133
DA:487,133
DA:491,50
DA:492,50
DA:530,131
DA:531,131
DA:532,131
DA:533,131
DA:534,131
DA:538,131
DA:539,131
DA:540,131
DA:541,131
DA:546,131
DA:562,131
DA:563,131
DA:564,131
DA:565,131
DA:566,131
DA:593,14
DA:603,180
DA:617,931
DA:618,131
DA:619,131
DA:620,131
DA:621,131
DA:622,131
DA:630,131
DA:631,131
DA:632,131
DA:634,131
DA:635,131
DA:636,131
DA:637,131
DA:638,131
DA:652,88
DA:667,50
DA:668,50
DA:669,1
DA:671,49
DA:672,49
DA:673,49
DA:674,49
DA:676,49
DA:677,49
DA:678,49
DA:681,234
DA:687,49
DA:689,49
DA:690,49
DA:691,49
DA:692,49
DA:693,49
DA:694,49
DA:696,49
DA:697,49
DA:698,49
DA:699,49
DA:700,49
DA:713,49
DA:714,882
DA:715,882
DA:728,131
DA:729,49
DA:730,0
DA:741,0
DA:744,49
DA:745,50
DA:746,50
DA:747,50
DA:748,50
DA:749,50
DA:751,50
DA:752,50
DA:760,50
DA:761,50
DA:762,50
DA:763,50
DA:766,50
DA:770,50
DA:771,49
DA:775,49
DA:777,49
DA:778,3
DA:783,49
DA:784,49
DA:786,49
DA:805,50
DA:825,3
DA:826,3
LF:167
LH:165
BRDA:146,0,0,249
BRDA:146,0,1,3572
BRDA:149,1,0,697
BRDA:149,1,1,81
BRDA:155,2,0,146
BRDA:155,2,1,3426
BRDA:155,3,0,3572
BRDA:155,3,1,146
BRDA:158,4,0,33
BRDA:158,4,1,113
BRDA:176,5,0,32
BRDA:176,5,1,68
BRDA:180,6,0,1305
BRDA:180,6,1,105
BRDA:180,7,0,1410
BRDA:180,7,1,1365
BRDA:180,7,2,1335
BRDA:202,8,0,0
BRDA:202,8,1,135
BRDA:203,9,0,135
BRDA:203,9,1,4
BRDA:216,10,0,0
BRDA:216,10,1,49
BRDA:221,11,0,131
BRDA:221,11,1,188
BRDA:222,12,0,131
BRDA:222,12,1,188
BRDA:223,13,0,0
BRDA:223,13,1,131
BRDA:223,14,0,131
BRDA:223,14,1,131
BRDA:223,14,2,131
BRDA:225,15,0,131
BRDA:225,15,1,57
BRDA:225,16,0,188
BRDA:225,16,1,188
BRDA:225,16,2,135
BRDA:302,17,0,28
BRDA:302,17,1,24
BRDA:306,18,0,869
BRDA:306,18,1,0
BRDA:311,19,0,35
BRDA:311,19,1,17
BRDA:315,20,0,358
BRDA:315,20,1,0
BRDA:350,21,0,134
BRDA:350,21,1,0
BRDA:480,22,0,0
BRDA:480,22,1,133
BRDA:484,23,0,0
BRDA:484,23,1,133
BRDA:486,24,0,132
BRDA:486,24,1,1
BRDA:491,25,0,0
BRDA:491,25,1,50
BRDA:531,26,0,0
BRDA:531,26,1,131
BRDA:538,27,0,131
BRDA:538,27,1,0
BRDA:539,28,0,80
BRDA:539,28,1,51
BRDA:562,29,0,0
BRDA:562,29,1,131
BRDA:564,30,0,0
BRDA:564,30,1,131
BRDA:565,31,0,131
BRDA:565,31,1,0
BRDA:617,32,0,800
BRDA:617,32,1,131
BRDA:630,33,0,0
BRDA:630,33,1,131
BRDA:634,34,0,0
BRDA:634,34,1,131
BRDA:668,35,0,1
BRDA:668,35,1,49
BRDA:673,36,0,49
BRDA:673,36,1,0
BRDA:681,37,0,234
BRDA:681,37,1,234
BRDA:681,37,2,234
BRDA:681,37,3,234
BRDA:698,38,0,49
BRDA:698,38,1,0
BRDA:729,39,0,0
BRDA:729,39,1,49
BRDA:744,40,0,49
BRDA:744,40,1,49
BRDA:746,41,0,50
BRDA:746,41,1,0
BRDA:766,42,0,31
BRDA:766,42,1,18
BRDA:766,43,0,50
BRDA:766,43,1,49
BRDA:767,44,0,49
BRDA:767,44,1,0
BRDA:770,45,0,49
BRDA:770,45,1,1
BRDA:777,46,0,3
BRDA:777,46,1,46
BRDA:791,47,0,49
BRDA:791,47,1,0
BRDA:792,48,0,3
BRDA:792,48,1,46
BRDA:826,49,0,2
BRDA:826,49,1,1
BRDA:826,50,0,2
BRDA:826,50,1,0
BRF:107
BRH:84
end_of_record
TN:
SF:src/aggregator/article-generator.ts
FN:163,applyFlagResult
FN:203,parseCliArgs
FN:213,(anonymous_2)
FN:267,applyCliFlag
FN:311,splitFlag
FN:319,printHelp
FN:361,buildArticleSlug
FN:374,sanitizeRunSuffix
FN:386,shouldSkipDescriptionLine
FN:411,extractDefaultDescription
FN:423,yamlEscape
FN:442,buildJekyllArticleMarkdown
FN:453,(anonymous_12)
FN:493,writeLanguageVariant
FN:544,(anonymous_14)
FN:568,insertReaderGuideAfterExecutiveBrief
FN:594,pickEarliestIndex
FN:611,getMetadataEntry
FN:635,countPublishedArticles
FN:657,generateArticle
FN:767,discoverAnalysisRuns
FN:781,groupRunsForCollision
FN:796,generateAllArticles
FN:798,(anonymous_23)
FN:823,readManifestRunId
FN:843,readManifestMetadata
FN:881,isLanguageMapLike
FN:900,applyCliOverrides
FN:934,defaultTitle
FN:937,(anonymous_29)
FN:954,ensureDir
FN:964,main
FN:991,(anonymous_32)
FN:1002,(anonymous_33)
FNF:34
FNH:28
FNDA:19,applyFlagResult
FNDA:17,parseCliArgs
FNDA:18,(anonymous_2)
FNDA:27,applyCliFlag
FNDA:2,splitFlag
FNDA:0,printHelp
FNDA:36,buildArticleSlug
FNDA:10,sanitizeRunSuffix
FNDA:0,shouldSkipDescriptionLine
FNDA:6,extractDefaultDescription
FNDA:594,yamlEscape
FNDA:33,buildJekyllArticleMarkdown
FNDA:528,(anonymous_12)
FNDA:52,writeLanguageVariant
FNDA:156,(anonymous_14)
FNDA:56,insertReaderGuideAfterExecutiveBrief
FNDA:55,pickEarliestIndex
FNDA:113,getMetadataEntry
FNDA:11,countPublishedArticles
FNDA:34,generateArticle
FNDA:22,discoverAnalysisRuns
FNDA:7,groupRunsForCollision
FNDA:4,generateAllArticles
FNDA:203,(anonymous_23)
FNDA:33,readManifestRunId
FNDA:33,readManifestMetadata
FNDA:66,isLanguageMapLike
FNDA:2,applyCliOverrides
FNDA:0,defaultTitle
FNDA:0,(anonymous_29)
FNDA:33,ensureDir
FNDA:0,main
FNDA:6,(anonymous_32)
FNDA:0,(anonymous_33)
DA:164,19
DA:166,12
DA:167,12
DA:169,3
DA:170,3
DA:172,1
DA:173,1
DA:175,1
DA:176,1
DA:178,1
DA:179,1
DA:181,1
DA:182,1
DA:184,0
DA:185,0
DA:204,17
DA:210,17
DA:211,27
DA:212,27
DA:213,27
DA:214,18
DA:215,16
DA:216,16
DA:217,1
DA:219,15
DA:220,15
DA:222,27
DA:224,19
DA:225,7
DA:226,1
DA:228,6
DA:229,1
DA:232,7
DA:243,17
DA:268,27
DA:271,13
DA:273,3
DA:275,2
DA:276,2
DA:277,1
DA:279,1
DA:283,1
DA:285,1
DA:287,1
DA:290,0
DA:291,0
DA:296,5
DA:301,1
DA:312,2
DA:313,2
DA:320,0
DA:362,36
DA:375,10
DA:387,0
DA:388,0
DA:389,0
DA:390,0
DA:391,0
DA:392,0
DA:397,6
DA:412,6
DA:413,6
DA:414,6
DA:424,594
DA:452,33
DA:453,528
DA:455,33
DA:470,33
DA:505,52
DA:506,52
DA:507,52
DA:508,52
DA:509,52
DA:510,0
DA:511,0
DA:513,52
DA:514,52
DA:515,52
DA:520,52
DA:521,52
DA:523,52
DA:524,52
DA:525,52
DA:526,52
DA:528,52
DA:531,52
DA:544,156
DA:546,52
DA:547,52
DA:548,52
DA:569,56
DA:570,56
DA:571,56
DA:572,1
DA:574,55
DA:575,55
DA:576,55
DA:577,55
DA:578,55
DA:579,1
DA:581,54
DA:595,55
DA:596,53
DA:597,0
DA:612,113
DA:613,113
DA:614,113
DA:616,0
DA:617,113
DA:636,11
DA:637,11
DA:639,0
DA:662,34
DA:663,1
DA:665,33
DA:669,33
DA:671,33
DA:672,33
DA:681,33
DA:684,34
DA:685,34
DA:692,34
DA:693,34
DA:694,34
DA:699,34
DA:700,34
DA:709,34
DA:710,34
DA:715,34
DA:716,34
DA:717,34
DA:718,34
DA:720,34
DA:721,34
DA:722,11
DA:723,11
DA:728,11
DA:729,52
DA:737,52
DA:740,33
DA:768,22
DA:784,7
DA:797,4
DA:798,203
DA:799,4
DA:800,4
DA:801,4
DA:802,4
DA:803,4
DA:804,4
DA:805,4
DA:806,4
DA:807,4
DA:809,4
DA:824,33
DA:825,33
DA:826,33
DA:827,33
DA:828,33
DA:830,0
DA:844,33
DA:845,33
DA:846,33
DA:847,33
DA:848,33
DA:849,33
DA:850,33
DA:851,33
DA:853,33
DA:854,33
DA:856,33
DA:857,33
DA:859,33
DA:860,0
DA:862,33
DA:863,0
DA:865,33
DA:866,0
DA:868,33
DA:870,0
DA:882,66
DA:883,0
DA:884,0
DA:886,0
DA:905,2
DA:909,2
DA:910,28
DA:911,28
DA:923,2
DA:935,0
DA:937,0
DA:940,0
DA:947,6
DA:955,33
DA:965,0
DA:966,0
DA:967,0
DA:968,0
DA:969,0
DA:970,0
DA:971,0
DA:972,0
DA:973,0
DA:974,0
DA:978,0
DA:981,0
DA:983,0
DA:984,0
DA:987,0
DA:991,6
DA:992,6
DA:993,6
DA:994,6
DA:995,6
DA:997,0
DA:1001,6
DA:1002,0
DA:1003,0
DA:1004,0
DA:1005,0
LF:220
LH:173
BRDA:164,0,0,12
BRDA:164,0,1,3
BRDA:164,0,2,1
BRDA:164,0,3,1
BRDA:164,0,4,1
BRDA:164,0,5,1
BRDA:164,0,6,0
BRDA:211,1,0,27
BRDA:211,1,1,0
BRDA:212,2,0,2
BRDA:212,2,1,25
BRDA:214,3,0,2
BRDA:214,3,1,16
BRDA:216,4,0,1
BRDA:216,4,1,15
BRDA:224,5,0,7
BRDA:224,5,1,12
BRDA:225,6,0,1
BRDA:225,6,1,6
BRDA:228,7,0,1
BRDA:228,7,1,5
BRDA:239,8,0,1
BRDA:239,8,1,6
BRDA:240,9,0,1
BRDA:240,9,1,6
BRDA:241,10,0,1
BRDA:241,10,1,6
BRDA:268,11,0,12
BRDA:268,11,1,13
BRDA:268,11,2,3
BRDA:268,11,3,2
BRDA:268,11,4,0
BRDA:268,11,5,1
BRDA:268,11,6,1
BRDA:268,11,7,1
BRDA:268,11,8,0
BRDA:268,11,9,0
BRDA:268,11,10,2
BRDA:268,11,11,4
BRDA:268,11,12,5
BRDA:268,11,13,1
BRDA:276,12,0,1
BRDA:276,12,1,1
BRDA:387,13,0,0
BRDA:387,13,1,0
BRDA:388,14,0,0
BRDA:388,14,1,0
BRDA:389,15,0,0
BRDA:389,15,1,0
BRDA:390,16,0,0
BRDA:390,16,1,0
BRDA:391,17,0,0
BRDA:391,17,1,0
BRDA:414,18,0,4
BRDA:414,18,1,2
BRDA:452,19,0,33
BRDA:452,19,1,0
BRDA:509,20,0,0
BRDA:509,20,1,52
BRDA:509,21,0,52
BRDA:509,21,1,41
BRDA:520,22,0,52
BRDA:520,22,1,0
BRDA:528,23,0,0
BRDA:528,23,1,52
BRDA:528,24,0,52
BRDA:528,24,1,41
BRDA:529,25,0,0
BRDA:529,25,1,0
BRDA:571,26,0,1
BRDA:571,26,1,55
BRDA:578,27,0,1
BRDA:578,27,1,54
BRDA:595,28,0,2
BRDA:595,28,1,53
BRDA:596,29,0,53
BRDA:596,29,1,0
BRDA:613,30,0,113
BRDA:613,30,1,0
BRDA:618,31,0,113
BRDA:618,31,1,0
BRDA:662,32,0,1
BRDA:662,32,1,33
BRDA:681,33,0,2
BRDA:681,33,1,31
BRDA:681,34,0,33
BRDA:681,34,1,32
BRDA:721,35,0,11
BRDA:721,35,1,23
BRDA:726,36,0,11
BRDA:726,36,1,11
BRDA:798,37,0,2
BRDA:798,37,1,2
BRDA:804,38,0,4
BRDA:804,38,1,0
BRDA:805,39,0,2
BRDA:805,39,1,2
BRDA:825,40,0,0
BRDA:825,40,1,33
BRDA:845,41,0,0
BRDA:845,41,1,33
BRDA:850,42,0,33
BRDA:850,42,1,0
BRDA:850,43,0,33
BRDA:850,43,1,33
BRDA:853,44,0,33
BRDA:853,44,1,0
BRDA:856,45,0,33
BRDA:856,45,1,0
BRDA:859,46,0,0
BRDA:859,46,1,33
BRDA:859,47,0,33
BRDA:859,47,1,33
BRDA:862,48,0,0
BRDA:862,48,1,33
BRDA:862,49,0,33
BRDA:862,49,1,33
BRDA:865,50,0,0
BRDA:865,50,1,33
BRDA:882,51,0,66
BRDA:882,51,1,0
BRDA:882,52,0,66
BRDA:882,52,1,0
BRDA:882,52,2,0
BRDA:884,53,0,0
BRDA:884,53,1,0
BRDA:913,54,0,28
BRDA:913,54,1,14
BRDA:914,55,0,28
BRDA:914,55,1,14
BRDA:916,56,0,28
BRDA:916,56,1,0
BRDA:916,57,0,28
BRDA:916,57,1,14
BRDA:937,58,0,0
BRDA:937,58,1,0
BRDA:940,59,0,0
BRDA:940,59,1,0
BRDA:955,60,0,0
BRDA:955,60,1,33
BRDA:964,61,0,0
BRDA:965,62,0,0
BRDA:965,62,1,0
BRDA:967,63,0,0
BRDA:967,63,1,0
BRDA:993,64,0,0
BRDA:993,64,1,6
BRDA:1001,65,0,0
BRDA:1001,65,1,6
BRDA:1003,66,0,0
BRDA:1003,66,1,0
BRF:151
BRH:98
end_of_record
TN:
SF:src/aggregator/article-html.ts
FN:97,getLocalizedArticleTypePlain
FN:117,truncateHeadline
FN:148,getTitleSeparator
FN:160,getLocalizedArticleType
FN:250,getArticleFilename
FN:261,buildArticleHreflangLinks
FN:263,(anonymous_6)
FN:279,buildLanguageSwitcher
FN:280,(anonymous_8)
FN:300,getLocalizedTocTitle
FN:339,getTocSectionIcon
FN:364,buildArticleToc
FN:368,(anonymous_12)
FN:398,localizeArticleBody
FN:519,replaceFirstStringIn
FN:535,replaceHeadingById
FN:666,getStemIcon
FN:693,extractTradecraftLinks
FN:744,renderTradecraftCard
FN:773,getViewMethodologyLabel
FN:802,getViewTemplateLabel
FN:831,getViewArtifactLabel
FN:863,replaceFollowingUlWithCardGrid
FN:900,enhanceTradecraftCards
FN:915,(anonymous_24)
FN:927,(anonymous_25)
FN:953,enhanceAnalysisIndexCards
FN:963,(anonymous_27)
FN:995,parseAnalysisIndexRows
FN:1028,parseRowCells
FN:1049,parseAnchor
FN:1074,stripCodeWrapper
FN:1091,renderAnalysisIndexCard
FN:1118,wrapArticleHtml
FN:1151,(anonymous_34)
FN:1216,(anonymous_35)
FN:1250,(anonymous_36)
FNF:37
FNH:37
FNDA:138,getLocalizedArticleTypePlain
FNDA:138,truncateHeadline
FNDA:276,getTitleSeparator
FNDA:138,getLocalizedArticleType
FNDA:4209,getArticleFilename
FNDA:139,buildArticleHreflangLinks
FNDA:1946,(anonymous_6)
FNDA:138,buildLanguageSwitcher
FNDA:1932,(anonymous_8)
FNDA:537,getLocalizedTocTitle
FNDA:381,getTocSectionIcon
FNDA:153,buildArticleToc
FNDA:381,(anonymous_12)
FNDA:75,localizeArticleBody
FNDA:248,replaceFirstStringIn
FNDA:248,replaceHeadingById
FNDA:326,getStemIcon
FNDA:104,extractTradecraftLinks
FNDA:170,renderTradecraftCard
FNDA:2,getViewMethodologyLabel
FNDA:2,getViewTemplateLabel
FNDA:156,getViewArtifactLabel
FNDA:4,replaceFollowingUlWithCardGrid
FNDA:52,enhanceTradecraftCards
FNDA:122,(anonymous_24)
FNDA:48,(anonymous_25)
FNDA:52,enhanceAnalysisIndexCards
FNDA:156,(anonymous_27)
FNDA:52,parseAnalysisIndexRows
FNDA:156,parseRowCells
FNDA:156,parseAnchor
FNDA:156,stripCodeWrapper
FNDA:156,renderAnalysisIndexCard
FNDA:138,wrapArticleHtml
FNDA:27514,(anonymous_34)
FNDA:157,(anonymous_35)
FNDA:832,(anonymous_36)
DA:98,138
DA:99,138
DA:116,12
DA:118,138
DA:119,138
DA:123,0
DA:124,0
DA:131,0
DA:149,276
DA:161,138
DA:162,138
DA:163,138
DA:164,138
DA:167,138
DA:171,12
DA:174,12
DA:251,4209
DA:262,139
DA:264,1946
DA:266,139
DA:269,139
DA:280,138
DA:281,1932
DA:282,1932
DA:283,1932
DA:284,1932
DA:285,1932
DA:286,1932
DA:287,1932
DA:305,537
DA:306,69
DA:308,468
DA:309,55
DA:311,413
DA:312,70
DA:314,343
DA:315,1
DA:317,342
DA:318,1
DA:320,341
DA:321,341
DA:322,341
DA:323,338
DA:325,3
DA:340,381
DA:341,312
DA:342,311
DA:343,310
DA:344,255
DA:345,185
DA:365,153
DA:366,82
DA:367,82
DA:369,381
DA:370,381
DA:371,381
DA:374,82
DA:399,75
DA:401,62
DA:403,62
DA:404,62
DA:411,62
DA:412,62
DA:413,62
DA:414,62
DA:415,62
DA:416,62
DA:417,62
DA:418,62
DA:422,62
DA:426,62
DA:427,62
DA:432,62
DA:438,62
DA:439,62
DA:444,62
DA:450,62
DA:451,62
DA:453,62
DA:454,62
DA:455,62
DA:456,62
DA:457,62
DA:458,62
DA:459,62
DA:460,62
DA:461,62
DA:462,62
DA:463,62
DA:464,62
DA:468,62
DA:469,62
DA:475,75
DA:476,75
DA:477,75
DA:478,62
DA:479,62
DA:480,62
DA:481,62
DA:485,62
DA:486,62
DA:487,62
DA:488,62
DA:493,62
DA:494,62
DA:496,62
DA:497,62
DA:504,62
DA:520,248
DA:521,248
DA:522,42
DA:541,248
DA:542,248
DA:543,248
DA:544,82
DA:545,82
DA:547,248
DA:549,166
DA:550,166
DA:552,166
DA:553,166
DA:554,166
DA:556,166
DA:557,166
DA:559,166
DA:569,12
DA:578,12
DA:667,326
DA:694,104
DA:695,104
DA:696,104
DA:697,556
DA:698,556
DA:699,452
DA:700,452
DA:701,452
DA:702,452
DA:703,452
DA:704,452
DA:705,452
DA:706,452
DA:707,452
DA:708,452
DA:709,452
DA:710,452
DA:711,452
DA:712,452
DA:713,170
DA:714,170
DA:716,104
DA:745,170
DA:746,170
DA:747,170
DA:748,170
DA:749,170
DA:750,170
DA:774,2
DA:790,2
DA:803,2
DA:819,2
DA:832,156
DA:848,156
DA:868,4
DA:869,4
DA:870,4
DA:871,4
DA:872,4
DA:873,4
DA:874,4
DA:875,4
DA:901,52
DA:902,52
DA:903,52
DA:904,52
DA:905,52
DA:906,52
DA:907,52
DA:908,52
DA:909,2
DA:910,2
DA:911,2
DA:912,2
DA:913,2
DA:914,2
DA:915,122
DA:917,2
DA:918,2
DA:920,2
DA:921,2
DA:922,2
DA:923,2
DA:924,2
DA:925,2
DA:926,2
DA:927,48
DA:929,2
DA:930,2
DA:934,2
DA:954,52
DA:955,52
DA:956,52
DA:957,52
DA:958,52
DA:959,52
DA:960,52
DA:961,52
DA:962,52
DA:963,156
DA:964,52
DA:965,52
DA:966,52
DA:967,52
DA:968,52
DA:969,52
DA:971,52
DA:972,52
DA:996,52
DA:997,52
DA:998,52
DA:999,260
DA:1000,260
DA:1001,208
DA:1002,208
DA:1003,208
DA:1004,208
DA:1005,208
DA:1006,156
DA:1007,156
DA:1008,156
DA:1009,260
DA:1010,156
DA:1011,260
DA:1018,52
DA:1029,156
DA:1030,156
DA:1031,156
DA:1032,624
DA:1033,624
DA:1034,468
DA:1035,468
DA:1036,468
DA:1037,468
DA:1039,156
DA:1050,156
DA:1051,156
DA:1052,156
DA:1053,156
DA:1054,156
DA:1055,156
DA:1056,156
DA:1057,156
DA:1058,156
DA:1059,156
DA:1060,156
DA:1061,156
DA:1075,156
DA:1076,156
DA:1077,156
DA:1078,156
DA:1079,156
DA:1092,156
DA:1093,156
DA:1094,156
DA:1095,156
DA:1096,156
DA:1119,138
DA:1120,138
DA:1121,138
DA:1122,138
DA:1123,138
DA:1124,138
DA:1125,138
DA:1126,138
DA:1127,138
DA:1128,138
DA:1129,138
DA:1130,138
DA:1134,138
DA:1135,138
DA:1136,138
DA:1137,138
DA:1140,138
DA:1141,138
DA:1143,138
DA:1150,138
DA:1151,27514
DA:1157,138
DA:1178,138
DA:1216,157
DA:1221,138
DA:1246,138
DA:1247,138
DA:1249,138
DA:1250,832
DA:1252,138
DA:1260,138
DA:1263,138
DA:1264,138
DA:1265,138
DA:1267,138
DA:1275,138
LF:301
LH:298
BRDA:99,0,0,138
BRDA:99,0,1,1
BRDA:119,1,0,138
BRDA:119,1,1,0
BRDA:131,2,0,0
BRDA:131,2,1,0
BRDA:149,3,0,24
BRDA:149,3,1,252
BRDA:162,4,0,138
BRDA:162,4,1,1
BRDA:164,5,0,137
BRDA:164,5,1,1
BRDA:284,6,0,138
BRDA:284,6,1,1794
BRDA:285,7,0,138
BRDA:285,7,1,1794
BRDA:305,8,0,69
BRDA:305,8,1,468
BRDA:308,9,0,55
BRDA:308,9,1,413
BRDA:311,10,0,70
BRDA:311,10,1,343
BRDA:314,11,0,1
BRDA:314,11,1,342
BRDA:317,12,0,1
BRDA:317,12,1,341
BRDA:322,13,0,338
BRDA:322,13,1,3
BRDA:340,14,0,69
BRDA:340,14,1,312
BRDA:341,15,0,1
BRDA:341,15,1,311
BRDA:342,16,0,1
BRDA:342,16,1,310
BRDA:343,17,0,55
BRDA:343,17,1,255
BRDA:344,18,0,70
BRDA:344,18,1,185
BRDA:365,19,0,71
BRDA:365,19,1,82
BRDA:399,20,0,13
BRDA:399,20,1,62
BRDA:414,21,0,62
BRDA:414,21,1,0
BRDA:416,22,0,62
BRDA:416,22,1,0
BRDA:458,23,0,62
BRDA:458,23,1,0
BRDA:460,24,0,62
BRDA:460,24,1,0
BRDA:460,25,0,62
BRDA:460,25,1,62
BRDA:463,26,0,62
BRDA:463,26,1,0
BRDA:469,27,0,62
BRDA:469,27,1,0
BRDA:477,28,0,62
BRDA:477,28,1,13
BRDA:479,29,0,62
BRDA:479,29,1,0
BRDA:521,30,0,206
BRDA:521,30,1,42
BRDA:543,31,0,82
BRDA:543,31,1,166
BRDA:547,32,0,82
BRDA:547,32,1,166
BRDA:550,33,0,0
BRDA:550,33,1,166
BRDA:554,34,0,0
BRDA:554,34,1,166
BRDA:557,35,0,0
BRDA:557,35,1,166
BRDA:667,36,0,326
BRDA:667,36,1,10
BRDA:698,37,0,104
BRDA:698,37,1,452
BRDA:700,38,0,0
BRDA:700,38,1,452
BRDA:703,39,0,0
BRDA:703,39,1,452
BRDA:706,40,0,0
BRDA:706,40,1,452
BRDA:708,41,0,0
BRDA:708,41,1,452
BRDA:712,42,0,282
BRDA:712,42,1,170
BRDA:745,43,0,170
BRDA:745,43,1,0
BRDA:790,44,0,2
BRDA:790,44,1,0
BRDA:790,44,2,0
BRDA:819,45,0,2
BRDA:819,45,1,0
BRDA:819,45,2,0
BRDA:848,46,0,156
BRDA:848,46,1,0
BRDA:848,46,2,0
BRDA:869,47,0,0
BRDA:869,47,1,4
BRDA:871,48,0,0
BRDA:871,48,1,4
BRDA:902,49,0,0
BRDA:902,49,1,52
BRDA:904,50,0,0
BRDA:904,50,1,52
BRDA:908,51,0,50
BRDA:908,51,1,2
BRDA:908,52,0,52
BRDA:908,52,1,50
BRDA:913,53,0,2
BRDA:913,53,1,0
BRDA:913,54,0,2
BRDA:913,54,1,2
BRDA:921,55,0,2
BRDA:921,55,1,0
BRDA:921,56,0,2
BRDA:921,56,1,2
BRDA:923,57,0,2
BRDA:923,57,1,0
BRDA:925,58,0,2
BRDA:925,58,1,0
BRDA:955,59,0,0
BRDA:955,59,1,52
BRDA:957,60,0,0
BRDA:957,60,1,52
BRDA:959,61,0,0
BRDA:959,61,1,52
BRDA:962,62,0,0
BRDA:962,62,1,52
BRDA:965,63,0,52
BRDA:965,63,1,0
BRDA:965,64,0,52
BRDA:965,64,1,52
BRDA:967,65,0,52
BRDA:967,65,1,0
BRDA:967,66,0,52
BRDA:967,66,1,52
BRDA:969,67,0,52
BRDA:969,67,1,0
BRDA:1000,68,0,52
BRDA:1000,68,1,208
BRDA:1002,69,0,0
BRDA:1002,69,1,208
BRDA:1005,70,0,52
BRDA:1005,70,1,156
BRDA:1007,71,0,0
BRDA:1007,71,1,156
BRDA:1008,72,0,156
BRDA:1008,72,1,0
BRDA:1009,73,0,0
BRDA:1009,73,1,260
BRDA:1010,74,0,156
BRDA:1010,74,1,0
BRDA:1012,75,0,260
BRDA:1012,75,1,0
BRDA:1033,76,0,156
BRDA:1033,76,1,468
BRDA:1035,77,0,0
BRDA:1035,77,1,468
BRDA:1051,78,0,0
BRDA:1051,78,1,156
BRDA:1053,79,0,0
BRDA:1053,79,1,156
BRDA:1056,80,0,0
BRDA:1056,80,1,156
BRDA:1058,81,0,0
BRDA:1058,81,1,156
BRDA:1060,82,0,0
BRDA:1060,82,1,156
BRDA:1076,83,0,0
BRDA:1076,83,1,156
BRDA:1078,84,0,0
BRDA:1078,84,1,156
BRDA:1093,85,0,156
BRDA:1093,85,1,0
BRDA:1119,86,0,138
BRDA:1119,86,1,0
BRDA:1121,87,0,138
BRDA:1121,87,1,0
BRDA:1124,88,0,64
BRDA:1124,88,1,74
BRDA:1137,89,0,82
BRDA:1137,89,1,56
BRDA:1140,90,0,138
BRDA:1140,90,1,67
BRDA:1141,91,0,69
BRDA:1141,91,1,69
BRDA:1204,92,0,138
BRDA:1204,92,1,86
BRDA:1214,93,0,53
BRDA:1214,93,1,85
BRDA:1214,94,0,138
BRDA:1214,94,1,54
BRDA:1250,95,0,138
BRDA:1250,95,1,86
BRDA:1252,96,0,52
BRDA:1252,96,1,86
BRDA:1260,97,0,29
BRDA:1260,97,1,109
BRDA:1260,98,0,138
BRDA:1260,98,1,29
BRDA:1265,99,0,0
BRDA:1265,99,1,138
BRDA:1345,100,0,53
BRDA:1345,100,1,85
BRF:205
BRH:148
end_of_record
TN:
SF:src/aggregator/article-meta.ts
FN:119,dedupeItems
FN:124,(anonymous_1)
FN:138,extractMacroLeadParagraph
FN:144,(anonymous_3)
FN:169,(anonymous_4)
FN:188,(anonymous_5)
FN:210,extractTopRisks
FN:235,extractKeyDates
FN:243,(anonymous_8)
FN:243,(anonymous_9)
FN:256,extractKeyActors
FN:280,extractMacroContext
FN:295,extractKeyTakeaways
FN:303,(anonymous_13)
FN:316,buildArticleMeta
FN:351,computeSources
FN:369,(anonymous_16)
FN:380,serializeArticleMeta
FNF:18
FNH:17
FNDA:74,dedupeItems
FNDA:84,(anonymous_1)
FNDA:3,extractMacroLeadParagraph
FNDA:6,(anonymous_3)
FNDA:0,(anonymous_4)
FNDA:18,(anonymous_5)
FNDA:37,extractTopRisks
FNDA:37,extractKeyDates
FNDA:6,(anonymous_8)
FNDA:6,(anonymous_9)
FNDA:37,extractKeyActors
FNDA:37,extractMacroContext
FNDA:37,extractKeyTakeaways
FNDA:75,(anonymous_13)
FNDA:36,buildArticleMeta
FNDA:36,computeSources
FNDA:540,(anonymous_16)
FNDA:35,serializeArticleMeta
DA:93,8
DA:97,8
DA:100,8
DA:120,74
DA:121,74
DA:122,74
DA:123,81
DA:124,84
DA:125,81
DA:127,74
DA:139,3
DA:140,3
DA:141,3
DA:142,3
DA:144,3
DA:145,6
DA:146,3
DA:147,3
DA:148,3
DA:149,3
DA:150,3
DA:151,3
DA:152,3
DA:154,3
DA:157,3
DA:158,6
DA:159,6
DA:160,0
DA:161,0
DA:163,6
DA:164,6
DA:165,6
DA:166,3
DA:167,3
DA:170,0
DA:177,0
DA:179,3
DA:180,3
DA:181,3
DA:183,3
DA:185,3
DA:186,3
DA:189,18
DA:196,3
DA:198,0
DA:211,37
DA:216,37
DA:217,105
DA:218,105
DA:219,11
DA:220,11
DA:221,11
DA:223,34
DA:236,37
DA:242,37
DA:243,37
DA:244,37
DA:257,37
DA:262,37
DA:263,63
DA:264,63
DA:265,40
DA:266,40
DA:267,40
DA:269,13
DA:281,37
DA:282,37
DA:283,3
DA:284,3
DA:285,3
DA:296,37
DA:302,37
DA:303,75
DA:304,37
DA:305,37
DA:306,24
DA:317,36
DA:318,36
DA:319,36
DA:320,36
DA:321,36
DA:322,36
DA:323,36
DA:324,36
DA:325,36
DA:326,36
DA:352,36
DA:369,540
DA:381,35
LF:89
LH:84
BRDA:123,0,0,0
BRDA:123,0,1,81
BRDA:125,1,0,81
BRDA:125,1,1,0
BRDA:146,2,0,3
BRDA:146,2,1,0
BRDA:147,3,0,0
BRDA:147,3,1,3
BRDA:147,4,0,3
BRDA:147,4,1,3
BRDA:147,4,2,3
BRDA:148,5,0,0
BRDA:148,5,1,3
BRDA:149,6,0,0
BRDA:149,6,1,3
BRDA:150,7,0,0
BRDA:150,7,1,3
BRDA:151,8,0,0
BRDA:151,8,1,3
BRDA:158,9,0,6
BRDA:158,9,1,0
BRDA:159,10,0,0
BRDA:159,10,1,6
BRDA:163,11,0,0
BRDA:163,11,1,6
BRDA:165,12,0,3
BRDA:165,12,1,3
BRDA:167,13,0,0
BRDA:167,13,1,3
BRDA:168,14,0,3
BRDA:168,14,1,0
BRDA:179,15,0,3
BRDA:179,15,1,0
BRDA:186,16,0,3
BRDA:186,16,1,0
BRDA:187,17,0,3
BRDA:187,17,1,3
BRDA:218,18,0,94
BRDA:218,18,1,11
BRDA:221,19,0,3
BRDA:221,19,1,8
BRDA:264,20,0,23
BRDA:264,20,1,40
BRDA:267,21,0,24
BRDA:267,21,1,16
BRDA:282,22,0,34
BRDA:282,22,1,3
BRDA:305,23,0,13
BRDA:305,23,1,24
BRF:49
BRH:34
end_of_record
TN:
SF:src/aggregator/article-metadata.ts
FN:431,extractFirstH1
FN:467,collectProseLine
FN:492,extractStrongProseLine
FN:548,classifyLedeLine
FN:559,(anonymous_4)
FN:578,applyLedeDirective
FN:596,extractLedeAfterHeading
FN:626,extractExtendedLedeAfterHeading
FN:654,normaliseHeadingText
FN:676,isLedeHeadingMatch
FN:697,isArtifactCategoryHeading
FN:744,stripArtifactCategoryAffix
FN:747,(anonymous_12)
FN:784,cleanupAffixCore
FN:799,normaliseCategoryHeading
FN:815,humanizeSlug
FN:818,(anonymous_16)
FN:835,isGenericHeading
FN:910,isBareInstitutionalHeading
FN:978,isCategoryNounHeading
FN:1022,escapeRegex
FN:1036,extractArtifactHighlight
FN:1062,(anonymous_22)
FN:1094,isTranslatedSiblingBrief
FN:1111,scanCandidatesForHighlight
FN:1149,probeCandidateForHighlight
FN:1257,extractPriorityFindingHighlight
FN:1273,scanPrioritySection
FN:1316,scanH2StoryHeadings
FN:1342,extractH2StoryHeadline
FN:1369,findPrioritySectionStart
FN:1390,headingMatchesPriorityProbe
FN:1412,extractPriorityFindingItem
FN:1506,isMetadataBoldLine
FN:1534,buildPriorityResult
FN:1555,isPrioritySummaryStopper
FN:1572,collectPrioritySummaryLines
FN:1669,stripPriorityLeadingDecoration
FN:1694,stripPriorityLeadingPrefix
FN:1718,stripPriorityTrailingMarker
FN:1731,cleanPriorityHeadline
FN:1761,stripPriorityTailMetadata
FN:1772,readArtefactBody
FN:1803,safeReaddir
FN:1823,buildTemplateFallback
FN:1888,templateForType
FN:1962,manifestOverrideFor
FN:1985,resolveEditorialContent
FN:2058,composeContextualTitle
FN:2093,composeContextualDescription
FN:2131,withRunQualifier
FN:2158,containsNormalized
FN:2176,buildSeoKeywords
FN:2205,extractKeywordTerms
FN:2208,(anonymous_54)
FN:2209,(anonymous_55)
FN:2219,dedupeKeywords
FN:2240,resolveArticleMetadata
FN:2310,resolveOneLanguage
FN:2394,resolvePerLanguageEditorial
FN:2446,pickFirstNonEmpty
FNF:61
FNH:61
FNDA:70,extractFirstH1
FNDA:367,collectProseLine
FNDA:53,extractStrongProseLine
FNDA:2633,classifyLedeLine
FNDA:1300,(anonymous_4)
FNDA:2633,applyLedeDirective
FNDA:51,extractLedeAfterHeading
FNDA:862,extractExtendedLedeAfterHeading
FNDA:142,normaliseHeadingText
FNDA:1300,isLedeHeadingMatch
FNDA:170,isArtifactCategoryHeading
FNDA:43,stripArtifactCategoryAffix
FNDA:10168,(anonymous_12)
FNDA:35,cleanupAffixCore
FNDA:252,normaliseCategoryHeading
FNDA:859,humanizeSlug
FNDA:917,(anonymous_16)
FNDA:161,isGenericHeading
FNDA:86,isBareInstitutionalHeading
FNDA:102,isCategoryNounHeading
FNDA:102,escapeRegex
FNDA:43,extractArtifactHighlight
FNDA:36,(anonymous_22)
FNDA:36,isTranslatedSiblingBrief
FNDA:53,scanCandidatesForHighlight
FNDA:255,probeCandidateForHighlight
FNDA:38,extractPriorityFindingHighlight
FNDA:37,scanPrioritySection
FNDA:30,scanH2StoryHeadings
FNDA:70,extractH2StoryHeadline
FNDA:37,findPrioritySectionStart
FNDA:56,headingMatchesPriorityProbe
FNDA:201,extractPriorityFindingItem
FNDA:3,isMetadataBoldLine
FNDA:8,buildPriorityResult
FNDA:6,isPrioritySummaryStopper
FNDA:8,collectPrioritySummaryLines
FNDA:8,stripPriorityLeadingDecoration
FNDA:8,stripPriorityLeadingPrefix
FNDA:13,stripPriorityTrailingMarker
FNDA:8,cleanPriorityHeadline
FNDA:21,stripPriorityTailMetadata
FNDA:36,readArtefactBody
FNDA:11,safeReaddir
FNDA:65,buildTemplateFallback
FNDA:910,templateForType
FNDA:1428,manifestOverrideFor
FNDA:51,resolveEditorialContent
FNDA:714,composeContextualTitle
FNDA:147,composeContextualDescription
FNDA:56,withRunQualifier
FNDA:100,containsNormalized
FNDA:714,buildSeoKeywords
FNDA:714,extractKeywordTerms
FNDA:20351,(anonymous_54)
FNDA:20351,(anonymous_55)
FNDA:714,dedupeKeywords
FNDA:51,resolveArticleMetadata
FNDA:714,resolveOneLanguage
FNDA:714,resolvePerLanguageEditorial
FNDA:1575,pickFirstNonEmpty
DA:190,19
DA:292,19
DA:327,19
DA:365,19
DA:432,70
DA:433,454
DA:434,454
DA:435,72
DA:436,69
DA:437,69
DA:438,69
DA:440,1
DA:468,367
DA:469,367
DA:470,320
DA:471,184
DA:472,110
DA:473,110
DA:474,99
DA:475,99
DA:476,99
DA:493,53
DA:494,53
DA:495,53
DA:496,196
DA:497,196
DA:498,2
DA:499,2
DA:501,194
DA:502,192
DA:503,192
DA:504,39
DA:505,39
DA:507,53
DA:508,38
DA:554,2633
DA:555,2585
DA:556,2313
DA:557,86
DA:558,86
DA:559,1300
DA:560,86
DA:562,2227
DA:583,2633
DA:584,48
DA:585,48
DA:587,2585
DA:588,86
DA:589,86
DA:590,86
DA:592,2499
DA:593,175
DA:597,51
DA:598,51
DA:599,51
[...]
FNDA:7,discoverAnalysisFileEntries
FNDA:36,scanSubdirectory
FNDA:6,scanRootMarkdownFiles
DA:25,15
DA:26,1
DA:27,1
DA:30,14
DA:31,20
DA:41,83
DA:43,83
DA:44,4
DA:47,79
DA:48,79
DA:49,0
DA:52,79
DA:71,2
DA:73,2
DA:74,4
DA:77,2
DA:78,6
DA:79,6
DA:80,6
DA:81,6
DA:82,6
DA:87,2
DA:88,4
DA:89,4
DA:90,4
DA:94,2
DA:104,38
DA:106,73
DA:117,36
DA:118,36
DA:128,2
DA:139,3
DA:140,3
DA:149,36
DA:150,3
DA:161,0
DA:162,0
DA:163,0
DA:164,0
DA:166,0
DA:167,0
DA:169,0
DA:191,0
DA:192,0
DA:195,0
DA:196,0
DA:197,0
DA:198,0
DA:199,0
DA:200,0
DA:202,0
DA:205,0
DA:206,0
DA:207,0
DA:258,8
DA:259,8
DA:260,8
DA:261,7
DA:262,7
DA:263,7
DA:264,7
DA:265,6
DA:268,1
DA:272,8
DA:276,8
DA:277,8
DA:279,8
DA:280,8
DA:281,4
DA:283,4
DA:286,8
DA:303,4
DA:304,3
DA:305,3
DA:306,3
DA:307,3
DA:308,3
DA:309,3
DA:310,1
DA:311,1
DA:317,1
DA:319,0
DA:321,2
DA:322,2
DA:323,4
DA:329,1
DA:331,1
DA:333,0
DA:353,10
DA:354,9
DA:355,9
DA:356,9
DA:357,9
DA:358,8
DA:359,8
DA:360,4
DA:361,4
DA:362,2
DA:364,2
DA:366,4
DA:367,8
DA:368,8
DA:369,8
DA:370,3
DA:373,1
DA:375,1
DA:391,3
DA:392,1
DA:395,2
DA:396,2
DA:397,2
DA:399,2
DA:400,2
DA:401,2
DA:402,4
DA:403,4
DA:404,2
DA:406,2
DA:408,0
DA:424,10
DA:425,10
DA:426,10
DA:427,10
DA:428,4
DA:429,4
DA:430,4
DA:431,2
DA:437,8
DA:438,8
DA:452,3
DA:461,4
DA:462,4
DA:464,3
DA:465,3
DA:466,0
DA:483,2
DA:484,4
DA:485,4
DA:486,4
DA:487,4
DA:489,3
DA:490,3
DA:491,2
DA:493,1
DA:506,16
DA:507,16
DA:510,15
DA:511,15
DA:513,1
DA:514,1
DA:515,1
DA:537,16
DA:538,16
DA:539,16
DA:540,16
DA:541,16
DA:542,16
DA:543,16
DA:544,16
DA:546,3
DA:547,3
DA:548,2
DA:550,1
DA:554,16
DA:575,5
DA:576,5
DA:592,33
DA:626,28
DA:627,28
DA:628,28
DA:629,28
DA:630,28
DA:631,28
DA:632,3
DA:633,3
DA:637,3
DA:639,27
DA:640,24
DA:641,24
DA:642,14
DA:645,27
DA:646,27
DA:647,16
DA:652,28
DA:662,50807
DA:677,5
DA:678,5
DA:679,5
DA:681,1
DA:697,31
DA:720,3
DA:722,3
DA:723,21
DA:724,21
DA:725,4
DA:727,21
DA:728,7
DA:732,3
DA:739,31
DA:757,31
DA:773,14
DA:791,7
DA:793,6
DA:795,6
DA:796,36
DA:799,6
DA:801,6
DA:812,36
DA:813,36
DA:814,11
DA:815,11
DA:816,13
DA:817,12
DA:818,12
DA:835,6
DA:836,6
DA:837,6
DA:838,14
DA:839,2
DA:840,2
DA:841,2
DA:842,2
LF:222
LH:198
BRDA:24,0,0,15
BRDA:25,1,0,1
BRDA:25,1,1,14
BRDA:31,2,0,20
BRDA:31,2,1,18
BRDA:43,3,0,4
BRDA:43,3,1,79
BRDA:48,4,0,0
BRDA:48,4,1,79
BRDA:79,5,0,6
BRDA:79,5,1,0
BRDA:81,6,0,6
BRDA:81,6,1,0
BRDA:89,7,0,4
BRDA:89,7,1,0
BRDA:127,8,0,2
BRDA:138,9,0,3
BRDA:149,10,0,3
BRDA:149,10,1,33
BRDA:166,11,0,0
BRDA:166,11,1,0
BRDA:191,12,0,0
BRDA:191,12,1,0
BRDA:199,13,0,0
BRDA:199,13,1,0
BRDA:260,14,0,7
BRDA:260,14,1,1
BRDA:264,15,0,6
BRDA:264,15,1,1
BRDA:264,16,0,7
BRDA:264,16,1,6
BRDA:264,16,2,6
BRDA:272,17,0,1
BRDA:272,17,1,7
BRDA:280,18,0,4
BRDA:280,18,1,4
BRDA:303,19,0,1
BRDA:303,19,1,3
BRDA:307,20,0,0
BRDA:307,20,1,3
BRDA:307,21,0,3
BRDA:307,21,1,3
BRDA:307,21,2,3
BRDA:309,22,0,1
BRDA:309,22,1,2
BRDA:309,23,0,3
BRDA:309,23,1,2
BRDA:311,24,0,1
BRDA:311,24,1,0
BRDA:312,25,0,1
BRDA:312,25,1,1
BRDA:312,25,2,1
BRDA:312,25,3,0
BRDA:323,26,0,1
BRDA:323,26,1,3
BRDA:324,27,0,4
BRDA:324,27,1,1
BRDA:324,27,2,1
BRDA:324,27,3,1
BRDA:353,28,0,1
BRDA:353,28,1,9
BRDA:357,29,0,0
BRDA:357,29,1,9
BRDA:357,30,0,9
BRDA:357,30,1,8
BRDA:357,30,2,8
BRDA:359,31,0,4
BRDA:359,31,1,4
BRDA:359,32,0,8
BRDA:359,32,1,4
BRDA:361,33,0,2
BRDA:361,33,1,2
BRDA:361,34,0,4
BRDA:361,34,1,3
BRDA:361,34,2,3
BRDA:369,35,0,3
BRDA:369,35,1,5
BRDA:369,36,0,8
BRDA:369,36,1,7
BRDA:369,36,2,6
BRDA:391,37,0,1
BRDA:391,37,1,2
BRDA:403,38,0,2
BRDA:403,38,1,2
BRDA:426,39,0,1
BRDA:426,39,1,9
BRDA:427,40,0,4
BRDA:427,40,1,6
BRDA:430,41,0,2
BRDA:430,41,1,2
BRDA:464,42,0,3
BRDA:464,42,1,0
BRDA:465,43,0,0
BRDA:465,43,1,3
BRDA:489,44,0,3
BRDA:489,44,1,0
BRDA:490,45,0,2
BRDA:490,45,1,1
BRDA:490,46,0,3
BRDA:490,46,1,0
BRDA:490,46,2,3
BRDA:510,47,0,15
BRDA:510,47,1,0
BRDA:510,48,0,15
BRDA:510,48,1,15
BRDA:511,49,0,1
BRDA:511,49,1,14
BRDA:513,50,0,1
BRDA:513,50,1,0
BRDA:513,51,0,1
BRDA:513,51,1,1
BRDA:514,52,0,1
BRDA:514,52,1,0
BRDA:546,53,0,3
BRDA:546,53,1,0
BRDA:547,54,0,2
BRDA:547,54,1,1
BRDA:547,55,0,3
BRDA:547,55,1,1
BRDA:573,56,0,5
BRDA:631,57,0,3
BRDA:631,57,1,25
BRDA:637,58,0,3
BRDA:637,58,1,0
BRDA:639,59,0,24
BRDA:639,59,1,3
BRDA:641,60,0,14
BRDA:641,60,1,10
BRDA:646,61,0,16
BRDA:646,61,1,11
BRDA:679,62,0,5
BRDA:679,62,1,3
BRDA:724,63,0,3
BRDA:724,63,1,18
BRDA:727,64,0,7
BRDA:727,64,1,14
BRDA:773,65,0,14
BRDA:773,65,1,10
BRDA:791,66,0,1
BRDA:791,66,1,6
BRDA:813,67,0,25
BRDA:813,67,1,11
BRDA:813,68,0,36
BRDA:813,68,1,11
BRDA:816,69,0,1
BRDA:816,69,1,12
BRDA:838,70,0,12
BRDA:838,70,1,2
BRDA:840,71,0,0
BRDA:840,71,1,2
BRF:150
BRH:126
end_of_record
TN:
SF:src/utils/html-sanitize.ts
FN:30,stripHtmlTags
FN:61,stripScriptBlocks
FNF:2
FNH:2
FNDA:159,stripHtmlTags
FNDA:30,stripScriptBlocks
DA:31,159
DA:32,159
DA:34,159
DA:35,19902
DA:36,19902
DA:37,5
DA:38,5
DA:40,19897
DA:41,19897
DA:42,19897
DA:43,2
DA:44,2
DA:46,19895
DA:47,19895
DA:49,159
DA:62,30
DA:63,30
DA:64,30
DA:65,30
DA:66,30
DA:68,30
DA:69,34
DA:70,34
DA:71,15
DA:72,15
DA:74,19
DA:75,19
DA:76,19
DA:77,1
DA:78,1
DA:80,18
DA:81,18
DA:82,1
DA:83,1
DA:85,17
DA:86,17
DA:87,1
DA:88,1
DA:90,16
DA:91,16
DA:93,30
LF:41
LH:41
BRDA:36,0,0,5
BRDA:36,0,1,19897
BRDA:42,1,0,2
BRDA:42,1,1,19895
BRDA:70,2,0,15
BRDA:70,2,1,19
BRDA:76,3,0,1
BRDA:76,3,1,18
BRDA:81,4,0,1
BRDA:81,4,1,17
BRDA:86,5,0,1
BRDA:86,5,1,16
BRF:12
BRH:12
end_of_record
TN:
SF:src/utils/intelligence-index.ts
FN:52,isSafeKey
FN:63,createNullMap
FN:74,createEmptyIndex
FN:98,addArticleToIndex
FN:102,(anonymous_4)
FN:145,buildIndexFromEntries
FN:180,findRelatedArticles
FN:193,(anonymous_7)
FN:205,(anonymous_8)
FN:206,(anonymous_9)
FN:208,(anonymous_10)
FN:231,generateCrossReferences
FN:238,(anonymous_12)
FN:239,(anonymous_13)
FN:240,(anonymous_14)
FN:241,(anonymous_15)
FN:274,resolveConfidence
FN:286,resolveDateRange
FN:292,(anonymous_18)
FN:293,(anonymous_19)
FN:308,buildTopicTrend
FN:337,buildProcedureTrend
FN:367,detectTrends
FN:399,findOrCreateSeries
FN:404,(anonymous_24)
FN:433,normalizeArticleEntry
FN:464,rebuildLookupMaps
FN:499,loadIntelligenceIndex
FN:522,mergeOntoEmpty
FN:559,isValidMap
FN:563,(anonymous_30)
FN:563,(anonymous_31)
FN:575,sanitizeMap
FN:601,resolveOrRebuildMaps
FN:640,saveIntelligenceIndex
FN:663,buildRelatedArticlesHTML
FN:676,(anonymous_36)
FN:677,(anonymous_37)
FN:702,(anonymous_38)
FN:735,removeIdFromMap
FN:745,(anonymous_40)
FN:762,addIdToMap
FN:788,slugify
FN:807,escapeAttr
FN:821,escapeText
FN:849,formatDisplayDate
FNF:46
FNH:46
FNDA:344,isSafeKey
FNDA:441,createNullMap
FNDA:58,createEmptyIndex
FNDA:69,addArticleToIndex
FNDA:65,(anonymous_4)
FNDA:9,buildIndexFromEntries
FNDA:18,findRelatedArticles
FNDA:24,(anonymous_7)
FNDA:24,(anonymous_8)
FNDA:6,(anonymous_9)
FNDA:18,(anonymous_10)
FNDA:11,generateCrossReferences
FNDA:10,(anonymous_12)
FNDA:8,(anonymous_13)
FNDA:16,(anonymous_14)
FNDA:16,(anonymous_15)
FNDA:24,resolveConfidence
FNDA:24,resolveDateRange
FNDA:75,(anonymous_18)
FNDA:64,(anonymous_19)
FNDA:16,buildTopicTrend
FNDA:8,buildProcedureTrend
FNDA:24,detectTrends
FNDA:5,findOrCreateSeries
FNDA:1,(anonymous_24)
FNDA:17,normalizeArticleEntry
FNDA:6,rebuildLookupMaps
FNDA:13,loadIntelligenceIndex
FNDA:11,mergeOntoEmpty
FNDA:33,isValidMap
FNDA:23,(anonymous_30)
FNDA:28,(anonymous_31)
FNDA:15,sanitizeMap
FNDA:11,resolveOrRebuildMaps
FNDA:11,saveIntelligenceIndex
FNDA:16,buildRelatedArticlesHTML
FNDA:9,(anonymous_36)
FNDA:7,(anonymous_37)
FNDA:5,(anonymous_38)
FNDA:9,removeIdFromMap
FNDA:12,(anonymous_40)
FNDA:270,addIdToMap
FNDA:28,slugify
FNDA:26,escapeAttr
FNDA:80,escapeText
FNDA:11,formatDisplayDate
DA:29,8
DA:32,8
DA:42,8
DA:53,344
DA:64,441
DA:75,58
DA:102,69
DA:103,69
DA:105,69
DA:109,69
DA:110,69
DA:111,69
DA:113,69
DA:114,3
DA:115,3
DA:116,3
DA:119,69
DA:120,69
DA:121,69
DA:123,69
DA:146,9
DA:147,9
DA:148,9
DA:150,9
DA:151,11
DA:152,11
DA:153,11
DA:156,9
DA:186,18
DA:187,1
DA:190,17
DA:191,17
DA:193,17
DA:194,24
DA:195,24
DA:196,38
DA:198,24
DA:199,34
DA:201,24
DA:204,17
DA:205,24
DA:206,6
DA:208,18
DA:235,11
DA:237,11
DA:238,10
DA:240,16
DA:241,16
DA:242,8
DA:245,8
DA:248,8
DA:251,8
DA:257,8
DA:263,8
DA:275,24
DA:276,22
DA:277,17
DA:290,24
DA:291,24
DA:292,75
DA:293,64
DA:295,24
DA:313,16
DA:314,16
DA:316,16
DA:317,16
DA:342,8
DA:343,8
DA:344,8
DA:368,24
DA:370,24
DA:371,32
DA:372,16
DA:376,24
DA:377,11
DA:378,8
DA:382,24
DA:404,5
DA:405,5
DA:406,1
DA:409,4
DA:418,4
DA:419,4
DA:434,17
DA:435,17
DA:469,6
DA:470,6
DA:471,6
DA:472,6
DA:473,10
DA:474,10
DA:475,10
DA:477,6
DA:500,13
DA:501,1
DA:504,12
DA:505,12
DA:506,12
DA:507,12
DA:509,1
DA:523,11
DA:524,11
DA:528,11
DA:534,11
DA:544,11
DA:546,11
DA:560,33
DA:561,18
DA:562,18
DA:563,28
DA:576,15
DA:577,15
DA:578,21
DA:580,17
DA:581,17
DA:582,17
DA:585,15
DA:611,11
DA:612,11
DA:613,11
DA:615,11
DA:616,6
DA:618,5
DA:641,11
DA:642,11
DA:643,1
DA:645,11
DA:669,16
DA:670,3
DA:673,13
DA:675,16
DA:677,9
DA:679,9
DA:681,9
DA:682,7
DA:683,7
DA:684,7
DA:686,2
DA:687,2
DA:691,16
DA:692,4
DA:693,4
DA:694,4
DA:695,4
DA:701,13
DA:703,5
DA:704,5
DA:711,13
DA:713,16
DA:716,16
DA:717,16
DA:718,13
DA:719,13
DA:721,13
DA:740,9
DA:741,12
DA:743,12
DA:744,12
DA:745,12
DA:746,12
DA:747,12
DA:749,0
DA:767,270
DA:768,311
DA:770,304
DA:771,311
DA:772,301
DA:789,28
DA:794,28
DA:795,0
DA:796,0
DA:797,0
DA:799,0
DA:808,26
DA:822,80
DA:826,8
DA:850,11
DA:851,11
DA:852,11
DA:853,11
DA:854,11
DA:855,11
DA:856,11
DA:857,11
LF:184
LH:179
BRDA:103,0,0,3
BRDA:103,0,1,66
BRDA:105,1,0,3
BRDA:105,1,1,66
BRDA:113,2,0,3
BRDA:113,2,1,66
BRDA:184,3,0,18
BRDA:186,4,0,1
BRDA:186,4,1,17
BRDA:186,5,0,18
BRDA:186,5,1,2
BRDA:196,6,0,21
BRDA:196,6,1,17
BRDA:199,7,0,13
BRDA:199,7,1,21
BRDA:245,8,0,2
BRDA:245,8,1,6
BRDA:245,9,0,3
BRDA:245,9,1,3
BRDA:248,10,0,6
BRDA:248,10,1,2
BRDA:248,11,0,1
BRDA:248,11,1,1
BRDA:251,12,0,5
BRDA:251,12,1,3
BRDA:251,13,0,8
BRDA:251,13,1,8
BRDA:253,14,0,3
BRDA:253,14,1,0
BRDA:275,15,0,2
BRDA:275,15,1,22
BRDA:276,16,0,5
BRDA:276,16,1,17
BRDA:296,17,0,24
BRDA:296,17,1,0
BRDA:297,18,0,24
BRDA:297,18,1,0
BRDA:316,19,0,2
BRDA:316,19,1,14
BRDA:371,20,0,16
BRDA:371,20,1,16
BRDA:377,21,0,8
BRDA:377,21,1,3
BRDA:405,22,0,1
BRDA:405,22,1,4
BRDA:436,23,0,17
BRDA:436,23,1,0
BRDA:437,24,0,16
BRDA:437,24,1,1
BRDA:439,25,0,6
BRDA:439,25,1,11
BRDA:439,26,0,17
BRDA:439,26,1,7
BRDA:442,27,0,7
BRDA:442,27,1,10
BRDA:443,28,0,12
BRDA:443,28,1,5
BRDA:444,29,0,12
BRDA:444,29,1,5
BRDA:445,30,0,12
BRDA:445,30,1,5
BRDA:446,31,0,7
BRDA:446,31,1,10
BRDA:447,32,0,7
BRDA:447,32,1,10
BRDA:448,33,0,17
BRDA:448,33,1,1
BRDA:500,34,0,1
BRDA:500,34,1,12
BRDA:524,35,0,11
BRDA:524,35,1,0
BRDA:540,36,0,5
BRDA:540,36,1,6
BRDA:541,37,0,5
BRDA:541,37,1,6
BRDA:544,38,0,6
BRDA:544,38,1,5
BRDA:544,39,0,11
BRDA:544,39,1,5
BRDA:560,40,0,15
BRDA:560,40,1,18
BRDA:560,41,0,33
BRDA:560,41,1,18
BRDA:560,41,2,18
BRDA:563,42,0,23
BRDA:563,42,1,22
BRDA:578,43,0,4
BRDA:578,43,1,17
BRDA:581,44,0,17
BRDA:581,44,1,0
BRDA:615,45,0,6
BRDA:615,45,1,5
BRDA:615,46,0,11
BRDA:615,46,1,11
BRDA:615,46,2,5
BRDA:615,46,3,5
BRDA:619,47,0,5
BRDA:619,47,1,0
BRDA:620,48,0,5
BRDA:620,48,1,0
BRDA:623,49,0,5
BRDA:623,49,1,0
BRDA:642,50,0,1
BRDA:642,50,1,10
BRDA:669,51,0,3
BRDA:669,51,1,13
BRDA:669,52,0,16
BRDA:669,52,1,5
BRDA:669,52,2,3
BRDA:673,53,0,13
BRDA:673,53,1,9
BRDA:679,54,0,9
BRDA:679,54,1,0
BRDA:681,55,0,7
BRDA:681,55,1,2
BRDA:691,56,0,4
BRDA:691,56,1,12
BRDA:691,57,0,16
BRDA:691,57,1,4
BRDA:711,58,0,13
BRDA:711,58,1,0
BRDA:717,59,0,13
BRDA:717,59,1,3
BRDA:718,60,0,4
BRDA:718,60,1,9
BRDA:741,61,0,0
BRDA:741,61,1,12
BRDA:744,62,0,0
BRDA:744,62,1,12
BRDA:746,63,0,12
BRDA:746,63,1,0
BRDA:768,64,0,7
BRDA:768,64,1,304
BRDA:770,65,0,304
BRDA:770,65,1,205
BRDA:771,66,0,301
BRDA:771,66,1,10
BRDA:794,67,0,28
BRDA:794,67,1,0
BRDA:851,68,0,11
BRDA:851,68,1,0
BRDA:852,69,0,11
BRDA:852,69,1,0
BRDA:853,70,0,11
BRDA:853,70,1,0
BRDA:854,71,0,0
BRDA:854,71,1,11
BRDA:854,72,0,11
BRDA:854,72,1,11
BRDA:854,72,2,11
BRDA:856,73,0,11
BRDA:856,73,1,1
BRDA:856,74,0,11
BRDA:856,74,1,7
BRF:154
BRH:135
end_of_record
TN:
SF:src/utils/mcp-probe.ts
FN:68,redactSecrets
FN:80,formatProbeReport
FN:84,withTimeout
FN:86,(anonymous_3)
FN:88,(anonymous_4)
FN:92,(anonymous_5)
FN:97,callWithTimeoutRetry
FN:117,classifyProbeResult
FN:127,classifyProbeError
FN:141,getEPArgs
FN:178,getWBArgs
FN:199,probeEPTool
FN:217,probeIMFTool
FN:243,probeWBTool
FN:247,runProbe
FN:254,(anonymous_15)
FN:288,(anonymous_16)
FN:291,(anonymous_17)
FN:294,(anonymous_18)
FN:303,(anonymous_19)
FN:304,(anonymous_20)
FN:305,(anonymous_21)
FN:323,renderHealthMatrix
FNF:23
FNH:12
FNDA:5,redactSecrets
FNDA:1,formatProbeReport
FNDA:10,withTimeout
FNDA:10,(anonymous_3)
FNDA:1,(anonymous_4)
FNDA:10,(anonymous_5)
FNDA:5,callWithTimeoutRetry
FNDA:8,classifyProbeResult
FNDA:7,classifyProbeError
FNDA:26,getEPArgs
FNDA:8,getWBArgs
FNDA:0,probeEPTool
FNDA:0,probeIMFTool
FNDA:0,probeWBTool
FNDA:0,runProbe
FNDA:0,(anonymous_15)
FNDA:0,(anonymous_16)
FNDA:0,(anonymous_17)
FNDA:0,(anonymous_18)
FNDA:0,(anonymous_19)
FNDA:0,(anonymous_20)
FNDA:0,(anonymous_21)
FNDA:2,renderHealthMatrix
DA:55,1
DA:56,1
DA:57,1
DA:58,1
DA:59,1
DA:60,1
DA:69,5
DA:81,1
DA:86,10
DA:87,10
DA:88,1
DA:92,10
DA:93,10
DA:103,5
DA:104,5
DA:105,7
DA:106,7
DA:108,5
DA:109,5
DA:110,3
DA:114,0
DA:118,8
DA:119,8
DA:120,7
DA:121,3
DA:122,2
DA:124,1
DA:128,7
DA:129,7
DA:136,5
DA:138,2
DA:142,26
DA:144,23
DA:169,23
DA:170,22
DA:171,22
DA:172,17
DA:175,1
DA:179,8
DA:181,1
DA:183,1
DA:185,1
DA:187,1
DA:189,1
DA:191,1
DA:193,1
DA:195,1
DA:203,0
DA:204,0
DA:205,0
DA:214,0
DA:218,0
DA:220,0
DA:222,0
DA:224,0
DA:226,0
DA:228,0
DA:239,0
DA:244,0
DA:248,0
DA:250,0
DA:251,0
DA:252,0
DA:254,0
DA:259,0
DA:260,0
DA:261,0
DA:267,0
DA:268,0
DA:276,0
DA:277,0
DA:287,0
DA:288,0
DA:290,0
DA:291,0
DA:293,0
DA:294,0
DA:297,0
DA:298,0
DA:299,0
DA:301,0
DA:303,0
DA:304,0
DA:305,0
DA:308,0
DA:324,2
DA:325,2
DA:326,3
DA:327,3
DA:329,2
DA:332,2
LF:91
LH:52
BRDA:93,0,0,10
BRDA:93,0,1,0
BRDA:108,1,0,4
BRDA:108,1,1,1
BRDA:109,2,0,3
BRDA:109,2,1,2
BRDA:109,3,0,5
BRDA:109,3,1,3
BRDA:118,4,0,8
BRDA:118,4,1,2
BRDA:119,5,0,1
BRDA:119,5,1,7
BRDA:120,6,0,4
BRDA:120,6,1,3
BRDA:120,7,0,7
BRDA:120,7,1,4
BRDA:121,8,0,2
BRDA:121,8,1,1
BRDA:121,9,0,3
BRDA:121,9,1,2
BRDA:129,10,0,5
BRDA:129,10,1,2
BRDA:130,11,0,7
BRDA:130,11,1,6
BRDA:130,11,2,5
BRDA:130,11,3,4
BRDA:130,11,4,3
BRDA:142,12,0,3
BRDA:142,12,1,23
BRDA:169,13,0,22
BRDA:169,13,1,1
BRDA:171,14,0,5
BRDA:171,14,1,17
BRDA:172,15,0,17
BRDA:172,15,1,0
BRDA:179,16,0,1
BRDA:179,16,1,1
BRDA:179,16,2,1
BRDA:179,16,3,1
BRDA:179,16,4,1
BRDA:179,16,5,1
BRDA:179,16,6,1
BRDA:179,16,7,1
BRDA:204,17,0,0
BRDA:204,17,1,0
BRDA:218,18,0,0
BRDA:218,18,1,0
BRDA:218,18,2,0
BRDA:218,18,3,0
BRDA:218,18,4,0
BRDA:218,18,5,0
BRDA:267,19,0,0
BRDA:267,19,1,0
BRDA:276,20,0,0
BRDA:276,20,1,0
BRDA:326,21,0,1
BRDA:326,21,1,2
BRDA:326,22,0,1
BRDA:326,22,1,1
BRF:59
BRH:45
end_of_record
TN:
SF:src/utils/metadata-utils.ts
FN:23,pl
FN:35,truncateTitle
FNF:2
FNH:2
FNDA:14,pl
FNDA:9,truncateTitle
DA:10,1
DA:13,1
DA:24,14
DA:36,9
DA:37,4
LF:5
LH:5
BRDA:24,0,0,4
BRDA:24,0,1,10
BRDA:35,1,0,9
BRDA:36,2,0,5
BRDA:36,2,1,4
BRF:5
BRH:5
end_of_record
TN:
SF:src/utils/news-metadata.ts
FN:43,buildMetadataDatabase
FN:63,(anonymous_1)
FN:83,writeMetadataDatabase
FN:128,readMetadataDatabase
FN:146,updateMetadataDatabase
FN:173,updateIntelligenceIndex
FN:206,(anonymous_6)
FN:296,extractTokens
FN:332,deriveKeyTopics
FNF:9
FNH:9
FNDA:6,buildMetadataDatabase
FNDA:1,(anonymous_1)
FNDA:8,writeMetadataDatabase
FNDA:4,readMetadataDatabase
FNDA:1,updateMetadataDatabase
FNDA:7,updateIntelligenceIndex
FNDA:3,(anonymous_6)
FNDA:17,extractTokens
FNDA:9,deriveKeyTopics
DA:35,6
DA:44,6
DA:45,6
DA:47,6
DA:48,6
DA:49,6
DA:50,6
DA:51,6
DA:52,6
DA:63,6
DA:65,6
DA:87,8
DA:88,8
DA:89,1
DA:91,8
DA:92,8
DA:93,3
DA:94,3
DA:97,3
DA:98,3
DA:99,3
DA:102,1
DA:108,8
DA:109,8
DA:110,3
DA:111,3
DA:112,3
DA:113,1
DA:119,7
DA:131,4
DA:132,1
DA:135,3
DA:136,3
DA:150,1
DA:151,1
DA:152,1
DA:156,6
DA:177,7
DA:179,7
DA:180,7
DA:181,9
DA:182,9
DA:184,9
DA:186,9
DA:187,9
DA:189,9
DA:191,9
DA:193,9
DA:206,7
DA:208,7
DA:210,7
DA:211,7
DA:213,7
DA:214,7
DA:222,6
DA:260,6
DA:297,17
DA:298,55
DA:299,55
DA:304,27
DA:310,6
DA:312,6
DA:338,9
DA:339,9
DA:340,9
DA:341,8
DA:342,8
DA:344,9
LF:68
LH:68
BRDA:43,0,0,6
BRDA:49,1,0,6
BRDA:49,1,1,0
BRDA:57,2,0,6
BRDA:57,2,1,5
BRDA:85,3,0,8
BRDA:88,4,0,1
BRDA:88,4,1,7
BRDA:92,5,0,3
BRDA:92,5,1,5
BRDA:97,6,0,3
BRDA:97,6,1,0
BRDA:98,7,0,3
BRDA:98,7,1,0
BRDA:99,8,0,1
BRDA:99,8,1,2
BRDA:99,9,0,3
BRDA:99,9,1,1
BRDA:109,10,0,3
BRDA:109,10,1,5
BRDA:112,11,0,1
BRDA:112,11,1,2
BRDA:129,12,0,4
BRDA:131,13,0,1
BRDA:131,13,1,3
BRDA:147,14,0,1
BRDA:148,15,0,1
BRDA:174,16,0,7
BRDA:175,17,0,7
BRDA:182,18,0,0
BRDA:182,18,1,9
BRDA:206,19,0,3
BRDA:206,19,1,0
BRDA:299,20,0,27
BRDA:299,20,1,28
BRDA:300,21,0,55
BRDA:300,21,1,50
BRDA:300,21,2,50
BRDA:340,22,0,8
BRDA:340,22,1,1
BRDA:341,23,0,5
BRDA:341,23,1,3
BRDA:342,24,0,3
BRDA:342,24,1,5
BRF:44
BRH:39
end_of_record
TN:
SF:src/workflows/index.ts
FNF:0
FNH:0
LF:0
LH:0
BRF:0
BRH:0
end_of_record
TN:
SF:src/workflows/types.ts
FNF:0
FNH:0
DA:24,2
LF:1
LH:1
BRF:0
BRH:0
end_of_record
TN:
SF:src/workflows/completeness-gate/constants.ts
FNF:0
FNH:0
DA:20,2
DA:26,2
DA:34,2
DA:47,2
DA:56,2
DA:62,2
DA:65,2
DA:72,2
DA:75,2
DA:84,2
DA:92,2
DA:99,2
DA:106,2
DA:114,2
DA:122,2
DA:130,2
DA:143,2
LF:17
LH:17
BRF:0
BRH:0
end_of_record
TN:
SF:src/workflows/completeness-gate/index.ts
FNF:0
FNH:0
LF:0
LH:0
BRF:0
BRH:0
end_of_record
TN:
SF:src/workflows/completeness-gate/types.ts
FNF:0
FNH:0
LF:0
LH:0
BRF:0
BRH:0
end_of_record
TN:
SF:src/workflows/completeness-gate/validators.ts
FN:42,hasPlaceholders
FN:46,(anonymous_1)
FN:55,hasMermaid
FN:65,hasWepBand
FN:75,hasAdmiraltyGrade
FN:85,hasBluf
FN:95,hasReaderBlock
FN:105,countSatBullets
FN:118,hasSourceDiversityEvidence
FN:147,hasImfFigureClaim
FN:157,findWbEconomicIndicator
FN:168,hasWbEconomicClaim
FN:184,computeEffectiveMinLines
FN:205,resolveDataModeReduction
FN:222,requiresMermaid
FN:238,createEmptyResult
FNF:16
FNH:16
FNDA:8,hasPlaceholders
FNDA:24,(anonymous_1)
FNDA:3,hasMermaid
FNDA:5,hasWepBand
FNDA:4,hasAdmiraltyGrade
FNDA:3,hasBluf
FNDA:5,hasReaderBlock
FNDA:3,countSatBullets
FNDA:7,hasSourceDiversityEvidence
FNDA:3,hasImfFigureClaim
FNDA:3,findWbEconomicIndicator
FNDA:3,hasWbEconomicClaim
FNDA:7,computeEffectiveMinLines
FNDA:5,resolveDataModeReduction
FNDA:4,requiresMermaid
FNDA:1,createEmptyResult
DA:43,8
DA:44,1
DA:46,24
DA:56,3
DA:66,5
DA:76,4
DA:86,3
DA:96,5
DA:106,3
DA:107,3
DA:119,7
DA:120,2
DA:122,5
DA:123,5
DA:124,5
DA:125,5
DA:126,10
DA:127,2
DA:128,2
DA:130,8
DA:131,2
DA:132,2
DA:134,6
DA:135,1
DA:138,4
DA:148,3
DA:158,3
DA:159,3
DA:169,3
DA:190,7
DA:191,7
DA:193,7
DA:194,1
DA:196,6
DA:206,5
DA:207,1
DA:209,4
DA:223,4
DA:224,1
DA:226,3
DA:227,3
DA:239,1
LF:42
LH:42
BRDA:43,0,0,1
BRDA:43,0,1,7
BRDA:107,1,0,2
BRDA:107,1,1,1
BRDA:119,2,0,2
BRDA:119,2,1,5
BRDA:126,3,0,2
BRDA:126,3,1,8
BRDA:126,4,0,10
BRDA:126,4,1,7
BRDA:130,5,0,2
BRDA:130,5,1,6
BRDA:130,6,0,8
BRDA:130,6,1,3
BRDA:130,6,2,2
BRDA:134,7,0,1
BRDA:134,7,1,5
BRDA:134,8,0,6
BRDA:134,8,1,1
BRDA:134,8,2,1
BRDA:159,9,0,2
BRDA:159,9,1,1
BRDA:159,10,0,2
BRDA:159,10,1,0
BRDA:190,11,0,7
BRDA:190,11,1,4
BRDA:190,11,2,0
BRDA:193,12,0,1
BRDA:193,12,1,6
BRDA:193,13,0,7
BRDA:193,13,1,2
BRDA:206,14,0,1
BRDA:206,14,1,4
BRDA:209,15,0,4
BRDA:209,15,1,0
BRDA:223,16,0,1
BRDA:223,16,1,3
BRDA:227,17,0,3
BRDA:227,17,1,3
BRF:39
BRH:36
end_of_record
TN:
SF:src/workflows/infrastructure/index.ts
FNF:0
FNH:0
LF:0
LH:0
BRF:0
BRH:0
end_of_record
TN:
SF:src/workflows/infrastructure/shell-safety.ts
FN:107,stripCommentLines
FN:110,(anonymous_1)
FN:122,validateShellSafety
FNF:3
FNH:3
FNDA:3,stripCommentLines
FNDA:7,(anonymous_1)
FNDA:13,validateShellSafety
DA:37,2
DA:108,3
DA:110,7
DA:123,13
DA:124,13
DA:126,13
DA:127,104
DA:128,176
DA:129,176
DA:130,24
DA:132,152
DA:133,11
DA:143,13
LF:13
LH:13
BRDA:129,0,0,24
BRDA:129,0,1,152
BRDA:129,1,0,176
BRDA:129,1,1,176
BRDA:132,2,0,11
BRDA:132,2,1,141
BRF:6
BRH:6
end_of_record
TN:
SF:src/workflows/safe-outputs/index.ts
FNF:0
FNH:0
LF:0
LH:0
BRF:0
BRH:0
end_of_record
TN:
SF:src/workflows/safe-outputs/types.ts
FNF:0
FNH:0
DA:59,1
DA:73,1
DA:80,1
DA:89,1
LF:4
LH:4
BRF:0
BRH:0
end_of_record
