TN:
SF:src/constants/committee-indicator-map.ts
FN:1280,getCommitteeIndicators
FN:1291,getCommitteePrimaryIndicators
FN:1292,(anonymous_2)
FN:1301,getCategoryIndicators
FN:1313,getIndicatorIdsForCommittees
FN:1336,getAllCategoryIndicatorIds
FNF:6
FNH:6
FNDA:11,getCommitteeIndicators
FNDA:3,getCommitteePrimaryIndicators
FNDA:15,(anonymous_2)
FNDA:1,getCategoryIndicators
FNDA:4,getIndicatorIdsForCommittees
FNDA:3,getAllCategoryIndicatorIds
DA:23,1
DA:26,1
DA:31,1
DA:74,1
DA:213,1
DA:922,1
DA:1281,11
DA:1282,11
DA:1292,15
DA:1302,1
DA:1317,4
DA:1318,4
DA:1319,4
DA:1322,4
DA:1323,18
DA:1326,4
DA:1337,3
DA:1338,3
DA:1339,3
DA:1340,5
DA:1342,3
DA:1343,6
DA:1345,3
LF:23
LH:23
BRDA:1282,0,0,11
BRDA:1282,0,1,1
BRDA:1315,1,0,4
BRDA:1319,2,0,1
BRDA:1319,2,1,3
BRF:5
BRH:5
end_of_record
TN:
SF:src/constants/config.ts
FN:71,(anonymous_0)
FNF:1
FNH:1
FNDA:19,(anonymous_0)
DA:14,19
DA:15,19
DA:18,19
DA:21,19
DA:24,19
DA:27,19
DA:30,19
DA:33,19
DA:36,19
DA:41,19
DA:44,19
DA:47,19
DA:50,19
DA:53,19
DA:56,19
DA:59,19
DA:62,19
DA:65,19
DA:68,19
DA:71,19
DA:72,19
DA:73,19
DA:74,19
DA:76,19
DA:77,18
DA:78,18
DA:79,18
DA:83,0
DA:84,0
DA:86,1
DA:87,1
LF:31
LH:29
BRDA:76,0,0,18
BRDA:76,0,1,1
BRDA:76,1,0,19
BRDA:76,1,1,18
BRDA:76,1,2,18
BRDA:78,2,0,18
BRDA:78,2,1,0
BRDA:78,3,0,18
BRDA:78,3,1,18
BRF:9
BRH:8
end_of_record
TN:
SF:src/constants/language-articles.ts
FN:23,(anonymous_0)
FN:28,(anonymous_1)
FN:32,(anonymous_2)
FN:36,(anonymous_3)
FN:40,(anonymous_4)
FN:45,(anonymous_5)
FN:50,(anonymous_6)
FN:55,(anonymous_7)
FN:60,(anonymous_8)
FN:65,(anonymous_9)
FN:69,(anonymous_10)
FN:73,(anonymous_11)
FN:77,(anonymous_12)
FN:81,(anonymous_13)
FN:89,(anonymous_14)
FN:94,(anonymous_15)
FN:99,(anonymous_16)
FN:104,(anonymous_17)
FN:109,(anonymous_18)
FN:114,(anonymous_19)
FN:119,(anonymous_20)
FN:124,(anonymous_21)
FN:129,(anonymous_22)
FN:134,(anonymous_23)
FN:139,(anonymous_24)
FN:144,(anonymous_25)
FN:148,(anonymous_26)
FN:152,(anonymous_27)
FN:161,(anonymous_28)
FN:166,(anonymous_29)
FN:171,(anonymous_30)
FN:176,(anonymous_31)
FN:181,(anonymous_32)
FN:186,(anonymous_33)
FN:191,(anonymous_34)
FN:196,(anonymous_35)
FN:201,(anonymous_36)
FN:206,(anonymous_37)
FN:211,(anonymous_38)
FN:215,(anonymous_39)
FN:219,(anonymous_40)
FN:223,(anonymous_41)
FN:231,(anonymous_42)
FN:236,(anonymous_43)
FN:241,(anonymous_44)
FN:246,(anonymous_45)
FN:251,(anonymous_46)
FN:256,(anonymous_47)
FN:261,(anonymous_48)
FN:266,(anonymous_49)
FN:271,(anonymous_50)
FN:276,(anonymous_51)
FN:281,(anonymous_52)
FN:285,(anonymous_53)
FN:289,(anonymous_54)
FN:293,(anonymous_55)
FN:301,(anonymous_56)
FN:306,(anonymous_57)
FN:311,(anonymous_58)
FN:316,(anonymous_59)
FN:321,(anonymous_60)
FN:326,(anonymous_61)
FN:331,(anonymous_62)
FN:336,(anonymous_63)
FN:341,(anonymous_64)
FN:346,(anonymous_65)
FN:351,(anonymous_66)
FN:356,(anonymous_67)
FN:360,(anonymous_68)
FN:364,(anonymous_69)
FN:372,(anonymous_70)
FN:376,(anonymous_71)
FN:381,(anonymous_72)
FN:386,(anonymous_73)
FN:391,(anonymous_74)
FN:396,(anonymous_75)
FN:401,(anonymous_76)
FN:406,(anonymous_77)
FN:411,(anonymous_78)
FN:415,(anonymous_79)
FN:419,(anonymous_80)
FN:423,(anonymous_81)
FN:427,(anonymous_82)
FN:431,(anonymous_83)
FN:439,(anonymous_84)
FN:444,(anonymous_85)
FN:449,(anonymous_86)
FN:454,(anonymous_87)
FN:459,(anonymous_88)
FN:464,(anonymous_89)
FN:469,(anonymous_90)
FN:474,(anonymous_91)
FN:479,(anonymous_92)
FN:484,(anonymous_93)
FN:488,(anonymous_94)
FN:492,(anonymous_95)
FN:496,(anonymous_96)
FN:500,(anonymous_97)
FN:508,(anonymous_98)
FN:513,(anonymous_99)
FN:518,(anonymous_100)
FN:523,(anonymous_101)
FN:527,(anonymous_102)
FN:532,(anonymous_103)
FN:537,(anonymous_104)
FN:542,(anonymous_105)
FN:547,(anonymous_106)
FN:552,(anonymous_107)
FN:557,(anonymous_108)
FN:561,(anonymous_109)
FN:565,(anonymous_110)
FN:569,(anonymous_111)
FNF:112
FNH:76
FNDA:6,(anonymous_0)
FNDA:1,(anonymous_1)
FNDA:1,(anonymous_2)
FNDA:1,(anonymous_3)
FNDA:1,(anonymous_4)
FNDA:2,(anonymous_5)
FNDA:1,(anonymous_6)
FNDA:1,(anonymous_7)
FNDA:1,(anonymous_8)
FNDA:1,(anonymous_9)
FNDA:1,(anonymous_10)
FNDA:1,(anonymous_11)
FNDA:1,(anonymous_12)
FNDA:1,(anonymous_13)
FNDA:1,(anonymous_14)
FNDA:0,(anonymous_15)
FNDA:0,(anonymous_16)
FNDA:0,(anonymous_17)
FNDA:0,(anonymous_18)
FNDA:1,(anonymous_19)
FNDA:0,(anonymous_20)
FNDA:0,(anonymous_21)
FNDA:0,(anonymous_22)
FNDA:0,(anonymous_23)
FNDA:0,(anonymous_24)
FNDA:0,(anonymous_25)
FNDA:0,(anonymous_26)
FNDA:0,(anonymous_27)
FNDA:1,(anonymous_28)
FNDA:1,(anonymous_29)
FNDA:0,(anonymous_30)
FNDA:0,(anonymous_31)
FNDA:0,(anonymous_32)
FNDA:0,(anonymous_33)
FNDA:0,(anonymous_34)
FNDA:0,(anonymous_35)
FNDA:0,(anonymous_36)
FNDA:0,(anonymous_37)
FNDA:0,(anonymous_38)
FNDA:0,(anonymous_39)
FNDA:0,(anonymous_40)
FNDA:0,(anonymous_41)
FNDA:1,(anonymous_42)
FNDA:0,(anonymous_43)
FNDA:0,(anonymous_44)
FNDA:0,(anonymous_45)
FNDA:0,(anonymous_46)
FNDA:0,(anonymous_47)
FNDA:1,(anonymous_48)
FNDA:0,(anonymous_49)
FNDA:0,(anonymous_50)
FNDA:0,(anonymous_51)
FNDA:0,(anonymous_52)
FNDA:0,(anonymous_53)
FNDA:0,(anonymous_54)
FNDA:0,(anonymous_55)
FNDA:6,(anonymous_56)
FNDA:3,(anonymous_57)
FNDA:2,(anonymous_58)
FNDA:2,(anonymous_59)
FNDA:2,(anonymous_60)
FNDA:4,(anonymous_61)
FNDA:2,(anonymous_62)
FNDA:2,(anonymous_63)
FNDA:2,(anonymous_64)
FNDA:2,(anonymous_65)
FNDA:2,(anonymous_66)
FNDA:2,(anonymous_67)
FNDA:2,(anonymous_68)
FNDA:2,(anonymous_69)
FNDA:6,(anonymous_70)
FNDA:2,(anonymous_71)
FNDA:2,(anonymous_72)
FNDA:2,(anonymous_73)
FNDA:2,(anonymous_74)
FNDA:4,(anonymous_75)
FNDA:2,(anonymous_76)
FNDA:2,(anonymous_77)
FNDA:2,(anonymous_78)
FNDA:2,(anonymous_79)
FNDA:2,(anonymous_80)
FNDA:2,(anonymous_81)
FNDA:2,(anonymous_82)
FNDA:2,(anonymous_83)
FNDA:4,(anonymous_84)
FNDA:1,(anonymous_85)
FNDA:1,(anonymous_86)
FNDA:1,(anonymous_87)
FNDA:1,(anonymous_88)
FNDA:1,(anonymous_89)
FNDA:1,(anonymous_90)
FNDA:1,(anonymous_91)
FNDA:1,(anonymous_92)
FNDA:1,(anonymous_93)
FNDA:1,(anonymous_94)
FNDA:1,(anonymous_95)
FNDA:1,(anonymous_96)
FNDA:1,(anonymous_97)
FNDA:6,(anonymous_98)
FNDA:2,(anonymous_99)
FNDA:2,(anonymous_100)
FNDA:2,(anonymous_101)
FNDA:2,(anonymous_102)
FNDA:2,(anonymous_103)
FNDA:2,(anonymous_104)
FNDA:2,(anonymous_105)
FNDA:2,(anonymous_106)
FNDA:2,(anonymous_107)
FNDA:2,(anonymous_108)
FNDA:2,(anonymous_109)
FNDA:2,(anonymous_110)
FNDA:2,(anonymous_111)
DA:22,16
DA:23,6
DA:28,1
DA:32,1
DA:36,1
DA:40,1
DA:45,2
DA:50,1
DA:55,1
DA:60,1
DA:65,1
DA:69,1
DA:73,1
DA:77,1
DA:81,1
DA:88,16
DA:89,1
DA:94,0
DA:99,0
DA:104,0
DA:109,0
DA:114,1
DA:119,0
DA:124,0
DA:129,0
DA:134,0
DA:139,0
DA:144,0
DA:148,0
DA:152,0
DA:160,16
DA:161,1
DA:166,1
DA:171,0
DA:176,0
DA:181,0
DA:186,0
DA:191,0
DA:196,0
DA:201,0
DA:206,0
DA:211,0
DA:215,0
DA:219,0
DA:223,0
DA:230,16
DA:231,1
DA:236,0
DA:241,0
DA:246,0
DA:251,0
DA:256,0
DA:261,1
DA:266,0
DA:271,0
DA:276,0
DA:281,0
DA:285,0
DA:289,0
DA:293,0
DA:300,16
DA:301,6
DA:306,3
DA:311,2
DA:316,2
DA:321,2
DA:326,4
DA:331,2
DA:336,2
DA:341,2
DA:346,2
DA:351,2
DA:356,2
DA:360,2
DA:364,2
DA:371,16
DA:372,6
DA:376,2
DA:381,2
DA:386,2
DA:391,2
DA:396,4
DA:401,2
DA:406,2
DA:411,2
DA:415,2
DA:419,2
DA:423,2
DA:427,2
DA:431,2
DA:438,16
DA:439,4
DA:444,1
DA:449,1
DA:454,1
DA:459,1
DA:464,1
DA:469,1
DA:474,1
DA:479,1
DA:484,1
DA:488,1
DA:492,1
DA:496,1
DA:500,1
DA:507,16
DA:508,6
DA:513,2
DA:518,2
DA:523,2
DA:527,2
DA:532,2
DA:537,2
DA:542,2
DA:547,2
DA:552,2
DA:557,2
DA:561,2
DA:565,2
DA:569,2
DA:576,16
DA:761,16
DA:863,16
DA:1133,16
DA:1291,16
LF:125
LH:89
BRF:0
BRH:0
end_of_record
TN:
SF:src/constants/language-core.ts
FN:81,getLocalizedString
FN:92,isSupportedLanguage
FN:102,getTextDirection
FNF:3
FNH:3
FNDA:28091,getLocalizedString
FNDA:13,isSupportedLanguage
FNDA:444,getTextDirection
DA:14,16
DA:32,16
DA:39,16
DA:57,16
DA:82,28091
DA:83,28091
DA:93,13
DA:103,444
LF:8
LH:8
BRDA:83,0,0,28091
BRDA:83,0,1,50
BRDA:103,1,0,36
BRDA:103,1,1,408
BRDA:103,2,0,444
BRDA:103,2,1,424
BRF:6
BRH:6
end_of_record
TN:
SF:src/constants/language-ui.ts
FN:291,(anonymous_0)
FN:292,(anonymous_1)
FN:293,(anonymous_2)
FN:294,(anonymous_3)
FN:295,(anonymous_4)
FN:296,(anonymous_5)
FN:297,(anonymous_6)
FN:298,(anonymous_7)
FN:299,(anonymous_8)
FN:300,(anonymous_9)
FN:301,(anonymous_10)
FN:302,(anonymous_11)
FN:303,(anonymous_12)
FN:304,(anonymous_13)
FNF:14
FNH:14
FNDA:165,(anonymous_0)
FNDA:20,(anonymous_1)
FNDA:15,(anonymous_2)
FNDA:14,(anonymous_3)
FNDA:15,(anonymous_4)
FNDA:31,(anonymous_5)
FNDA:25,(anonymous_6)
FNDA:21,(anonymous_7)
FNDA:15,(anonymous_8)
FNDA:16,(anonymous_9)
FNDA:15,(anonymous_10)
FNDA:15,(anonymous_11)
FNDA:14,(anonymous_12)
FNDA:14,(anonymous_13)
DA:14,16
DA:32,16
DA:50,16
DA:68,16
DA:86,16
DA:104,16
DA:290,16
DA:291,165
DA:292,20
DA:293,15
DA:294,14
DA:295,15
DA:296,31
DA:297,25
DA:298,21
DA:299,15
DA:300,16
DA:301,15
DA:302,15
DA:303,14
DA:304,14
DA:308,16
DA:326,16
DA:361,16
DA:615,16
LF:25
LH:25
BRF:0
BRH:0
end_of_record
TN:
SF:src/constants/languages.ts
FNF:0
FNH:0
LF:0
LH:0
BRF:0
BRH:0
end_of_record
TN:
SF:src/generators/breaking-content.ts
FN:31,buildAnomalyAlertSection
FN:36,(anonymous_1)
FN:59,buildCoalitionDynamicsSection
FN:64,(anonymous_3)
FN:87,buildKeyPlayersIntelSection
FN:92,(anonymous_5)
FN:117,buildIntelligenceBriefingSection
FN:154,buildBreakingNewsContent
FNF:8
FNH:8
FNDA:6,buildAnomalyAlertSection
FNDA:4,(anonymous_1)
FNDA:6,buildCoalitionDynamicsSection
FNDA:2,(anonymous_3)
FNDA:6,buildKeyPlayersIntelSection
FNDA:2,(anonymous_5)
FNDA:63,buildIntelligenceBriefingSection
FNDA:63,buildBreakingNewsContent
DA:20,8
DA:32,6
DA:33,4
DA:34,4
DA:37,4
DA:43,4
DA:60,6
DA:61,2
DA:62,2
DA:65,2
DA:71,2
DA:88,6
DA:89,2
DA:90,2
DA:93,2
DA:99,2
DA:123,63
DA:124,63
DA:125,6
DA:126,6
DA:165,63
DA:166,63
DA:167,63
DA:176,63
DA:178,63
DA:187,63
DA:196,63
DA:205,63
DA:214,63
DA:215,63
DA:216,63
DA:218,63
DA:226,63
DA:233,63
DA:246,63
LF:35
LH:35
BRDA:32,0,0,2
BRDA:32,0,1,4
BRDA:60,1,0,4
BRDA:60,1,1,2
BRDA:88,2,0,4
BRDA:88,2,1,2
BRDA:96,3,0,2
BRDA:96,3,1,0
BRDA:123,4,0,63
BRDA:123,4,1,59
BRDA:123,4,2,58
BRDA:124,5,0,57
BRDA:124,5,1,6
BRDA:160,6,0,63
BRDA:161,7,0,63
BRDA:162,8,0,63
BRDA:163,9,0,63
BRDA:168,10,0,63
BRDA:168,10,1,30
BRDA:168,10,2,28
BRDA:168,10,3,27
BRDA:168,10,4,26
BRDA:168,10,5,22
BRDA:168,10,6,21
BRDA:178,11,0,33
BRDA:178,11,1,30
BRDA:187,12,0,23
BRDA:187,12,1,40
BRDA:196,13,0,22
BRDA:196,13,1,41
BRDA:205,14,0,18
BRDA:205,14,1,45
BRDA:218,15,0,43
BRDA:218,15,1,20
BRDA:233,16,0,20
BRDA:233,16,1,43
BRF:36
BRH:35
end_of_record
TN:
SF:src/generators/committee-helpers.ts
FN:22,applyCommitteeInfo
FN:60,applyDocuments
FN:67,(anonymous_2)
FN:85,applyEffectiveness
FNF:4
FNH:4
FNDA:6,applyCommitteeInfo
FNDA:5,applyDocuments
FNDA:3,(anonymous_2)
FNDA:6,applyEffectiveness
DA:13,8
DA:27,6
DA:28,6
DA:29,5
DA:32,5
DA:33,3
DA:34,6
DA:35,6
DA:36,6
DA:37,6
DA:38,6
DA:39,1
DA:40,2
DA:41,2
DA:42,2
DA:43,1
DA:46,3
DA:47,3
DA:49,1
DA:50,1
DA:61,5
DA:62,5
DA:63,5
DA:66,5
DA:67,3
DA:72,3
DA:74,1
DA:75,1
DA:86,6
DA:87,6
DA:88,6
DA:91,6
DA:92,4
DA:93,4
DA:94,6
DA:99,1
DA:100,1
LF:37
LH:37
BRDA:28,0,0,1
BRDA:28,0,1,5
BRDA:32,1,0,1
BRDA:32,1,1,4
BRDA:33,2,0,3
BRDA:33,2,1,2
BRDA:34,3,0,6
BRDA:34,3,1,2
BRDA:35,4,0,6
BRDA:35,4,1,2
BRDA:38,5,0,1
BRDA:38,5,1,2
BRDA:38,6,0,6
BRDA:38,6,1,1
BRDA:40,7,0,2
BRDA:40,7,1,0
BRDA:42,8,0,1
BRDA:42,8,1,1
BRDA:49,9,0,1
BRDA:49,9,1,0
BRDA:62,10,0,0
BRDA:62,10,1,5
BRDA:66,11,0,1
BRDA:66,11,1,4
BRDA:66,12,0,5
BRDA:66,12,1,3
BRDA:68,13,0,3
BRDA:68,13,1,0
BRDA:69,14,0,3
BRDA:69,14,1,2
BRDA:69,14,2,1
BRDA:70,15,0,3
BRDA:70,15,1,2
BRDA:74,16,0,1
BRDA:74,16,1,0
BRDA:87,17,0,0
BRDA:87,17,1,6
BRDA:91,18,0,1
BRDA:91,18,1,5
BRDA:93,19,0,4
BRDA:93,19,1,2
BRDA:95,20,0,2
BRDA:95,20,1,2
BRDA:95,21,0,6
BRDA:95,21,1,2
BRDA:99,22,0,1
BRDA:99,22,1,0
BRF:47
BRH:40
end_of_record
TN:
SF:src/generators/motions-content.ts
FN:30,getMotionsFallbackData
FN:103,generateMotionsContent
FN:124,(anonymous_2)
FN:145,(anonymous_3)
FN:160,(anonymous_4)
FN:180,(anonymous_5)
FN:208,buildVoteAlignmentHtml
FN:211,(anonymous_7)
FN:233,buildCoalitionAlignmentHtml
FN:237,(anonymous_9)
FN:257,buildPoliticalAlignmentSection
FNF:11
FNH:11
FNDA:11,getMotionsFallbackData
FNDA:53,generateMotionsContent
FNDA:55,(anonymous_2)
FNDA:55,(anonymous_3)
FNDA:51,(anonymous_4)
FNDA:55,(anonymous_5)
FNDA:20,buildVoteAlignmentHtml
FNDA:25,(anonymous_7)
FNDA:20,buildCoalitionAlignmentHtml
FNDA:13,(anonymous_9)
FNDA:22,buildPoliticalAlignmentSection
DA:21,8
DA:39,11
DA:112,53
DA:113,53
DA:114,53
DA:124,55
DA:145,55
DA:161,51
DA:163,51
DA:164,51
DA:165,51
DA:180,55
DA:209,20
DA:210,17
DA:212,25
DA:213,25
DA:214,25
DA:215,25
DA:224,17
DA:234,20
DA:235,7
DA:238,13
DA:244,7
DA:262,22
DA:263,20
DA:264,20
DA:265,20
DA:266,20
DA:267,20
LF:29
LH:29
BRDA:110,0,0,53
BRDA:161,1,0,51
BRDA:161,1,1,0
BRDA:163,2,0,51
BRDA:163,2,1,0
BRDA:209,3,0,3
BRDA:209,3,1,17
BRDA:234,4,0,13
BRDA:234,4,1,7
BRDA:262,5,0,2
BRDA:262,5,1,20
BRDA:262,6,0,22
BRDA:262,6,1,5
BRDA:265,7,0,0
BRDA:265,7,1,20
BRDA:265,8,0,20
BRDA:265,8,1,3
BRF:17
BRH:14
end_of_record
TN:
SF:src/generators/propositions-content.ts
FN:40,buildPropositionsContent
FNF:1
FNH:1
FNDA:33,buildPropositionsContent
DA:47,33
DA:48,33
DA:62,33
DA:69,33
LF:4
LH:4
BRDA:45,0,0,33
BRDA:48,1,0,24
BRDA:48,1,1,9
BRDA:62,2,0,1
BRDA:62,2,1,32
BRF:5
BRH:5
end_of_record
TN:
SF:src/generators/week-ahead-content.ts
FN:56,parseSettledMCPResult
FN:81,parsePlenarySessions
FN:85,(anonymous_2)
FN:100,parseEPEvents
FN:104,(anonymous_4)
FN:119,parseCommitteeMeetings
FN:123,(anonymous_6)
FN:131,(anonymous_7)
FN:146,parseLegislativeDocuments
FN:149,(anonymous_9)
FN:166,parseLegislativePipeline
FN:169,(anonymous_11)
FN:185,parseParliamentaryQuestions
FN:188,(anonymous_13)
FN:206,renderPlenaryEvent
FN:224,renderCommitteeMeeting
FN:227,(anonymous_16)
FN:246,renderLegislativeDocument
FN:262,renderPipelineProcedure
FN:278,renderQuestion
FN:296,buildLedeDetail
FN:318,buildWeekAheadContent
FN:395,buildKeywords
FN:427,buildHighRiskItems
FN:429,(anonymous_24)
FN:431,(anonymous_25)
FN:444,buildBottleneckProcedureItems
FN:446,(anonymous_27)
FN:448,(anonymous_28)
FN:461,buildNormalVelocityItems
FN:463,(anonymous_30)
FN:466,(anonymous_31)
FN:483,buildWhatToWatchSection
FNF:33
FNH:30
FNDA:33,parseSettledMCPResult
FNDA:8,parsePlenarySessions
FNDA:4,(anonymous_2)
FNDA:8,parseEPEvents
FNDA:4,(anonymous_4)
FNDA:6,parseCommitteeMeetings
FNDA:3,(anonymous_6)
FNDA:0,(anonymous_7)
FNDA:5,parseLegislativeDocuments
FNDA:2,(anonymous_9)
FNDA:5,parseLegislativePipeline
FNDA:2,(anonymous_11)
FNDA:1,parseParliamentaryQuestions
FNDA:0,(anonymous_13)
FNDA:13,renderPlenaryEvent
FNDA:21,renderCommitteeMeeting
FNDA:0,(anonymous_16)
FNDA:18,renderLegislativeDocument
FNDA:20,renderPipelineProcedure
FNDA:18,renderQuestion
FNDA:56,buildLedeDetail
FNDA:56,buildWeekAheadContent
FNDA:10,buildKeywords
FNDA:8,buildHighRiskItems
FNDA:8,(anonymous_24)
FNDA:4,(anonymous_25)
FNDA:8,buildBottleneckProcedureItems
FNDA:9,(anonymous_27)
FNDA:5,(anonymous_28)
FNDA:8,buildNormalVelocityItems
FNDA:8,(anonymous_30)
FNDA:4,(anonymous_31)
FNDA:15,buildWhatToWatchSection
DA:29,8
DA:32,8
DA:61,33
DA:62,28
DA:63,28
DA:64,33
DA:66,19
DA:67,19
DA:68,19
DA:70,2
DA:85,8
DA:104,8
DA:123,6
DA:131,0
DA:149,5
DA:169,5
DA:188,1
DA:207,13
DA:226,21
DA:227,0
DA:229,21
DA:247,18
DA:263,20
DA:279,18
DA:297,56
DA:299,23
DA:303,56
DA:306,56
DA:307,56
DA:323,56
DA:324,56
DA:326,56
DA:331,56
DA:339,56
DA:347,56
DA:355,56
DA:362,56
DA:364,56
DA:370,56
DA:396,10
DA:397,10
DA:398,3
DA:399,2
DA:402,10
DA:403,10
DA:404,10
DA:410,8
DA:413,8
DA:416,8
DA:419,8
DA:428,8
DA:429,8
DA:432,4
DA:445,8
DA:446,9
DA:449,5
DA:462,8
DA:463,8
DA:467,4
DA:488,15
DA:490,8
DA:493,8
DA:494,7
DA:495,7
LF:64
LH:62
BRDA:61,0,0,5
BRDA:61,0,1,28
BRDA:63,1,0,28
BRDA:63,1,1,2
BRDA:64,2,0,7
BRDA:64,2,1,26
BRDA:67,3,0,0
BRDA:67,3,1,19
BRDA:86,4,0,4
BRDA:86,4,1,1
BRDA:87,5,0,4
BRDA:87,5,1,1
BRDA:88,6,0,4
BRDA:88,6,1,1
BRDA:89,7,0,4
BRDA:89,7,1,2
BRDA:105,8,0,4
BRDA:105,8,1,1
BRDA:106,9,0,4
BRDA:106,9,1,1
BRDA:107,10,0,4
BRDA:107,10,1,1
BRDA:108,11,0,4
BRDA:108,11,1,2
BRDA:125,12,0,3
BRDA:125,12,1,1
BRDA:127,13,0,3
BRDA:127,13,1,1
BRDA:127,13,2,0
BRDA:133,14,0,0
BRDA:133,14,1,0
BRDA:152,15,0,2
BRDA:152,15,1,1
BRDA:171,16,0,2
BRDA:171,16,1,1
BRDA:192,17,0,0
BRDA:192,17,1,0
BRDA:213,18,0,2
BRDA:213,18,1,11
BRDA:226,19,0,0
BRDA:226,19,1,21
BRDA:226,20,0,21
BRDA:226,20,1,0
BRDA:227,21,0,0
BRDA:227,21,1,0
BRDA:231,22,0,0
BRDA:231,22,1,21
BRDA:233,23,0,21
BRDA:233,23,1,21
BRDA:234,24,0,0
BRDA:234,24,1,21
BRDA:250,25,0,17
BRDA:250,25,1,1
BRDA:251,26,0,0
BRDA:251,26,1,18
BRDA:252,27,0,0
BRDA:252,27,1,18
BRDA:264,28,0,2
BRDA:264,28,1,18
BRDA:266,29,0,20
BRDA:266,29,1,0
BRDA:267,30,0,0
BRDA:267,30,1,20
BRDA:268,31,0,2
BRDA:268,31,1,18
BRDA:282,32,0,18
BRDA:282,32,1,0
BRDA:283,33,0,0
BRDA:283,33,1,18
BRDA:297,34,0,33
BRDA:297,34,1,23
BRDA:297,35,0,56
BRDA:297,35,1,36
BRDA:299,36,0,20
BRDA:299,36,1,3
BRDA:300,37,0,1
BRDA:300,37,1,19
BRDA:303,38,0,20
BRDA:303,38,1,3
BRDA:304,39,0,0
BRDA:304,39,1,20
BRDA:306,40,0,17
BRDA:306,40,1,6
BRDA:306,41,0,56
BRDA:306,41,1,20
BRDA:321,42,0,56
BRDA:326,43,0,12
BRDA:326,43,1,44
BRDA:331,44,0,20
BRDA:331,44,1,36
BRDA:339,45,0,18
BRDA:339,45,1,38
BRDA:347,46,0,20
BRDA:347,46,1,36
BRDA:355,47,0,18
BRDA:355,47,1,38
BRDA:398,48,0,2
BRDA:398,48,1,1
BRDA:398,49,0,3
BRDA:398,49,1,3
BRDA:402,50,0,1
BRDA:402,50,1,9
BRDA:403,51,0,1
BRDA:403,51,1,9
BRDA:450,52,0,5
BRDA:450,52,1,0
BRDA:488,53,0,7
BRDA:488,53,1,8
BRDA:488,54,0,15
BRDA:488,54,1,9
BRDA:493,55,0,1
BRDA:493,55,1,7
BRF:112
BRH:92
end_of_record
TN:
SF:src/generators/pipeline/fetch-stage.ts
FN:83,(anonymous_0)
FN:96,(anonymous_1)
FN:114,(anonymous_2)
FN:126,(anonymous_3)
FN:150,(anonymous_4)
FN:159,(anonymous_5)
FN:180,callMCP
FN:206,parseJSON
FN:224,initializeMCPClient
FN:254,fetchWeekAheadData
FN:261,(anonymous_10)
FN:274,(anonymous_11)
FN:310,(anonymous_12)
FN:312,(anonymous_13)
FN:342,fetchVotingAnomalies
FN:348,(anonymous_15)
FN:366,fetchCoalitionDynamics
FN:372,(anonymous_17)
FN:390,fetchVotingReport
FN:396,(anonymous_19)
FN:416,fetchMEPInfluence
FN:423,(anonymous_21)
FN:445,fetchCommitteeData
FN:463,(anonymous_23)
FN:476,(anonymous_24)
FN:488,(anonymous_25)
FN:518,fetchVotingRecords
FN:527,(anonymous_27)
FN:549,(anonymous_28)
FN:576,fetchVotingPatterns
FN:585,(anonymous_30)
FN:601,(anonymous_31)
FN:623,fetchMotionsAnomalies
FN:632,(anonymous_33)
FN:648,(anonymous_34)
FN:670,fetchParliamentaryQuestionsForMotions
FN:679,(anonymous_36)
FN:702,(anonymous_37)
FN:726,fetchMotionsData
FN:798,fetchProposalsFromMCP
FN:804,(anonymous_40)
FN:819,(anonymous_41)
FN:823,(anonymous_42)
FN:846,fetchPipelineFromMCP
FN:852,(anonymous_44)
FN:871,(anonymous_45)
FN:891,fetchProcedureStatusFromMCP
FN:898,(anonymous_47)
FNF:48
FNH:48
FNDA:18,(anonymous_0)
FNDA:63,(anonymous_1)
FNDA:71,(anonymous_2)
FNDA:36,(anonymous_3)
FNDA:14,(anonymous_4)
FNDA:2,(anonymous_5)
FNDA:49,callMCP
FNDA:16,parseJSON
FNDA:1,initializeMCPClient
FNDA:9,fetchWeekAheadData
FNDA:12,(anonymous_10)
FNDA:4,(anonymous_11)
FNDA:1,(anonymous_12)
FNDA:6,(anonymous_13)
FNDA:6,fetchVotingAnomalies
FNDA:3,(anonymous_15)
FNDA:6,fetchCoalitionDynamics
FNDA:3,(anonymous_17)
FNDA:6,fetchVotingReport
FNDA:3,(anonymous_19)
FNDA:3,fetchMEPInfluence
FNDA:1,(anonymous_21)
FNDA:9,fetchCommitteeData
FNDA:2,(anonymous_23)
FNDA:2,(anonymous_24)
FNDA:2,(anonymous_25)
FNDA:12,fetchVotingRecords
FNDA:5,(anonymous_27)
FNDA:4,(anonymous_28)
FNDA:12,fetchVotingPatterns
FNDA:5,(anonymous_30)
FNDA:3,(anonymous_31)
FNDA:12,fetchMotionsAnomalies
FNDA:5,(anonymous_33)
FNDA:3,(anonymous_34)
FNDA:11,fetchParliamentaryQuestionsForMotions
FNDA:4,(anonymous_36)
FNDA:2,(anonymous_37)
FNDA:5,fetchMotionsData
FNDA:9,fetchProposalsFromMCP
FNDA:6,(anonymous_40)
FNDA:2,(anonymous_41)
FNDA:3,(anonymous_42)
FNDA:8,fetchPipelineFromMCP
FNDA:5,(anonymous_44)
FNDA:2,(anonymous_45)
FNDA:9,fetchProcedureStatusFromMCP
FNDA:3,(anonymous_47)
DA:47,8
DA:50,8
DA:53,8
DA:76,18
DA:77,18
DA:78,18
DA:79,18
DA:84,18
DA:85,18
DA:97,63
DA:98,10
DA:99,9
DA:100,4
DA:101,4
DA:104,5
DA:108,5
DA:109,4
DA:110,4
DA:115,71
DA:116,71
DA:117,71
DA:127,36
DA:128,36
DA:130,0
DA:131,0
DA:132,0
DA:133,0
DA:135,36
DA:136,36
DA:137,11
DA:138,11
DA:139,11
DA:151,14
DA:160,2
DA:165,8
DA:181,49
DA:182,0
DA:185,0
DA:187,49
DA:188,49
DA:189,34
DA:190,34
DA:192,15
DA:193,15
DA:207,16
DA:208,16
DA:210,1
DA:211,1
DA:227,1
DA:228,1
DA:229,1
DA:231,0
DA:232,0
DA:233,0
DA:234,0
DA:235,0
DA:237,0
DA:238,0
DA:239,0
DA:240,0
DA:258,9
DA:259,6
DA:260,6
DA:261,12
DA:269,3
DA:270,2
DA:273,2
DA:274,4
DA:284,1
DA:286,1
DA:289,1
DA:303,1
DA:310,1
DA:311,1
DA:312,6
DA:315,1
DA:316,0
DA:318,1
DA:321,1
DA:322,1
DA:323,1
DA:325,1
DA:345,6
DA:346,3
DA:347,3
DA:348,3
DA:352,2
DA:354,1
DA:355,1
DA:356,1
DA:369,6
DA:370,3
DA:371,3
DA:372,3
DA:376,2
DA:378,1
DA:379,1
DA:380,1
DA:393,6
DA:394,3
DA:395,3
DA:396,3
DA:400,2
DA:402,1
DA:403,1
DA:404,1
DA:420,3
DA:421,1
DA:422,1
DA:423,1
DA:427,0
DA:429,1
DA:430,1
DA:431,1
DA:449,9
DA:458,9
DA:460,2
DA:461,2
DA:462,2
DA:463,2
DA:467,1
DA:469,1
DA:470,1
DA:473,2
DA:474,2
DA:475,2
DA:476,2
DA:480,1
DA:482,1
DA:483,1
DA:486,2
DA:487,2
DA:489,2
DA:496,0
DA:498,2
DA:499,2
DA:505,2
DA:523,12
DA:524,5
DA:525,5
DA:526,5
DA:528,5
DA:537,4
DA:538,3
DA:547,3
DA:548,3
DA:549,4
DA:562,1
DA:563,1
DA:565,2
DA:581,12
DA:582,5
DA:583,5
DA:584,5
DA:586,5
DA:594,4
DA:595,3
DA:599,3
DA:600,3
DA:601,3
DA:609,1
DA:610,1
DA:612,2
DA:628,12
DA:629,5
DA:630,5
DA:631,5
DA:633,5
DA:641,4
DA:642,3
DA:646,3
DA:647,3
DA:648,3
DA:656,1
DA:657,1
DA:659,2
DA:675,11
DA:676,4
DA:677,4
DA:678,4
DA:680,4
DA:689,3
DA:690,2
DA:700,2
DA:701,1
DA:702,2
DA:711,1
DA:712,1
DA:714,3
DA:737,5
DA:745,5
DA:746,5
DA:747,0
DA:751,5
DA:752,5
DA:753,0
DA:757,5
DA:758,5
DA:759,0
DA:763,5
DA:764,5
DA:765,0
DA:768,5
DA:770,5
DA:771,4
DA:772,4
DA:774,5
DA:775,4
DA:776,4
DA:778,5
DA:779,4
DA:780,4
DA:782,5
DA:783,5
DA:784,5
DA:787,5
DA:801,9
DA:803,6
DA:804,6
DA:808,5
DA:810,3
DA:814,3
DA:816,2
DA:819,2
DA:821,9
DA:823,3
DA:837,9
DA:849,8
DA:851,5
DA:852,5
DA:856,4
DA:858,2
DA:864,2
DA:866,1
DA:867,8
DA:869,8
DA:871,2
DA:880,8
DA:895,9
DA:896,3
DA:897,3
DA:898,3
DA:902,2
DA:903,1
DA:904,1
DA:906,1
DA:907,1
DA:908,1
LF:248
LH:226
BRDA:83,0,0,18
BRDA:84,1,0,18
BRDA:84,1,1,9
BRDA:85,2,0,18
BRDA:85,2,1,12
BRDA:97,3,0,53
BRDA:97,3,1,10
BRDA:98,4,0,9
BRDA:98,4,1,1
BRDA:99,5,0,4
BRDA:99,5,1,5
BRDA:108,6,0,1
BRDA:108,6,1,4
BRDA:128,7,0,0
BRDA:128,7,1,36
BRDA:136,8,0,11
BRDA:136,8,1,25
BRDA:181,9,0,0
BRDA:181,9,1,49
BRDA:227,10,0,1
BRDA:227,10,1,0
BRDA:237,11,0,0
BRDA:237,11,1,0
BRDA:258,12,0,6
BRDA:258,12,1,3
BRDA:269,13,0,2
BRDA:269,13,1,1
BRDA:315,14,0,0
BRDA:315,14,1,1
BRDA:315,15,0,1
BRDA:315,15,1,1
BRDA:315,15,2,0
BRDA:326,16,0,1
BRDA:326,16,1,0
BRDA:345,17,0,3
BRDA:345,17,1,3
BRDA:352,18,0,2
BRDA:352,18,1,2
BRDA:354,19,0,1
BRDA:354,19,1,0
BRDA:369,20,0,3
BRDA:369,20,1,3
BRDA:376,21,0,2
BRDA:376,21,1,2
BRDA:378,22,0,1
BRDA:378,22,1,0
BRDA:393,23,0,3
BRDA:393,23,1,3
BRDA:400,24,0,2
BRDA:400,24,1,2
BRDA:402,25,0,1
BRDA:402,25,1,0
BRDA:420,26,0,2
BRDA:420,26,1,1
BRDA:420,27,0,3
BRDA:420,27,1,2
BRDA:427,28,0,0
BRDA:427,28,1,0
BRDA:429,29,0,1
BRDA:429,29,1,0
BRDA:458,30,0,7
BRDA:458,30,1,2
BRDA:467,31,0,0
BRDA:467,31,1,1
BRDA:469,32,0,1
BRDA:469,32,1,0
BRDA:480,33,0,0
BRDA:480,33,1,1
BRDA:482,34,0,1
BRDA:482,34,1,0
BRDA:496,35,0,0
BRDA:496,35,1,0
BRDA:498,36,0,2
BRDA:498,36,1,0
BRDA:523,37,0,7
BRDA:523,37,1,5
BRDA:537,38,0,3
BRDA:537,38,1,1
BRDA:547,39,0,3
BRDA:547,39,1,0
BRDA:547,40,0,3
BRDA:547,40,1,3
BRDA:550,41,0,4
BRDA:550,41,1,1
BRDA:551,42,0,4
BRDA:551,42,1,1
BRDA:552,43,0,4
BRDA:552,43,1,1
BRDA:554,44,0,4
BRDA:554,44,1,1
BRDA:555,45,0,4
BRDA:555,45,1,1
BRDA:556,46,0,4
BRDA:556,46,1,1
BRDA:562,47,0,1
BRDA:562,47,1,0
BRDA:581,48,0,7
BRDA:581,48,1,5
BRDA:594,49,0,3
BRDA:594,49,1,1
BRDA:599,50,0,3
BRDA:599,50,1,0
BRDA:599,51,0,3
BRDA:599,51,1,3
BRDA:602,52,0,3
BRDA:602,52,1,1
BRDA:603,53,0,3
BRDA:603,53,1,1
BRDA:604,54,0,3
BRDA:604,54,1,1
BRDA:609,55,0,1
BRDA:609,55,1,0
BRDA:628,56,0,7
BRDA:628,56,1,5
BRDA:641,57,0,3
BRDA:641,57,1,1
BRDA:646,58,0,3
BRDA:646,58,1,0
BRDA:646,59,0,3
BRDA:646,59,1,3
BRDA:649,60,0,3
BRDA:649,60,1,1
BRDA:650,61,0,3
BRDA:650,61,1,1
BRDA:651,62,0,3
BRDA:651,62,1,1
BRDA:656,63,0,1
BRDA:656,63,1,0
BRDA:675,64,0,7
BRDA:675,64,1,4
BRDA:689,65,0,2
BRDA:689,65,1,1
BRDA:700,66,0,1
BRDA:700,66,1,1
BRDA:700,67,0,2
BRDA:700,67,1,2
BRDA:703,68,0,2
BRDA:703,68,1,1
BRDA:704,69,0,2
BRDA:704,69,1,1
BRDA:704,69,2,0
BRDA:705,70,0,2
BRDA:705,70,1,1
BRDA:706,71,0,2
BRDA:706,71,1,1
BRDA:711,72,0,1
BRDA:711,72,1,0
BRDA:745,73,0,5
BRDA:745,73,1,0
BRDA:746,74,0,0
BRDA:746,74,1,5
BRDA:751,75,0,5
BRDA:751,75,1,0
BRDA:752,76,0,0
BRDA:752,76,1,5
BRDA:757,77,0,5
BRDA:757,77,1,0
BRDA:758,78,0,0
BRDA:758,78,1,5
BRDA:763,79,0,5
BRDA:763,79,1,0
BRDA:764,80,0,0
BRDA:764,80,1,5
BRDA:770,81,0,4
BRDA:770,81,1,1
BRDA:774,82,0,4
BRDA:774,82,1,1
BRDA:778,83,0,4
BRDA:778,83,1,1
BRDA:782,84,0,5
BRDA:782,84,1,0
BRDA:801,85,0,3
BRDA:801,85,1,6
BRDA:808,86,0,2
BRDA:808,86,1,3
BRDA:814,87,0,1
BRDA:814,87,1,2
BRDA:819,88,0,2
BRDA:819,88,1,1
BRDA:819,89,0,2
BRDA:819,89,1,1
BRDA:825,90,0,3
BRDA:825,90,1,0
BRDA:827,91,0,1
BRDA:827,91,1,2
BRDA:828,92,0,1
BRDA:828,92,1,2
BRDA:829,93,0,1
BRDA:829,93,1,2
BRDA:831,94,0,1
BRDA:831,94,1,2
BRDA:832,95,0,1
BRDA:832,95,1,2
BRDA:849,96,0,3
BRDA:849,96,1,5
BRDA:856,97,0,2
BRDA:856,97,1,2
BRDA:864,98,0,1
BRDA:864,98,1,1
BRDA:866,99,0,1
BRDA:866,99,1,0
BRDA:867,100,0,8
BRDA:867,100,1,0
BRDA:869,101,0,8
BRDA:869,101,1,0
BRDA:873,102,0,1
BRDA:873,102,1,1
BRDA:874,103,0,2
BRDA:874,103,1,0
BRDA:875,104,0,1
BRDA:875,104,1,1
BRDA:895,105,0,6
BRDA:895,105,1,3
BRDA:895,106,0,9
BRDA:895,106,1,4
BRDA:902,107,0,1
BRDA:902,107,1,1
BRDA:906,108,0,1
BRDA:906,108,1,0
BRF:219
BRH:175
end_of_record
TN:
SF:src/generators/pipeline/generate-stage.ts
FN:51,createStrategyRegistry
FN:87,getIsoDatePart
FN:105,generateSingleLanguageArticle
FN:178,generateArticleForStrategy
FNF:4
FNH:4
FNDA:3,createStrategyRegistry
FNDA:7,getIsoDatePart
FNDA:6,generateSingleLanguageArticle
FNDA:7,generateArticleForStrategy
DA:52,3
DA:53,3
DA:54,3
DA:55,3
DA:56,3
DA:57,3
DA:58,3
DA:59,3
DA:60,3
DA:61,3
DA:67,7
DA:88,7
DA:89,7
DA:90,7
DA:114,6
DA:116,6
DA:117,6
DA:119,6
DA:133,6
DA:134,6
DA:135,0
DA:138,0
DA:139,0
DA:143,6
DA:144,6
DA:145,0
DA:148,0
DA:149,0
DA:151,6
DA:152,6
DA:155,6
DA:156,4
DA:157,4
DA:159,2
DA:185,7
DA:186,7
DA:188,7
DA:189,7
DA:190,7
DA:191,7
DA:193,7
DA:195,4
DA:196,4
DA:197,6
DA:200,4
DA:204,4
DA:205,4
DA:206,2
DA:210,2
DA:215,4
DA:217,3
DA:218,3
DA:219,3
DA:220,3
DA:221,1
DA:223,3
DA:224,3
LF:57
LH:51
BRDA:89,0,0,0
BRDA:89,0,1,7
BRDA:129,1,0,6
BRDA:129,1,1,0
BRDA:134,2,0,0
BRDA:134,2,1,6
BRDA:144,3,0,0
BRDA:144,3,1,6
BRDA:155,4,0,4
BRDA:155,4,1,2
BRDA:185,5,0,7
BRDA:185,5,1,0
BRDA:197,6,0,4
BRDA:197,6,1,2
BRDA:205,7,0,2
BRDA:205,7,1,2
BRDA:217,8,0,2
BRDA:217,8,1,1
BRDA:218,9,0,2
BRDA:218,9,1,1
BRDA:220,10,0,1
BRDA:220,10,1,2
BRDA:220,11,0,3
BRDA:220,11,1,2
BRF:24
BRH:19
end_of_record
TN:
SF:src/generators/pipeline/output-stage.ts
FN:45,writeArticleFile
FN:77,writeSingleArticle
FN:109,writeGenerationMetadata
FNF:3
FNH:3
FNDA:13,writeArticleFile
FNDA:9,writeSingleArticle
FNDA:3,writeGenerationMetadata
DA:32,7
DA:46,13
DA:48,13
DA:49,2
DA:50,0
DA:52,2
DA:54,2
DA:57,11
DA:58,4
DA:59,4
DA:62,7
DA:63,7
DA:64,7
DA:84,9
DA:85,9
DA:87,9
DA:88,5
DA:89,5
DA:90,4
DA:91,1
DA:92,3
DA:93,3
DA:96,9
DA:116,3
DA:118,2
DA:129,2
DA:130,2
DA:131,2
LF:28
LH:27
BRDA:48,0,0,2
BRDA:48,0,1,11
BRDA:48,1,0,13
BRDA:48,1,1,2
BRDA:49,2,0,0
BRDA:49,2,1,2
BRDA:57,3,0,4
BRDA:57,3,1,7
BRDA:87,4,0,5
BRDA:87,4,1,4
BRDA:90,5,0,1
BRDA:90,5,1,3
BRDA:90,6,0,4
BRDA:90,6,1,1
BRDA:92,7,0,3
BRDA:92,7,1,0
BRDA:116,8,0,1
BRDA:116,8,1,2
BRF:18
BRH:16
end_of_record
TN:
SF:src/generators/pipeline/transform-stage.ts
FN:30,validateFirstContentItem
FN:53,validateMCPResponse
FN:98,normalizeISO8601Date
FN:115,sanitizeText
FN:125,isValidCountryCode
FN:135,isValidLanguageCode
FNF:6
FNH:6
FNDA:4,validateFirstContentItem
FNDA:10,validateMCPResponse
FNDA:4,normalizeISO8601Date
FNDA:4,sanitizeText
FNDA:5,isValidCountryCode
FNDA:3,isValidLanguageCode
DA:31,4
DA:32,2
DA:34,2
DA:35,2
DA:54,10
DA:56,10
DA:57,2
DA:58,2
DA:59,2
DA:62,8
DA:63,2
DA:64,2
DA:65,2
DA:68,6
DA:70,6
DA:71,1
DA:73,5
DA:74,5
DA:75,1
DA:77,4
DA:78,4
DA:82,6
DA:83,5
DA:86,6
DA:99,4
DA:100,3
DA:101,3
DA:102,3
DA:103,2
DA:105,0
DA:116,4
DA:126,5
DA:136,3
LF:33
LH:32
BRDA:31,0,0,2
BRDA:31,0,1,2
BRDA:31,1,0,4
BRDA:31,1,1,3
BRDA:31,1,2,2
BRDA:31,1,3,2
BRDA:35,2,0,1
BRDA:35,2,1,1
BRDA:56,3,0,2
BRDA:56,3,1,8
BRDA:56,4,0,10
BRDA:56,4,1,9
BRDA:62,5,0,2
BRDA:62,5,1,6
BRDA:62,6,0,8
BRDA:62,6,1,7
BRDA:63,7,0,1
BRDA:63,7,1,1
BRDA:70,8,0,1
BRDA:70,8,1,5
BRDA:74,9,0,1
BRDA:74,9,1,4
BRDA:78,10,0,3
BRDA:78,10,1,1
BRDA:82,11,0,5
BRDA:82,11,1,1
BRDA:99,12,0,1
BRDA:99,12,1,3
BRDA:102,13,0,1
BRDA:102,13,1,2
BRDA:103,14,0,2
BRDA:103,14,1,0
BRF:32
BRH:31
end_of_record
TN:
SF:src/generators/strategies/article-strategy.ts
FNF:0
FNH:0
LF:0
LH:0
BRF:0
BRH:0
end_of_record
TN:
SF:src/generators/strategies/breaking-news-strategy.ts
FN:65,(anonymous_0)
FN:89,(anonymous_1)
FN:107,(anonymous_2)
FNF:3
FNH:3
FNDA:3,(anonymous_0)
FNDA:6,(anonymous_1)
FNDA:6,(anonymous_2)
DA:24,8
DA:50,13
DA:52,13
DA:69,3
DA:70,1
DA:73,3
DA:79,3
DA:90,6
DA:108,6
DA:109,6
DA:110,6
DA:121,8
LF:12
LH:12
BRDA:69,0,0,1
BRDA:69,0,1,2
BRF:2
BRH:2
end_of_record
TN:
SF:src/generators/strategies/committee-reports-strategy.ts
FN:51,buildCommitteeReportsHTML
FN:53,(anonymous_1)
FN:58,(anonymous_2)
FN:119,(anonymous_3)
FN:124,(anonymous_4)
FN:125,(anonymous_5)
FN:134,(anonymous_6)
FN:147,(anonymous_7)
FN:158,(anonymous_8)
FNF:9
FNH:8
FNDA:5,buildCommitteeReportsHTML
FNDA:5,(anonymous_1)
FNDA:3,(anonymous_2)
FNDA:1,(anonymous_3)
FNDA:5,(anonymous_4)
FNDA:0,(anonymous_5)
FNDA:5,(anonymous_6)
FNDA:5,(anonymous_7)
FNDA:3,(anonymous_8)
DA:22,8
DA:25,8
DA:28,8
DA:31,8
DA:52,5
DA:55,5
DA:58,3
DA:68,5
DA:72,5
DA:87,5
DA:104,11
DA:106,11
DA:123,1
DA:124,5
DA:126,0
DA:127,0
DA:128,0
DA:133,1
DA:134,5
DA:137,1
DA:148,5
DA:159,3
DA:160,3
DA:161,3
DA:162,3
DA:173,8
LF:26
LH:23
BRDA:55,0,0,3
BRDA:55,0,1,2
BRDA:62,1,0,3
BRDA:62,1,1,0
BRDA:68,2,0,3
BRDA:68,2,1,2
BRDA:126,3,0,0
BRDA:126,3,1,0
BRF:8
BRH:5
end_of_record
TN:
SF:src/generators/strategies/month-ahead-strategy.ts
FN:50,computeMonthAheadDateRange
FN:77,formatMonthLabel
FN:108,(anonymous_2)
FN:129,(anonymous_3)
FN:141,(anonymous_4)
FNF:5
FNH:5
FNDA:1,computeMonthAheadDateRange
FNDA:1,formatMonthLabel
FNDA:1,(anonymous_2)
FNDA:3,(anonymous_3)
FNDA:2,(anonymous_4)
DA:35,8
DA:51,1
DA:52,1
DA:53,1
DA:55,1
DA:56,1
DA:58,1
DA:59,1
DA:61,1
DA:62,0
DA:65,1
DA:78,1
DA:79,1
DA:90,9
DA:92,9
DA:112,1
DA:113,1
DA:115,1
DA:116,1
DA:117,1
DA:119,1
DA:130,3
DA:131,3
DA:142,2
DA:143,2
DA:144,2
DA:155,8
LF:27
LH:26
BRDA:61,0,0,0
BRDA:61,0,1,1
BRDA:61,1,0,1
BRDA:61,1,1,1
BRF:4
BRH:3
end_of_record
TN:
SF:src/generators/strategies/monthly-review-strategy.ts
FN:68,computeMonthlyReviewDateRange
FN:92,formatMonthLabel
FN:121,(anonymous_2)
FN:156,(anonymous_3)
FN:175,(anonymous_4)
FNF:5
FNH:5
FNDA:1,computeMonthlyReviewDateRange
FNDA:1,formatMonthLabel
FNDA:1,(anonymous_2)
FNDA:3,(anonymous_3)
FNDA:2,(anonymous_4)
DA:53,8
DA:69,1
DA:70,1
DA:71,1
DA:73,1
DA:74,1
DA:76,1
DA:77,0
DA:80,1
DA:93,1
DA:94,1
DA:105,9
DA:107,9
DA:125,1
DA:126,1
DA:128,1
DA:135,1
DA:137,1
DA:157,3
DA:176,2
DA:177,2
DA:178,2
DA:189,8
LF:23
LH:22
BRDA:76,0,0,0
BRDA:76,0,1,1
BRDA:76,1,0,1
BRDA:76,1,1,1
BRF:4
BRH:3
end_of_record
TN:
SF:src/generators/strategies/motions-strategy.ts
FN:77,(anonymous_0)
FN:112,(anonymous_1)
FN:140,(anonymous_2)
FNF:3
FNH:3
FNDA:3,(anonymous_0)
FNDA:12,(anonymous_1)
FNDA:7,(anonymous_2)
DA:26,8
DA:35,8
DA:61,13
DA:63,13
DA:81,3
DA:82,3
DA:83,3
DA:84,3
DA:85,0
DA:87,3
DA:89,3
DA:95,3
DA:113,12
DA:122,12
DA:127,12
DA:128,11
DA:130,1
DA:141,7
DA:142,7
DA:143,7
DA:154,8
LF:21
LH:20
BRDA:84,0,0,0
BRDA:84,0,1,3
BRDA:127,1,0,11
BRDA:127,1,1,1
BRF:4
BRH:3
end_of_record
TN:
SF:src/generators/strategies/propositions-strategy.ts
FN:72,(anonymous_0)
FN:108,(anonymous_1)
FN:126,(anonymous_2)
FNF:3
FNH:3
FNDA:4,(anonymous_0)
FNDA:7,(anonymous_1)
FNDA:2,(anonymous_2)
DA:29,8
DA:57,15
DA:59,15
DA:76,4
DA:77,2
DA:80,4
DA:86,4
DA:90,4
DA:92,4
DA:94,4
DA:95,4
DA:98,4
DA:109,7
DA:110,7
DA:127,2
DA:128,2
DA:129,2
DA:140,8
LF:18
LH:18
BRDA:76,0,0,2
BRDA:76,0,1,2
BRDA:86,1,0,3
BRDA:86,1,1,1
BRDA:90,2,0,3
BRDA:90,2,1,1
BRDA:94,3,0,4
BRDA:94,3,1,0
BRF:8
BRH:7
end_of_record
TN:
SF:src/generators/strategies/week-ahead-strategy.ts
FN:43,computeWeekAheadDateRange
FN:90,(anonymous_1)
FN:110,(anonymous_2)
FN:129,(anonymous_3)
FNF:4
FNH:4
FNDA:4,computeWeekAheadDateRange
FNDA:4,(anonymous_1)
FNDA:7,(anonymous_2)
FNDA:6,(anonymous_3)
DA:44,4
DA:45,4
DA:46,4
DA:48,4
DA:49,4
DA:51,4
DA:52,4
DA:54,4
DA:55,0
DA:58,3
DA:72,15
DA:74,15
DA:94,4
DA:95,4
DA:97,4
DA:98,3
DA:100,3
DA:111,7
DA:112,7
DA:116,7
DA:117,1
DA:119,6
DA:130,6
DA:131,6
DA:132,6
DA:143,8
LF:26
LH:25
BRDA:54,0,0,0
BRDA:54,0,1,4
BRDA:54,1,0,4
BRDA:54,1,1,3
BRDA:116,2,0,1
BRDA:116,2,1,6
BRF:6
BRH:5
end_of_record
TN:
SF:src/generators/strategies/weekly-review-strategy.ts
FN:65,computeWeeklyReviewDateRange
FN:107,(anonymous_1)
FN:139,(anonymous_2)
FN:158,(anonymous_3)
FNF:4
FNH:4
FNDA:1,computeWeeklyReviewDateRange
FNDA:1,(anonymous_1)
FNDA:3,(anonymous_2)
FNDA:2,(anonymous_3)
DA:50,8
DA:66,1
DA:67,1
DA:68,1
DA:70,1
DA:71,1
DA:73,1
DA:74,0
DA:77,1
DA:91,9
DA:93,9
DA:111,1
DA:112,1
DA:114,1
DA:121,1
DA:140,3
DA:159,2
DA:160,2
DA:161,2
DA:172,8
LF:20
LH:19
BRDA:73,0,0,0
BRDA:73,0,1,1
BRDA:73,1,0,1
BRDA:73,1,1,1
BRF:4
BRH:3
end_of_record
TN:
SF:src/mcp/ep-mcp-client.ts
FN:120,(anonymous_0)
FN:141,(anonymous_1)
FN:152,(anonymous_2)
FN:155,(anonymous_3)
FN:176,(anonymous_4)
FN:179,(anonymous_5)
FN:202,(anonymous_6)
FN:207,(anonymous_7)
FN:225,(anonymous_8)
FN:235,(anonymous_9)
FN:247,(anonymous_10)
FN:271,(anonymous_11)
FN:290,(anonymous_12)
FN:302,(anonymous_13)
FN:312,(anonymous_14)
FN:315,(anonymous_15)
FN:316,(anonymous_16)
FN:336,(anonymous_17)
FN:350,(anonymous_18)
FN:360,(anonymous_19)
FN:380,(anonymous_20)
FN:400,(anonymous_21)
FN:418,(anonymous_22)
FN:430,(anonymous_23)
FN:440,(anonymous_24)
FN:460,(anonymous_25)
FN:472,(anonymous_26)
FN:482,(anonymous_27)
FN:492,(anonymous_28)
FN:502,(anonymous_29)
FN:512,(anonymous_30)
FN:522,(anonymous_31)
FN:542,(anonymous_32)
FN:562,(anonymous_33)
FN:572,(anonymous_34)
FN:582,(anonymous_35)
FN:592,(anonymous_36)
FN:602,(anonymous_37)
FN:612,(anonymous_38)
FN:622,(anonymous_39)
FN:634,(anonymous_40)
FN:646,(anonymous_41)
FN:658,(anonymous_42)
FN:668,(anonymous_43)
FN:690,(anonymous_44)
FN:710,(anonymous_45)
FN:732,(anonymous_46)
FN:754,(anonymous_47)
FN:764,(anonymous_48)
FN:774,(anonymous_49)
FN:784,(anonymous_50)
FN:800,(anonymous_51)
FN:812,(anonymous_52)
FN:827,(anonymous_53)
FN:837,(anonymous_54)
FN:847,(anonymous_55)
FN:861,(anonymous_56)
FN:875,(anonymous_57)
FN:891,(anonymous_58)
FN:905,(anonymous_59)
FN:921,(anonymous_60)
FN:937,(anonymous_61)
FN:953,(anonymous_62)
FN:969,(anonymous_63)
FN:985,(anonymous_64)
FN:1001,(anonymous_65)
FN:1019,getEPMCPClient
FN:1032,closeEPMCPClient
FNF:68
FNH:68
FNDA:147,(anonymous_0)
FNDA:3,(anonymous_1)
FNDA:8,(anonymous_2)
FNDA:8,(anonymous_3)
FNDA:7,(anonymous_4)
FNDA:7,(anonymous_5)
FNDA:7,(anonymous_6)
FNDA:7,(anonymous_7)
FNDA:6,(anonymous_8)
FNDA:6,(anonymous_9)
FNDA:3,(anonymous_10)
FNDA:3,(anonymous_11)
FNDA:2,(anonymous_12)
FNDA:2,(anonymous_13)
FNDA:3,(anonymous_14)
FNDA:4,(anonymous_15)
FNDA:4,(anonymous_16)
FNDA:4,(anonymous_17)
FNDA:2,(anonymous_18)
FNDA:4,(anonymous_19)
FNDA:4,(anonymous_20)
FNDA:4,(anonymous_21)
FNDA:2,(anonymous_22)
FNDA:2,(anonymous_23)
FNDA:3,(anonymous_24)
FNDA:2,(anonymous_25)
FNDA:2,(anonymous_26)
FNDA:2,(anonymous_27)
FNDA:2,(anonymous_28)
FNDA:2,(anonymous_29)
FNDA:2,(anonymous_30)
FNDA:4,(anonymous_31)
FNDA:4,(anonymous_32)
FNDA:2,(anonymous_33)
FNDA:2,(anonymous_34)
FNDA:2,(anonymous_35)
FNDA:2,(anonymous_36)
FNDA:2,(anonymous_37)
FNDA:2,(anonymous_38)
FNDA:2,(anonymous_39)
FNDA:2,(anonymous_40)
FNDA:2,(anonymous_41)
FNDA:2,(anonymous_42)
FNDA:4,(anonymous_43)
FNDA:4,(anonymous_44)
FNDA:4,(anonymous_45)
FNDA:4,(anonymous_46)
FNDA:2,(anonymous_47)
FNDA:2,(anonymous_48)
FNDA:2,(anonymous_49)
FNDA:4,(anonymous_50)
FNDA:2,(anonymous_51)
FNDA:4,(anonymous_52)
FNDA:2,(anonymous_53)
FNDA:2,(anonymous_54)
FNDA:2,(anonymous_55)
FNDA:2,(anonymous_56)
FNDA:2,(anonymous_57)
FNDA:2,(anonymous_58)
FNDA:2,(anonymous_59)
FNDA:2,(anonymous_60)
FNDA:2,(anonymous_61)
FNDA:2,(anonymous_62)
FNDA:2,(anonymous_63)
FNDA:2,(anonymous_64)
FNDA:2,(anonymous_65)
FNDA:3,getEPMCPClient
FNDA:5,closeEPMCPClient
DA:75,10
DA:78,10
DA:81,10
DA:84,10
DA:87,10
DA:90,10
DA:93,10
DA:96,10
DA:125,147
DA:126,147
DA:127,147
DA:129,67
DA:130,67
DA:131,67
DA:142,3
DA:153,8
DA:156,8
DA:157,8
DA:158,8
DA:159,5
DA:161,8
DA:162,5
DA:164,8
DA:177,7
DA:180,7
DA:181,7
DA:182,7
DA:183,5
DA:184,5
DA:185,5
DA:188,7
DA:205,7
DA:208,7
DA:209,7
DA:210,7
DA:211,5
DA:213,7
DA:226,6
DA:238,6
DA:250,3
DA:251,3
DA:252,1
DA:255,1
DA:257,2
DA:258,2
DA:272,3
DA:273,3
DA:274,1
DA:275,1
DA:277,2
DA:293,2
DA:303,2
DA:313,3
DA:314,3
DA:315,4
DA:316,4
DA:317,3
DA:318,1
DA:321,1
DA:323,2
DA:337,4
DA:338,2
DA:339,2
DA:341,2
DA:351,2
DA:361,4
DA:362,2
DA:365,2
DA:367,2
DA:381,4
DA:382,2
DA:385,2
DA:387,2
DA:401,4
DA:402,2
DA:403,2
DA:405,2
DA:421,2
DA:431,2
DA:441,3
DA:442,1
DA:445,1
DA:447,2
DA:463,2
DA:473,2
DA:483,2
DA:493,2
DA:503,2
DA:513,2
DA:523,4
DA:524,2
DA:527,2
DA:529,2
DA:543,4
DA:544,2
DA:547,2
DA:549,2
DA:563,2
DA:573,2
DA:583,2
DA:593,2
DA:603,2
DA:613,2
DA:625,2
DA:637,2
DA:649,2
DA:659,2
DA:671,4
DA:672,2
DA:675,2
DA:677,2
DA:691,4
DA:692,2
DA:695,2
DA:697,2
DA:713,4
DA:714,2
DA:717,2
DA:719,2
DA:735,4
DA:736,2
DA:739,2
DA:741,2
DA:755,2
DA:765,2
DA:775,2
DA:785,4
DA:786,2
DA:789,2
DA:791,2
DA:801,2
DA:813,4
DA:819,10
DA:828,2
DA:838,2
DA:848,2
DA:862,2
DA:878,2
DA:892,2
DA:908,2
DA:924,2
DA:940,2
DA:956,2
DA:972,2
DA:988,2
DA:1004,2
DA:1011,10
DA:1022,3
DA:1023,2
DA:1024,2
DA:1026,3
DA:1033,5
DA:1034,2
DA:1035,2
LF:154
LH:154
BRDA:126,0,0,22
BRDA:126,0,1,125
BRDA:129,1,0,67
BRDA:129,1,1,0
BRDA:141,2,0,3
BRDA:152,3,0,8
BRDA:158,4,0,5
BRDA:158,4,1,3
BRDA:158,5,0,8
BRDA:158,5,1,6
BRDA:161,6,0,5
BRDA:161,6,1,3
BRDA:161,7,0,8
BRDA:161,7,1,7
BRDA:176,8,0,7
BRDA:182,9,0,5
BRDA:182,9,1,2
BRDA:182,10,0,7
BRDA:182,10,1,6
BRDA:184,11,0,5
BRDA:184,11,1,0
BRDA:203,12,0,7
BRDA:210,13,0,5
BRDA:210,13,1,2
BRDA:210,14,0,7
BRDA:210,14,1,7
BRDA:225,15,0,6
BRDA:236,16,0,6
BRDA:251,17,0,1
BRDA:251,17,1,2
BRDA:272,18,0,3
BRDA:272,18,1,0
BRDA:272,19,0,3
BRDA:272,19,1,3
BRDA:273,20,0,1
BRDA:273,20,1,2
BRDA:291,21,0,2
BRDA:302,22,0,2
BRDA:313,23,0,3
BRDA:313,23,1,0
BRDA:313,24,0,3
BRDA:313,24,1,3
BRDA:315,25,0,4
BRDA:315,25,1,0
BRDA:317,26,0,1
BRDA:317,26,1,2
BRDA:337,27,0,2
BRDA:337,27,1,2
BRDA:337,28,0,4
BRDA:337,28,1,4
BRDA:350,29,0,2
BRDA:361,30,0,2
BRDA:361,30,1,2
BRDA:361,31,0,4
BRDA:361,31,1,4
BRDA:381,32,0,2
BRDA:381,32,1,2
BRDA:381,33,0,4
BRDA:381,33,1,4
BRDA:401,34,0,2
BRDA:401,34,1,2
BRDA:401,35,0,4
BRDA:401,35,1,4
BRDA:419,36,0,2
BRDA:430,37,0,2
BRDA:441,38,0,1
BRDA:441,38,1,2
BRDA:441,39,0,3
BRDA:441,39,1,3
BRDA:461,40,0,2
BRDA:472,41,0,2
BRDA:482,42,0,2
BRDA:492,43,0,2
BRDA:502,44,0,2
BRDA:512,45,0,2
BRDA:523,46,0,2
BRDA:523,46,1,2
BRDA:523,47,0,4
BRDA:523,47,1,4
BRDA:543,48,0,2
BRDA:543,48,1,2
BRDA:543,49,0,4
BRDA:543,49,1,4
BRDA:562,50,0,2
BRDA:572,51,0,2
BRDA:582,52,0,2
BRDA:592,53,0,2
BRDA:602,54,0,2
BRDA:612,55,0,2
BRDA:623,56,0,2
BRDA:635,57,0,2
BRDA:647,58,0,2
BRDA:658,59,0,2
BRDA:671,60,0,2
BRDA:671,60,1,2
BRDA:671,61,0,4
BRDA:671,61,1,4
BRDA:691,62,0,2
BRDA:691,62,1,2
BRDA:691,63,0,4
BRDA:691,63,1,4
BRDA:713,64,0,2
BRDA:713,64,1,2
BRDA:713,65,0,4
BRDA:713,65,1,4
BRDA:735,66,0,2
BRDA:735,66,1,2
BRDA:735,67,0,4
BRDA:735,67,1,4
BRDA:754,68,0,2
BRDA:764,69,0,2
BRDA:774,70,0,2
BRDA:785,71,0,2
BRDA:785,71,1,2
BRDA:785,72,0,4
BRDA:785,72,1,4
BRDA:800,73,0,2
BRDA:812,74,0,4
BRDA:827,75,0,2
BRDA:837,76,0,2
BRDA:847,77,0,2
BRDA:861,78,0,2
BRDA:876,79,0,2
BRDA:891,80,0,2
BRDA:906,81,0,2
BRDA:922,82,0,2
BRDA:938,83,0,2
BRDA:954,84,0,2
BRDA:970,85,0,2
BRDA:986,86,0,2
BRDA:1002,87,0,2
BRDA:1020,88,0,3
BRDA:1022,89,0,2
BRDA:1022,89,1,1
BRDA:1033,90,0,2
BRDA:1033,90,1,3
BRF:136
BRH:131
end_of_record
TN:
SF:src/mcp/mcp-connection.ts
FN:58,(anonymous_0)
FN:71,(anonymous_1)
FN:86,parseRetryAfterMs
FN:115,isRetriableError
FN:146,formatRetryAfter
FN:179,parseSSEResponse
FN:227,(anonymous_6)
FN:254,(anonymous_7)
FN:263,(anonymous_8)
FN:272,(anonymous_9)
FN:281,(anonymous_10)
FN:290,(anonymous_11)
FN:299,(anonymous_12)
FN:316,(anonymous_13)
FN:331,(anonymous_14)
FN:350,(anonymous_15)
FN:377,(anonymous_16)
FN:388,(anonymous_17)
FN:417,(anonymous_18)
FN:471,(anonymous_19)
FN:484,(anonymous_20)
FN:496,(anonymous_21)
FN:503,(anonymous_22)
FN:513,(anonymous_23)
FN:518,(anonymous_24)
FN:536,(anonymous_25)
FN:550,(anonymous_26)
FN:579,(anonymous_27)
FN:611,(anonymous_28)
FN:678,(anonymous_29)
FN:695,(anonymous_30)
FN:701,(anonymous_31)
FN:715,(anonymous_32)
FN:726,(anonymous_33)
FN:742,(anonymous_34)
FN:765,(anonymous_35)
FN:777,(anonymous_36)
FN:798,(anonymous_37)
FN:814,(anonymous_38)
FN:830,(anonymous_39)
FNF:40
FNH:37
FNDA:9,(anonymous_0)
FNDA:8,(anonymous_1)
FNDA:5,parseRetryAfterMs
FNDA:91,isRetriableError
FNDA:13,formatRetryAfter
FNDA:10,parseSSEResponse
FNDA:240,(anonymous_6)
FNDA:10,(anonymous_7)
FNDA:4,(anonymous_8)
FNDA:1,(anonymous_9)
FNDA:2,(anonymous_10)
FNDA:2,(anonymous_11)
FNDA:8,(anonymous_12)
FNDA:1,(anonymous_13)
FNDA:3,(anonymous_14)
FNDA:7,(anonymous_15)
FNDA:1,(anonymous_16)
FNDA:2,(anonymous_17)
FNDA:5,(anonymous_18)
FNDA:1,(anonymous_19)
FNDA:0,(anonymous_20)
FNDA:1,(anonymous_21)
FNDA:1,(anonymous_22)
FNDA:0,(anonymous_23)
FNDA:1,(anonymous_24)
FNDA:197,(anonymous_25)
FNDA:5,(anonymous_26)
FNDA:12,(anonymous_27)
FNDA:10,(anonymous_28)
FNDA:4,(anonymous_29)
FNDA:2,(anonymous_30)
FNDA:0,(anonymous_31)
FNDA:1,(anonymous_32)
FNDA:4,(anonymous_33)
FNDA:6,(anonymous_34)
FNDA:5,(anonymous_35)
FNDA:5,(anonymous_36)
FNDA:9,(anonymous_37)
FNDA:9,(anonymous_38)
FNDA:160,(anonymous_39)
DA:27,12
DA:30,12
DA:33,12
DA:39,12
DA:42,12
DA:45,12
DA:48,12
DA:51,12
DA:59,9
DA:60,9
DA:72,8
DA:73,8
DA:74,8
DA:87,5
DA:88,5
DA:89,5
DA:90,5
DA:91,1
DA:92,1
DA:93,1
DA:95,0
DA:117,91
DA:118,5
DA:120,86
DA:124,91
DA:125,3
DA:127,83
DA:148,13
DA:149,13
DA:150,2
DA:152,11
DA:153,11
DA:154,7
DA:156,4
DA:157,4
DA:158,1
DA:160,3
DA:161,3
DA:162,2
DA:163,2
DA:165,1
DA:180,10
DA:181,10
DA:182,21
DA:183,21
DA:184,12
DA:185,12
DA:186,10
DA:187,10
DA:194,3
DA:228,240
DA:230,240
DA:231,240
DA:232,240
DA:233,240
DA:234,240
DA:235,240
DA:236,240
DA:237,240
DA:238,240
DA:239,240
DA:240,240
DA:241,240
DA:243,240
DA:244,240
DA:245,240
DA:246,240
DA:255,10
DA:264,4
DA:273,1
DA:282,2
DA:291,2
DA:300,8
DA:317,1
DA:318,1
DA:320,0
DA:332,3
DA:333,1
DA:335,2
DA:336,2
DA:337,1
DA:342,1
DA:344,1
DA:351,7
DA:352,1
DA:355,6
DA:356,4
DA:357,4
DA:359,2
DA:362,6
DA:363,6
DA:364,7
DA:365,7
DA:366,5
DA:368,2
DA:370,4
DA:371,4
DA:373,3
DA:374,3
DA:377,3
DA:389,2
DA:390,0
DA:391,0
DA:392,0
DA:394,0
DA:397,2
DA:398,0
DA:401,2
DA:402,2
DA:403,2
DA:404,0
DA:408,0
DA:409,0
DA:418,5
DA:419,5
DA:423,5
DA:424,0
DA:427,5
DA:438,5
DA:445,4
DA:446,2
DA:449,2
DA:450,2
DA:451,1
DA:455,2
DA:456,5
DA:457,2
DA:459,2
DA:460,2
DA:462,3
DA:463,3
DA:464,3
DA:472,1
DA:473,1
DA:474,1
DA:475,1
DA:477,1
DA:481,1
DA:482,1
DA:484,1
DA:485,0
DA:486,0
DA:487,0
DA:489,0
DA:490,0
DA:491,0
DA:496,1
DA:497,1
DA:498,1
DA:499,1
DA:503,1
DA:504,1
DA:505,1
DA:507,1
DA:508,0
DA:509,0
DA:513,1
DA:514,0
DA:515,0
DA:518,1
DA:520,1
DA:521,0
DA:524,1
DA:525,1
DA:527,0
DA:528,0
DA:529,0
DA:537,197
DA:538,4
DA:539,4
DA:541,197
DA:542,197
DA:551,5
DA:552,5
DA:554,5
DA:555,2
DA:556,2
DA:558,2
DA:559,1
DA:561,1
DA:563,2
DA:564,1
DA:567,1
DA:568,1
DA:569,1
DA:580,12
DA:581,3
DA:582,3
DA:583,3
DA:585,9
DA:587,7
DA:588,7
DA:589,7
DA:590,5
DA:591,5
DA:592,5
DA:593,5
DA:595,2
DA:596,7
DA:601,2
DA:615,10
DA:616,10
DA:623,10
DA:627,10
DA:628,0
DA:630,10
DA:631,1
DA:634,10
DA:641,10
DA:642,10
DA:645,0
DA:646,0
DA:647,0
DA:650,0
DA:651,10
DA:653,0
DA:654,0
DA:655,0
DA:656,0
DA:658,0
DA:659,0
DA:661,0
DA:664,0
DA:665,0
DA:666,0
DA:668,0
DA:679,4
DA:680,2
DA:683,2
DA:684,0
DA:687,2
DA:688,2
DA:695,2
DA:696,2
DA:698,2
DA:699,2
DA:701,2
DA:702,0
DA:703,0
DA:704,0
DA:716,1
DA:727,4
DA:728,1
DA:732,3
DA:743,6
DA:744,1
DA:746,5
DA:747,5
DA:748,5
DA:749,5
DA:750,5
DA:752,5
DA:770,5
DA:772,5
DA:773,5
DA:777,5
DA:778,5
DA:779,5
DA:780,5
DA:782,1
DA:803,9
DA:804,7
DA:805,7
DA:809,2
DA:811,9
DA:812,1
DA:814,9
DA:835,160
DA:836,160
DA:837,2
DA:839,158
DA:840,158
DA:841,167
DA:842,167
DA:844,81
DA:845,81
DA:846,11
DA:847,9
DA:850,2
LF:279
LH:234
BRDA:30,0,0,0
BRDA:30,0,1,12
BRDA:88,1,0,0
BRDA:88,1,1,5
BRDA:90,2,0,4
BRDA:90,2,1,1
BRDA:92,3,0,1
BRDA:92,3,1,0
BRDA:117,4,0,5
BRDA:117,4,1,86
BRDA:117,5,0,91
BRDA:117,5,1,89
BRDA:120,6,0,86
BRDA:120,6,1,0
BRDA:124,7,0,3
BRDA:124,7,1,88
BRDA:124,8,0,91
BRDA:124,8,1,85
BRDA:128,9,0,83
BRDA:128,9,1,73
BRDA:128,9,2,70
BRDA:128,9,3,70
BRDA:128,9,4,69
BRDA:128,9,5,68
BRDA:128,9,6,68
BRDA:149,10,0,2
BRDA:149,10,1,11
BRDA:153,11,0,7
BRDA:153,11,1,4
BRDA:157,12,0,1
BRDA:157,12,1,3
BRDA:161,13,0,2
BRDA:161,13,1,1
BRDA:183,14,0,12
BRDA:183,14,1,9
BRDA:185,15,0,10
BRDA:185,15,1,2
BRDA:227,16,0,240
BRDA:229,17,0,240
BRDA:229,17,1,231
BRDA:229,17,2,230
BRDA:235,18,0,240
BRDA:235,18,1,234
BRDA:236,19,0,240
BRDA:236,19,1,200
BRDA:237,20,0,240
BRDA:237,20,1,238
BRDA:241,21,0,240
BRDA:241,21,1,232
BRDA:243,22,0,240
BRDA:243,22,1,225
BRDA:243,22,2,223
BRDA:244,23,0,240
BRDA:244,23,1,231
BRDA:245,24,0,240
BRDA:245,24,1,230
BRDA:245,24,2,228
BRDA:317,25,0,1
BRDA:317,25,1,0
BRDA:317,26,0,1
BRDA:317,26,1,1
BRDA:332,27,0,1
BRDA:332,27,1,2
BRDA:336,28,0,1
BRDA:336,28,1,1
BRDA:351,29,0,1
BRDA:351,29,1,6
BRDA:355,30,0,4
BRDA:355,30,1,2
BRDA:365,31,0,5
BRDA:365,31,1,2
BRDA:389,32,0,0
BRDA:389,32,1,2
BRDA:391,33,0,0
BRDA:391,33,1,0
BRDA:392,34,0,0
BRDA:392,34,1,0
BRDA:397,35,0,0
BRDA:397,35,1,2
BRDA:403,36,0,0
BRDA:403,36,1,2
BRDA:404,37,0,0
BRDA:404,37,1,0
BRDA:408,38,0,0
BRDA:408,38,1,0
BRDA:408,39,0,0
BRDA:408,39,1,0
BRDA:423,40,0,0
BRDA:423,40,1,5
BRDA:445,41,0,2
BRDA:445,41,1,2
BRDA:450,42,0,1
BRDA:450,42,1,1
BRDA:455,43,0,2
BRDA:455,43,1,1
BRDA:462,44,0,3
BRDA:462,44,1,0
BRDA:474,45,0,1
BRDA:474,45,1,0
BRDA:475,46,0,1
BRDA:475,46,1,0
BRDA:487,47,0,0
BRDA:487,47,1,0
BRDA:490,48,0,0
BRDA:490,48,1,0
BRDA:498,49,0,1
BRDA:498,49,1,0
BRDA:520,50,0,0
BRDA:520,50,1,1
BRDA:527,51,0,0
BRDA:527,51,1,0
BRDA:537,52,0,4
BRDA:537,52,1,193
BRDA:554,53,0,2
BRDA:554,53,1,2
BRDA:554,54,0,5
BRDA:554,54,1,3
BRDA:558,55,0,1
BRDA:558,55,1,1
BRDA:559,56,0,1
BRDA:559,56,1,0
BRDA:563,57,0,1
BRDA:563,57,1,1
BRDA:563,58,0,2
BRDA:563,58,1,1
BRDA:567,59,0,1
BRDA:567,59,1,0
BRDA:580,60,0,3
BRDA:580,60,1,9
BRDA:585,61,0,7
BRDA:585,61,1,2
BRDA:587,62,0,7
BRDA:587,62,1,3
BRDA:588,63,0,7
BRDA:588,63,1,1
BRDA:589,64,0,5
BRDA:589,64,1,2
BRDA:595,65,0,2
BRDA:595,65,1,0
BRDA:613,66,0,10
BRDA:627,67,0,0
BRDA:627,67,1,10
BRDA:630,68,0,1
BRDA:630,68,1,9
BRDA:641,69,0,10
BRDA:641,69,1,0
BRDA:646,70,0,0
BRDA:646,70,1,0
BRDA:650,71,0,0
BRDA:650,71,1,0
BRDA:653,72,0,0
BRDA:653,72,1,0
BRDA:655,73,0,0
BRDA:655,73,1,0
BRDA:658,74,0,0
BRDA:658,74,1,0
BRDA:659,75,0,0
BRDA:659,75,1,0
BRDA:665,76,0,0
BRDA:665,76,1,0
BRDA:666,77,0,0
BRDA:666,77,1,0
BRDA:678,78,0,4
BRDA:679,79,0,2
BRDA:679,79,1,2
BRDA:683,80,0,0
BRDA:683,80,1,2
BRDA:702,81,0,0
BRDA:702,81,1,0
BRDA:726,82,0,4
BRDA:727,83,0,1
BRDA:727,83,1,3
BRDA:727,84,0,4
BRDA:727,84,1,4
BRDA:727,84,2,3
BRDA:743,85,0,1
BRDA:743,85,1,5
BRDA:784,86,0,1
BRDA:784,86,1,0
BRDA:803,87,0,7
BRDA:803,87,1,2
BRDA:811,88,0,1
BRDA:811,88,1,8
BRDA:832,89,0,160
BRDA:835,90,0,160
BRDA:835,90,1,150
BRDA:836,91,0,2
BRDA:836,91,1,158
BRDA:844,92,0,81
BRDA:844,92,1,0
BRDA:845,93,0,70
BRDA:845,93,1,11
BRDA:846,94,0,2
BRDA:846,94,1,9
BRF:194
BRH:138
end_of_record
TN:
SF:src/mcp/wb-mcp-client.ts
FN:47,(anonymous_0)
FN:66,(anonymous_1)
FN:97,getWBMCPClient
FN:119,closeWBMCPClient
FNF:4
FNH:3
FNDA:8,(anonymous_0)
FNDA:5,(anonymous_1)
FNDA:0,getWBMCPClient
FNDA:2,closeWBMCPClient
DA:25,1
DA:28,1
DA:31,1
DA:37,1
DA:48,8
DA:67,5
DA:68,2
DA:69,2
DA:71,3
DA:72,3
DA:77,2
DA:78,2
DA:79,2
DA:85,1
DA:98,0
DA:99,0
DA:104,0
DA:105,0
DA:106,0
DA:107,0
DA:109,0
DA:110,0
DA:113,0
DA:120,2
DA:121,0
DA:122,0
LF:26
LH:15
BRDA:28,0,0,0
BRDA:28,0,1,1
BRDA:47,1,0,8
BRDA:50,2,0,8
BRDA:50,2,1,7
BRDA:50,2,2,7
BRDA:51,3,0,8
BRDA:51,3,1,8
BRDA:51,3,2,8
BRDA:52,4,0,8
BRDA:52,4,1,8
BRDA:52,4,2,8
BRDA:53,5,0,8
BRDA:53,5,1,8
BRDA:67,6,0,2
BRDA:67,6,1,3
BRDA:67,7,0,5
BRDA:67,7,1,4
BRDA:77,8,0,2
BRDA:77,8,1,0
BRDA:97,9,0,0
BRDA:98,10,0,0
BRDA:98,10,1,0
BRDA:101,11,0,0
BRDA:101,11,1,0
BRDA:102,12,0,0
BRDA:102,12,1,0
BRDA:120,13,0,0
BRDA:120,13,1,2
BRF:29
BRH:19
end_of_record
TN:
SF:src/templates/article-template.ts
FN:44,buildArticleLangSwitcher
FN:56,(anonymous_1)
FN:73,buildFooterSection
FN:86,buildArticleFooterLanguageGrid
FN:87,(anonymous_4)
FN:102,generateArticleHTML
FN:140,(anonymous_6)
FN:306,renderSourcesSection
FN:317,(anonymous_8)
FNF:9
FNH:9
FNDA:380,buildArticleLangSwitcher
FNDA:5208,(anonymous_1)
FNDA:1488,buildFooterSection
FNDA:372,buildArticleFooterLanguageGrid
FNDA:5208,(anonymous_4)
FNDA:380,generateArticleHTML
FNDA:561,(anonymous_6)
FNDA:372,renderSourcesSection
FNDA:202,(anonymous_8)
DA:27,11
DA:30,11
DA:33,11
DA:45,380
DA:46,4
DA:49,376
DA:50,4
DA:53,372
DA:54,372
DA:56,372
DA:57,5208
DA:58,5208
DA:59,5208
DA:60,5208
DA:61,5208
DA:62,5208
DA:74,1488
DA:87,372
DA:88,5208
DA:89,5208
DA:90,5208
DA:91,5208
DA:92,5208
DA:115,380
DA:117,380
DA:118,380
DA:121,380
DA:127,380
DA:128,380
DA:129,380
DA:130,380
DA:131,380
DA:132,380
DA:133,380
DA:134,380
DA:135,380
DA:138,380
DA:139,380
DA:140,561
DA:141,380
DA:144,380
DA:169,380
DA:179,380
DA:180,380
DA:182,380
DA:307,372
DA:308,271
DA:311,101
DA:318,202
DA:319,202
DA:320,202
LF:51
LH:51
BRDA:45,0,0,4
BRDA:45,0,1,376
BRDA:49,1,0,4
BRDA:49,1,1,372
BRDA:59,2,0,364
BRDA:59,2,1,4844
BRDA:90,3,0,372
BRDA:90,3,1,4836
BRDA:91,4,0,364
BRDA:91,4,1,4844
BRDA:112,5,0,380
BRDA:113,6,0,380
BRDA:129,7,0,380
BRDA:129,7,1,1
BRDA:135,8,0,156
BRDA:135,8,1,224
BRDA:169,9,0,1
BRDA:169,9,1,379
BRDA:169,10,0,380
BRDA:169,10,1,2
BRDA:307,11,0,271
BRDA:307,11,1,101
BRDA:319,12,0,201
BRDA:319,12,1,1
BRF:24
BRH:24
end_of_record
TN:
SF:src/types/common.ts
FN:38,(anonymous_0)
FN:65,(anonymous_1)
FN:79,(anonymous_2)
FN:90,(anonymous_3)
FNF:4
FNH:4
FNDA:21,(anonymous_0)
FNDA:21,(anonymous_1)
FNDA:21,(anonymous_2)
FNDA:21,(anonymous_3)
DA:38,21
DA:40,21
DA:41,21
DA:42,21
DA:45,21
DA:46,21
DA:47,21
DA:50,21
DA:53,21
DA:54,21
DA:55,21
DA:58,21
DA:65,21
DA:67,21
DA:69,21
DA:71,21
DA:73,21
DA:79,21
DA:80,21
DA:81,21
DA:82,21
DA:90,21
DA:92,21
DA:94,21
DA:96,21
DA:98,21
DA:100,21
DA:102,21
DA:104,21
DA:108,21
DA:123,21
LF:31
LH:31
BRDA:38,0,0,21
BRDA:38,0,1,21
BRDA:65,1,0,21
BRDA:65,1,1,21
BRDA:79,2,0,21
BRDA:79,2,1,21
BRDA:90,3,0,21
BRDA:90,3,1,21
BRF:8
BRH:8
end_of_record
TN:
SF:src/types/generation.ts
FNF:0
FNH:0
LF:0
LH:0
BRF:0
BRH:0
end_of_record
TN:
SF:src/types/index.ts
FNF:0
FNH:0
LF:0
LH:0
BRF:0
BRH:0
end_of_record
TN:
SF:src/types/mcp.ts
FNF:0
FNH:0
LF:0
LH:0
BRF:0
BRH:0
end_of_record
TN:
SF:src/types/parliament.ts
FNF:0
FNH:0
LF:0
LH:0
BRF:0
BRH:0
end_of_record
TN:
SF:src/types/world-bank.ts
FNF:0
FNH:0
LF:0
LH:0
BRF:0
BRH:0
end_of_record
TN:
SF:src/utils/content-validator.ts
FN:88,countWordsInHtml
FN:106,detectPlaceholders
FN:107,(anonymous_2)
FN:116,findMissingElements
FN:117,(anonymous_4)
FN:120,(anonymous_5)
FN:123,(anonymous_6)
FN:141,validateArticleContent
FNF:8
FNH:8
FNDA:25,countWordsInHtml
FNDA:25,detectPlaceholders
FNDA:71,(anonymous_2)
FNDA:25,findMissingElements
FNDA:100,(anonymous_4)
FNDA:27,(anonymous_5)
FNDA:8,(anonymous_6)
FNDA:25,validateArticleContent
DA:41,8
DA:53,8
DA:56,8
DA:66,8
DA:89,25
DA:90,25
DA:91,25
DA:96,25
DA:97,25
DA:107,71
DA:117,25
DA:118,100
DA:119,100
DA:120,27
DA:122,75
DA:123,8
DA:146,25
DA:147,25
DA:150,25
DA:152,25
DA:154,25
DA:155,9
DA:161,25
DA:162,25
DA:163,4
DA:167,25
DA:168,25
DA:169,25
DA:170,5
DA:173,25
LF:30
LH:30
BRDA:90,0,0,25
BRDA:90,0,1,2
BRDA:96,1,0,0
BRDA:96,1,1,25
BRDA:119,2,0,25
BRDA:119,2,1,75
BRDA:152,3,0,24
BRDA:152,3,1,1
BRDA:154,4,0,9
BRDA:154,4,1,16
BRDA:162,5,0,4
BRDA:162,5,1,21
BRDA:169,6,0,5
BRDA:169,6,1,20
BRF:14
BRH:13
end_of_record
TN:
SF:src/utils/file-utils.ts
FN:20,getNewsArticles
FN:27,(anonymous_1)
FN:36,parseArticleFilename
FN:58,groupArticlesByLanguage
FN:77,(anonymous_4)
FN:89,formatSlug
FN:92,(anonymous_6)
FN:102,getModifiedDate
FN:114,formatDateForSlug
FN:126,calculateReadTime
FN:136,ensureDirectoryExists
FN:148,writeFileContent
FN:166,decodeHtmlEntities
FN:190,extractArticleMeta
FN:217,escapeHTML
FN:232,isSafeURL
FN:275,validateArticleHTML
FN:281,(anonymous_17)
FNF:18
FNH:18
FNDA:8,getNewsArticles
FNDA:11,(anonymous_1)
FNDA:17,parseArticleFilename
FNDA:2,groupArticlesByLanguage
FNDA:5,(anonymous_4)
FNDA:10,formatSlug
FNDA:16,(anonymous_6)
FNDA:26,getModifiedDate
FNDA:11,formatDateForSlug
FNDA:9,calculateReadTime
FNDA:17,ensureDirectoryExists
FNDA:3,writeFileContent
FNDA:15,decodeHtmlEntities
FNDA:15,extractArticleMeta
FNDA:20945,escapeHTML
FNDA:202,isSafeURL
FNDA:30,validateArticleHTML
FNDA:33,(anonymous_17)
DA:21,8
DA:22,1
DA:23,1
DA:26,7
DA:27,11
DA:37,17
DA:39,17
DA:40,3
DA:43,14
DA:62,2
DA:64,2
DA:65,4
DA:68,2
DA:69,6
DA:70,6
DA:71,6
DA:76,2
DA:77,5
DA:80,2
DA:90,10
DA:92,16
DA:103,26
DA:105,26
DA:116,11
DA:127,9
DA:128,9
DA:137,17
DA:138,2
DA:149,3
DA:150,3
DA:151,3
DA:167,15
DA:191,15
DA:192,15
DA:193,15
DA:194,15
DA:197,15
DA:198,15
DA:199,7
DA:201,14
DA:202,14
DA:203,8
DA:208,15
DA:218,20945
DA:233,202
DA:234,202
DA:235,202
DA:237,0
DA:253,19
DA:276,30
DA:278,30
DA:279,210
DA:280,210
DA:281,33
DA:283,210
DA:284,21
DA:288,30
LF:57
LH:56
BRDA:20,0,0,8
BRDA:21,1,0,1
BRDA:21,1,1,7
BRDA:27,2,0,11
BRDA:27,2,1,9
BRDA:39,3,0,3
BRDA:39,3,1,14
BRDA:70,4,0,6
BRDA:70,4,1,0
BRDA:70,5,0,6
BRDA:70,5,1,6
BRDA:114,6,0,11
BRDA:126,7,0,9
BRDA:137,8,0,2
BRDA:137,8,1,15
BRDA:198,9,0,7
BRDA:198,9,1,8
BRDA:202,10,0,8
BRDA:202,10,1,6
BRDA:235,11,0,202
BRDA:235,11,1,202
BRDA:280,12,0,30
BRDA:280,12,1,180
BRDA:283,13,0,21
BRDA:283,13,1,189
BRF:25
BRH:24
end_of_record
TN:
SF:src/utils/fix-articles.ts
FN:80,buildLangSwitcher
FN:81,(anonymous_1)
FN:98,buildArticleTopNav
FN:112,buildFooterLanguageGrid
FN:113,(anonymous_4)
FN:128,buildSiteFooter
FN:174,injectTypeA
FN:225,injectTypeB
FN:274,injectTypeC
FN:301,injectReadingProgress
FN:325,injectSiteFooter
FN:347,applyInjection
FN:367,fixArticle
FN:405,(anonymous_13)
FN:409,(anonymous_14)
FN:413,(anonymous_15)
FN:418,(anonymous_16)
FN:422,(anonymous_17)
FN:441,fixAllArticles
FN:447,(anonymous_19)
FN:456,(anonymous_20)
FN:457,(anonymous_21)
FNF:22
FNH:22
FNDA:6,buildLangSwitcher
FNDA:84,(anonymous_1)
FNDA:7,buildArticleTopNav
FNDA:9,buildFooterLanguageGrid
FNDA:126,(anonymous_4)
FNDA:9,buildSiteFooter
FNDA:5,injectTypeA
FNDA:1,injectTypeB
FNDA:1,injectTypeC
FNDA:9,injectReadingProgress
FNDA:9,injectSiteFooter
FNDA:25,applyInjection
FNDA:11,fixArticle
FNDA:5,(anonymous_13)
FNDA:1,(anonymous_14)
FNDA:1,(anonymous_15)
FNDA:9,(anonymous_16)
FNDA:9,(anonymous_17)
FNDA:1,fixAllArticles
FNDA:2,(anonymous_19)
FNDA:2,(anonymous_20)
FNDA:2,(anonymous_21)
DA:33,1
DA:36,1
DA:39,1
DA:42,1
DA:45,1
DA:48,1
DA:81,6
DA:82,84
DA:83,84
DA:84,84
DA:85,84
DA:86,84
DA:87,84
DA:99,7
DA:100,7
DA:101,7
DA:113,9
DA:114,126
DA:115,126
DA:116,126
DA:117,126
DA:118,126
DA:129,9
DA:130,9
DA:175,5
DA:176,5
DA:177,0
DA:180,5
DA:203,5
DA:206,5
DA:207,5
DA:208,0
DA:211,5
DA:227,1
DA:228,1
DA:230,1
DA:231,1
DA:232,0
DA:234,1
DA:243,1
DA:249,0
DA:258,0
DA:275,1
DA:276,0
DA:279,1
DA:280,1
DA:281,0
DA:284,1
DA:289,1
DA:302,9
DA:303,6
DA:305,3
DA:306,3
DA:307,2
DA:309,1
DA:326,9
DA:327,0
DA:329,9
DA:330,9
DA:331,0
DA:333,9
DA:352,25
DA:353,25
DA:354,17
DA:355,17
DA:357,8
DA:371,11
DA:372,11
DA:373,11
DA:374,1
DA:377,10
DA:378,10
DA:379,10
DA:380,10
DA:381,11
DA:382,11
DA:384,11
DA:387,11
DA:389,11
DA:391,11
DA:396,1
DA:399,9
DA:400,9
DA:401,9
DA:404,9
DA:405,5
DA:408,4
DA:409,1
DA:412,3
DA:413,1
DA:417,9
DA:418,9
DA:422,9
DA:424,9
DA:425,0
DA:428,9
DA:429,3
DA:432,9
DA:447,2
DA:448,1
DA:450,1
DA:451,2
DA:452,2
DA:453,2
DA:456,2
DA:457,2
DA:459,1
DA:463,1
DA:464,0
DA:465,0
DA:466,0
DA:468,0
DA:470,0
DA:471,0
DA:472,0
DA:476,0
DA:480,0
DA:481,0
LF:118
LH:98
BRDA:84,0,0,6
BRDA:84,0,1,78
BRDA:116,1,0,9
BRDA:116,1,1,117
BRDA:117,2,0,9
BRDA:117,2,1,117
BRDA:176,3,0,0
BRDA:176,3,1,5
BRDA:207,4,0,0
BRDA:207,4,1,5
BRDA:228,5,0,1
BRDA:228,5,1,0
BRDA:231,6,0,0
BRDA:231,6,1,1
BRDA:275,7,0,0
BRDA:275,7,1,1
BRDA:280,8,0,0
BRDA:280,8,1,1
BRDA:302,9,0,6
BRDA:302,9,1,3
BRDA:306,10,0,2
BRDA:306,10,1,1
BRDA:326,11,0,0
BRDA:326,11,1,9
BRDA:330,12,0,0
BRDA:330,12,1,9
BRDA:353,13,0,17
BRDA:353,13,1,8
BRDA:369,14,0,11
BRDA:373,15,0,1
BRDA:373,15,1,10
BRDA:380,16,0,8
BRDA:380,16,1,2
BRDA:389,17,0,11
BRDA:389,17,1,6
BRDA:391,18,0,1
BRDA:391,18,1,10
BRDA:392,19,0,11
BRDA:392,19,1,4
BRDA:392,19,2,3
BRDA:404,20,0,5
BRDA:404,20,1,4
BRDA:404,21,0,9
BRDA:404,21,1,5
BRDA:404,21,2,5
BRDA:408,22,0,1
BRDA:408,22,1,3
BRDA:408,23,0,4
BRDA:408,23,1,4
BRDA:408,23,2,1
BRDA:412,24,0,1
BRDA:412,24,1,2
BRDA:412,25,0,3
BRDA:412,25,1,3
BRDA:417,26,0,9
BRDA:417,26,1,0
BRDA:424,27,0,0
BRDA:424,27,1,9
BRDA:428,28,0,3
BRDA:428,28,1,6
BRDA:441,29,0,1
BRDA:463,30,0,0
BRDA:463,30,1,1
BRDA:463,31,0,1
BRDA:463,31,1,1
BRDA:463,32,0,1
BRDA:463,32,1,0
BRDA:465,33,0,0
BRDA:465,33,1,0
BRDA:471,34,0,0
BRDA:471,34,1,0
BRDA:480,35,0,0
BRDA:480,35,1,0
BRF:73
BRH:55
end_of_record
TN:
SF:src/utils/intelligence-analysis.ts
FN:52,asStr
FN:63,asNum
FN:73,asStrArr
FN:75,(anonymous_3)
FN:84,toRecord
FN:97,parseSignificance
FN:108,parseRiskLevel
FN:119,parseAlignmentTrend
FN:134,scoreVotingAnomaly
FN:158,analyzeCoalitionCohesion
FN:181,scoreMEPInfluence
FN:206,calculateLegislativeVelocity
FN:231,rankBySignificance
FN:234,(anonymous_13)
FN:254,buildIntelligenceSection
FN:262,(anonymous_15)
FNF:16
FNH:16
FNDA:162,asStr
FNDA:74,asNum
FNDA:23,asStrArr
FNDA:44,(anonymous_3)
FNDA:53,toRecord
FNDA:10,parseSignificance
FNDA:20,parseRiskLevel
FNDA:13,parseAlignmentTrend
FNDA:16,scoreVotingAnomaly
FNDA:16,analyzeCoalitionCohesion
FNDA:10,scoreMEPInfluence
FNDA:11,calculateLegislativeVelocity
FNDA:7,rankBySignificance
FNDA:14,(anonymous_13)
FNDA:7,buildIntelligenceSection
FNDA:8,(anonymous_15)
DA:28,1
DA:31,1
DA:34,1
DA:37,1
DA:53,162
DA:64,74
DA:74,23
DA:75,44
DA:85,53
DA:86,42
DA:98,10
DA:99,10
DA:109,20
DA:110,20
DA:120,13
DA:121,13
DA:135,16
DA:136,16
DA:137,11
DA:138,16
DA:139,10
DA:159,16
DA:160,16
DA:161,14
DA:162,16
DA:163,13
DA:182,10
DA:183,10
DA:184,8
DA:185,10
DA:186,10
DA:187,6
DA:207,11
DA:208,11
DA:209,9
DA:210,11
DA:211,11
DA:212,7
DA:234,7
DA:235,14
DA:236,14
DA:237,14
DA:238,6
DA:239,14
DA:240,14
DA:259,7
DA:260,6
DA:261,6
DA:262,8
DA:263,6
LF:50
LH:50
BRDA:53,0,0,136
BRDA:53,0,1,26
BRDA:63,1,0,74
BRDA:64,2,0,65
BRDA:64,2,1,9
BRDA:64,3,0,74
BRDA:64,3,1,65
BRDA:74,4,0,2
BRDA:74,4,1,21
BRDA:85,5,0,11
BRDA:85,5,1,42
BRDA:85,6,0,53
BRDA:85,6,1,49
BRDA:85,6,2,45
BRDA:99,7,0,9
BRDA:99,7,1,1
BRDA:110,8,0,16
BRDA:110,8,1,4
BRDA:121,9,0,11
BRDA:121,9,1,2
BRDA:136,10,0,5
BRDA:136,10,1,11
BRDA:137,11,0,11
BRDA:137,11,1,2
BRDA:138,12,0,1
BRDA:138,12,1,15
BRDA:160,13,0,2
BRDA:160,13,1,14
BRDA:161,14,0,14
BRDA:161,14,1,2
BRDA:162,15,0,1
BRDA:162,15,1,15
BRDA:183,16,0,2
BRDA:183,16,1,8
BRDA:184,17,0,8
BRDA:184,17,1,2
BRDA:185,18,0,10
BRDA:185,18,1,2
BRDA:186,19,0,2
BRDA:186,19,1,8
BRDA:186,20,0,10
BRDA:186,20,1,7
BRDA:208,21,0,2
BRDA:208,21,1,9
BRDA:209,22,0,9
BRDA:209,22,1,2
BRDA:211,23,0,2
BRDA:211,23,1,9
BRDA:211,24,0,11
BRDA:211,24,1,8
BRDA:215,25,0,7
BRDA:215,25,1,2
BRDA:235,26,0,14
BRDA:235,26,1,1
BRDA:235,27,0,14
BRDA:235,27,1,1
BRDA:236,28,0,14
BRDA:236,28,1,2
BRDA:236,29,0,14
BRDA:236,29,1,1
BRDA:237,30,0,8
BRDA:237,30,1,6
BRDA:238,31,0,6
BRDA:238,31,1,1
BRDA:238,31,2,0
BRDA:239,32,0,14
BRDA:239,32,1,1
BRDA:239,32,2,0
BRDA:259,33,0,1
BRDA:259,33,1,6
BRF:70
BRH:68
end_of_record
TN:
SF:src/utils/news-metadata.ts
FN:32,buildMetadataDatabase
FN:53,(anonymous_1)
FN:67,writeMetadataDatabase
FN:84,readMetadataDatabase
FN:102,updateMetadataDatabase
FNF:5
FNH:5
FNDA:6,buildMetadataDatabase
FNDA:1,(anonymous_1)
FNDA:3,writeMetadataDatabase
FNDA:3,readMetadataDatabase
FNDA:1,updateMetadataDatabase
DA:24,2
DA:33,6
DA:34,6
DA:36,6
DA:37,6
DA:38,6
DA:39,6
DA:40,6
DA:41,6
DA:53,6
DA:55,6
DA:71,3
DA:72,3
DA:73,1
DA:75,3
DA:87,3
DA:88,1
DA:91,2
DA:92,2
DA:106,1
DA:107,1
DA:108,1
LF:22
LH:22
BRDA:32,0,0,6
BRDA:38,1,0,6
BRDA:38,1,1,0
BRDA:46,2,0,6
BRDA:46,2,1,5
BRDA:69,3,0,3
BRDA:72,4,0,1
BRDA:72,4,1,2
BRDA:85,5,0,3
BRDA:87,6,0,1
BRDA:87,6,1,2
BRDA:103,7,0,1
BRDA:104,8,0,1
BRF:13
BRH:12
end_of_record
TN:
SF:src/utils/world-bank-data.ts
FN:98,findColumnIndex
FN:99,(anonymous_1)
FN:109,readCol
FN:121,splitCSVLine
FN:155,parseWorldBankCSV
FN:165,(anonymous_5)
FN:167,(anonymous_6)
FN:203,formatIndicatorValue
FN:260,getMostRecentValue
FN:263,(anonymous_9)
FN:267,(anonymous_10)
FN:281,buildEconomicContext
FN:328,getWorldBankCountryCode
FN:339,isEUMemberState
FN:355,buildEconomicContextHTML
FN:362,(anonymous_15)
FNF:16
FNH:16
FNDA:48,findColumnIndex
FNDA:168,(anonymous_1)
FNDA:50,readCol
FNDA:17,splitCSVLine
FNDA:12,parseWorldBankCSV
FNDA:48,(anonymous_5)
FNDA:48,(anonymous_6)
FNDA:13,formatIndicatorValue
FNDA:5,getMostRecentValue
FNDA:7,(anonymous_9)
FNDA:1,(anonymous_10)
FNDA:2,buildEconomicContext
FNDA:8,getWorldBankCountryCode
FNDA:6,isEUMemberState
FNDA:3,buildEconomicContextHTML
FNDA:2,(anonymous_15)
DA:31,2
DA:62,2
DA:68,2
DA:82,2
DA:99,168
DA:110,50
DA:122,17
DA:123,17
DA:124,17
DA:126,17
DA:127,1017
DA:128,1017
DA:129,20
DA:131,2
DA:132,2
DA:134,18
DA:136,997
DA:137,85
DA:138,85
DA:140,912
DA:143,17
DA:144,17
DA:156,12
DA:157,3
DA:160,9
DA:161,9
DA:162,1
DA:165,48
DA:166,8
DA:167,48
DA:170,8
DA:172,8
DA:173,9
DA:174,9
DA:175,9
DA:176,9
DA:177,9
DA:179,9
DA:180,8
DA:191,8
DA:204,13
DA:205,1
DA:209,12
DA:210,4
DA:211,2
DA:213,2
DA:214,1
DA:216,1
DA:217,1
DA:219,0
DA:223,8
DA:224,2
DA:225,1
DA:227,1
DA:228,1
DA:230,0
DA:234,6
DA:241,4
DA:245,2
DA:246,1
DA:249,1
DA:263,7
DA:264,5
DA:265,2
DA:267,3
DA:268,3
DA:286,2
DA:288,2
DA:299,2
DA:300,2
DA:301,2
DA:302,2
DA:312,2
DA:329,8
DA:330,8
DA:340,6
DA:356,3
DA:357,1
DA:360,2
DA:363,2
DA:367,2
LF:81
LH:79
BRDA:110,0,0,50
BRDA:110,0,1,0
BRDA:110,1,0,50
BRDA:110,1,1,0
BRDA:128,2,0,20
BRDA:128,2,1,997
BRDA:129,3,0,2
BRDA:129,3,1,18
BRDA:129,4,0,20
BRDA:129,4,1,11
BRDA:129,4,2,10
BRDA:136,5,0,85
BRDA:136,5,1,912
BRDA:136,6,0,997
BRDA:136,6,1,86
BRDA:156,7,0,3
BRDA:156,7,1,9
BRDA:156,8,0,12
BRDA:156,8,1,9
BRDA:161,9,0,1
BRDA:161,9,1,8
BRDA:174,10,0,9
BRDA:174,10,1,0
BRDA:175,11,0,8
BRDA:175,11,1,1
BRDA:176,12,0,9
BRDA:176,12,1,0
BRDA:177,13,0,9
BRDA:177,13,1,0
BRDA:179,14,0,8
BRDA:179,14,1,1
BRDA:181,15,0,8
BRDA:181,15,1,0
BRDA:182,16,0,8
BRDA:182,16,1,0
BRDA:183,17,0,8
BRDA:183,17,1,0
BRDA:184,18,0,8
BRDA:184,18,1,0
BRDA:186,19,0,7
BRDA:186,19,1,1
BRDA:204,20,0,1
BRDA:204,20,1,12
BRDA:204,21,0,13
BRDA:204,21,1,12
BRDA:209,22,0,4
BRDA:209,22,1,8
BRDA:210,23,0,2
BRDA:210,23,1,2
BRDA:213,24,0,1
BRDA:213,24,1,1
BRDA:216,25,0,1
BRDA:216,25,1,0
BRDA:223,26,0,2
BRDA:223,26,1,6
BRDA:224,27,0,1
BRDA:224,27,1,1
BRDA:227,28,0,1
BRDA:227,28,1,0
BRDA:234,29,0,4
BRDA:234,29,1,2
BRDA:235,30,0,6
BRDA:235,30,1,5
BRDA:235,30,2,4
BRDA:235,30,3,2
BRDA:235,30,4,2
BRDA:245,31,0,1
BRDA:245,31,1,1
BRDA:264,32,0,2
BRDA:264,32,1,3
BRDA:268,33,0,3
BRDA:268,33,1,0
BRDA:301,34,0,2
BRDA:301,34,1,0
BRDA:303,35,0,2
BRDA:303,35,1,0
BRDA:330,36,0,8
BRDA:330,36,1,3
BRDA:356,37,0,1
BRDA:356,37,1,2
BRF:80
BRH:66
end_of_record
