<testsuites id="" name="" tests="134" failures="0" skipped="0" errors="0" time="98.760533">
<testsuite name="tests/accessibility.spec.js" timestamp="2026-03-12T13:43:12.619Z" hostname="chromium" tests="27" failures="0" skipped="0" time="38.022" errors="0">
<testcase name="Multi-language index accessibility (WCAG 2.1 AA) › sv index page should be WCAG 2.1 AA compliant" classname="tests/accessibility.spec.js" time="2.245">
</testcase>
<testcase name="Multi-language index accessibility (WCAG 2.1 AA) › da index page should be WCAG 2.1 AA compliant" classname="tests/accessibility.spec.js" time="2.037">
</testcase>
<testcase name="Multi-language index accessibility (WCAG 2.1 AA) › no index page should be WCAG 2.1 AA compliant" classname="tests/accessibility.spec.js" time="1.984">
</testcase>
<testcase name="Multi-language index accessibility (WCAG 2.1 AA) › fi index page should be WCAG 2.1 AA compliant" classname="tests/accessibility.spec.js" time="1.999">
</testcase>
<testcase name="Multi-language index accessibility (WCAG 2.1 AA) › de index page should be WCAG 2.1 AA compliant" classname="tests/accessibility.spec.js" time="2.074">
</testcase>
<testcase name="Multi-language index accessibility (WCAG 2.1 AA) › fr index page should be WCAG 2.1 AA compliant" classname="tests/accessibility.spec.js" time="2.026">
</testcase>
<testcase name="Multi-language index accessibility (WCAG 2.1 AA) › es index page should be WCAG 2.1 AA compliant" classname="tests/accessibility.spec.js" time="2.078">
</testcase>
<testcase name="Multi-language index accessibility (WCAG 2.1 AA) › nl index page should be WCAG 2.1 AA compliant" classname="tests/accessibility.spec.js" time="1.958">
</testcase>
<testcase name="Multi-language index accessibility (WCAG 2.1 AA) › ar index page should be WCAG 2.1 AA compliant" classname="tests/accessibility.spec.js" time="1.794">
</testcase>
<testcase name="Multi-language index accessibility (WCAG 2.1 AA) › he index page should be WCAG 2.1 AA compliant" classname="tests/accessibility.spec.js" time="1.986">
</testcase>
<testcase name="Multi-language index accessibility (WCAG 2.1 AA) › ja index page should be WCAG 2.1 AA compliant" classname="tests/accessibility.spec.js" time="1.978">
</testcase>
<testcase name="Multi-language index accessibility (WCAG 2.1 AA) › ko index page should be WCAG 2.1 AA compliant" classname="tests/accessibility.spec.js" time="2.019">
</testcase>
<testcase name="Multi-language index accessibility (WCAG 2.1 AA) › zh index page should be WCAG 2.1 AA compliant" classname="tests/accessibility.spec.js" time="2.061">
</testcase>
<testcase name="Accessibility › homepage should be accessible" classname="tests/accessibility.spec.js" time="1.985">
</testcase>
<testcase name="Accessibility › article page should be accessible" classname="tests/accessibility.spec.js" time="0.512">
</testcase>
<testcase name="Accessibility › should have proper heading hierarchy" classname="tests/accessibility.spec.js" time="0.754">
</testcase>
<testcase name="Accessibility › should have alt text for images" classname="tests/accessibility.spec.js" time="0.557">
</testcase>
<testcase name="Accessibility › should be keyboard navigable" classname="tests/accessibility.spec.js" time="0.681">
</testcase>
<testcase name="Accessibility › should activate links with Enter key" classname="tests/accessibility.spec.js" time="0.624">
</testcase>
<testcase name="Accessibility › should have sufficient color contrast" classname="tests/accessibility.spec.js" time="1.817">
</testcase>
<testcase name="Accessibility › should have proper ARIA landmarks" classname="tests/accessibility.spec.js" time="0.566">
</testcase>
<testcase name="Accessibility › should have proper link text" classname="tests/accessibility.spec.js" time="0.974">
</testcase>
<testcase name="Accessibility › should have skip navigation link" classname="tests/accessibility.spec.js" time="0.558">
</testcase>
<testcase name="Accessibility › should have proper page title" classname="tests/accessibility.spec.js" time="0.584">
</testcase>
<testcase name="Accessibility › should have language attribute" classname="tests/accessibility.spec.js" time="0.517">
</testcase>
<testcase name="Accessibility › should support text zoom" classname="tests/accessibility.spec.js" time="1.102">
</testcase>
<testcase name="Accessibility › should have proper form labels if forms exist" classname="tests/accessibility.spec.js" time="0.552">
</testcase>
</testsuite>
<testsuite name="tests/homepage.spec.js" timestamp="2026-03-12T13:43:12.619Z" hostname="chromium" tests="6" failures="0" skipped="0" time="3.213" errors="0">
<testcase name="Homepage › should load successfully" classname="tests/homepage.spec.js" time="0.548">
</testcase>
<testcase name="Homepage › should display navigation menu" classname="tests/homepage.spec.js" time="0.534">
</testcase>
<testcase name="Homepage › should display recent articles" classname="tests/homepage.spec.js" time="0.56">
</testcase>
<testcase name="Homepage › should have working sitemap link" classname="tests/homepage.spec.js" time="0.508">
</testcase>
<testcase name="Homepage › should have proper HTML structure" classname="tests/homepage.spec.js" time="0.539">
</testcase>
<testcase name="Homepage › should have SEO meta tags" classname="tests/homepage.spec.js" time="0.524">
</testcase>
</testsuite>
<testsuite name="tests/multi-language.spec.js" timestamp="2026-03-12T13:43:12.619Z" hostname="chromium" tests="21" failures="0" skipped="0" time="13.293" errors="0">
<testcase name="Multi-Language Support › should load English version" classname="tests/multi-language.spec.js" time="0.56">
</testcase>
<testcase name="Multi-Language Support › should load German version" classname="tests/multi-language.spec.js" time="0.497">
</testcase>
<testcase name="Multi-Language Support › should load French version" classname="tests/multi-language.spec.js" time="0.548">
</testcase>
<testcase name="Multi-Language Support › should load Spanish version" classname="tests/multi-language.spec.js" time="0.51">
</testcase>
<testcase name="Multi-Language Support › should load Swedish version" classname="tests/multi-language.spec.js" time="0.519">
</testcase>
<testcase name="Multi-Language Support › should load Danish version" classname="tests/multi-language.spec.js" time="0.523">
</testcase>
<testcase name="Multi-Language Support › should load Norwegian version" classname="tests/multi-language.spec.js" time="0.518">
</testcase>
<testcase name="Multi-Language Support › should load Finnish version" classname="tests/multi-language.spec.js" time="0.541">
</testcase>
<testcase name="Multi-Language Support › should load Dutch version" classname="tests/multi-language.spec.js" time="0.546">
</testcase>
<testcase name="Multi-Language Support › should load Arabic version with RTL direction" classname="tests/multi-language.spec.js" time="0.625">
</testcase>
<testcase name="Multi-Language Support › should load Hebrew version with RTL direction" classname="tests/multi-language.spec.js" time="0.541">
</testcase>
<testcase name="Multi-Language Support › should load Japanese version" classname="tests/multi-language.spec.js" time="0.633">
</testcase>
<testcase name="Multi-Language Support › should load Korean version" classname="tests/multi-language.spec.js" time="0.558">
</testcase>
<testcase name="Multi-Language Support › should load Chinese version" classname="tests/multi-language.spec.js" time="0.553">
</testcase>
<testcase name="Multi-Language Support › should switch between languages" classname="tests/multi-language.spec.js" time="0.721">
</testcase>
<testcase name="Multi-Language Support › should have consistent structure across languages" classname="tests/multi-language.spec.js" time="1.039">
</testcase>
<testcase name="Multi-Language Support › should have language-specific meta tags" classname="tests/multi-language.spec.js" time="0.581">
</testcase>
<testcase name="Multi-Language Support › should maintain navigation in selected language" classname="tests/multi-language.spec.js" time="0.544">
</testcase>
<testcase name="Multi-Language Support › should have proper charset encoding for all languages" classname="tests/multi-language.spec.js" time="1.224">
</testcase>
<testcase name="Multi-Language Support › should display articles in language-specific format" classname="tests/multi-language.spec.js" time="0.96">
</testcase>
<testcase name="Multi-Language Support › should have correct language in alternate links" classname="tests/multi-language.spec.js" time="0.552">
</testcase>
</testsuite>
<testsuite name="tests/navigation.spec.js" timestamp="2026-03-12T13:43:12.619Z" hostname="chromium" tests="10" failures="0" skipped="0" time="6.65" errors="0">
<testcase name="Navigation › should have functional navigation menu" classname="tests/navigation.spec.js" time="0.552">
</testcase>
<testcase name="Navigation › should navigate to different sections" classname="tests/navigation.spec.js" time="0.691">
</testcase>
<testcase name="Navigation › should maintain navigation state across pages" classname="tests/navigation.spec.js" time="0.547">
</testcase>
<testcase name="Navigation › should have working home link" classname="tests/navigation.spec.js" time="0.562">
</testcase>
<testcase name="Navigation › should support browser back button" classname="tests/navigation.spec.js" time="0.523">
</testcase>
<testcase name="Navigation › should support browser forward button" classname="tests/navigation.spec.js" time="0.523">
</testcase>
<testcase name="Navigation › should have accessible skip links" classname="tests/navigation.spec.js" time="0.539">
</testcase>
<testcase name="Navigation › should have proper link focus states" classname="tests/navigation.spec.js" time="0.613">
</testcase>
<testcase name="Navigation › should have working external links" classname="tests/navigation.spec.js" time="0.496">
</testcase>
<testcase name="Navigation › should not have broken internal links" classname="tests/navigation.spec.js" time="1.604">
</testcase>
</testsuite>
<testsuite name="tests/news-browsing.spec.js" timestamp="2026-03-12T13:43:12.619Z" hostname="chromium" tests="5" failures="0" skipped="0" time="2.786" errors="0">
<testcase name="News Browsing › should open and display article" classname="tests/news-browsing.spec.js" time="0.539">
</testcase>
<testcase name="News Browsing › should navigate back to homepage" classname="tests/news-browsing.spec.js" time="0.528">
</testcase>
<testcase name="News Browsing › should display article metadata" classname="tests/news-browsing.spec.js" time="0.513">
</testcase>
<testcase name="News Browsing › should have working internal links" classname="tests/news-browsing.spec.js" time="0.676">
</testcase>
<testcase name="News Browsing › should display article content" classname="tests/news-browsing.spec.js" time="0.53">
</testcase>
</testsuite>
<testsuite name="tests/responsive.spec.js" timestamp="2026-03-12T13:43:12.619Z" hostname="chromium" tests="16" failures="0" skipped="0" time="10.698" errors="0">
<testcase name="Responsive Design › should keep hero text above a full-width banner across viewports" classname="tests/responsive.spec.js" time="0.995">
</testcase>
<testcase name="Responsive Design › should render correctly on Mobile Portrait" classname="tests/responsive.spec.js" time="0.307">
</testcase>
<testcase name="Responsive Design › should render correctly on Tablet Portrait" classname="tests/responsive.spec.js" time="0.4">
</testcase>
<testcase name="Responsive Design › should render correctly on Desktop" classname="tests/responsive.spec.js" time="0.71">
</testcase>
<testcase name="Responsive Design › should have responsive meta viewport tag" classname="tests/responsive.spec.js" time="0.514">
</testcase>
<testcase name="Responsive Design › should adapt layout for different screen sizes" classname="tests/responsive.spec.js" time="0.424">
</testcase>
<testcase name="Responsive Design › should have touch-friendly tap targets on mobile" classname="tests/responsive.spec.js" time="0.326">
</testcase>
<testcase name="Responsive Design › should not have horizontal scroll on mobile" classname="tests/responsive.spec.js" time="0.403">
</testcase>
<testcase name="Responsive Design › should display readable text on mobile" classname="tests/responsive.spec.js" time="0.46">
</testcase>
<testcase name="Responsive Design › should stack content on mobile" classname="tests/responsive.spec.js" time="0.782">
</testcase>
<testcase name="Responsive Design › should maintain functionality across viewports" classname="tests/responsive.spec.js" time="1.085">
</testcase>
<testcase name="Responsive Design › should have responsive images" classname="tests/responsive.spec.js" time="0.531">
</testcase>
<testcase name="Responsive Design › should hide or show elements based on viewport" classname="tests/responsive.spec.js" time="1.005">
</testcase>
<testcase name="Responsive Design › should support landscape orientation on mobile" classname="tests/responsive.spec.js" time="0.804">
</testcase>
<testcase name="Responsive Design › should have readable line lengths on desktop" classname="tests/responsive.spec.js" time="0.816">
</testcase>
<testcase name="Responsive Design › should support text resizing without breaking layout" classname="tests/responsive.spec.js" time="1.136">
</testcase>
</testsuite>
<testsuite name="tests/rss-feed.spec.js" timestamp="2026-03-12T13:43:12.619Z" hostname="chromium" tests="10" failures="0" skipped="0" time="3.078" errors="0">
<testcase name="RSS Feed › should load rss.xml successfully" classname="tests/rss-feed.spec.js" time="0.319">
</testcase>
<testcase name="RSS Feed › should be valid RSS 2.0 with required root element" classname="tests/rss-feed.spec.js" time="0.309">
</testcase>
<testcase name="RSS Feed › should have required channel metadata" classname="tests/rss-feed.spec.js" time="0.307">
</testcase>
<testcase name="RSS Feed › should declare Dublin Core namespace for language tags" classname="tests/rss-feed.spec.js" time="0.306">
</testcase>
<testcase name="RSS Feed › should have at least one item" classname="tests/rss-feed.spec.js" time="0.305">
</testcase>
<testcase name="RSS Feed › should have items with required elements" classname="tests/rss-feed.spec.js" time="0.307">
</testcase>
<testcase name="RSS Feed › should include dc:language tags on items" classname="tests/rss-feed.spec.js" time="0.306">
</testcase>
<testcase name="RSS Feed › should contain articles in multiple languages" classname="tests/rss-feed.spec.js" time="0.306">
</testcase>
<testcase name="RSS Feed › should have atom self-link with correct URL" classname="tests/rss-feed.spec.js" time="0.307">
</testcase>
<testcase name="RSS Feed › should have lastBuildDate element" classname="tests/rss-feed.spec.js" time="0.306">
</testcase>
</testsuite>
<testsuite name="tests/seo-metadata.spec.js" timestamp="2026-03-12T13:43:12.619Z" hostname="chromium" tests="26" failures="0" skipped="0" time="9.632" errors="0">
<testcase name="Article SEO Metadata › should have Open Graph title" classname="tests/seo-metadata.spec.js" time="0.34">
</testcase>
<testcase name="Article SEO Metadata › should have Open Graph description" classname="tests/seo-metadata.spec.js" time="0.331">
</testcase>
<testcase name="Article SEO Metadata › should have Open Graph type set to article" classname="tests/seo-metadata.spec.js" time="0.335">
</testcase>
<testcase name="Article SEO Metadata › should have Open Graph locale" classname="tests/seo-metadata.spec.js" time="0.323">
</testcase>
<testcase name="Article SEO Metadata › should have Open Graph site_name" classname="tests/seo-metadata.spec.js" time="0.377">
</testcase>
<testcase name="Article SEO Metadata › should have Twitter Card meta tag" classname="tests/seo-metadata.spec.js" time="0.327">
</testcase>
<testcase name="Article SEO Metadata › should have Twitter title" classname="tests/seo-metadata.spec.js" time="0.334">
</testcase>
<testcase name="Article SEO Metadata › should have Twitter description" classname="tests/seo-metadata.spec.js" time="0.324">
</testcase>
<testcase name="Article SEO Metadata › should have meta description" classname="tests/seo-metadata.spec.js" time="0.32">
</testcase>
<testcase name="Article SEO Metadata › should have meta keywords" classname="tests/seo-metadata.spec.js" time="0.326">
</testcase>
<testcase name="Article SEO Metadata › should have meta author" classname="tests/seo-metadata.spec.js" time="0.317">
</testcase>
<testcase name="Article SEO Metadata › should have Schema.org JSON-LD structured data" classname="tests/seo-metadata.spec.js" time="0.321">
</testcase>
<testcase name="Article SEO Metadata › should have page title with site name" classname="tests/seo-metadata.spec.js" time="0.329">
</testcase>
<testcase name="Article SEO Metadata › should have charset UTF-8" classname="tests/seo-metadata.spec.js" time="0.318">
</testcase>
<testcase name="Article SEO Metadata › should have viewport meta tag" classname="tests/seo-metadata.spec.js" time="0.324">
</testcase>
<testcase name="Article SEO Metadata › article page should be accessible (WCAG 2.1 AA)" classname="tests/seo-metadata.spec.js" time="1.394">
</testcase>
<testcase name="Multi-Language Article SEO › en article should have correct og:locale" classname="tests/seo-metadata.spec.js" time="0.322">
</testcase>
<testcase name="Multi-Language Article SEO › en article should have html lang attribute" classname="tests/seo-metadata.spec.js" time="0.321">
</testcase>
<testcase name="Multi-Language Article SEO › de article should have correct og:locale" classname="tests/seo-metadata.spec.js" time="0.332">
</testcase>
<testcase name="Multi-Language Article SEO › de article should have html lang attribute" classname="tests/seo-metadata.spec.js" time="0.334">
</testcase>
<testcase name="Multi-Language Article SEO › fr article should have correct og:locale" classname="tests/seo-metadata.spec.js" time="0.359">
</testcase>
<testcase name="Multi-Language Article SEO › fr article should have html lang attribute" classname="tests/seo-metadata.spec.js" time="0.321">
</testcase>
<testcase name="Multi-Language Article SEO › ar article should have correct og:locale" classname="tests/seo-metadata.spec.js" time="0.333">
</testcase>
<testcase name="Multi-Language Article SEO › ar article should have html lang attribute" classname="tests/seo-metadata.spec.js" time="0.329">
</testcase>
<testcase name="Multi-Language Article SEO › Arabic article should have RTL direction" classname="tests/seo-metadata.spec.js" time="0.312">
</testcase>
<testcase name="Multi-Language Article SEO › Hebrew article should have RTL direction" classname="tests/seo-metadata.spec.js" time="0.329">
</testcase>
</testsuite>
<testsuite name="tests/sitemap.spec.js" timestamp="2026-03-12T13:43:12.619Z" hostname="chromium" tests="13" failures="0" skipped="0" time="6.446" errors="0">
<testcase name="Sitemap XML › should load sitemap.xml when available" classname="tests/sitemap.spec.js" time="0.306">
</testcase>
<testcase name="Sitemap XML › should have valid urlset structure" classname="tests/sitemap.spec.js" time="0.305">
</testcase>
<testcase name="Sitemap XML › should contain article URLs" classname="tests/sitemap.spec.js" time="0.305">
</testcase>
<testcase name="Sitemap XML › should contain more than 50 URLs" classname="tests/sitemap.spec.js" time="0.308">
</testcase>
<testcase name="Sitemap XML › should include rss.xml in sitemap" classname="tests/sitemap.spec.js" time="0.304">
</testcase>
<testcase name="Sitemap HTML Pages › English sitemap HTML should load successfully" classname="tests/sitemap.spec.js" time="0.266">
</testcase>
<testcase name="Sitemap HTML Pages › English sitemap HTML should have article links" classname="tests/sitemap.spec.js" time="0.237">
</testcase>
<testcase name="Sitemap HTML Pages › English sitemap HTML should have language navigation" classname="tests/sitemap.spec.js" time="0.285">
</testcase>
<testcase name="Sitemap HTML Pages › English sitemap HTML should be accessible (WCAG 2.1 AA)" classname="tests/sitemap.spec.js" time="1.758">
</testcase>
<testcase name="Sitemap HTML Pages › all 14 language sitemap HTML pages should load" classname="tests/sitemap.spec.js" time="0.88">
</testcase>
<testcase name="Sitemap HTML Pages › language sitemap pages should have correct lang attribute" classname="tests/sitemap.spec.js" time="0.92">
</testcase>
<testcase name="Sitemap HTML Pages › Arabic sitemap should have RTL direction" classname="tests/sitemap.spec.js" time="0.284">
</testcase>
<testcase name="Sitemap HTML Pages › Hebrew sitemap should have RTL direction" classname="tests/sitemap.spec.js" time="0.288">
</testcase>
</testsuite>
</testsuites>