{"/home/runner/work/euparliamentmonitor/euparliamentmonitor/scripts/backport-article-seo.js": {"path":"/home/runner/work/euparliamentmonitor/euparliamentmonitor/scripts/backport-article-seo.js","statementMap":{"0":{"start":{"line":48,"column":18},"end":{"line":48,"column":21}},"1":{"start":{"line":50,"column":17},"end":{"line":50,"column":20}},"2":{"start":{"line":53,"column":21},"end":{"line":53,"column":84}},"3":{"start":{"line":63,"column":15},"end":{"line":63,"column":56}},"4":{"start":{"line":64,"column":2},"end":{"line":93,"column":null}},"5":{"start":{"line":64,"column":15},"end":{"line":64,"column":16}},"6":{"start":{"line":65,"column":17},"end":{"line":65,"column":24}},"7":{"start":{"line":66,"column":4},"end":{"line":92,"column":null}},"8":{"start":{"line":68,"column":8},"end":{"line":68,"column":null}},"9":{"start":{"line":69,"column":8},"end":{"line":69,"column":null}},"10":{"start":{"line":71,"column":8},"end":{"line":71,"column":null}},"11":{"start":{"line":72,"column":8},"end":{"line":72,"column":null}},"12":{"start":{"line":74,"column":22},"end":{"line":74,"column":31}},"13":{"start":{"line":75,"column":8},"end":{"line":75,"column":null}},"14":{"start":{"line":75,"column":20},"end":{"line":75,"column":null}},"15":{"start":{"line":76,"column":8},"end":{"line":76,"column":null}},"16":{"start":{"line":77,"column":8},"end":{"line":77,"column":null}},"17":{"start":{"line":80,"column":22},"end":{"line":80,"column":31}},"18":{"start":{"line":81,"column":8},"end":{"line":81,"column":null}},"19":{"start":{"line":81,"column":20},"end":{"line":81,"column":null}},"20":{"start":{"line":82,"column":8},"end":{"line":82,"column":null}},"21":{"start":{"line":82,"column":56},"end":{"line":82,"column":64}},"22":{"start":{"line":83,"column":8},"end":{"line":83,"column":null}},"23":{"start":{"line":87,"column":8},"end":{"line":87,"column":null}},"24":{"start":{"line":88,"column":8},"end":{"line":88,"column":null}},"25":{"start":{"line":91,"column":8},"end":{"line":91,"column":null}},"26":{"start":{"line":94,"column":2},"end":{"line":94,"column":null}},"27":{"start":{"line":101,"column":2},"end":{"line":115,"column":null}},"28":{"start":{"line":127,"column":18},"end":{"line":127,"column":37}},"29":{"start":{"line":128,"column":14},"end":{"line":128,"column":16}},"30":{"start":{"line":129,"column":2},"end":{"line":145,"column":null}},"31":{"start":{"line":130,"column":4},"end":{"line":130,"column":null}},"32":{"start":{"line":130,"column":33},"end":{"line":130,"column":null}},"33":{"start":{"line":131,"column":18},"end":{"line":131,"column":41}},"34":{"start":{"line":132,"column":4},"end":{"line":132,"column":null}},"35":{"start":{"line":132,"column":33},"end":{"line":132,"column":null}},"36":{"start":{"line":133,"column":27},"end":{"line":133,"column":39}},"37":{"start":{"line":134,"column":4},"end":{"line":134,"column":null}},"38":{"start":{"line":134,"column":39},"end":{"line":134,"column":null}},"39":{"start":{"line":135,"column":22},"end":{"line":135,"column":61}},"40":{"start":{"line":136,"column":4},"end":{"line":136,"column":null}},"41":{"start":{"line":136,"column":20},"end":{"line":136,"column":null}},"42":{"start":{"line":137,"column":4},"end":{"line":144,"column":null}},"43":{"start":{"line":146,"column":2},"end":{"line":146,"column":null}},"44":{"start":{"line":146,"column":22},"end":{"line":146,"column":68}},"45":{"start":{"line":147,"column":2},"end":{"line":147,"column":null}},"46":{"start":{"line":153,"column":23},"end":{"line":198,"column":2}},"47":{"start":{"line":215,"column":2},"end":{"line":227,"column":null}},"48":{"start":{"line":217,"column":19},"end":{"line":217,"column":28}},"49":{"start":{"line":218,"column":6},"end":{"line":218,"column":null}},"50":{"start":{"line":221,"column":19},"end":{"line":221,"column":34}},"51":{"start":{"line":222,"column":6},"end":{"line":222,"column":null}},"52":{"start":{"line":225,"column":23},"end":{"line":225,"column":47}},"53":{"start":{"line":226,"column":6},"end":{"line":226,"column":null}},"54":{"start":{"line":237,"column":2},"end":{"line":241,"column":null}},"55":{"start":{"line":252,"column":2},"end":{"line":252,"column":null}},"56":{"start":{"line":263,"column":2},"end":{"line":263,"column":43}},"57":{"start":{"line":275,"column":16},"end":{"line":275,"column":40}},"58":{"start":{"line":276,"column":2},"end":{"line":276,"column":null}},"59":{"start":{"line":276,"column":17},"end":{"line":276,"column":null}},"60":{"start":{"line":277,"column":14},"end":{"line":277,"column":47}},"61":{"start":{"line":278,"column":2},"end":{"line":278,"column":null}},"62":{"start":{"line":278,"column":15},"end":{"line":278,"column":null}},"63":{"start":{"line":279,"column":2},"end":{"line":279,"column":null}},"64":{"start":{"line":290,"column":2},"end":{"line":290,"column":null}},"65":{"start":{"line":301,"column":16},"end":{"line":301,"column":64}},"66":{"start":{"line":302,"column":2},"end":{"line":302,"column":null}},"67":{"start":{"line":321,"column":30},"end":{"line":349,"column":1}},"68":{"start":{"line":367,"column":24},"end":{"line":370,"column":3}},"69":{"start":{"line":371,"column":21},"end":{"line":371,"column":79}},"70":{"start":{"line":373,"column":13},"end":{"line":373,"column":42}},"71":{"start":{"line":375,"column":2},"end":{"line":380,"column":null}},"72":{"start":{"line":376,"column":17},"end":{"line":376,"column":36}},"73":{"start":{"line":377,"column":4},"end":{"line":377,"column":null}},"74":{"start":{"line":377,"column":26},"end":{"line":377,"column":null}},"75":{"start":{"line":378,"column":4},"end":{"line":378,"column":null}},"76":{"start":{"line":378,"column":42},"end":{"line":378,"column":null}},"77":{"start":{"line":379,"column":4},"end":{"line":379,"column":null}},"78":{"start":{"line":381,"column":2},"end":{"line":381,"column":null}},"79":{"start":{"line":406,"column":22},"end":{"line":406,"column":44}},"80":{"start":{"line":407,"column":17},"end":{"line":407,"column":43}},"81":{"start":{"line":408,"column":20},"end":{"line":408,"column":54}},"82":{"start":{"line":409,"column":29},"end":{"line":409,"column":64}},"83":{"start":{"line":416,"column":20},"end":{"line":416,"column":85}},"84":{"start":{"line":418,"column":18},"end":{"line":423,"column":4}},"85":{"start":{"line":424,"column":24},"end":{"line":424,"column":58}},"86":{"start":{"line":426,"column":2},"end":{"line":458,"column":null}},"87":{"start":{"line":435,"column":6},"end":{"line":437,"column":46}},"88":{"start":{"line":438,"column":26},"end":{"line":438,"column":82}},"89":{"start":{"line":440,"column":6},"end":{"line":440,"column":80}},"90":{"start":{"line":442,"column":18},"end":{"line":442,"column":59}},"91":{"start":{"line":447,"column":23},"end":{"line":451,"column":10}},"92":{"start":{"line":452,"column":24},"end":{"line":452,"column":63}},"93":{"start":{"line":454,"column":4},"end":{"line":457,"column":null}},"94":{"start":{"line":461,"column":16},"end":{"line":461,"column":73}},"95":{"start":{"line":463,"column":4},"end":{"line":465,"column":33}},"96":{"start":{"line":466,"column":24},"end":{"line":466,"column":97}},"97":{"start":{"line":467,"column":22},"end":{"line":469,"column":31}},"98":{"start":{"line":471,"column":2},"end":{"line":474,"column":null}},"99":{"start":{"line":478,"column":23},"end":{"line":484,"column":2}},"100":{"start":{"line":487,"column":26},"end":{"line":496,"column":2}},"101":{"start":{"line":510,"column":21},"end":{"line":524,"column":2}},"102":{"start":{"line":532,"column":24},"end":{"line":536,"column":2}},"103":{"start":{"line":547,"column":2},"end":{"line":547,"column":null}},"104":{"start":{"line":547,"column":13},"end":{"line":547,"column":null}},"105":{"start":{"line":548,"column":17},"end":{"line":548,"column":46}},"106":{"start":{"line":549,"column":2},"end":{"line":549,"column":null}},"107":{"start":{"line":549,"column":15},"end":{"line":549,"column":null}},"108":{"start":{"line":550,"column":16},"end":{"line":550,"column":60}},"109":{"start":{"line":550,"column":37},"end":{"line":550,"column":59}},"110":{"start":{"line":551,"column":2},"end":{"line":551,"column":null}},"111":{"start":{"line":551,"column":24},"end":{"line":551,"column":null}},"112":{"start":{"line":553,"column":15},"end":{"line":553,"column":24}},"113":{"start":{"line":554,"column":18},"end":{"line":554,"column":20}},"114":{"start":{"line":555,"column":2},"end":{"line":559,"column":null}},"115":{"start":{"line":556,"column":4},"end":{"line":556,"column":null}},"116":{"start":{"line":556,"column":21},"end":{"line":556,"column":null}},"117":{"start":{"line":557,"column":4},"end":{"line":557,"column":null}},"118":{"start":{"line":558,"column":4},"end":{"line":558,"column":null}},"119":{"start":{"line":560,"column":2},"end":{"line":560,"column":null}},"120":{"start":{"line":581,"column":2},"end":{"line":581,"column":null}},"121":{"start":{"line":581,"column":13},"end":{"line":581,"column":null}},"122":{"start":{"line":582,"column":18},"end":{"line":582,"column":29}},"123":{"start":{"line":583,"column":2},"end":{"line":583,"column":null}},"124":{"start":{"line":583,"column":16},"end":{"line":583,"column":null}},"125":{"start":{"line":585,"column":21},"end":{"line":585,"column":74}},"126":{"start":{"line":586,"column":2},"end":{"line":589,"column":null}},"127":{"start":{"line":588,"column":4},"end":{"line":588,"column":null}},"128":{"start":{"line":592,"column":2},"end":{"line":598,"column":null}},"129":{"start":{"line":593,"column":4},"end":{"line":596,"column":null}},"130":{"start":{"line":594,"column":17},"end":{"line":594,"column":76}},"131":{"start":{"line":595,"column":6},"end":{"line":595,"column":null}},"132":{"start":{"line":595,"column":29},"end":{"line":595,"column":null}},"133":{"start":{"line":597,"column":4},"end":{"line":597,"column":null}},"134":{"start":{"line":605,"column":22},"end":{"line":605,"column":85}},"135":{"start":{"line":606,"column":2},"end":{"line":606,"column":null}},"136":{"start":{"line":606,"column":34},"end":{"line":606,"column":null}},"137":{"start":{"line":607,"column":17},"end":{"line":607,"column":75}},"138":{"start":{"line":608,"column":2},"end":{"line":608,"column":null}},"139":{"start":{"line":608,"column":29},"end":{"line":608,"column":null}},"140":{"start":{"line":609,"column":2},"end":{"line":609,"column":null}},"141":{"start":{"line":623,"column":24},"end":{"line":626,"column":3}},"142":{"start":{"line":627,"column":21},"end":{"line":627,"column":79}},"143":{"start":{"line":629,"column":13},"end":{"line":629,"column":42}},"144":{"start":{"line":630,"column":15},"end":{"line":630,"column":17}},"145":{"start":{"line":632,"column":2},"end":{"line":638,"column":null}},"146":{"start":{"line":633,"column":17},"end":{"line":633,"column":36}},"147":{"start":{"line":634,"column":4},"end":{"line":634,"column":null}},"148":{"start":{"line":634,"column":26},"end":{"line":634,"column":null}},"149":{"start":{"line":635,"column":4},"end":{"line":635,"column":null}},"150":{"start":{"line":635,"column":42},"end":{"line":635,"column":null}},"151":{"start":{"line":636,"column":4},"end":{"line":636,"column":null}},"152":{"start":{"line":637,"column":4},"end":{"line":637,"column":null}},"153":{"start":{"line":637,"column":26},"end":{"line":637,"column":null}},"154":{"start":{"line":639,"column":2},"end":{"line":639,"column":null}},"155":{"start":{"line":652,"column":16},"end":{"line":652,"column":18}},"156":{"start":{"line":653,"column":2},"end":{"line":653,"column":null}},"157":{"start":{"line":653,"column":10},"end":{"line":653,"column":null}},"158":{"start":{"line":654,"column":2},"end":{"line":654,"column":null}},"159":{"start":{"line":655,"column":2},"end":{"line":655,"column":null}},"160":{"start":{"line":655,"column":13},"end":{"line":655,"column":null}},"161":{"start":{"line":656,"column":2},"end":{"line":656,"column":null}},"162":{"start":{"line":672,"column":2},"end":{"line":674,"column":null}},"163":{"start":{"line":673,"column":4},"end":{"line":673,"column":null}},"164":{"start":{"line":675,"column":2},"end":{"line":678,"column":null}},"165":{"start":{"line":676,"column":26},"end":{"line":676,"column":57}},"166":{"start":{"line":677,"column":4},"end":{"line":677,"column":null}},"167":{"start":{"line":677,"column":36},"end":{"line":677,"column":null}},"168":{"start":{"line":679,"column":2},"end":{"line":679,"column":null}},"169":{"start":{"line":696,"column":2},"end":{"line":696,"column":null}},"170":{"start":{"line":696,"column":47},"end":{"line":696,"column":null}},"171":{"start":{"line":697,"column":21},"end":{"line":697,"column":30}},"172":{"start":{"line":698,"column":26},"end":{"line":705,"column":3}},"173":{"start":{"line":706,"column":2},"end":{"line":710,"column":null}},"174":{"start":{"line":707,"column":4},"end":{"line":709,"column":null}},"175":{"start":{"line":708,"column":6},"end":{"line":708,"column":null}},"176":{"start":{"line":716,"column":2},"end":{"line":718,"column":null}},"177":{"start":{"line":717,"column":4},"end":{"line":717,"column":null}},"178":{"start":{"line":719,"column":2},"end":{"line":719,"column":null}},"179":{"start":{"line":730,"column":16},"end":{"line":730,"column":51}},"180":{"start":{"line":731,"column":19},"end":{"line":731,"column":50}},"181":{"start":{"line":732,"column":2},"end":{"line":732,"column":null}},"182":{"start":{"line":732,"column":30},"end":{"line":732,"column":null}},"183":{"start":{"line":733,"column":14},"end":{"line":733,"column":36}},"184":{"start":{"line":734,"column":20},"end":{"line":734,"column":40}},"185":{"start":{"line":735,"column":2},"end":{"line":735,"column":null}},"186":{"start":{"line":749,"column":18},"end":{"line":749,"column":29}},"187":{"start":{"line":750,"column":2},"end":{"line":750,"column":null}},"188":{"start":{"line":750,"column":29},"end":{"line":750,"column":null}},"189":{"start":{"line":751,"column":14},"end":{"line":751,"column":39}},"190":{"start":{"line":752,"column":20},"end":{"line":752,"column":40}},"191":{"start":{"line":753,"column":15},"end":{"line":753,"column":67}},"192":{"start":{"line":754,"column":2},"end":{"line":754,"column":null}},"193":{"start":{"line":767,"column":21},"end":{"line":767,"column":63}},"194":{"start":{"line":768,"column":2},"end":{"line":768,"column":null}},"195":{"start":{"line":768,"column":25},"end":{"line":768,"column":null}},"196":{"start":{"line":769,"column":13},"end":{"line":769,"column":62}},"197":{"start":{"line":770,"column":2},"end":{"line":770,"column":null}},"198":{"start":{"line":783,"column":33},"end":{"line":783,"column":41}},"199":{"start":{"line":784,"column":20},"end":{"line":784,"column":42}},"200":{"start":{"line":785,"column":19},"end":{"line":785,"column":47}},"201":{"start":{"line":786,"column":20},"end":{"line":786,"column":37}},"202":{"start":{"line":787,"column":21},"end":{"line":787,"column":59}},"203":{"start":{"line":789,"column":12},"end":{"line":789,"column":16}},"204":{"start":{"line":792,"column":2},"end":{"line":795,"column":null}},"205":{"start":{"line":798,"column":2},"end":{"line":798,"column":null}},"206":{"start":{"line":799,"column":2},"end":{"line":799,"column":null}},"207":{"start":{"line":800,"column":2},"end":{"line":800,"column":null}},"208":{"start":{"line":801,"column":2},"end":{"line":801,"column":null}},"209":{"start":{"line":804,"column":2},"end":{"line":804,"column":null}},"210":{"start":{"line":805,"column":2},"end":{"line":805,"column":null}},"211":{"start":{"line":806,"column":2},"end":{"line":806,"column":null}},"212":{"start":{"line":809,"column":2},"end":{"line":809,"column":null}},"213":{"start":{"line":811,"column":2},"end":{"line":811,"column":null}},"214":{"start":{"line":830,"column":18},"end":{"line":830,"column":61}},"215":{"start":{"line":831,"column":19},"end":{"line":840,"column":3}},"216":{"start":{"line":841,"column":12},"end":{"line":841,"column":16}},"217":{"start":{"line":842,"column":2},"end":{"line":844,"column":null}},"218":{"start":{"line":843,"column":4},"end":{"line":843,"column":null}},"219":{"start":{"line":845,"column":2},"end":{"line":845,"column":null}},"220":{"start":{"line":857,"column":18},"end":{"line":857,"column":65}},"221":{"start":{"line":858,"column":19},"end":{"line":863,"column":3}},"222":{"start":{"line":864,"column":12},"end":{"line":864,"column":16}},"223":{"start":{"line":865,"column":2},"end":{"line":867,"column":null}},"224":{"start":{"line":866,"column":4},"end":{"line":866,"column":null}},"225":{"start":{"line":868,"column":2},"end":{"line":868,"column":null}},"226":{"start":{"line":884,"column":18},"end":{"line":884,"column":86}},"227":{"start":{"line":885,"column":16},"end":{"line":885,"column":34}},"228":{"start":{"line":886,"column":2},"end":{"line":886,"column":null}},"229":{"start":{"line":886,"column":14},"end":{"line":886,"column":null}},"230":{"start":{"line":887,"column":14},"end":{"line":887,"column":22}},"231":{"start":{"line":888,"column":2},"end":{"line":891,"column":null}},"232":{"start":{"line":892,"column":2},"end":{"line":895,"column":null}},"233":{"start":{"line":896,"column":2},"end":{"line":899,"column":null}},"234":{"start":{"line":910,"column":16},"end":{"line":910,"column":63}},"235":{"start":{"line":911,"column":2},"end":{"line":911,"column":null}},"236":{"start":{"line":911,"column":14},"end":{"line":911,"column":null}},"237":{"start":{"line":912,"column":14},"end":{"line":912,"column":45}},"238":{"start":{"line":913,"column":2},"end":{"line":916,"column":null}},"239":{"start":{"line":926,"column":16},"end":{"line":926,"column":89}},"240":{"start":{"line":927,"column":2},"end":{"line":927,"column":null}},"241":{"start":{"line":939,"column":15},"end":{"line":939,"column":30}},"242":{"start":{"line":940,"column":17},"end":{"line":940,"column":39}},"243":{"start":{"line":941,"column":2},"end":{"line":943,"column":null}},"244":{"start":{"line":942,"column":4},"end":{"line":942,"column":null}},"245":{"start":{"line":945,"column":16},"end":{"line":945,"column":40}},"246":{"start":{"line":946,"column":19},"end":{"line":948,"column":11}},"247":{"start":{"line":947,"column":26},"end":{"line":947,"column":54}},"248":{"start":{"line":950,"column":18},"end":{"line":950,"column":67}},"249":{"start":{"line":952,"column":17},"end":{"line":952,"column":26}},"250":{"start":{"line":954,"column":24},"end":{"line":954,"column":26}},"251":{"start":{"line":956,"column":2},"end":{"line":985,"column":null}},"252":{"start":{"line":957,"column":4},"end":{"line":957,"column":null}},"253":{"start":{"line":958,"column":19},"end":{"line":958,"column":77}},"254":{"start":{"line":959,"column":4},"end":{"line":959,"column":null}},"255":{"start":{"line":960,"column":4},"end":{"line":960,"column":null}},"256":{"start":{"line":961,"column":4},"end":{"line":984,"column":null}},"257":{"start":{"line":962,"column":23},"end":{"line":962,"column":56}},"258":{"start":{"line":963,"column":23},"end":{"line":963,"column":60}},"259":{"start":{"line":964,"column":21},"end":{"line":964,"column":47}},"260":{"start":{"line":965,"column":25},"end":{"line":965,"column":57}},"261":{"start":{"line":966,"column":24},"end":{"line":966,"column":55}},"262":{"start":{"line":967,"column":6},"end":{"line":980,"column":null}},"263":{"start":{"line":968,"column":8},"end":{"line":968,"column":null}},"264":{"start":{"line":969,"column":8},"end":{"line":969,"column":null}},"265":{"start":{"line":970,"column":8},"end":{"line":976,"column":null}},"266":{"start":{"line":971,"column":10},"end":{"line":975,"column":null}},"267":{"start":{"line":977,"column":8},"end":{"line":977,"column":null}},"268":{"start":{"line":977,"column":24},"end":{"line":977,"column":null}},"269":{"start":{"line":979,"column":8},"end":{"line":979,"column":null}},"270":{"start":{"line":982,"column":6},"end":{"line":982,"column":null}},"271":{"start":{"line":983,"column":6},"end":{"line":983,"column":null}},"272":{"start":{"line":987,"column":2},"end":{"line":987,"column":null}},"273":{"start":{"line":988,"column":2},"end":{"line":990,"column":null}},"274":{"start":{"line":991,"column":2},"end":{"line":991,"column":null}},"275":{"start":{"line":992,"column":19},"end":{"line":992,"column":44}},"276":{"start":{"line":993,"column":2},"end":{"line":996,"column":null}},"277":{"start":{"line":994,"column":16},"end":{"line":994,"column":32}},"278":{"start":{"line":995,"column":4},"end":{"line":995,"column":null}},"279":{"start":{"line":998,"column":2},"end":{"line":1005,"column":null}},"280":{"start":{"line":999,"column":4},"end":{"line":999,"column":null}},"281":{"start":{"line":1000,"column":4},"end":{"line":1004,"column":null}},"282":{"start":{"line":1001,"column":6},"end":{"line":1001,"column":null}},"283":{"start":{"line":1002,"column":6},"end":{"line":1002,"column":null}},"284":{"start":{"line":1003,"column":6},"end":{"line":1003,"column":null}},"285":{"start":{"line":1007,"column":2},"end":{"line":1009,"column":null}},"286":{"start":{"line":1008,"column":4},"end":{"line":1008,"column":null}},"287":{"start":{"line":1013,"column":19},"end":{"line":1013,"column":34}},"288":{"start":{"line":1014,"column":17},"end":{"line":1014,"column":78}},"289":{"start":{"line":1015,"column":0},"end":{"line":1020,"column":null}},"290":{"start":{"line":1016,"column":2},"end":{"line":1019,"column":null}},"291":{"start":{"line":1017,"column":4},"end":{"line":1017,"column":null}},"292":{"start":{"line":1018,"column":4},"end":{"line":1018,"column":null}}},"fnMap":{"0":{"name":"parseArgs","decl":{"start":{"line":62,"column":9},"end":{"line":62,"column":18}},"loc":{"start":{"line":62,"column":25},"end":{"line":95,"column":null}},"line":62},"1":{"name":"(anonymous_1)","decl":{"start":{"line":82,"column":49},"end":{"line":82,"column":50}},"loc":{"start":{"line":82,"column":56},"end":{"line":82,"column":64}},"line":82},"2":{"name":"printHelp","decl":{"start":{"line":100,"column":9},"end":{"line":100,"column":18}},"loc":{"start":{"line":100,"column":21},"end":{"line":116,"column":null}},"line":100},"3":{"name":"listArticleFiles","decl":{"start":{"line":126,"column":9},"end":{"line":126,"column":25}},"loc":{"start":{"line":126,"column":31},"end":{"line":148,"column":null}},"line":126},"4":{"name":"(anonymous_4)","decl":{"start":{"line":146,"column":11},"end":{"line":146,"column":12}},"loc":{"start":{"line":146,"column":22},"end":{"line":146,"column":68}},"line":146},"5":{"name":"decodeEntities","decl":{"start":{"line":214,"column":9},"end":{"line":214,"column":23}},"loc":{"start":{"line":214,"column":30},"end":{"line":228,"column":null}},"line":214},"6":{"name":"(anonymous_6)","decl":{"start":{"line":216,"column":26},"end":{"line":216,"column":27}},"loc":{"start":{"line":216,"column":37},"end":{"line":219,"column":5}},"line":216},"7":{"name":"(anonymous_7)","decl":{"start":{"line":220,"column":36},"end":{"line":220,"column":37}},"loc":{"start":{"line":220,"column":47},"end":{"line":223,"column":5}},"line":220},"8":{"name":"(anonymous_8)","decl":{"start":{"line":224,"column":42},"end":{"line":224,"column":43}},"loc":{"start":{"line":224,"column":58},"end":{"line":227,"column":5}},"line":224},"9":{"name":"encodeAttribute","decl":{"start":{"line":236,"column":9},"end":{"line":236,"column":24}},"loc":{"start":{"line":236,"column":31},"end":{"line":242,"column":null}},"line":236},"10":{"name":"encodeBody","decl":{"start":{"line":251,"column":9},"end":{"line":251,"column":19}},"loc":{"start":{"line":251,"column":26},"end":{"line":253,"column":null}},"line":251},"11":{"name":"encodeJson","decl":{"start":{"line":262,"column":9},"end":{"line":262,"column":19}},"loc":{"start":{"line":262,"column":26},"end":{"line":264,"column":null}},"line":262},"12":{"name":"sliceArticleBody","decl":{"start":{"line":274,"column":9},"end":{"line":274,"column":25}},"loc":{"start":{"line":274,"column":32},"end":{"line":280,"column":null}},"line":274},"13":{"name":"stripTags","decl":{"start":{"line":289,"column":9},"end":{"line":289,"column":18}},"loc":{"start":{"line":289,"column":25},"end":{"line":291,"column":null}},"line":289},"14":{"name":"extractBodyH1","decl":{"start":{"line":300,"column":9},"end":{"line":300,"column":22}},"loc":{"start":{"line":300,"column":36},"end":{"line":303,"column":null}},"line":300},"15":{"name":"extractBodyFirstProse","decl":{"start":{"line":364,"column":9},"end":{"line":364,"column":30}},"loc":{"start":{"line":364,"column":44},"end":{"line":382,"column":null}},"line":364},"16":{"name":"deriveMetadataForFile","decl":{"start":{"line":405,"column":9},"end":{"line":405,"column":30}},"loc":{"start":{"line":405,"column":43},"end":{"line":475,"column":null}},"line":405},"17":{"name":"extractCommitteeCodes","decl":{"start":{"line":546,"column":16},"end":{"line":546,"column":37}},"loc":{"start":{"line":546,"column":44},"end":{"line":561,"column":null}},"line":546},"18":{"name":"(anonymous_18)","decl":{"start":{"line":550,"column":30},"end":{"line":550,"column":31}},"loc":{"start":{"line":550,"column":37},"end":{"line":550,"column":59}},"line":550},"19":{"name":"isTextPlausiblyInLang","decl":{"start":{"line":580,"column":16},"end":{"line":580,"column":37}},"loc":{"start":{"line":580,"column":50},"end":{"line":610,"column":null}},"line":580},"20":{"name":"extractBodySecondProse","decl":{"start":{"line":622,"column":9},"end":{"line":622,"column":31}},"loc":{"start":{"line":622,"column":45},"end":{"line":640,"column":null}},"line":622},"21":{"name":"buildSyntheticMarkdown","decl":{"start":{"line":651,"column":9},"end":{"line":651,"column":31}},"loc":{"start":{"line":651,"column":43},"end":{"line":657,"column":null}},"line":651},"22":{"name":"chooseTitle","decl":{"start":{"line":671,"column":9},"end":{"line":671,"column":20}},"loc":{"start":{"line":671,"column":61},"end":{"line":680,"column":null}},"line":671},"23":{"name":"isGenericBodyH1","decl":{"start":{"line":695,"column":9},"end":{"line":695,"column":24}},"loc":{"start":{"line":695,"column":48},"end":{"line":720,"column":null}},"line":695},"24":{"name":"extractFirstSentence","decl":{"start":{"line":729,"column":9},"end":{"line":729,"column":29}},"loc":{"start":{"line":729,"column":37},"end":{"line":736,"column":null}},"line":729},"25":{"name":"truncateUpto","decl":{"start":{"line":748,"column":9},"end":{"line":748,"column":21}},"loc":{"start":{"line":748,"column":33},"end":{"line":755,"column":null}},"line":748},"26":{"name":"pickLangEntry","decl":{"start":{"line":766,"column":9},"end":{"line":766,"column":22}},"loc":{"start":{"line":766,"column":34},"end":{"line":771,"column":null}},"line":766},"27":{"name":"rewriteHtml","decl":{"start":{"line":782,"column":9},"end":{"line":782,"column":20}},"loc":{"start":{"line":782,"column":37},"end":{"line":812,"column":null}},"line":782},"28":{"name":"replaceNamedMeta","decl":{"start":{"line":829,"column":9},"end":{"line":829,"column":25}},"loc":{"start":{"line":829,"column":45},"end":{"line":846,"column":null}},"line":829},"29":{"name":"replacePropertyMeta","decl":{"start":{"line":856,"column":9},"end":{"line":856,"column":28}},"loc":{"start":{"line":856,"column":52},"end":{"line":869,"column":null}},"line":856},"30":{"name":"rewriteJsonLd","decl":{"start":{"line":883,"column":9},"end":{"line":883,"column":22}},"loc":{"start":{"line":883,"column":49},"end":{"line":900,"column":null}},"line":883},"31":{"name":"readCurrentTitle","decl":{"start":{"line":909,"column":9},"end":{"line":909,"column":25}},"loc":{"start":{"line":909,"column":32},"end":{"line":917,"column":null}},"line":909},"32":{"name":"readCurrentDescription","decl":{"start":{"line":925,"column":9},"end":{"line":925,"column":31}},"loc":{"start":{"line":925,"column":38},"end":{"line":928,"column":null}},"line":925},"33":{"name":"main","decl":{"start":{"line":938,"column":15},"end":{"line":938,"column":19}},"loc":{"start":{"line":938,"column":50},"end":{"line":1010,"column":null}},"line":938},"34":{"name":"(anonymous_34)","decl":{"start":{"line":947,"column":19},"end":{"line":947,"column":20}},"loc":{"start":{"line":947,"column":26},"end":{"line":947,"column":54}},"line":947},"35":{"name":"(anonymous_35)","decl":{"start":{"line":1016,"column":15},"end":{"line":1016,"column":16}},"loc":{"start":{"line":1016,"column":24},"end":{"line":1019,"column":3}},"line":1016}},"branchMap":{"0":{"loc":{"start":{"line":66,"column":4},"end":{"line":92,"column":null}},"type":"switch","locations":[{"start":{"line":67,"column":6},"end":{"line":69,"column":null}},{"start":{"line":70,"column":6},"end":{"line":72,"column":null}},{"start":{"line":73,"column":6},"end":{"line":78,"column":null}},{"start":{"line":79,"column":6},"end":{"line":84,"column":null}},{"start":{"line":85,"column":6},"end":{"line":85,"column":null}},{"start":{"line":86,"column":6},"end":{"line":88,"column":null}},{"start":{"line":90,"column":6},"end":{"line":91,"column":null}}],"line":66},"1":{"loc":{"start":{"line":75,"column":8},"end":{"line":75,"column":null}},"type":"if","locations":[{"start":{"line":75,"column":8},"end":{"line":75,"column":null}},{"start":{},"end":{}}],"line":75},"2":{"loc":{"start":{"line":81,"column":8},"end":{"line":81,"column":null}},"type":"if","locations":[{"start":{"line":81,"column":8},"end":{"line":81,"column":null}},{"start":{},"end":{}}],"line":81},"3":{"loc":{"start":{"line":130,"column":4},"end":{"line":130,"column":null}},"type":"if","locations":[{"start":{"line":130,"column":4},"end":{"line":130,"column":null}},{"start":{},"end":{}}],"line":130},"4":{"loc":{"start":{"line":132,"column":4},"end":{"line":132,"column":null}},"type":"if","locations":[{"start":{"line":132,"column":4},"end":{"line":132,"column":null}},{"start":{},"end":{}}],"line":132},"5":{"loc":{"start":{"line":132,"column":8},"end":{"line":132,"column":31}},"type":"binary-expr","locations":[{"start":{"line":132,"column":8},"end":{"line":132,"column":14}},{"start":{"line":132,"column":18},"end":{"line":132,"column":31}}],"line":132},"6":{"loc":{"start":{"line":134,"column":4},"end":{"line":134,"column":null}},"type":"if","locations":[{"start":{"line":134,"column":4},"end":{"line":134,"column":null}},{"start":{},"end":{}}],"line":134},"7":{"loc":{"start":{"line":136,"column":4},"end":{"line":136,"column":null}},"type":"if","locations":[{"start":{"line":136,"column":4},"end":{"line":136,"column":null}},{"start":{},"end":{}}],"line":136},"8":{"loc":{"start":{"line":146,"column":22},"end":{"line":146,"column":68}},"type":"cond-expr","locations":[{"start":{"line":146,"column":40},"end":{"line":146,"column":42}},{"start":{"line":146,"column":45},"end":{"line":146,"column":68}}],"line":146},"9":{"loc":{"start":{"line":146,"column":45},"end":{"line":146,"column":68}},"type":"cond-expr","locations":[{"start":{"line":146,"column":63},"end":{"line":146,"column":64}},{"start":{"line":146,"column":67},"end":{"line":146,"column":68}}],"line":146},"10":{"loc":{"start":{"line":218,"column":13},"end":{"line":218,"column":68}},"type":"cond-expr","locations":[{"start":{"line":218,"column":37},"end":{"line":218,"column":63}},{"start":{"line":218,"column":66},"end":{"line":218,"column":68}}],"line":218},"11":{"loc":{"start":{"line":222,"column":13},"end":{"line":222,"column":68}},"type":"cond-expr","locations":[{"start":{"line":222,"column":37},"end":{"line":222,"column":63}},{"start":{"line":222,"column":66},"end":{"line":222,"column":68}}],"line":222},"12":{"loc":{"start":{"line":226,"column":13},"end":{"line":226,"column":59}},"type":"cond-expr","locations":[{"start":{"line":226,"column":44},"end":{"line":226,"column":52}},{"start":{"line":226,"column":55},"end":{"line":226,"column":59}}],"line":226},"13":{"loc":{"start":{"line":276,"column":2},"end":{"line":276,"column":null}},"type":"if","locations":[{"start":{"line":276,"column":2},"end":{"line":276,"column":null}},{"start":{},"end":{}}],"line":276},"14":{"loc":{"start":{"line":278,"column":2},"end":{"line":278,"column":null}},"type":"if","locations":[{"start":{"line":278,"column":2},"end":{"line":278,"column":null}},{"start":{},"end":{}}],"line":278},"15":{"loc":{"start":{"line":302,"column":9},"end":{"line":302,"column":41}},"type":"cond-expr","locations":[{"start":{"line":302,"column":17},"end":{"line":302,"column":36}},{"start":{"line":302,"column":39},"end":{"line":302,"column":41}}],"line":302},"16":{"loc":{"start":{"line":377,"column":4},"end":{"line":377,"column":null}},"type":"if","locations":[{"start":{"line":377,"column":4},"end":{"line":377,"column":null}},{"start":{},"end":{}}],"line":377},"17":{"loc":{"start":{"line":378,"column":4},"end":{"line":378,"column":null}},"type":"if","locations":[{"start":{"line":378,"column":4},"end":{"line":378,"column":null}},{"start":{},"end":{}}],"line":378},"18":{"loc":{"start":{"line":416,"column":20},"end":{"line":416,"column":85}},"type":"binary-expr","locations":[{"start":{"line":416,"column":20},"end":{"line":416,"column":49}},{"start":{"line":416,"column":53},"end":{"line":416,"column":85}}],"line":416},"19":{"loc":{"start":{"line":422,"column":14},"end":{"line":422,"column":51}},"type":"cond-expr","locations":[{"start":{"line":422,"column":26},"end":{"line":422,"column":39}},{"start":{"line":422,"column":42},"end":{"line":422,"column":51}}],"line":422},"20":{"loc":{"start":{"line":426,"column":2},"end":{"line":458,"column":null}},"type":"if","locations":[{"start":{"line":426,"column":2},"end":{"line":458,"column":null}},{"start":{},"end":{}}],"line":426},"21":{"loc":{"start":{"line":435,"column":6},"end":{"line":437,"column":46}},"type":"binary-expr","locations":[{"start":{"line":435,"column":6},"end":{"line":435,"column":12}},{"start":{"line":436,"column":6},"end":{"line":436,"column":59}},{"start":{"line":437,"column":6},"end":{"line":437,"column":46}}],"line":435},"22":{"loc":{"start":{"line":438,"column":26},"end":{"line":438,"column":82}},"type":"binary-expr","locations":[{"start":{"line":438,"column":26},"end":{"line":438,"column":35}},{"start":{"line":438,"column":39},"end":{"line":438,"column":82}}],"line":438},"23":{"loc":{"start":{"line":440,"column":6},"end":{"line":440,"column":80}},"type":"binary-expr","locations":[{"start":{"line":440,"column":6},"end":{"line":440,"column":24}},{"start":{"line":440,"column":28},"end":{"line":440,"column":80}}],"line":440},"24":{"loc":{"start":{"line":442,"column":18},"end":{"line":442,"column":59}},"type":"cond-expr","locations":[{"start":{"line":442,"column":31},"end":{"line":442,"column":37}},{"start":{"line":442,"column":40},"end":{"line":442,"column":59}}],"line":442},"25":{"loc":{"start":{"line":447,"column":23},"end":{"line":451,"column":10}},"type":"cond-expr","locations":[{"start":{"line":447,"column":37},"end":{"line":447,"column":67}},{"start":{"line":447,"column":71},"end":{"line":451,"column":10}}],"line":447},"26":{"loc":{"start":{"line":447,"column":37},"end":{"line":447,"column":67}},"type":"cond-expr","locations":[{"start":{"line":447,"column":53},"end":{"line":447,"column":62}},{"start":{"line":447,"column":65},"end":{"line":447,"column":67}}],"line":447},"27":{"loc":{"start":{"line":447,"column":71},"end":{"line":451,"column":10}},"type":"cond-expr","locations":[{"start":{"line":448,"column":8},"end":{"line":448,"column":null}},{"start":{"line":449,"column":8},"end":{"line":451,"column":10}}],"line":447},"28":{"loc":{"start":{"line":449,"column":8},"end":{"line":451,"column":10}},"type":"cond-expr","locations":[{"start":{"line":450,"column":8},"end":{"line":450,"column":null}},{"start":{"line":451,"column":8},"end":{"line":451,"column":10}}],"line":449},"29":{"loc":{"start":{"line":452,"column":24},"end":{"line":452,"column":63}},"type":"binary-expr","locations":[{"start":{"line":452,"column":24},"end":{"line":452,"column":34}},{"start":{"line":452,"column":38},"end":{"line":452,"column":63}}],"line":452},"30":{"loc":{"start":{"line":463,"column":4},"end":{"line":465,"column":33}},"type":"binary-expr","locations":[{"start":{"line":463,"column":5},"end":{"line":463,"column":12}},{"start":{"line":463,"column":16},"end":{"line":463,"column":68}},{"start":{"line":464,"column":4},"end":{"line":464,"column":13}},{"start":{"line":465,"column":4},"end":{"line":465,"column":33}}],"line":463},"31":{"loc":{"start":{"line":466,"column":24},"end":{"line":466,"column":97}},"type":"cond-expr","locations":[{"start":{"line":466,"column":67},"end":{"line":466,"column":85}},{"start":{"line":466,"column":88},"end":{"line":466,"column":97}}],"line":466},"32":{"loc":{"start":{"line":466,"column":24},"end":{"line":466,"column":64}},"type":"binary-expr","locations":[{"start":{"line":466,"column":24},"end":{"line":466,"column":42}},{"start":{"line":466,"column":46},"end":{"line":466,"column":64}}],"line":466},"33":{"loc":{"start":{"line":467,"column":22},"end":{"line":469,"column":31}},"type":"cond-expr","locations":[{"start":{"line":468,"column":6},"end":{"line":468,"column":null}},{"start":{"line":469,"column":6},"end":{"line":469,"column":31}}],"line":467},"34":{"loc":{"start":{"line":547,"column":2},"end":{"line":547,"column":null}},"type":"if","locations":[{"start":{"line":547,"column":2},"end":{"line":547,"column":null}},{"start":{},"end":{}}],"line":547},"35":{"loc":{"start":{"line":549,"column":2},"end":{"line":549,"column":null}},"type":"if","locations":[{"start":{"line":549,"column":2},"end":{"line":549,"column":null}},{"start":{},"end":{}}],"line":549},"36":{"loc":{"start":{"line":551,"column":2},"end":{"line":551,"column":null}},"type":"if","locations":[{"start":{"line":551,"column":2},"end":{"line":551,"column":null}},{"start":{},"end":{}}],"line":551},"37":{"loc":{"start":{"line":556,"column":4},"end":{"line":556,"column":null}},"type":"if","locations":[{"start":{"line":556,"column":4},"end":{"line":556,"column":null}},{"start":{},"end":{}}],"line":556},"38":{"loc":{"start":{"line":581,"column":2},"end":{"line":581,"column":null}},"type":"if","locations":[{"start":{"line":581,"column":2},"end":{"line":581,"column":null}},{"start":{},"end":{}}],"line":581},"39":{"loc":{"start":{"line":583,"column":2},"end":{"line":583,"column":null}},"type":"if","locations":[{"start":{"line":583,"column":2},"end":{"line":583,"column":null}},{"start":{},"end":{}}],"line":583},"40":{"loc":{"start":{"line":586,"column":2},"end":{"line":589,"column":null}},"type":"if","locations":[{"start":{"line":586,"column":2},"end":{"line":589,"column":null}},{"start":{},"end":{}}],"line":586},"41":{"loc":{"start":{"line":592,"column":2},"end":{"line":598,"column":null}},"type":"if","locations":[{"start":{"line":592,"column":2},"end":{"line":598,"column":null}},{"start":{},"end":{}}],"line":592},"42":{"loc":{"start":{"line":595,"column":6},"end":{"line":595,"column":null}},"type":"if","locations":[{"start":{"line":595,"column":6},"end":{"line":595,"column":null}},{"start":{},"end":{}}],"line":595},"43":{"loc":{"start":{"line":606,"column":2},"end":{"line":606,"column":null}},"type":"if","locations":[{"start":{"line":606,"column":2},"end":{"line":606,"column":null}},{"start":{},"end":{}}],"line":606},"44":{"loc":{"start":{"line":608,"column":2},"end":{"line":608,"column":null}},"type":"if","locations":[{"start":{"line":608,"column":2},"end":{"line":608,"column":null}},{"start":{},"end":{}}],"line":608},"45":{"loc":{"start":{"line":634,"column":4},"end":{"line":634,"column":null}},"type":"if","locations":[{"start":{"line":634,"column":4},"end":{"line":634,"column":null}},{"start":{},"end":{}}],"line":634},"46":{"loc":{"start":{"line":635,"column":4},"end":{"line":635,"column":null}},"type":"if","locations":[{"start":{"line":635,"column":4},"end":{"line":635,"column":null}},{"start":{},"end":{}}],"line":635},"47":{"loc":{"start":{"line":637,"column":4},"end":{"line":637,"column":null}},"type":"if","locations":[{"start":{"line":637,"column":4},"end":{"line":637,"column":null}},{"start":{},"end":{}}],"line":637},"48":{"loc":{"start":{"line":639,"column":9},"end":{"line":639,"column":22}},"type":"binary-expr","locations":[{"start":{"line":639,"column":9},"end":{"line":639,"column":16}},{"start":{"line":639,"column":20},"end":{"line":639,"column":22}}],"line":639},"49":{"loc":{"start":{"line":653,"column":2},"end":{"line":653,"column":null}},"type":"if","locations":[{"start":{"line":653,"column":2},"end":{"line":653,"column":null}},{"start":{},"end":{}}],"line":653},"50":{"loc":{"start":{"line":655,"column":2},"end":{"line":655,"column":null}},"type":"if","locations":[{"start":{"line":655,"column":2},"end":{"line":655,"column":null}},{"start":{},"end":{}}],"line":655},"51":{"loc":{"start":{"line":672,"column":2},"end":{"line":674,"column":null}},"type":"if","locations":[{"start":{"line":672,"column":2},"end":{"line":674,"column":null}},{"start":{},"end":{}}],"line":672},"52":{"loc":{"start":{"line":672,"column":6},"end":{"line":672,"column":69}},"type":"binary-expr","locations":[{"start":{"line":672,"column":6},"end":{"line":672,"column":12}},{"start":{"line":672,"column":16},"end":{"line":672,"column":69}}],"line":672},"53":{"loc":{"start":{"line":675,"column":2},"end":{"line":678,"column":null}},"type":"if","locations":[{"start":{"line":675,"column":2},"end":{"line":678,"column":null}},{"start":{},"end":{}}],"line":675},"54":{"loc":{"start":{"line":677,"column":4},"end":{"line":677,"column":null}},"type":"if","locations":[{"start":{"line":677,"column":4},"end":{"line":677,"column":null}},{"start":{},"end":{}}],"line":677},"55":{"loc":{"start":{"line":696,"column":2},"end":{"line":696,"column":null}},"type":"if","locations":[{"start":{"line":696,"column":2},"end":{"line":696,"column":null}},{"start":{},"end":{}}],"line":696},"56":{"loc":{"start":{"line":707,"column":4},"end":{"line":709,"column":null}},"type":"if","locations":[{"start":{"line":707,"column":4},"end":{"line":709,"column":null}},{"start":{},"end":{}}],"line":707},"57":{"loc":{"start":{"line":707,"column":8},"end":{"line":707,"column":92}},"type":"binary-expr","locations":[{"start":{"line":707,"column":8},"end":{"line":707,"column":24}},{"start":{"line":707,"column":28},"end":{"line":707,"column":58}},{"start":{"line":707,"column":62},"end":{"line":707,"column":92}}],"line":707},"58":{"loc":{"start":{"line":716,"column":2},"end":{"line":718,"column":null}},"type":"if","locations":[{"start":{"line":716,"column":2},"end":{"line":718,"column":null}},{"start":{},"end":{}}],"line":716},"59":{"loc":{"start":{"line":731,"column":19},"end":{"line":731,"column":50}},"type":"cond-expr","locations":[{"start":{"line":731,"column":27},"end":{"line":731,"column":42}},{"start":{"line":731,"column":45},"end":{"line":731,"column":50}}],"line":731},"60":{"loc":{"start":{"line":732,"column":2},"end":{"line":732,"column":null}},"type":"if","locations":[{"start":{"line":732,"column":2},"end":{"line":732,"column":null}},{"start":{},"end":{}}],"line":732},"61":{"loc":{"start":{"line":735,"column":25},"end":{"line":735,"column":57}},"type":"cond-expr","locations":[{"start":{"line":735,"column":42},"end":{"line":735,"column":51}},{"start":{"line":735,"column":54},"end":{"line":735,"column":57}}],"line":735},"62":{"loc":{"start":{"line":750,"column":2},"end":{"line":750,"column":null}},"type":"if","locations":[{"start":{"line":750,"column":2},"end":{"line":750,"column":null}},{"start":{},"end":{}}],"line":750},"63":{"loc":{"start":{"line":753,"column":15},"end":{"line":753,"column":67}},"type":"cond-expr","locations":[{"start":{"line":753,"column":38},"end":{"line":753,"column":61}},{"start":{"line":753,"column":64},"end":{"line":753,"column":67}}],"line":753},"64":{"loc":{"start":{"line":768,"column":2},"end":{"line":768,"column":null}},"type":"if","locations":[{"start":{"line":768,"column":2},"end":{"line":768,"column":null}},{"start":{},"end":{}}],"line":768},"65":{"loc":{"start":{"line":770,"column":9},"end":{"line":770,"column":45}},"type":"binary-expr","locations":[{"start":{"line":770,"column":9},"end":{"line":770,"column":11}},{"start":{"line":770,"column":15},"end":{"line":770,"column":45}}],"line":770},"66":{"loc":{"start":{"line":886,"column":2},"end":{"line":886,"column":null}},"type":"if","locations":[{"start":{"line":886,"column":2},"end":{"line":886,"column":null}},{"start":{},"end":{}}],"line":886},"67":{"loc":{"start":{"line":911,"column":2},"end":{"line":911,"column":null}},"type":"if","locations":[{"start":{"line":911,"column":2},"end":{"line":911,"column":null}},{"start":{},"end":{}}],"line":911},"68":{"loc":{"start":{"line":927,"column":9},"end":{"line":927,"column":53}},"type":"cond-expr","locations":[{"start":{"line":927,"column":17},"end":{"line":927,"column":48}},{"start":{"line":927,"column":51},"end":{"line":927,"column":53}}],"line":927},"69":{"loc":{"start":{"line":938,"column":20},"end":{"line":938,"column":48}},"type":"default-arg","locations":[{"start":{"line":938,"column":27},"end":{"line":938,"column":48}}],"line":938},"70":{"loc":{"start":{"line":941,"column":2},"end":{"line":943,"column":null}},"type":"if","locations":[{"start":{"line":941,"column":2},"end":{"line":943,"column":null}},{"start":{},"end":{}}],"line":941},"71":{"loc":{"start":{"line":946,"column":19},"end":{"line":948,"column":11}},"type":"cond-expr","locations":[{"start":{"line":947,"column":6},"end":{"line":947,"column":null}},{"start":{"line":948,"column":6},"end":{"line":948,"column":11}}],"line":946},"72":{"loc":{"start":{"line":958,"column":19},"end":{"line":958,"column":77}},"type":"binary-expr","locations":[{"start":{"line":958,"column":19},"end":{"line":958,"column":47}},{"start":{"line":958,"column":51},"end":{"line":958,"column":77}}],"line":958},"73":{"loc":{"start":{"line":967,"column":6},"end":{"line":980,"column":null}},"type":"if","locations":[{"start":{"line":967,"column":6},"end":{"line":980,"column":null}},{"start":{"line":978,"column":13},"end":{"line":980,"column":null}}],"line":967},"74":{"loc":{"start":{"line":970,"column":8},"end":{"line":976,"column":null}},"type":"if","locations":[{"start":{"line":970,"column":8},"end":{"line":976,"column":null}},{"start":{},"end":{}}],"line":970},"75":{"loc":{"start":{"line":970,"column":12},"end":{"line":970,"column":66}},"type":"binary-expr","locations":[{"start":{"line":970,"column":12},"end":{"line":970,"column":37}},{"start":{"line":970,"column":41},"end":{"line":970,"column":66}}],"line":970},"76":{"loc":{"start":{"line":977,"column":8},"end":{"line":977,"column":null}},"type":"if","locations":[{"start":{"line":977,"column":8},"end":{"line":977,"column":null}},{"start":{},"end":{}}],"line":977},"77":{"loc":{"start":{"line":983,"column":50},"end":{"line":983,"column":77}},"type":"binary-expr","locations":[{"start":{"line":983,"column":51},"end":{"line":983,"column":54}},{"start":{"line":983,"column":58},"end":{"line":983,"column":69}},{"start":{"line":983,"column":74},"end":{"line":983,"column":77}}],"line":983},"78":{"loc":{"start":{"line":987,"column":41},"end":{"line":987,"column":73}},"type":"cond-expr","locations":[{"start":{"line":987,"column":54},"end":{"line":987,"column":61}},{"start":{"line":987,"column":64},"end":{"line":987,"column":73}}],"line":987},"79":{"loc":{"start":{"line":998,"column":2},"end":{"line":1005,"column":null}},"type":"if","locations":[{"start":{"line":998,"column":2},"end":{"line":1005,"column":null}},{"start":{},"end":{}}],"line":998},"80":{"loc":{"start":{"line":1007,"column":2},"end":{"line":1009,"column":null}},"type":"if","locations":[{"start":{"line":1007,"column":2},"end":{"line":1009,"column":null}},{"start":{},"end":{}}],"line":1007},"81":{"loc":{"start":{"line":1007,"column":6},"end":{"line":1007,"column":40}},"type":"binary-expr","locations":[{"start":{"line":1007,"column":6},"end":{"line":1007,"column":17}},{"start":{"line":1007,"column":21},"end":{"line":1007,"column":40}}],"line":1007},"82":{"loc":{"start":{"line":1014,"column":48},"end":{"line":1014,"column":69}},"type":"binary-expr","locations":[{"start":{"line":1014,"column":48},"end":{"line":1014,"column":63}},{"start":{"line":1014,"column":67},"end":{"line":1014,"column":69}}],"line":1014},"83":{"loc":{"start":{"line":1015,"column":0},"end":{"line":1020,"column":null}},"type":"if","locations":[{"start":{"line":1015,"column":0},"end":{"line":1020,"column":null}},{"start":{},"end":{}}],"line":1015},"84":{"loc":{"start":{"line":1017,"column":35},"end":{"line":1017,"column":60}},"type":"binary-expr","locations":[{"start":{"line":1017,"column":36},"end":{"line":1017,"column":39}},{"start":{"line":1017,"column":43},"end":{"line":1017,"column":52}},{"start":{"line":1017,"column":57},"end":{"line":1017,"column":60}}],"line":1017}},"s":{"0":1,"1":1,"2":1,"3":8,"4":8,"5":8,"6":8,"7":8,"8":2,"9":2,"10":1,"11":1,"12":2,"13":2,"14":1,"15":1,"16":1,"17":2,"18":2,"19":1,"20":1,"21":3,"22":1,"23":0,"24":0,"25":1,"26":5,"27":0,"28":1,"29":1,"30":1,"31":5,"32":1,"33":4,"34":4,"35":1,"36":3,"37":3,"38":1,"39":2,"40":2,"41":0,"42":2,"43":1,"44":1,"45":1,"46":1,"47":39,"48":1,"49":1,"50":2,"51":2,"52":18,"53":18,"54":18,"55":6,"56":12,"57":8,"58":8,"59":1,"60":7,"61":7,"62":0,"63":7,"64":33,"65":6,"66":6,"67":1,"68":9,"69":9,"70":9,"71":9,"72":15,"73":15,"74":1,"75":14,"76":6,"77":8,"78":1,"79":5,"80":5,"81":5,"82":5,"83":5,"84":5,"85":5,"86":5,"87":2,"88":2,"89":2,"90":2,"91":2,"92":2,"93":2,"94":3,"95":3,"96":5,"97":5,"98":5,"99":1,"100":1,"101":1,"102":1,"103":10,"104":1,"105":9,"106":9,"107":9,"108":0,"109":0,"110":0,"111":0,"112":0,"113":0,"114":0,"115":0,"116":0,"117":0,"118":0,"119":0,"120":4,"121":0,"122":4,"123":4,"124":0,"125":4,"126":4,"127":0,"128":4,"129":0,"130":0,"131":0,"132":0,"133":0,"134":4,"135":4,"136":1,"137":3,"138":4,"139":1,"140":2,"141":8,"142":8,"143":8,"144":8,"145":8,"146":12,"147":12,"148":4,"149":8,"150":0,"151":8,"152":8,"153":2,"154":8,"155":5,"156":5,"157":5,"158":5,"159":5,"160":4,"161":5,"162":7,"163":2,"164":5,"165":3,"166":3,"167":2,"168":3,"169":28,"170":7,"171":21,"172":21,"173":21,"174":91,"175":10,"176":11,"177":4,"178":7,"179":7,"180":7,"181":7,"182":5,"183":2,"184":2,"185":2,"186":18,"187":18,"188":14,"189":4,"190":4,"191":4,"192":18,"193":9,"194":9,"195":6,"196":3,"197":9,"198":6,"199":6,"200":6,"201":6,"202":6,"203":6,"204":6,"205":6,"206":6,"207":6,"208":6,"209":6,"210":6,"211":6,"212":6,"213":6,"214":24,"215":24,"216":24,"217":24,"218":96,"219":24,"220":18,"221":18,"222":18,"223":18,"224":72,"225":18,"226":6,"227":6,"228":6,"229":0,"230":6,"231":6,"232":6,"233":6,"234":0,"235":0,"236":0,"237":0,"238":0,"239":0,"240":0,"241":0,"242":0,"243":0,"244":0,"245":0,"246":0,"247":0,"248":0,"249":0,"250":0,"251":0,"252":0,"253":0,"254":0,"255":0,"256":0,"257":0,"258":0,"259":0,"260":0,"261":0,"262":0,"263":0,"264":0,"265":0,"266":0,"267":0,"268":0,"269":0,"270":0,"271":0,"272":0,"273":0,"274":0,"275":0,"276":0,"277":0,"278":0,"279":0,"280":0,"281":0,"282":0,"283":0,"284":0,"285":0,"286":0,"287":1,"288":1,"289":1,"290":0,"291":0,"292":0},"f":{"0":8,"1":3,"2":0,"3":1,"4":1,"5":39,"6":1,"7":2,"8":18,"9":18,"10":6,"11":12,"12":8,"13":33,"14":6,"15":9,"16":5,"17":10,"18":0,"19":4,"20":8,"21":5,"22":7,"23":28,"24":7,"25":18,"26":9,"27":6,"28":24,"29":18,"30":6,"31":0,"32":0,"33":0,"34":0,"35":0},"b":{"0":[2,1,2,2,0,0,1],"1":[1,1],"2":[1,1],"3":[1,4],"4":[1,3],"5":[4,3],"6":[1,2],"7":[0,2],"8":[0,1],"9":[1,0],"10":[1,0],"11":[2,0],"12":[17,1],"13":[1,7],"14":[0,7],"15":[6,0],"16":[1,14],"17":[6,8],"18":[5,5],"19":[0,5],"20":[2,3],"21":[2,2,2],"22":[2,2],"23":[2,0],"24":[1,1],"25":[1,1],"26":[1,0],"27":[0,1],"28":[0,1],"29":[2,1],"30":[3,3,2,1],"31":[0,3],"32":[5,1],"33":[2,1],"34":[1,9],"35":[9,0],"36":[0,0],"37":[0,0],"38":[0,4],"39":[0,4],"40":[0,4],"41":[0,4],"42":[0,0],"43":[1,3],"44":[1,3],"45":[4,8],"46":[0,8],"47":[2,6],"48":[8,6],"49":[5,0],"50":[4,1],"51":[2,5],"52":[7,7],"53":[3,2],"54":[2,1],"55":[7,21],"56":[10,81],"57":[91,82,81],"58":[4,7],"59":[6,1],"60":[5,2],"61":[2,0],"62":[14,4],"63":[4,0],"64":[6,3],"65":[9,1],"66":[0,6],"67":[0,0],"68":[0,0],"69":[0],"70":[0,0],"71":[0,0],"72":[0,0],"73":[0,0],"74":[0,0],"75":[0,0],"76":[0,0],"77":[0,0,0],"78":[0,0],"79":[0,0],"80":[0,0],"81":[0,0],"82":[1,0],"83":[0,1],"84":[0,0,0]},"meta":{"lastBranch":85,"lastFunction":36,"lastStatement":293,"seen":{"s:48:18:48:21":0,"s:50:17:50:20":1,"s:53:21:53:84":2,"f:62:9:62:18":0,"s:63:15:63:56":3,"s:64:2:93:Infinity":4,"s:64:15:64:16":5,"s:65:17:65:24":6,"b:67:6:69:Infinity:70:6:72:Infinity:73:6:78:Infinity:79:6:84:Infinity:85:6:85:Infinity:86:6:88:Infinity:90:6:91:Infinity":0,"s:66:4:92:Infinity":7,"s:68:8:68:Infinity":8,"s:69:8:69:Infinity":9,"s:71:8:71:Infinity":10,"s:72:8:72:Infinity":11,"s:74:22:74:31":12,"b:75:8:75:Infinity:undefined:undefined:undefined:undefined":1,"s:75:8:75:Infinity":13,"s:75:20:75:Infinity":14,"s:76:8:76:Infinity":15,"s:77:8:77:Infinity":16,"s:80:22:80:31":17,"b:81:8:81:Infinity:undefined:undefined:undefined:undefined":2,"s:81:8:81:Infinity":18,"s:81:20:81:Infinity":19,"s:82:8:82:Infinity":20,"f:82:49:82:50":1,"s:82:56:82:64":21,"s:83:8:83:Infinity":22,"s:87:8:87:Infinity":23,"s:88:8:88:Infinity":24,"s:91:8:91:Infinity":25,"s:94:2:94:Infinity":26,"f:100:9:100:18":2,"s:101:2:115:Infinity":27,"f:126:9:126:25":3,"s:127:18:127:37":28,"s:128:14:128:16":29,"s:129:2:145:Infinity":30,"b:130:4:130:Infinity:undefined:undefined:undefined:undefined":3,"s:130:4:130:Infinity":31,"s:130:33:130:Infinity":32,"s:131:18:131:41":33,"b:132:4:132:Infinity:undefined:undefined:undefined:undefined":4,"s:132:4:132:Infinity":34,"b:132:8:132:14:132:18:132:31":5,"s:132:33:132:Infinity":35,"s:133:27:133:39":36,"b:134:4:134:Infinity:undefined:undefined:undefined:undefined":6,"s:134:4:134:Infinity":37,"s:134:39:134:Infinity":38,"s:135:22:135:61":39,"b:136:4:136:Infinity:undefined:undefined:undefined:undefined":7,"s:136:4:136:Infinity":40,"s:136:20:136:Infinity":41,"s:137:4:144:Infinity":42,"s:146:2:146:Infinity":43,"f:146:11:146:12":4,"s:146:22:146:68":44,"b:146:40:146:42:146:45:146:68":8,"b:146:63:146:64:146:67:146:68":9,"s:147:2:147:Infinity":45,"s:153:23:198:2":46,"f:214:9:214:23":5,"s:215:2:227:Infinity":47,"f:216:26:216:27":6,"s:217:19:217:28":48,"s:218:6:218:Infinity":49,"b:218:37:218:63:218:66:218:68":10,"f:220:36:220:37":7,"s:221:19:221:34":50,"s:222:6:222:Infinity":51,"b:222:37:222:63:222:66:222:68":11,"f:224:42:224:43":8,"s:225:23:225:47":52,"s:226:6:226:Infinity":53,"b:226:44:226:52:226:55:226:59":12,"f:236:9:236:24":9,"s:237:2:241:Infinity":54,"f:251:9:251:19":10,"s:252:2:252:Infinity":55,"f:262:9:262:19":11,"s:263:2:263:43":56,"f:274:9:274:25":12,"s:275:16:275:40":57,"b:276:2:276:Infinity:undefined:undefined:undefined:undefined":13,"s:276:2:276:Infinity":58,"s:276:17:276:Infinity":59,"s:277:14:277:47":60,"b:278:2:278:Infinity:undefined:undefined:undefined:undefined":14,"s:278:2:278:Infinity":61,"s:278:15:278:Infinity":62,"s:279:2:279:Infinity":63,"f:289:9:289:18":13,"s:290:2:290:Infinity":64,"f:300:9:300:22":14,"s:301:16:301:64":65,"s:302:2:302:Infinity":66,"b:302:17:302:36:302:39:302:41":15,"s:321:30:349:1":67,"f:364:9:364:30":15,"s:367:24:370:3":68,"s:371:21:371:79":69,"s:373:13:373:42":70,"s:375:2:380:Infinity":71,"s:376:17:376:36":72,"b:377:4:377:Infinity:undefined:undefined:undefined:undefined":16,"s:377:4:377:Infinity":73,"s:377:26:377:Infinity":74,"b:378:4:378:Infinity:undefined:undefined:undefined:undefined":17,"s:378:4:378:Infinity":75,"s:378:42:378:Infinity":76,"s:379:4:379:Infinity":77,"s:381:2:381:Infinity":78,"f:405:9:405:30":16,"s:406:22:406:44":79,"s:407:17:407:43":80,"s:408:20:408:54":81,"s:409:29:409:64":82,"s:416:20:416:85":83,"b:416:20:416:49:416:53:416:85":18,"s:418:18:423:4":84,"b:422:26:422:39:422:42:422:51":19,"s:424:24:424:58":85,"b:426:2:458:Infinity:undefined:undefined:undefined:undefined":20,"s:426:2:458:Infinity":86,"s:435:6:437:46":87,"b:435:6:435:12:436:6:436:59:437:6:437:46":21,"s:438:26:438:82":88,"b:438:26:438:35:438:39:438:82":22,"s:440:6:440:80":89,"b:440:6:440:24:440:28:440:80":23,"s:442:18:442:59":90,"b:442:31:442:37:442:40:442:59":24,"s:447:23:451:10":91,"b:447:37:447:67:447:71:451:10":25,"b:447:53:447:62:447:65:447:67":26,"b:448:8:448:Infinity:449:8:451:10":27,"b:450:8:450:Infinity:451:8:451:10":28,"s:452:24:452:63":92,"b:452:24:452:34:452:38:452:63":29,"s:454:4:457:Infinity":93,"s:461:16:461:73":94,"s:463:4:465:33":95,"b:463:5:463:12:463:16:463:68:464:4:464:13:465:4:465:33":30,"s:466:24:466:97":96,"b:466:67:466:85:466:88:466:97":31,"b:466:24:466:42:466:46:466:64":32,"s:467:22:469:31":97,"b:468:6:468:Infinity:469:6:469:31":33,"s:471:2:474:Infinity":98,"s:478:23:484:2":99,"s:487:26:496:2":100,"s:510:21:524:2":101,"s:532:24:536:2":102,"f:546:16:546:37":17,"b:547:2:547:Infinity:undefined:undefined:undefined:undefined":34,"s:547:2:547:Infinity":103,"s:547:13:547:Infinity":104,"s:548:17:548:46":105,"b:549:2:549:Infinity:undefined:undefined:undefined:undefined":35,"s:549:2:549:Infinity":106,"s:549:15:549:Infinity":107,"s:550:16:550:60":108,"f:550:30:550:31":18,"s:550:37:550:59":109,"b:551:2:551:Infinity:undefined:undefined:undefined:undefined":36,"s:551:2:551:Infinity":110,"s:551:24:551:Infinity":111,"s:553:15:553:24":112,"s:554:18:554:20":113,"s:555:2:559:Infinity":114,"b:556:4:556:Infinity:undefined:undefined:undefined:undefined":37,"s:556:4:556:Infinity":115,"s:556:21:556:Infinity":116,"s:557:4:557:Infinity":117,"s:558:4:558:Infinity":118,"s:560:2:560:Infinity":119,"f:580:16:580:37":19,"b:581:2:581:Infinity:undefined:undefined:undefined:undefined":38,"s:581:2:581:Infinity":120,"s:581:13:581:Infinity":121,"s:582:18:582:29":122,"b:583:2:583:Infinity:undefined:undefined:undefined:undefined":39,"s:583:2:583:Infinity":123,"s:583:16:583:Infinity":124,"s:585:21:585:74":125,"b:586:2:589:Infinity:undefined:undefined:undefined:undefined":40,"s:586:2:589:Infinity":126,"s:588:4:588:Infinity":127,"b:592:2:598:Infinity:undefined:undefined:undefined:undefined":41,"s:592:2:598:Infinity":128,"s:593:4:596:Infinity":129,"s:594:17:594:76":130,"b:595:6:595:Infinity:undefined:undefined:undefined:undefined":42,"s:595:6:595:Infinity":131,"s:595:29:595:Infinity":132,"s:597:4:597:Infinity":133,"s:605:22:605:85":134,"b:606:2:606:Infinity:undefined:undefined:undefined:undefined":43,"s:606:2:606:Infinity":135,"s:606:34:606:Infinity":136,"s:607:17:607:75":137,"b:608:2:608:Infinity:undefined:undefined:undefined:undefined":44,"s:608:2:608:Infinity":138,"s:608:29:608:Infinity":139,"s:609:2:609:Infinity":140,"f:622:9:622:31":20,"s:623:24:626:3":141,"s:627:21:627:79":142,"s:629:13:629:42":143,"s:630:15:630:17":144,"s:632:2:638:Infinity":145,"s:633:17:633:36":146,"b:634:4:634:Infinity:undefined:undefined:undefined:undefined":45,"s:634:4:634:Infinity":147,"s:634:26:634:Infinity":148,"b:635:4:635:Infinity:undefined:undefined:undefined:undefined":46,"s:635:4:635:Infinity":149,"s:635:42:635:Infinity":150,"s:636:4:636:Infinity":151,"b:637:4:637:Infinity:undefined:undefined:undefined:undefined":47,"s:637:4:637:Infinity":152,"s:637:26:637:Infinity":153,"s:639:2:639:Infinity":154,"b:639:9:639:16:639:20:639:22":48,"f:651:9:651:31":21,"s:652:16:652:18":155,"b:653:2:653:Infinity:undefined:undefined:undefined:undefined":49,"s:653:2:653:Infinity":156,"s:653:10:653:Infinity":157,"s:654:2:654:Infinity":158,"b:655:2:655:Infinity:undefined:undefined:undefined:undefined":50,"s:655:2:655:Infinity":159,"s:655:13:655:Infinity":160,"s:656:2:656:Infinity":161,"f:671:9:671:20":22,"b:672:2:674:Infinity:undefined:undefined:undefined:undefined":51,"s:672:2:674:Infinity":162,"b:672:6:672:12:672:16:672:69":52,"s:673:4:673:Infinity":163,"b:675:2:678:Infinity:undefined:undefined:undefined:undefined":53,"s:675:2:678:Infinity":164,"s:676:26:676:57":165,"b:677:4:677:Infinity:undefined:undefined:undefined:undefined":54,"s:677:4:677:Infinity":166,"s:677:36:677:Infinity":167,"s:679:2:679:Infinity":168,"f:695:9:695:24":23,"b:696:2:696:Infinity:undefined:undefined:undefined:undefined":55,"s:696:2:696:Infinity":169,"s:696:47:696:Infinity":170,"s:697:21:697:30":171,"s:698:26:705:3":172,"s:706:2:710:Infinity":173,"b:707:4:709:Infinity:undefined:undefined:undefined:undefined":56,"s:707:4:709:Infinity":174,"b:707:8:707:24:707:28:707:58:707:62:707:92":57,"s:708:6:708:Infinity":175,"b:716:2:718:Infinity:undefined:undefined:undefined:undefined":58,"s:716:2:718:Infinity":176,"s:717:4:717:Infinity":177,"s:719:2:719:Infinity":178,"f:729:9:729:29":24,"s:730:16:730:51":179,"s:731:19:731:50":180,"b:731:27:731:42:731:45:731:50":59,"b:732:2:732:Infinity:undefined:undefined:undefined:undefined":60,"s:732:2:732:Infinity":181,"s:732:30:732:Infinity":182,"s:733:14:733:36":183,"s:734:20:734:40":184,"s:735:2:735:Infinity":185,"b:735:42:735:51:735:54:735:57":61,"f:748:9:748:21":25,"s:749:18:749:29":186,"b:750:2:750:Infinity:undefined:undefined:undefined:undefined":62,"s:750:2:750:Infinity":187,"s:750:29:750:Infinity":188,"s:751:14:751:39":189,"s:752:20:752:40":190,"s:753:15:753:67":191,"b:753:38:753:61:753:64:753:67":63,"s:754:2:754:Infinity":192,"f:766:9:766:22":26,"s:767:21:767:63":193,"b:768:2:768:Infinity:undefined:undefined:undefined:undefined":64,"s:768:2:768:Infinity":194,"s:768:25:768:Infinity":195,"s:769:13:769:62":196,"s:770:2:770:Infinity":197,"b:770:9:770:11:770:15:770:45":65,"f:782:9:782:20":27,"s:783:33:783:41":198,"s:784:20:784:42":199,"s:785:19:785:47":200,"s:786:20:786:37":201,"s:787:21:787:59":202,"s:789:12:789:16":203,"s:792:2:795:Infinity":204,"s:798:2:798:Infinity":205,"s:799:2:799:Infinity":206,"s:800:2:800:Infinity":207,"s:801:2:801:Infinity":208,"s:804:2:804:Infinity":209,"s:805:2:805:Infinity":210,"s:806:2:806:Infinity":211,"s:809:2:809:Infinity":212,"s:811:2:811:Infinity":213,"f:829:9:829:25":28,"s:830:18:830:61":214,"s:831:19:840:3":215,"s:841:12:841:16":216,"s:842:2:844:Infinity":217,"s:843:4:843:Infinity":218,"s:845:2:845:Infinity":219,"f:856:9:856:28":29,"s:857:18:857:65":220,"s:858:19:863:3":221,"s:864:12:864:16":222,"s:865:2:867:Infinity":223,"s:866:4:866:Infinity":224,"s:868:2:868:Infinity":225,"f:883:9:883:22":30,"s:884:18:884:86":226,"s:885:16:885:34":227,"b:886:2:886:Infinity:undefined:undefined:undefined:undefined":66,"s:886:2:886:Infinity":228,"s:886:14:886:Infinity":229,"s:887:14:887:22":230,"s:888:2:891:Infinity":231,"s:892:2:895:Infinity":232,"s:896:2:899:Infinity":233,"f:909:9:909:25":31,"s:910:16:910:63":234,"b:911:2:911:Infinity:undefined:undefined:undefined:undefined":67,"s:911:2:911:Infinity":235,"s:911:14:911:Infinity":236,"s:912:14:912:45":237,"s:913:2:916:Infinity":238,"f:925:9:925:31":32,"s:926:16:926:89":239,"s:927:2:927:Infinity":240,"b:927:17:927:48:927:51:927:53":68,"f:938:15:938:19":33,"b:938:27:938:48":69,"s:939:15:939:30":241,"s:940:17:940:39":242,"b:941:2:943:Infinity:undefined:undefined:undefined:undefined":70,"s:941:2:943:Infinity":243,"s:942:4:942:Infinity":244,"s:945:16:945:40":245,"s:946:19:948:11":246,"b:947:6:947:Infinity:948:6:948:11":71,"f:947:19:947:20":34,"s:947:26:947:54":247,"s:950:18:950:67":248,"s:952:17:952:26":249,"s:954:24:954:26":250,"s:956:2:985:Infinity":251,"s:957:4:957:Infinity":252,"s:958:19:958:77":253,"b:958:19:958:47:958:51:958:77":72,"s:959:4:959:Infinity":254,"s:960:4:960:Infinity":255,"s:961:4:984:Infinity":256,"s:962:23:962:56":257,"s:963:23:963:60":258,"s:964:21:964:47":259,"s:965:25:965:57":260,"s:966:24:966:55":261,"b:967:6:980:Infinity:978:13:980:Infinity":73,"s:967:6:980:Infinity":262,"s:968:8:968:Infinity":263,"s:969:8:969:Infinity":264,"b:970:8:976:Infinity:undefined:undefined:undefined:undefined":74,"s:970:8:976:Infinity":265,"b:970:12:970:37:970:41:970:66":75,"s:971:10:975:Infinity":266,"b:977:8:977:Infinity:undefined:undefined:undefined:undefined":76,"s:977:8:977:Infinity":267,"s:977:24:977:Infinity":268,"s:979:8:979:Infinity":269,"s:982:6:982:Infinity":270,"s:983:6:983:Infinity":271,"b:983:51:983:54:983:58:983:69:983:74:983:77":77,"s:987:2:987:Infinity":272,"b:987:54:987:61:987:64:987:73":78,"s:988:2:990:Infinity":273,"s:991:2:991:Infinity":274,"s:992:19:992:44":275,"s:993:2:996:Infinity":276,"s:994:16:994:32":277,"s:995:4:995:Infinity":278,"b:998:2:1005:Infinity:undefined:undefined:undefined:undefined":79,"s:998:2:1005:Infinity":279,"s:999:4:999:Infinity":280,"s:1000:4:1004:Infinity":281,"s:1001:6:1001:Infinity":282,"s:1002:6:1002:Infinity":283,"s:1003:6:1003:Infinity":284,"b:1007:2:1009:Infinity:undefined:undefined:undefined:undefined":80,"s:1007:2:1009:Infinity":285,"b:1007:6:1007:17:1007:21:1007:40":81,"s:1008:4:1008:Infinity":286,"s:1013:19:1013:34":287,"s:1014:17:1014:78":288,"b:1014:48:1014:63:1014:67:1014:69":82,"b:1015:0:1020:Infinity:undefined:undefined:undefined:undefined":83,"s:1015:0:1020:Infinity":289,"s:1016:2:1019:Infinity":290,"f:1016:15:1016:16":35,"s:1017:4:1017:Infinity":291,"b:1017:36:1017:39:1017:43:1017:52:1017:57:1017:60":84,"s:1018:4:1018:Infinity":292}}}
,"/home/runner/work/euparliamentmonitor/euparliamentmonitor/scripts/lint-prompts.js": {"path":"/home/runner/work/euparliamentmonitor/euparliamentmonitor/scripts/lint-prompts.js","statementMap":{"0":{"start":{"line":47,"column":13},"end":{"line":47,"column":26}},"1":{"start":{"line":49,"column":20},"end":{"line":49,"column":53}},"2":{"start":{"line":51,"column":13},"end":{"line":51,"column":34}},"3":{"start":{"line":52,"column":15},"end":{"line":52,"column":46}},"4":{"start":{"line":53,"column":22},"end":{"line":55,"column":15}},"5":{"start":{"line":57,"column":16},"end":{"line":57,"column":49}},"6":{"start":{"line":59,"column":30},"end":{"line":59,"column":60}},"7":{"start":{"line":60,"column":32},"end":{"line":60,"column":62}},"8":{"start":{"line":64,"column":33},"end":{"line":64,"column":63}},"9":{"start":{"line":67,"column":39},"end":{"line":67,"column":69}},"10":{"start":{"line":71,"column":30},"end":{"line":71,"column":82}},"11":{"start":{"line":72,"column":29},"end":{"line":72,"column":63}},"12":{"start":{"line":73,"column":31},"end":{"line":73,"column":72}},"13":{"start":{"line":75,"column":26},"end":{"line":104,"column":1}},"14":{"start":{"line":107,"column":2},"end":{"line":109,"column":null}},"15":{"start":{"line":108,"column":4},"end":{"line":108,"column":null}},"16":{"start":{"line":110,"column":2},"end":{"line":113,"column":null}},"17":{"start":{"line":112,"column":22},"end":{"line":112,"column":70}},"18":{"start":{"line":117,"column":2},"end":{"line":117,"column":null}},"19":{"start":{"line":117,"column":15},"end":{"line":117,"column":null}},"20":{"start":{"line":118,"column":14},"end":{"line":118,"column":15}},"21":{"start":{"line":119,"column":12},"end":{"line":119,"column":32}},"22":{"start":{"line":120,"column":2},"end":{"line":123,"column":null}},"23":{"start":{"line":121,"column":4},"end":{"line":121,"column":null}},"24":{"start":{"line":122,"column":4},"end":{"line":122,"column":null}},"25":{"start":{"line":124,"column":2},"end":{"line":124,"column":null}},"26":{"start":{"line":128,"column":18},"end":{"line":128,"column":51}},"27":{"start":{"line":129,"column":21},"end":{"line":129,"column":23}},"28":{"start":{"line":132,"column":2},"end":{"line":139,"column":null}},"29":{"start":{"line":133,"column":20},"end":{"line":133,"column":82}},"30":{"start":{"line":134,"column":4},"end":{"line":138,"column":null}},"31":{"start":{"line":135,"column":6},"end":{"line":137,"column":null}},"32":{"start":{"line":142,"column":2},"end":{"line":153,"column":null}},"33":{"start":{"line":143,"column":4},"end":{"line":152,"column":null}},"34":{"start":{"line":144,"column":20},"end":{"line":144,"column":42}},"35":{"start":{"line":145,"column":6},"end":{"line":151,"column":null}},"36":{"start":{"line":147,"column":27},"end":{"line":147,"column":75}},"37":{"start":{"line":148,"column":8},"end":{"line":150,"column":null}},"38":{"start":{"line":156,"column":2},"end":{"line":164,"column":null}},"39":{"start":{"line":157,"column":4},"end":{"line":163,"column":null}},"40":{"start":{"line":158,"column":18},"end":{"line":158,"column":67}},"41":{"start":{"line":159,"column":25},"end":{"line":159,"column":65}},"42":{"start":{"line":160,"column":6},"end":{"line":162,"column":null}},"43":{"start":{"line":178,"column":2},"end":{"line":195,"column":null}},"44":{"start":{"line":179,"column":30},"end":{"line":179,"column":77}},"45":{"start":{"line":180,"column":27},"end":{"line":180,"column":67}},"46":{"start":{"line":181,"column":22},"end":{"line":181,"column":61}},"47":{"start":{"line":182,"column":21},"end":{"line":182,"column":59}},"48":{"start":{"line":183,"column":4},"end":{"line":194,"column":null}},"49":{"start":{"line":184,"column":6},"end":{"line":188,"column":null}},"50":{"start":{"line":185,"column":8},"end":{"line":187,"column":null}},"51":{"start":{"line":189,"column":6},"end":{"line":193,"column":null}},"52":{"start":{"line":190,"column":8},"end":{"line":192,"column":null}},"53":{"start":{"line":197,"column":2},"end":{"line":197,"column":null}},"54":{"start":{"line":201,"column":16},"end":{"line":201,"column":45}},"55":{"start":{"line":202,"column":2},"end":{"line":205,"column":null}},"56":{"start":{"line":203,"column":4},"end":{"line":203,"column":null}},"57":{"start":{"line":204,"column":4},"end":{"line":204,"column":null}},"58":{"start":{"line":207,"column":24},"end":{"line":207,"column":25}},"59":{"start":{"line":208,"column":28},"end":{"line":208,"column":29}},"60":{"start":{"line":209,"column":17},"end":{"line":209,"column":19}},"61":{"start":{"line":210,"column":2},"end":{"line":221,"column":null}},"62":{"start":{"line":211,"column":21},"end":{"line":211,"column":49}},"63":{"start":{"line":212,"column":23},"end":{"line":212,"column":51}},"64":{"start":{"line":213,"column":4},"end":{"line":220,"column":null}},"65":{"start":{"line":214,"column":6},"end":{"line":214,"column":null}},"66":{"start":{"line":215,"column":6},"end":{"line":215,"column":null}},"67":{"start":{"line":216,"column":6},"end":{"line":216,"column":null}},"68":{"start":{"line":217,"column":6},"end":{"line":219,"column":null}},"69":{"start":{"line":218,"column":8},"end":{"line":218,"column":null}},"70":{"start":{"line":223,"column":2},"end":{"line":226,"column":null}},"71":{"start":{"line":224,"column":4},"end":{"line":224,"column":null}},"72":{"start":{"line":225,"column":4},"end":{"line":225,"column":null}},"73":{"start":{"line":228,"column":2},"end":{"line":230,"column":null}},"74":{"start":{"line":231,"column":2},"end":{"line":233,"column":null}},"75":{"start":{"line":232,"column":4},"end":{"line":232,"column":null}},"76":{"start":{"line":234,"column":2},"end":{"line":234,"column":null}},"77":{"start":{"line":235,"column":2},"end":{"line":235,"column":null}},"78":{"start":{"line":236,"column":2},"end":{"line":236,"column":null}},"79":{"start":{"line":239,"column":0},"end":{"line":239,"column":null}}},"fnMap":{"0":{"name":"collectWorkflowFiles","decl":{"start":{"line":106,"column":9},"end":{"line":106,"column":29}},"loc":{"start":{"line":106,"column":35},"end":{"line":114,"column":null}},"line":106},"1":{"name":"(anonymous_1)","decl":{"start":{"line":112,"column":12},"end":{"line":112,"column":13}},"loc":{"start":{"line":112,"column":22},"end":{"line":112,"column":70}},"line":112},"2":{"name":"countOccurrences","decl":{"start":{"line":116,"column":9},"end":{"line":116,"column":25}},"loc":{"start":{"line":116,"column":40},"end":{"line":125,"column":null}},"line":116},"3":{"name":"lintFile","decl":{"start":{"line":127,"column":9},"end":{"line":127,"column":17}},"loc":{"start":{"line":127,"column":38},"end":{"line":198,"column":null}},"line":127},"4":{"name":"main","decl":{"start":{"line":200,"column":9},"end":{"line":200,"column":13}},"loc":{"start":{"line":200,"column":16},"end":{"line":237,"column":null}},"line":200}},"branchMap":{"0":{"loc":{"start":{"line":53,"column":22},"end":{"line":55,"column":15}},"type":"cond-expr","locations":[{"start":{"line":54,"column":4},"end":{"line":54,"column":null}},{"start":{"line":55,"column":4},"end":{"line":55,"column":15}}],"line":53},"1":{"loc":{"start":{"line":53,"column":22},"end":{"line":53,"column":null}},"type":"binary-expr","locations":[{"start":{"line":53,"column":22},"end":{"line":53,"column":35}},{"start":{"line":53,"column":39},"end":{"line":53,"column":null}}],"line":53},"2":{"loc":{"start":{"line":107,"column":2},"end":{"line":109,"column":null}},"type":"if","locations":[{"start":{"line":107,"column":2},"end":{"line":109,"column":null}},{"start":{},"end":{}}],"line":107},"3":{"loc":{"start":{"line":112,"column":22},"end":{"line":112,"column":70}},"type":"binary-expr","locations":[{"start":{"line":112,"column":22},"end":{"line":112,"column":46}},{"start":{"line":112,"column":50},"end":{"line":112,"column":70}}],"line":112},"4":{"loc":{"start":{"line":117,"column":2},"end":{"line":117,"column":null}},"type":"if","locations":[{"start":{"line":117,"column":2},"end":{"line":117,"column":null}},{"start":{},"end":{}}],"line":117},"5":{"loc":{"start":{"line":132,"column":2},"end":{"line":139,"column":null}},"type":"if","locations":[{"start":{"line":132,"column":2},"end":{"line":139,"column":null}},{"start":{},"end":{}}],"line":132},"6":{"loc":{"start":{"line":134,"column":4},"end":{"line":138,"column":null}},"type":"if","locations":[{"start":{"line":134,"column":4},"end":{"line":138,"column":null}},{"start":{},"end":{}}],"line":134},"7":{"loc":{"start":{"line":142,"column":2},"end":{"line":153,"column":null}},"type":"if","locations":[{"start":{"line":142,"column":2},"end":{"line":153,"column":null}},{"start":{},"end":{}}],"line":142},"8":{"loc":{"start":{"line":145,"column":6},"end":{"line":151,"column":null}},"type":"if","locations":[{"start":{"line":145,"column":6},"end":{"line":151,"column":null}},{"start":{},"end":{}}],"line":145},"9":{"loc":{"start":{"line":156,"column":2},"end":{"line":164,"column":null}},"type":"if","locations":[{"start":{"line":156,"column":2},"end":{"line":164,"column":null}},{"start":{},"end":{}}],"line":156},"10":{"loc":{"start":{"line":157,"column":4},"end":{"line":163,"column":null}},"type":"if","locations":[{"start":{"line":157,"column":4},"end":{"line":163,"column":null}},{"start":{},"end":{}}],"line":157},"11":{"loc":{"start":{"line":178,"column":2},"end":{"line":195,"column":null}},"type":"if","locations":[{"start":{"line":178,"column":2},"end":{"line":195,"column":null}},{"start":{},"end":{}}],"line":178},"12":{"loc":{"start":{"line":183,"column":4},"end":{"line":194,"column":null}},"type":"if","locations":[{"start":{"line":183,"column":4},"end":{"line":194,"column":null}},{"start":{},"end":{}}],"line":183},"13":{"loc":{"start":{"line":184,"column":6},"end":{"line":188,"column":null}},"type":"if","locations":[{"start":{"line":184,"column":6},"end":{"line":188,"column":null}},{"start":{},"end":{}}],"line":184},"14":{"loc":{"start":{"line":184,"column":10},"end":{"line":184,"column":42}},"type":"binary-expr","locations":[{"start":{"line":184,"column":10},"end":{"line":184,"column":28}},{"start":{"line":184,"column":32},"end":{"line":184,"column":42}}],"line":184},"15":{"loc":{"start":{"line":189,"column":6},"end":{"line":193,"column":null}},"type":"if","locations":[{"start":{"line":189,"column":6},"end":{"line":193,"column":null}},{"start":{},"end":{}}],"line":189},"16":{"loc":{"start":{"line":202,"column":2},"end":{"line":205,"column":null}},"type":"if","locations":[{"start":{"line":202,"column":2},"end":{"line":205,"column":null}},{"start":{},"end":{}}],"line":202},"17":{"loc":{"start":{"line":213,"column":4},"end":{"line":220,"column":null}},"type":"if","locations":[{"start":{"line":213,"column":4},"end":{"line":220,"column":null}},{"start":{},"end":{}}],"line":213},"18":{"loc":{"start":{"line":223,"column":2},"end":{"line":226,"column":null}},"type":"if","locations":[{"start":{"line":223,"column":2},"end":{"line":226,"column":null}},{"start":{},"end":{}}],"line":223}},"s":{"0":0,"1":0,"2":0,"3":0,"4":0,"5":0,"6":0,"7":0,"8":0,"9":0,"10":0,"11":0,"12":0,"13":0,"14":0,"15":0,"16":0,"17":0,"18":0,"19":0,"20":0,"21":0,"22":0,"23":0,"24":0,"25":0,"26":0,"27":0,"28":0,"29":0,"30":0,"31":0,"32":0,"33":0,"34":0,"35":0,"36":0,"37":0,"38":0,"39":0,"40":0,"41":0,"42":0,"43":0,"44":0,"45":0,"46":0,"47":0,"48":0,"49":0,"50":0,"51":0,"52":0,"53":0,"54":0,"55":0,"56":0,"57":0,"58":0,"59":0,"60":0,"61":0,"62":0,"63":0,"64":0,"65":0,"66":0,"67":0,"68":0,"69":0,"70":0,"71":0,"72":0,"73":0,"74":0,"75":0,"76":0,"77":0,"78":0,"79":0},"f":{"0":0,"1":0,"2":0,"3":0,"4":0},"b":{"0":[0,0],"1":[0,0],"2":[0,0],"3":[0,0],"4":[0,0],"5":[0,0],"6":[0,0],"7":[0,0],"8":[0,0],"9":[0,0],"10":[0,0],"11":[0,0],"12":[0,0],"13":[0,0],"14":[0,0],"15":[0,0],"16":[0,0],"17":[0,0],"18":[0,0]},"meta":{"lastBranch":19,"lastFunction":5,"lastStatement":80,"seen":{"s:47:13:47:26":0,"s:49:20:49:53":1,"s:51:13:51:34":2,"s:52:15:52:46":3,"s:53:22:55:15":4,"b:54:4:54:Infinity:55:4:55:15":0,"b:53:22:53:35:53:39:53:Infinity":1,"s:57:16:57:49":5,"s:59:30:59:60":6,"s:60:32:60:62":7,"s:64:33:64:63":8,"s:67:39:67:69":9,"s:71:30:71:82":10,"s:72:29:72:63":11,"s:73:31:73:72":12,"s:75:26:104:1":13,"f:106:9:106:29":0,"b:107:2:109:Infinity:undefined:undefined:undefined:undefined":2,"s:107:2:109:Infinity":14,"s:108:4:108:Infinity":15,"s:110:2:113:Infinity":16,"f:112:12:112:13":1,"s:112:22:112:70":17,"b:112:22:112:46:112:50:112:70":3,"f:116:9:116:25":2,"b:117:2:117:Infinity:undefined:undefined:undefined:undefined":4,"s:117:2:117:Infinity":18,"s:117:15:117:Infinity":19,"s:118:14:118:15":20,"s:119:12:119:32":21,"s:120:2:123:Infinity":22,"s:121:4:121:Infinity":23,"s:122:4:122:Infinity":24,"s:124:2:124:Infinity":25,"f:127:9:127:17":3,"s:128:18:128:51":26,"s:129:21:129:23":27,"b:132:2:139:Infinity:undefined:undefined:undefined:undefined":5,"s:132:2:139:Infinity":28,"s:133:20:133:82":29,"b:134:4:138:Infinity:undefined:undefined:undefined:undefined":6,"s:134:4:138:Infinity":30,"s:135:6:137:Infinity":31,"b:142:2:153:Infinity:undefined:undefined:undefined:undefined":7,"s:142:2:153:Infinity":32,"s:143:4:152:Infinity":33,"s:144:20:144:42":34,"b:145:6:151:Infinity:undefined:undefined:undefined:undefined":8,"s:145:6:151:Infinity":35,"s:147:27:147:75":36,"s:148:8:150:Infinity":37,"b:156:2:164:Infinity:undefined:undefined:undefined:undefined":9,"s:156:2:164:Infinity":38,"b:157:4:163:Infinity:undefined:undefined:undefined:undefined":10,"s:157:4:163:Infinity":39,"s:158:18:158:67":40,"s:159:25:159:65":41,"s:160:6:162:Infinity":42,"b:178:2:195:Infinity:undefined:undefined:undefined:undefined":11,"s:178:2:195:Infinity":43,"s:179:30:179:77":44,"s:180:27:180:67":45,"s:181:22:181:61":46,"s:182:21:182:59":47,"b:183:4:194:Infinity:undefined:undefined:undefined:undefined":12,"s:183:4:194:Infinity":48,"b:184:6:188:Infinity:undefined:undefined:undefined:undefined":13,"s:184:6:188:Infinity":49,"b:184:10:184:28:184:32:184:42":14,"s:185:8:187:Infinity":50,"b:189:6:193:Infinity:undefined:undefined:undefined:undefined":15,"s:189:6:193:Infinity":51,"s:190:8:192:Infinity":52,"s:197:2:197:Infinity":53,"f:200:9:200:13":4,"s:201:16:201:45":54,"b:202:2:205:Infinity:undefined:undefined:undefined:undefined":16,"s:202:2:205:Infinity":55,"s:203:4:203:Infinity":56,"s:204:4:204:Infinity":57,"s:207:24:207:25":58,"s:208:28:208:29":59,"s:209:17:209:19":60,"s:210:2:221:Infinity":61,"s:211:21:211:49":62,"s:212:23:212:51":63,"b:213:4:220:Infinity:undefined:undefined:undefined:undefined":17,"s:213:4:220:Infinity":64,"s:214:6:214:Infinity":65,"s:215:6:215:Infinity":66,"s:216:6:216:Infinity":67,"s:217:6:219:Infinity":68,"s:218:8:218:Infinity":69,"b:223:2:226:Infinity:undefined:undefined:undefined:undefined":18,"s:223:2:226:Infinity":70,"s:224:4:224:Infinity":71,"s:225:4:225:Infinity":72,"s:228:2:230:Infinity":73,"s:231:2:233:Infinity":74,"s:232:4:232:Infinity":75,"s:234:2:234:Infinity":76,"s:235:2:235:Infinity":77,"s:236:2:236:Infinity":78,"s:239:0:239:Infinity":79}}}
[...]
503:37":27,"b:504:2:506:Infinity:undefined:undefined:undefined:undefined":34,"s:504:2:506:Infinity":101,"s:505:4:505:Infinity":102,"s:508:2:514:Infinity":103,"s:509:20:509:55":104,"s:510:19:510:68":105,"s:511:4:511:Infinity":106,"s:513:4:513:Infinity":107,"f:526:9:526:23":28,"s:527:16:527:34":108,"s:528:19:530:20":109,"b:529:6:529:Infinity:530:6:530:20":35,"s:532:57:535:Infinity":110,"s:539:34:547:Infinity":111,"b:545:43:545:56:545:59:545:71":36,"b:546:58:546:76:546:79:546:96":37,"s:550:17:550:94":112,"b:550:60:550:78:550:81:550:94":38,"b:550:17:550:24:550:28:550:57":39,"s:552:2:552:Infinity":113,"f:565:9:565:19":29,"b:566:2:566:Infinity:undefined:undefined:undefined:undefined":40,"s:566:2:566:Infinity":114,"b:566:6:566:12:566:16:566:41:566:45:566:65":41,"s:566:67:566:Infinity":115,"s:567:17:567:49":116,"s:568:2:570:Infinity":117,"f:569:4:569:5":30,"s:569:11:569:74":118,"b:569:11:569:27:569:31:569:74":42,"f:569:39:569:40":31,"s:569:49:569:73":119,"f:581:9:581:20":32,"s:582:15:582:30":120,"s:583:2:591:Infinity":121,"b:584:4:584:Infinity:undefined:undefined:undefined:undefined":43,"s:584:4:584:Infinity":122,"s:584:25:584:Infinity":123,"s:586:16:586:27":124,"b:587:4:590:Infinity:undefined:undefined:undefined:undefined":44,"s:587:4:590:Infinity":125,"s:589:6:589:Infinity":126,"s:592:2:592:Infinity":127,"f:608:9:608:29":33,"s:618:22:618:47":128,"s:619:23:619:55":129,"s:620:26:620:55":130,"b:622:2:624:Infinity:undefined:undefined:undefined:undefined":45,"s:622:2:624:Infinity":131,"b:622:6:622:25:622:30:622:42:622:46:622:59:622:63:622:79":46,"s:623:4:623:Infinity":132,"s:625:2:634:Infinity":133,"b:626:26:626:80:626:83:626:95":47,"b:628:8:628:Infinity:629:8:629:27":48,"b:631:8:631:Infinity:632:8:632:24":49,"f:647:16:647:37":34,"s:648:14:648:37":134,"b:649:2:651:Infinity:undefined:undefined:undefined:undefined":50,"s:649:2:651:Infinity":135,"s:650:4:650:Infinity":136,"s:652:2:652:Infinity":137,"f:670:16:670:40":35,"b:676:2:678:Infinity:undefined:undefined:undefined:undefined":51,"s:676:2:678:Infinity":138,"b:676:6:676:34:676:38:676:60:676:64:676:83":52,"s:677:4:677:Infinity":139,"s:680:15:680:75":140,"b:680:62:680:66:680:70:680:74":53,"s:682:20:697:20":141,"f:683:9:683:10":36,"s:684:22:684:79":142,"f:684:43:684:44":37,"s:684:50:684:78":143,"s:686:8:687:30":144,"b:686:8:686:75:687:8:687:30":54,"b:688:6:692:Infinity:undefined:undefined:undefined:undefined":55,"s:688:6:692:Infinity":145,"s:689:28:689:65":146,"s:690:25:690:45":147,"s:691:8:691:Infinity":148,"s:694:23:694:52":149,"s:695:6:695:Infinity":150,"b:700:2:708:Infinity:undefined:undefined:undefined:undefined":56,"s:700:2:708:Infinity":151,"b:700:6:700:28:700:32:700:58":57,"s:701:4:707:Infinity":152,"s:702:26:702:63":153,"s:703:23:703:43":154,"s:704:6:706:Infinity":155,"s:710:22:718:15":156,"f:711:9:711:10":38,"s:712:20:712:50":157,"s:713:6:716:Infinity":158,"s:720:22:720:92":159,"b:720:45:720:87:720:90:720:92":58,"s:722:16:724:Infinity":160,"s:725:2:725:Infinity":161,"b:726:2:726:Infinity:undefined:undefined:undefined:undefined":59,"s:726:2:726:Infinity":162,"s:726:19:726:Infinity":163,"b:727:2:727:Infinity:undefined:undefined:undefined:undefined":60,"s:727:2:727:Infinity":164,"s:727:19:727:Infinity":165,"s:728:2:728:Infinity":166,"s:730:2:730:Infinity":167,"f:744:9:744:24":39,"s:749:2:762:Infinity":168,"b:750:4:750:Infinity:undefined:undefined:undefined:undefined":61,"s:750:4:750:Infinity":169,"s:750:25:750:Infinity":170,"s:752:17:752:25":171,"b:753:4:753:Infinity:undefined:undefined:undefined:undefined":62,"s:753:4:753:Infinity":172,"s:753:15:753:Infinity":173,"s:754:21:754:58":174,"f:754:33:754:34":40,"s:754:41:754:57":175,"b:755:4:761:Infinity:758:11:761:Infinity":63,"s:755:4:761:Infinity":176,"s:757:6:757:Infinity":177,"s:760:6:760:Infinity":178,"f:773:9:773:19":41,"s:778:2:786:Infinity":179,"b:779:4:779:Infinity:undefined:undefined:undefined:undefined":64,"s:779:4:779:Infinity":180,"s:779:25:779:Infinity":181,"s:781:21:781:35":182,"b:781:21:781:29:781:33:781:35":65,"b:782:4:785:Infinity:undefined:undefined:undefined:undefined":66,"s:782:4:785:Infinity":183,"s:784:6:784:Infinity":184,"f:800:9:800:16":42,"s:801:15:805:24":185,"b:806:2:806:Infinity:undefined:undefined:undefined:undefined":67,"s:806:2:806:Infinity":186,"s:806:23:806:Infinity":187,"s:808:13:808:17":188,"s:809:2:811:Infinity":189,"s:809:15:809:16":190,"s:810:4:810:Infinity":191,"s:812:2:812:Infinity":192,"f:820:9:820:19":43,"s:821:2:826:Infinity":193,"f:834:9:834:19":44,"s:835:2:835:Infinity":194,"s:839:47:854:Infinity":195,"f:862:9:862:26":45,"s:863:16:863:31":196,"s:864:15:864:29":197,"b:864:15:864:23:864:27:864:29":68,"s:865:16:865:30":198,"b:865:16:865:24:865:28:865:30":69,"s:866:14:866:28":199,"b:866:14:866:22:866:26:866:28":70,"b:867:2:867:Infinity:undefined:undefined:undefined:undefined":71,"s:867:2:867:Infinity":200,"b:867:6:867:11:867:15:867:21:867:25:867:29":72,"s:867:31:867:Infinity":201,"s:868:12:868:94":202,"s:869:17:869:56":203,"b:869:17:869:45:869:49:869:56":73,"b:869:32:869:36:869:40:869:44":74,"s:870:2:870:Infinity":204}}}
,"/home/runner/work/euparliamentmonitor/euparliamentmonitor/src/utils/metadata-utils.ts": {"path":"/home/runner/work/euparliamentmonitor/euparliamentmonitor/src/utils/metadata-utils.ts","statementMap":{"0":{"start":{"line":10,"column":26},"end":{"line":10,"column":28}},"1":{"start":{"line":13,"column":43},"end":{"line":13,"column":45}},"2":{"start":{"line":24,"column":2},"end":{"line":24,"column":null}},"3":{"start":{"line":36,"column":2},"end":{"line":36,"column":null}},"4":{"start":{"line":36,"column":33},"end":{"line":36,"column":null}},"5":{"start":{"line":37,"column":2},"end":{"line":37,"column":null}}},"fnMap":{"0":{"name":"pl","decl":{"start":{"line":23,"column":16},"end":{"line":23,"column":18}},"loc":{"start":{"line":23,"column":62},"end":{"line":25,"column":null}},"line":23},"1":{"name":"truncateTitle","decl":{"start":{"line":35,"column":16},"end":{"line":35,"column":29}},"loc":{"start":{"line":35,"column":82},"end":{"line":38,"column":null}},"line":35}},"branchMap":{"0":{"loc":{"start":{"line":24,"column":17},"end":{"line":24,"column":44}},"type":"cond-expr","locations":[{"start":{"line":24,"column":27},"end":{"line":24,"column":35}},{"start":{"line":24,"column":38},"end":{"line":24,"column":44}}],"line":24},"1":{"loc":{"start":{"line":35,"column":45},"end":{"line":35,"column":82}},"type":"default-arg","locations":[{"start":{"line":35,"column":65},"end":{"line":35,"column":82}}],"line":35},"2":{"loc":{"start":{"line":36,"column":2},"end":{"line":36,"column":null}},"type":"if","locations":[{"start":{"line":36,"column":2},"end":{"line":36,"column":null}},{"start":{},"end":{}}],"line":36}},"s":{"0":0,"1":0,"2":0,"3":0,"4":0,"5":0},"f":{"0":0,"1":0},"b":{"0":[0,0],"1":[0],"2":[0,0]},"meta":{"lastBranch":3,"lastFunction":2,"lastStatement":6,"seen":{"s:10:26:10:28":0,"s:13:43:13:45":1,"f:23:16:23:18":0,"s:24:2:24:Infinity":2,"b:24:27:24:35:24:38:24:44":0,"f:35:16:35:29":1,"b:35:65:35:82":1,"b:36:2:36:Infinity:undefined:undefined:undefined:undefined":2,"s:36:2:36:Infinity":3,"s:36:33:36:Infinity":4,"s:37:2:37:Infinity":5}}}
,"/home/runner/work/euparliamentmonitor/euparliamentmonitor/src/utils/news-metadata.ts": {"path":"/home/runner/work/euparliamentmonitor/euparliamentmonitor/src/utils/news-metadata.ts","statementMap":{"0":{"start":{"line":35,"column":25},"end":{"line":35,"column":70}},"1":{"start":{"line":44,"column":20},"end":{"line":44,"column":47}},"2":{"start":{"line":45,"column":43},"end":{"line":45,"column":45}},"3":{"start":{"line":47,"column":2},"end":{"line":61,"column":null}},"4":{"start":{"line":48,"column":16},"end":{"line":48,"column":49}},"5":{"start":{"line":49,"column":4},"end":{"line":60,"column":null}},"6":{"start":{"line":50,"column":23},"end":{"line":50,"column":51}},"7":{"start":{"line":51,"column":16},"end":{"line":51,"column":47}},"8":{"start":{"line":52,"column":6},"end":{"line":59,"column":null}},"9":{"start":{"line":64,"column":2},"end":{"line":64,"column":null}},"10":{"start":{"line":64,"column":26},"end":{"line":64,"column":54}},"11":{"start":{"line":66,"column":2},"end":{"line":69,"column":null}},"12":{"start":{"line":82,"column":14},"end":{"line":82,"column":38}},"13":{"start":{"line":83,"column":2},"end":{"line":85,"column":null}},"14":{"start":{"line":84,"column":4},"end":{"line":84,"column":null}},"15":{"start":{"line":86,"column":2},"end":{"line":86,"column":null}},"16":{"start":{"line":98,"column":2},"end":{"line":100,"column":null}},"17":{"start":{"line":99,"column":4},"end":{"line":99,"column":null}},"18":{"start":{"line":102,"column":18},"end":{"line":102,"column":53}},"19":{"start":{"line":103,"column":2},"end":{"line":103,"column":null}},"20":{"start":{"line":117,"column":19},"end":{"line":117,"column":49}},"21":{"start":{"line":118,"column":2},"end":{"line":118,"column":null}},"22":{"start":{"line":119,"column":2},"end":{"line":119,"column":null}},"23":{"start":{"line":123,"column":32},"end":{"line":123,"column":78}},"24":{"start":{"line":144,"column":20},"end":{"line":144,"column":47}},"25":{"start":{"line":147,"column":39},"end":{"line":147,"column":41}},"26":{"start":{"line":148,"column":2},"end":{"line":174,"column":null}},"27":{"start":{"line":149,"column":16},"end":{"line":149,"column":49}},"28":{"start":{"line":150,"column":4},"end":{"line":150,"column":null}},"29":{"start":{"line":150,"column":17},"end":{"line":150,"column":null}},"30":{"start":{"line":152,"column":22},"end":{"line":152,"column":68}},"31":{"start":{"line":154,"column":21},"end":{"line":154,"column":49}},"32":{"start":{"line":155,"column":14},"end":{"line":155,"column":45}},"33":{"start":{"line":158,"column":18},"end":{"line":158,"column":48}},"34":{"start":{"line":161,"column":22},"end":{"line":161,"column":93}},"35":{"start":{"line":163,"column":4},"end":{"line":173,"column":null}},"36":{"start":{"line":178,"column":2},"end":{"line":178,"column":null}},"37":{"start":{"line":178,"column":25},"end":{"line":178,"column":81}},"38":{"start":{"line":180,"column":11},"end":{"line":180,"column":44}},"39":{"start":{"line":183,"column":14},"end":{"line":183,"column":36}},"40":{"start":{"line":184,"column":2},"end":{"line":184,"column":null}},"41":{"start":{"line":186,"column":2},"end":{"line":186,"column":null}},"42":{"start":{"line":187,"column":2},"end":{"line":187,"column":null}},"43":{"start":{"line":195,"column":19},"end":{"line":227,"column":2}},"44":{"start":{"line":233,"column":27},"end":{"line":251,"column":2}},"45":{"start":{"line":265,"column":2},"end":{"line":274,"column":null}},"46":{"start":{"line":266,"column":20},"end":{"line":266,"column":55}},"47":{"start":{"line":267,"column":4},"end":{"line":273,"column":null}},"48":{"start":{"line":272,"column":6},"end":{"line":272,"column":null}},"49":{"start":{"line":278,"column":30},"end":{"line":278,"column":31}},"50":{"start":{"line":280,"column":34},"end":{"line":280,"column":35}},"51":{"start":{"line":306,"column":17},"end":{"line":306,"column":34}},"52":{"start":{"line":307,"column":2},"end":{"line":307,"column":null}},"53":{"start":{"line":311,"column":2},"end":{"line":314,"column":null}},"54":{"start":{"line":312,"column":4},"end":{"line":312,"column":null}},"55":{"start":{"line":312,"column":15},"end":{"line":312,"column":null}},"56":{"start":{"line":313,"column":4},"end":{"line":313,"column":null}},"57":{"start":{"line":313,"column":21},"end":{"line":313,"column":null}},"58":{"start":{"line":315,"column":2},"end":{"line":315,"column":null}}},"fnMap":{"0":{"name":"buildMetadataDatabase","decl":{"start":{"line":43,"column":16},"end":{"line":43,"column":37}},"loc":{"start":{"line":43,"column":64},"end":{"line":70,"column":null}},"line":43},"1":{"name":"(anonymous_1)","decl":{"start":{"line":64,"column":16},"end":{"line":64,"column":17}},"loc":{"start":{"line":64,"column":26},"end":{"line":64,"column":54}},"line":64},"2":{"name":"writeMetadataDatabase","decl":{"start":{"line":78,"column":16},"end":{"line":78,"column":37}},"loc":{"start":{"line":80,"column":39},"end":{"line":87,"column":null}},"line":80},"3":{"name":"readMetadataDatabase","decl":{"start":{"line":95,"column":16},"end":{"line":95,"column":36}},"loc":{"start":{"line":96,"column":38},"end":{"line":104,"column":null}},"line":96},"4":{"name":"updateMetadataDatabase","decl":{"start":{"line":113,"column":16},"end":{"line":113,"column":38}},"loc":{"start":{"line":115,"column":39},"end":{"line":120,"column":null}},"line":115},"5":{"name":"updateIntelligenceIndex","decl":{"start":{"line":140,"column":16},"end":{"line":140,"column":39}},"loc":{"start":{"line":142,"column":45},"end":{"line":188,"column":null}},"line":142},"6":{"name":"(anonymous_6)","decl":{"start":{"line":178,"column":15},"end":{"line":178,"column":16}},"loc":{"start":{"line":178,"column":25},"end":{"line":178,"column":81}},"line":178},"7":{"name":"extractTokens","decl":{"start":{"line":264,"column":9},"end":{"line":264,"column":22}},"loc":{"start":{"line":264,"column":75},"end":{"line":275,"column":null}},"line":264},"8":{"name":"deriveKeyTopics","decl":{"start":{"line":300,"column":9},"end":{"line":300,"column":24}},"loc":{"start":{"line":304,"column":22},"end":{"line":316,"column":null}},"line":304}},"branchMap":{"0":{"loc":{"start":{"line":43,"column":38},"end":{"line":43,"column":64}},"type":"default-arg","locations":[{"start":{"line":43,"column":56},"end":{"line":43,"column":64}}],"line":43},"1":{"loc":{"start":{"line":49,"column":4},"end":{"line":60,"column":null}},"type":"if","locations":[{"start":{"line":49,"column":4},"end":{"line":60,"column":null}},{"start":{},"end":{}}],"line":49},"2":{"loc":{"start":{"line":57,"column":15},"end":{"line":57,"column":52}},"type":"binary-expr","locations":[{"start":{"line":57,"column":15},"end":{"line":57,"column":25}},{"start":{"line":57,"column":25},"end":{"line":57,"column":52}}],"line":57},"3":{"loc":{"start":{"line":80,"column":2},"end":{"line":80,"column":39}},"type":"default-arg","locations":[{"start":{"line":80,"column":23},"end":{"line":80,"column":39}}],"line":80},"4":{"loc":{"start":{"line":83,"column":2},"end":{"line":85,"column":null}},"type":"if","locations":[{"start":{"line":83,"column":2},"end":{"line":85,"column":null}},{"start":{},"end":{}}],"line":83},"5":{"loc":{"start":{"line":96,"column":2},"end":{"line":96,"column":38}},"type":"default-arg","locations":[{"start":{"line":96,"column":22},"end":{"line":96,"column":38}}],"line":96},"6":{"loc":{"start":{"line":98,"column":2},"end":{"line":100,"column":null}},"type":"if","locations":[{"start":{"line":98,"column":2},"end":{"line":100,"column":null}},{"start":{},"end":{}}],"line":98},"7":{"loc":{"start":{"line":114,"column":2},"end":{"line":114,"column":28}},"type":"default-arg","locations":[{"start":{"line":114,"column":20},"end":{"line":114,"column":28}}],"line":114},"8":{"loc":{"start":{"line":115,"column":2},"end":{"line":115,"column":39}},"type":"default-arg","locations":[{"start":{"line":115,"column":23},"end":{"line":115,"column":39}}],"line":115},"9":{"loc":{"start":{"line":141,"column":2},"end":{"line":141,"column":28}},"type":"default-arg","locations":[{"start":{"line":141,"column":20},"end":{"line":141,"column":28}}],"line":141},"10":{"loc":{"start":{"line":142,"column":2},"end":{"line":142,"column":45}},"type":"default-arg","locations":[{"start":{"line":142,"column":22},"end":{"line":142,"column":45}}],"line":142},"11":{"loc":{"start":{"line":150,"column":4},"end":{"line":150,"column":null}},"type":"if","locations":[{"start":{"line":150,"column":4},"end":{"line":150,"column":null}},{"start":{},"end":{}}],"line":150},"12":{"loc":{"start":{"line":178,"column":25},"end":{"line":178,"column":81}},"type":"binary-expr","locations":[{"start":{"line":178,"column":25},"end":{"line":178,"column":53}},{"start":{"line":178,"column":57},"end":{"line":178,"column":81}}],"line":178},"13":{"loc":{"start":{"line":267,"column":4},"end":{"line":273,"column":null}},"type":"if","locations":[{"start":{"line":267,"column":4},"end":{"line":273,"column":null}},{"start":{},"end":{}}],"line":267},"14":{"loc":{"start":{"line":268,"column":6},"end":{"line":270,"column":38}},"type":"binary-expr","locations":[{"start":{"line":268,"column":6},"end":{"line":268,"column":33}},{"start":{"line":269,"column":6},"end":{"line":269,"column":30}},{"start":{"line":270,"column":6},"end":{"line":270,"column":38}}],"line":268},"15":{"loc":{"start":{"line":311,"column":2},"end":{"line":314,"column":null}},"type":"if","locations":[{"start":{"line":311,"column":2},"end":{"line":314,"column":null}},{"start":{},"end":{}}],"line":311},"16":{"loc":{"start":{"line":312,"column":4},"end":{"line":312,"column":null}},"type":"if","locations":[{"start":{"line":312,"column":4},"end":{"line":312,"column":null}},{"start":{},"end":{}}],"line":312},"17":{"loc":{"start":{"line":313,"column":4},"end":{"line":313,"column":null}},"type":"if","locations":[{"start":{"line":313,"column":4},"end":{"line":313,"column":null}},{"start":{},"end":{}}],"line":313}},"s":{"0":2,"1":6,"2":6,"3":6,"4":6,"5":6,"6":6,"7":6,"8":6,"9":6,"10":1,"11":6,"12":3,"13":3,"14":1,"15":3,"16":3,"17":1,"18":2,"19":2,"20":1,"21":1,"22":1,"23":2,"24":7,"25":7,"26":7,"27":9,"28":9,"29":0,"30":9,"31":9,"32":9,"33":9,"34":9,"35":9,"36":7,"37":3,"38":7,"39":7,"40":7,"41":7,"42":7,"43":2,"44":2,"45":17,"46":55,"47":55,"48":27,"49":2,"50":2,"51":9,"52":9,"53":9,"54":8,"55":5,"56":8,"57":3,"58":9},"f":{"0":6,"1":1,"2":3,"3":3,"4":1,"5":7,"6":3,"7":17,"8":9},"b":{"0":[6],"1":[6,0],"2":[6,5],"3":[3],"4":[1,2],"5":[3],"6":[1,2],"7":[1],"8":[1],"9":[7],"10":[7],"11":[0,9],"12":[3,0],"13":[27,28],"14":[55,50,50],"15":[8,1],"16":[5,3],"17":[3,5]},"meta":{"lastBranch":18,"lastFunction":9,"lastStatement":59,"seen":{"s:35:25:35:70":0,"f:43:16:43:37":0,"b:43:56:43:64":0,"s:44:20:44:47":1,"s:45:43:45:45":2,"s:47:2:61:Infinity":3,"s:48:16:48:49":4,"b:49:4:60:Infinity:undefined:undefined:undefined:undefined":1,"s:49:4:60:Infinity":5,"s:50:23:50:51":6,"s:51:16:51:47":7,"s:52:6:59:Infinity":8,"b:57:15:57:25:57:25:57:52":2,"s:64:2:64:Infinity":9,"f:64:16:64:17":1,"s:64:26:64:54":10,"s:66:2:69:Infinity":11,"f:78:16:78:37":2,"b:80:23:80:39":3,"s:82:14:82:38":12,"b:83:2:85:Infinity:undefined:undefined:undefined:undefined":4,"s:83:2:85:Infinity":13,"s:84:4:84:Infinity":14,"s:86:2:86:Infinity":15,"f:95:16:95:36":3,"b:96:22:96:38":5,"b:98:2:100:Infinity:undefined:undefined:undefined:undefined":6,"s:98:2:100:Infinity":16,"s:99:4:99:Infinity":17,"s:102:18:102:53":18,"s:103:2:103:Infinity":19,"f:113:16:113:38":4,"b:114:20:114:28":7,"b:115:23:115:39":8,"s:117:19:117:49":20,"s:118:2:118:Infinity":21,"s:119:2:119:Infinity":22,"s:123:32:123:78":23,"f:140:16:140:39":5,"b:141:20:141:28":9,"b:142:22:142:45":10,"s:144:20:144:47":24,"s:147:39:147:41":25,"s:148:2:174:Infinity":26,"s:149:16:149:49":27,"b:150:4:150:Infinity:undefined:undefined:undefined:undefined":11,"s:150:4:150:Infinity":28,"s:150:17:150:Infinity":29,"s:152:22:152:68":30,"s:154:21:154:49":31,"s:155:14:155:45":32,"s:158:18:158:48":33,"s:161:22:161:93":34,"s:163:4:173:Infinity":35,"s:178:2:178:Infinity":36,"f:178:15:178:16":6,"s:178:25:178:81":37,"b:178:25:178:53:178:57:178:81":12,"s:180:11:180:44":38,"s:183:14:183:36":39,"s:184:2:184:Infinity":40,"s:186:2:186:Infinity":41,"s:187:2:187:Infinity":42,"s:195:19:227:2":43,"s:233:27:251:2":44,"f:264:9:264:22":7,"s:265:2:274:Infinity":45,"s:266:20:266:55":46,"b:267:4:273:Infinity:undefined:undefined:undefined:undefined":13,"s:267:4:273:Infinity":47,"b:268:6:268:33:269:6:269:30:270:6:270:38":14,"s:272:6:272:Infinity":48,"s:278:30:278:31":49,"s:280:34:280:35":50,"f:300:9:300:24":8,"s:306:17:306:34":51,"s:307:2:307:Infinity":52,"b:311:2:314:Infinity:undefined:undefined:undefined:undefined":15,"s:311:2:314:Infinity":53,"b:312:4:312:Infinity:undefined:undefined:undefined:undefined":16,"s:312:4:312:Infinity":54,"s:312:15:312:Infinity":55,"b:313:4:313:Infinity:undefined:undefined:undefined:undefined":17,"s:313:4:313:Infinity":56,"s:313:21:313:Infinity":57,"s:315:2:315:Infinity":58}}}
}
