TN:
SF:scripts/backport-article-seo.js
FN:62,parseArgs
FN:82,(anonymous_1)
FN:100,printHelp
FN:126,listArticleFiles
FN:146,(anonymous_4)
FN:214,decodeEntities
FN:216,(anonymous_6)
FN:220,(anonymous_7)
FN:224,(anonymous_8)
FN:236,encodeAttribute
FN:251,encodeBody
FN:262,encodeJson
FN:274,sliceArticleBody
FN:289,stripTags
FN:300,extractBodyH1
FN:364,extractBodyFirstProse
FN:405,deriveMetadataForFile
FN:546,extractCommitteeCodes
FN:550,(anonymous_18)
FN:580,isTextPlausiblyInLang
FN:622,extractBodySecondProse
FN:651,buildSyntheticMarkdown
FN:671,chooseTitle
FN:695,isGenericBodyH1
FN:729,extractFirstSentence
FN:748,truncateUpto
FN:766,pickLangEntry
FN:782,rewriteHtml
FN:829,replaceNamedMeta
FN:856,replacePropertyMeta
FN:883,rewriteJsonLd
FN:909,readCurrentTitle
FN:925,readCurrentDescription
FN:938,main
FN:947,(anonymous_34)
FN:1016,(anonymous_35)
FNF:36
FNH:29
FNDA:8,parseArgs
FNDA:3,(anonymous_1)
FNDA:0,printHelp
FNDA:1,listArticleFiles
FNDA:1,(anonymous_4)
FNDA:39,decodeEntities
FNDA:1,(anonymous_6)
FNDA:2,(anonymous_7)
FNDA:18,(anonymous_8)
FNDA:18,encodeAttribute
FNDA:6,encodeBody
FNDA:12,encodeJson
FNDA:8,sliceArticleBody
FNDA:33,stripTags
FNDA:6,extractBodyH1
FNDA:9,extractBodyFirstProse
FNDA:5,deriveMetadataForFile
FNDA:10,extractCommitteeCodes
FNDA:0,(anonymous_18)
FNDA:4,isTextPlausiblyInLang
FNDA:8,extractBodySecondProse
FNDA:5,buildSyntheticMarkdown
FNDA:7,chooseTitle
FNDA:28,isGenericBodyH1
FNDA:7,extractFirstSentence
FNDA:18,truncateUpto
FNDA:9,pickLangEntry
FNDA:6,rewriteHtml
FNDA:24,replaceNamedMeta
FNDA:18,replacePropertyMeta
FNDA:6,rewriteJsonLd
FNDA:0,readCurrentTitle
FNDA:0,readCurrentDescription
FNDA:0,main
FNDA:0,(anonymous_34)
FNDA:0,(anonymous_35)
DA:48,1
DA:50,1
DA:53,1
DA:63,8
DA:64,8
DA:65,8
DA:66,8
DA:68,2
DA:69,2
DA:71,1
DA:72,1
DA:74,2
DA:75,2
DA:76,1
DA:77,1
DA:80,2
DA:81,2
DA:82,3
DA:83,1
DA:87,0
DA:88,0
DA:91,1
DA:94,5
DA:101,0
DA:127,1
DA:128,1
DA:129,1
DA:130,5
DA:131,4
DA:132,4
DA:133,3
DA:134,3
DA:135,2
DA:136,2
DA:137,2
DA:146,1
DA:147,1
DA:153,1
DA:215,39
DA:217,1
DA:218,1
DA:221,2
DA:222,2
DA:225,18
DA:226,18
DA:237,18
DA:252,6
DA:263,12
DA:275,8
DA:276,8
DA:277,7
DA:278,7
DA:279,7
DA:290,33
DA:301,6
DA:302,6
DA:321,1
DA:367,9
DA:371,9
DA:373,9
DA:375,9
DA:376,15
DA:377,15
DA:378,14
DA:379,8
DA:381,1
DA:406,5
DA:407,5
DA:408,5
DA:409,5
DA:416,5
DA:418,5
DA:424,5
DA:426,5
DA:435,2
DA:438,2
DA:440,2
DA:442,2
DA:447,2
DA:452,2
DA:454,2
DA:461,3
DA:463,3
DA:466,5
DA:467,5
DA:471,5
DA:478,1
DA:487,1
DA:510,1
DA:532,1
DA:547,10
DA:548,9
DA:549,9
DA:550,0
DA:551,0
DA:553,0
DA:554,0
DA:555,0
DA:556,0
DA:557,0
DA:558,0
DA:560,0
DA:581,4
DA:582,4
DA:583,4
DA:585,4
DA:586,4
DA:588,0
DA:592,4
DA:593,0
DA:594,0
DA:595,0
DA:597,0
DA:605,4
DA:606,4
DA:607,3
DA:608,4
DA:609,2
DA:623,8
DA:627,8
DA:629,8
DA:630,8
DA:632,8
DA:633,12
DA:634,12
DA:635,8
DA:636,8
DA:637,8
DA:639,8
DA:652,5
DA:653,5
DA:654,5
DA:655,5
DA:656,5
DA:672,7
DA:673,2
DA:675,5
DA:676,3
DA:677,3
DA:679,3
DA:696,28
DA:697,20
DA:698,20
DA:706,20
DA:707,88
DA:708,9
DA:716,11
DA:717,4
DA:719,7
DA:730,7
DA:731,7
DA:732,7
DA:733,2
DA:734,2
DA:735,2
DA:749,18
DA:750,18
DA:751,4
DA:752,4
DA:753,4
DA:754,18
DA:767,9
DA:768,9
DA:769,3
DA:770,9
DA:783,6
DA:784,6
DA:785,6
DA:786,6
DA:787,6
DA:789,6
DA:792,6
DA:798,6
DA:799,6
DA:800,6
DA:801,6
DA:804,6
DA:805,6
DA:806,6
DA:809,6
DA:811,6
DA:830,24
DA:831,24
DA:841,24
DA:842,24
DA:843,96
DA:845,24
DA:857,18
DA:858,18
DA:864,18
DA:865,18
DA:866,72
DA:868,18
DA:884,6
DA:885,6
DA:886,6
DA:887,6
DA:888,6
DA:892,6
DA:896,6
DA:910,0
DA:911,0
DA:912,0
DA:913,0
DA:926,0
DA:927,0
DA:939,0
DA:940,0
DA:941,0
DA:942,0
DA:945,0
DA:946,0
DA:947,0
DA:950,0
DA:952,0
DA:954,0
DA:956,0
DA:957,0
DA:958,0
DA:959,0
DA:960,0
DA:961,0
DA:962,0
DA:963,0
DA:964,0
DA:965,0
DA:966,0
DA:967,0
DA:968,0
DA:969,0
DA:970,0
DA:971,0
DA:977,0
DA:979,0
DA:982,0
DA:983,0
DA:987,0
DA:988,0
DA:991,0
DA:992,0
DA:993,0
DA:994,0
DA:995,0
DA:998,0
DA:999,0
DA:1000,0
DA:1001,0
DA:1002,0
DA:1003,0
DA:1007,0
DA:1008,0
DA:1013,1
DA:1014,1
DA:1015,1
DA:1016,0
DA:1017,0
DA:1018,0
LF:257
LH:186
BRDA:66,0,0,2
BRDA:66,0,1,1
BRDA:66,0,2,2
BRDA:66,0,3,2
BRDA:66,0,4,0
BRDA:66,0,5,0
BRDA:66,0,6,1
BRDA:75,1,0,1
BRDA:75,1,1,1
BRDA:81,2,0,1
BRDA:81,2,1,1
BRDA:130,3,0,1
BRDA:130,3,1,4
BRDA:132,4,0,1
BRDA:132,4,1,3
BRDA:132,5,0,4
BRDA:132,5,1,3
BRDA:134,6,0,1
BRDA:134,6,1,2
BRDA:136,7,0,0
BRDA:136,7,1,2
BRDA:146,8,0,0
BRDA:146,8,1,1
BRDA:146,9,0,1
BRDA:146,9,1,0
BRDA:218,10,0,1
BRDA:218,10,1,0
BRDA:222,11,0,2
BRDA:222,11,1,0
BRDA:226,12,0,17
BRDA:226,12,1,1
BRDA:276,13,0,1
BRDA:276,13,1,7
BRDA:278,14,0,0
BRDA:278,14,1,7
BRDA:302,15,0,6
BRDA:302,15,1,0
BRDA:377,16,0,1
BRDA:377,16,1,14
BRDA:378,17,0,6
BRDA:378,17,1,8
BRDA:416,18,0,5
BRDA:416,18,1,5
BRDA:422,19,0,0
BRDA:422,19,1,5
BRDA:426,20,0,2
BRDA:426,20,1,3
BRDA:435,21,0,2
BRDA:435,21,1,2
BRDA:435,21,2,2
BRDA:438,22,0,2
BRDA:438,22,1,2
BRDA:440,23,0,2
BRDA:440,23,1,0
BRDA:442,24,0,1
BRDA:442,24,1,1
BRDA:447,25,0,1
BRDA:447,25,1,1
BRDA:447,26,0,1
BRDA:447,26,1,0
BRDA:447,27,0,0
BRDA:447,27,1,1
BRDA:449,28,0,0
BRDA:449,28,1,1
BRDA:452,29,0,2
BRDA:452,29,1,1
BRDA:463,30,0,3
BRDA:463,30,1,3
BRDA:463,30,2,2
BRDA:463,30,3,1
BRDA:466,31,0,0
BRDA:466,31,1,3
BRDA:466,32,0,5
BRDA:466,32,1,1
BRDA:467,33,0,2
BRDA:467,33,1,1
BRDA:547,34,0,1
BRDA:547,34,1,9
BRDA:549,35,0,9
BRDA:549,35,1,0
BRDA:551,36,0,0
BRDA:551,36,1,0
BRDA:556,37,0,0
BRDA:556,37,1,0
BRDA:581,38,0,0
BRDA:581,38,1,4
BRDA:583,39,0,0
BRDA:583,39,1,4
BRDA:586,40,0,0
BRDA:586,40,1,4
BRDA:592,41,0,0
BRDA:592,41,1,4
BRDA:595,42,0,0
BRDA:595,42,1,0
BRDA:606,43,0,1
BRDA:606,43,1,3
BRDA:608,44,0,1
BRDA:608,44,1,3
BRDA:634,45,0,4
BRDA:634,45,1,8
BRDA:635,46,0,0
BRDA:635,46,1,8
BRDA:637,47,0,2
BRDA:637,47,1,6
BRDA:639,48,0,8
BRDA:639,48,1,6
BRDA:653,49,0,5
BRDA:653,49,1,0
BRDA:655,50,0,4
BRDA:655,50,1,1
BRDA:672,51,0,2
BRDA:672,51,1,5
BRDA:672,52,0,7
BRDA:672,52,1,7
BRDA:675,53,0,3
BRDA:675,53,1,2
BRDA:677,54,0,2
BRDA:677,54,1,1
BRDA:696,55,0,8
BRDA:696,55,1,20
BRDA:707,56,0,9
BRDA:707,56,1,79
BRDA:707,57,0,88
BRDA:707,57,1,80
BRDA:707,57,2,79
BRDA:716,58,0,4
BRDA:716,58,1,7
BRDA:731,59,0,6
BRDA:731,59,1,1
BRDA:732,60,0,5
BRDA:732,60,1,2
BRDA:735,61,0,2
BRDA:735,61,1,0
BRDA:750,62,0,14
BRDA:750,62,1,4
BRDA:753,63,0,4
BRDA:753,63,1,0
BRDA:768,64,0,6
BRDA:768,64,1,3
BRDA:770,65,0,9
BRDA:770,65,1,1
BRDA:886,66,0,0
BRDA:886,66,1,6
BRDA:911,67,0,0
BRDA:911,67,1,0
BRDA:927,68,0,0
BRDA:927,68,1,0
BRDA:938,69,0,0
BRDA:941,70,0,0
BRDA:941,70,1,0
BRDA:946,71,0,0
BRDA:946,71,1,0
BRDA:958,72,0,0
BRDA:958,72,1,0
BRDA:967,73,0,0
BRDA:967,73,1,0
BRDA:970,74,0,0
BRDA:970,74,1,0
BRDA:970,75,0,0
BRDA:970,75,1,0
BRDA:977,76,0,0
BRDA:977,76,1,0
BRDA:983,77,0,0
BRDA:983,77,1,0
BRDA:983,77,2,0
BRDA:987,78,0,0
BRDA:987,78,1,0
BRDA:998,79,0,0
BRDA:998,79,1,0
BRDA:1007,80,0,0
BRDA:1007,80,1,0
BRDA:1007,81,0,0
BRDA:1007,81,1,0
BRDA:1014,82,0,1
BRDA:1014,82,1,0
BRDA:1015,83,0,0
BRDA:1015,83,1,1
BRDA:1017,84,0,0
BRDA:1017,84,1,0
BRDA:1017,84,2,0
BRF:180
BRH:114
end_of_record
TN:
SF:scripts/cache-thresholds.js
FN:66,normaliseSlug
FN:86,loadThresholds
FN:116,filterThresholdsForSlug
FN:167,buildThresholdsCache
FNF:4
FNH:4
FNDA:37,normaliseSlug
FNDA:10,loadThresholds
FNDA:12,filterThresholdsForSlug
FNDA:7,buildThresholdsCache
DA:46,1
DA:49,1
DA:52,1
DA:72,37
DA:87,10
DA:89,10
DA:90,1
DA:93,9
DA:94,9
DA:95,9
DA:117,12
DA:118,12
DA:120,12
DA:122,12
DA:124,12
DA:126,22
DA:127,22
DA:129,10
DA:131,10
DA:132,22
DA:133,40
DA:135,40
DA:140,12
DA:168,7
DA:170,7
DA:173,7
DA:175,7
DA:177,7
DA:181,7
DA:183,7
DA:185,7
DA:196,7
DA:199,7
DA:200,1
DA:201,1
DA:202,1
DA:203,1
DA:210,6
DA:212,6
LF:39
LH:39
BRDA:89,0,0,1
BRDA:89,0,1,9
BRDA:120,1,0,12
BRDA:120,1,1,1
BRDA:122,2,0,12
BRDA:122,2,1,2
BRDA:127,3,0,12
BRDA:127,3,1,10
BRDA:127,4,0,22
BRDA:127,4,1,12
BRDA:131,5,0,10
BRDA:131,5,1,0
BRDA:131,5,2,0
BRDA:133,6,0,40
BRDA:133,6,1,0
BRDA:135,7,0,40
BRDA:135,7,1,40
BRDA:177,8,0,1
BRDA:177,8,1,6
BRDA:199,9,0,1
BRDA:199,9,1,6
BRDA:202,10,0,1
BRDA:202,10,1,0
BRDA:202,11,0,1
BRDA:202,11,1,1
BRF:25
BRH:21
end_of_record
TN:
SF:scripts/check-election-tier.js
FN:41,computeElectionTier
FN:69,shouldDispatchForTier
FN:79,writeOutputs
FNF:3
FNH:3
FNDA:11,computeElectionTier
FNDA:29,shouldDispatchForTier
FNDA:1,writeOutputs
DA:33,1
DA:34,1
DA:42,11
DA:43,11
DA:44,11
DA:45,11
DA:47,11
DA:50,11
DA:51,3
DA:52,8
DA:53,2
DA:54,6
DA:55,2
DA:56,4
DA:57,2
DA:60,2
DA:63,11
DA:70,29
DA:71,22
DA:72,15
DA:73,8
DA:80,1
DA:81,1
DA:82,1
DA:83,1
DA:84,1
DA:86,1
DA:87,1
DA:88,1
DA:89,1
DA:93,1
DA:94,1
DA:95,1
DA:96,1
DA:97,1
DA:100,0
DA:101,0
LF:37
LH:35
BRDA:42,0,0,11
BRDA:42,0,1,1
BRDA:47,1,0,9
BRDA:47,1,1,2
BRDA:50,2,0,3
BRDA:50,2,1,8
BRDA:52,3,0,2
BRDA:52,3,1,6
BRDA:54,4,0,2
BRDA:54,4,1,4
BRDA:56,5,0,2
BRDA:56,5,1,2
BRDA:70,6,0,7
BRDA:70,6,1,22
BRDA:71,7,0,7
BRDA:71,7,1,15
BRDA:71,8,0,7
BRDA:71,8,1,6
BRDA:72,9,0,7
BRDA:72,9,1,8
BRDA:81,10,0,1
BRDA:81,10,1,0
BRF:22
BRH:21
end_of_record
TN:
SF:scripts/discover-untranslated-briefs.js
FN:118,(anonymous_0)
FN:151,parseArgs
FN:231,printHelp
FN:249,findExecutiveBriefSources
FN:304,findMissingLangs
FN:345,countLines
FN:368,extractH2Titles
FN:388,countFixedTokens
FN:409,buildQueue
FN:476,(anonymous_9)
FN:484,(anonymous_10)
FN:518,(anonymous_11)
FN:524,(anonymous_12)
FN:531,(anonymous_13)
FN:533,(anonymous_14)
FN:569,main
FNF:16
FNH:15
FNDA:42,(anonymous_0)
FNDA:15,parseArgs
FNDA:0,printHelp
FNDA:26,findExecutiveBriefSources
FNDA:46,findMissingLangs
FNDA:43,countLines
FNDA:41,extractH2Titles
FNDA:41,countFixedTokens
FNDA:22,buildQueue
FNDA:23,(anonymous_9)
FNDA:18,(anonymous_10)
FNDA:19,(anonymous_11)
FNDA:32,(anonymous_12)
FNDA:677,(anonymous_13)
FNDA:57,(anonymous_14)
FNDA:2,main
DA:118,42
DA:121,3
DA:138,3
DA:141,3
DA:152,15
DA:162,15
DA:163,24
DA:164,24
DA:166,3
DA:167,3
DA:168,3
DA:170,5
DA:171,5
DA:172,5
DA:174,2
DA:175,2
DA:176,2
DA:178,3
DA:179,3
DA:180,3
DA:182,1
DA:183,1
DA:185,2
DA:186,2
DA:187,2
DA:189,4
DA:190,4
DA:191,4
DA:193,3
DA:194,3
DA:195,3
DA:198,0
DA:199,0
DA:200,0
DA:202,1
DA:203,1
DA:207,14
DA:212,2
DA:214,12
DA:215,1
DA:217,11
DA:218,1
DA:222,10
DA:223,3
DA:225,7
DA:226,2
DA:228,5
DA:232,0
DA:250,26
DA:251,26
DA:253,25
DA:254,25
DA:256,25
DA:257,38
DA:258,38
DA:259,38
DA:260,37
DA:261,37
DA:263,36
DA:264,36
DA:265,47
DA:266,47
DA:268,47
DA:270,46
DA:271,46
DA:272,46
DA:280,46
DA:281,2
DA:282,2
DA:283,2
DA:294,25
DA:305,46
DA:306,46
DA:307,46
DA:308,598
DA:309,598
DA:311,46
DA:323,3
DA:346,43
DA:347,42
DA:348,42
DA:351,41
DA:352,43
DA:369,41
DA:370,40
DA:371,40
DA:372,40
DA:373,40
DA:374,6288
DA:375,6288
DA:377,40
DA:389,41
DA:390,41
DA:391,41
DA:392,41
DA:393,287
DA:394,287
DA:395,287
DA:396,287
DA:398,41
DA:411,22
DA:426,22
DA:427,1
DA:432,21
DA:433,21
DA:434,21
DA:435,21
DA:436,43
DA:437,43
DA:438,39
DA:439,39
DA:440,484
DA:450,39
DA:451,39
DA:452,39
DA:453,39
DA:454,39
DA:476,21
DA:477,23
DA:478,8
DA:479,7
DA:480,3
DA:481,1
DA:482,0
DA:484,21
DA:485,18
DA:486,6
DA:489,6
DA:490,3
DA:491,1
DA:492,0
DA:496,21
DA:497,2
DA:498,19
DA:499,1
DA:502,18
DA:503,18
DA:504,18
DA:509,8
DA:510,8
DA:512,10
DA:513,10
DA:516,10
DA:518,19
DA:521,10
DA:524,32
DA:530,21
DA:531,677
DA:533,57
DA:539,21
DA:540,21
DA:541,21
DA:542,21
DA:543,39
DA:544,39
DA:545,39
DA:548,21
DA:570,2
DA:571,2
DA:575,2
DA:581,2
DA:594,2
DA:595,2
DA:596,2
DA:597,2
DA:599,0
DA:601,2
LF:167
LH:160
BRDA:164,0,0,3
BRDA:164,0,1,5
BRDA:164,0,2,2
BRDA:164,0,3,3
BRDA:164,0,4,1
BRDA:164,0,5,2
BRDA:164,0,6,4
BRDA:164,0,7,3
BRDA:164,0,8,0
BRDA:164,0,9,0
BRDA:164,0,10,1
BRDA:202,1,0,1
BRDA:202,1,1,0
BRDA:207,2,0,2
BRDA:207,2,1,12
BRDA:208,3,0,14
BRDA:208,3,1,14
BRDA:208,3,2,13
BRDA:214,4,0,1
BRDA:214,4,1,11
BRDA:214,5,0,12
BRDA:214,5,1,12
BRDA:217,6,0,1
BRDA:217,6,1,10
BRDA:222,7,0,3
BRDA:222,7,1,7
BRDA:222,8,0,10
BRDA:222,8,1,8
BRDA:225,9,0,2
BRDA:225,9,1,5
BRDA:225,10,0,7
BRDA:225,10,1,6
BRDA:251,11,0,1
BRDA:251,11,1,25
BRDA:257,12,0,0
BRDA:257,12,1,38
BRDA:259,13,0,1
BRDA:259,13,1,37
BRDA:261,14,0,1
BRDA:261,14,1,36
BRDA:261,15,0,37
BRDA:261,15,1,37
BRDA:265,16,0,0
BRDA:265,16,1,47
BRDA:268,17,0,1
BRDA:268,17,1,46
BRDA:271,18,0,46
BRDA:271,18,1,0
BRDA:280,19,0,2
BRDA:280,19,1,44
BRDA:282,20,0,2
BRDA:282,20,1,0
BRDA:309,21,0,507
BRDA:309,21,1,91
BRDA:346,22,0,1
BRDA:346,22,1,42
BRDA:348,23,0,1
BRDA:348,23,1,41
BRDA:351,24,0,41
BRDA:351,24,1,0
BRDA:352,25,0,39
BRDA:352,25,1,2
BRDA:369,26,0,1
BRDA:369,26,1,40
BRDA:375,27,0,11
BRDA:375,27,1,6277
BRDA:389,28,0,0
BRDA:389,28,1,41
BRDA:396,29,0,9
BRDA:396,29,1,278
BRDA:411,30,0,9
BRDA:411,30,1,13
BRDA:420,31,0,13
BRDA:420,31,1,2
BRDA:421,32,0,5
BRDA:421,32,1,8
BRDA:422,33,0,5
BRDA:422,33,1,8
BRDA:426,34,0,1
BRDA:426,34,1,21
BRDA:437,35,0,4
BRDA:437,35,1,39
BRDA:440,36,0,484
BRDA:440,36,1,245
BRDA:477,37,0,15
BRDA:477,37,1,8
BRDA:477,38,0,0
BRDA:477,38,1,15
BRDA:478,39,0,1
BRDA:478,39,1,7
BRDA:478,40,0,0
BRDA:478,40,1,1
BRDA:479,41,0,4
BRDA:479,41,1,3
BRDA:480,42,0,2
BRDA:480,42,1,1
BRDA:480,43,0,0
BRDA:480,43,1,2
BRDA:481,44,0,1
BRDA:481,44,1,0
BRDA:481,45,0,1
BRDA:481,45,1,0
BRDA:485,46,0,12
BRDA:485,46,1,6
BRDA:485,47,0,0
BRDA:485,47,1,12
BRDA:486,48,0,0
BRDA:486,48,1,6
BRDA:486,49,0,0
BRDA:486,49,1,0
BRDA:489,50,0,3
BRDA:489,50,1,3
BRDA:490,51,0,2
BRDA:490,51,1,1
BRDA:490,52,0,0
BRDA:490,52,1,2
BRDA:491,53,0,1
BRDA:491,53,1,0
BRDA:491,54,0,1
BRDA:491,54,1,0
BRDA:496,55,0,2
BRDA:496,55,1,19
BRDA:498,56,0,1
BRDA:498,56,1,18
BRDA:504,57,0,8
BRDA:504,57,1,10
BRDA:509,58,0,7
BRDA:509,58,1,1
BRDA:513,59,0,8
BRDA:513,59,1,2
BRDA:531,60,0,677
BRDA:531,60,1,651
BRDA:531,61,0,335
BRDA:531,61,1,316
BRDA:543,62,0,31
BRDA:543,62,1,8
BRDA:543,63,0,39
BRDA:543,63,1,20
BRDA:544,64,0,19
BRDA:544,64,1,20
BRDA:544,65,0,39
BRDA:544,65,1,20
BRDA:545,66,0,2
BRDA:545,66,1,37
BRDA:595,67,0,2
BRDA:595,67,1,0
BRF:146
BRH:124
end_of_record
TN:
SF:scripts/extend-artifacts.js
FN:68,resolveArtifactPath
FN:118,extendArtifact
FN:251,extendArtifacts
FN:262,(anonymous_3)
FN:263,(anonymous_4)
FN:264,(anonymous_5)
FNF:6
FNH:6
FNDA:34,resolveArtifactPath
FNDA:30,extendArtifact
FNDA:7,extendArtifacts
FNDA:11,(anonymous_3)
FNDA:11,(anonymous_4)
FNDA:11,(anonymous_5)
DA:69,34
DA:72,34
DA:73,2
DA:76,32
DA:78,8
DA:81,8
DA:82,7
DA:83,7
DA:84,7
DA:85,3
DA:89,5
DA:119,30
DA:120,2
DA:133,28
DA:134,28
DA:136,2
DA:147,26
DA:148,30
DA:151,30
DA:152,30
DA:153,1
DA:166,25
DA:167,25
DA:169,25
DA:170,8
DA:171,8
DA:173,8
DA:174,2
DA:189,23
DA:191,3
DA:192,3
DA:193,20
DA:194,17
DA:197,3
DA:198,3
DA:201,23
DA:202,23
DA:204,23
DA:205,19
DA:206,19
DA:207,19
DA:209,0
DA:222,23
DA:252,7
DA:253,1
DA:262,11
DA:263,11
DA:264,11
DA:266,6
LF:49
LH:48
BRDA:69,0,0,34
BRDA:69,0,1,25
BRDA:72,1,0,2
BRDA:72,1,1,32
BRDA:72,2,0,34
BRDA:72,2,1,9
BRDA:76,3,0,24
BRDA:76,3,1,8
BRDA:81,4,0,7
BRDA:81,4,1,1
BRDA:84,5,0,3
BRDA:84,5,1,4
BRDA:84,6,0,7
BRDA:84,6,1,3
BRDA:118,7,0,30
BRDA:119,8,0,2
BRDA:119,8,1,28
BRDA:119,9,0,30
BRDA:119,9,1,30
BRDA:119,9,2,29
BRDA:121,10,0,2
BRDA:121,10,1,1
BRDA:139,11,0,2
BRDA:139,11,1,2
BRDA:144,12,0,2
BRDA:144,12,1,0
BRDA:147,13,0,26
BRDA:147,13,1,18
BRDA:148,14,0,30
BRDA:148,14,1,23
BRDA:152,15,0,1
BRDA:152,15,1,29
BRDA:169,16,0,8
BRDA:169,16,1,17
BRDA:173,17,0,2
BRDA:173,17,1,6
BRDA:173,18,0,8
BRDA:173,18,1,3
BRDA:189,19,0,3
BRDA:189,19,1,20
BRDA:191,20,0,3
BRDA:191,20,1,3
BRDA:191,20,2,2
BRDA:192,21,0,1
BRDA:192,21,1,2
BRDA:193,22,0,17
BRDA:193,22,1,3
BRDA:193,23,0,20
BRDA:193,23,1,18
BRDA:197,24,0,3
BRDA:197,24,1,3
BRDA:198,25,0,1
BRDA:198,25,1,2
BRDA:204,26,0,19
BRDA:204,26,1,4
BRDA:251,27,0,7
BRDA:252,28,0,1
BRDA:252,28,1,6
BRF:58
BRH:57
end_of_record
TN:
SF:scripts/imf-fallback-ladder.js
FN:84,computeImfPeriodWindow
FN:110,fetchJson
FN:115,(anonymous_2)
FN:157,tryImfSdmx
FN:193,_extractSdmxObservations
FN:210,(anonymous_5)
FN:211,(anonymous_6)
FN:215,(anonymous_7)
FN:216,(anonymous_8)
FN:242,(anonymous_9)
FN:276,tryImfDataMapper
FN:324,tryWorldBank
FN:352,(anonymous_12)
FN:382,tryCache
FN:412,buildEconomicContextPayload
FN:467,runFallbackLadder
FN:474,(anonymous_16)
FN:484,(anonymous_17)
FN:494,(anonymous_18)
FN:504,(anonymous_19)
FNF:20
FNH:17
FNDA:23,computeImfPeriodWindow
FNDA:36,fetchJson
FNDA:0,(anonymous_2)
FNDA:9,tryImfSdmx
FNDA:4,_extractSdmxObservations
FNDA:2,(anonymous_5)
FNDA:0,(anonymous_6)
FNDA:1,(anonymous_7)
FNDA:0,(anonymous_8)
FNDA:4,(anonymous_9)
FNDA:11,tryImfDataMapper
FNDA:8,tryWorldBank
FNDA:10,(anonymous_12)
FNDA:7,tryCache
FNDA:7,buildEconomicContextPayload
FNDA:4,runFallbackLadder
FNDA:4,(anonymous_16)
FNDA:4,(anonymous_17)
FNDA:2,(anonymous_18)
FNDA:2,(anonymous_19)
DA:48,1
DA:51,1
DA:54,1
DA:57,1
DA:64,1
DA:70,1
DA:73,1
DA:85,23
DA:86,23
DA:87,23
DA:88,23
DA:89,115
DA:90,23
DA:94,1
DA:97,1
DA:111,36
DA:112,36
DA:114,36
DA:115,36
DA:117,36
DA:118,36
DA:127,23
DA:128,2
DA:131,21
DA:132,21
DA:133,21
DA:134,21
DA:136,1
DA:138,21
DA:140,13
DA:141,13
DA:143,36
DA:158,9
DA:159,9
DA:160,9
DA:161,9
DA:164,9
DA:165,9
DA:166,9
DA:167,9
DA:168,0
DA:169,9
DA:170,0
DA:173,9
DA:175,9
DA:176,5
DA:179,4
DA:180,4
DA:181,3
DA:184,1
DA:194,4
DA:196,4
DA:198,4
DA:199,4
DA:201,2
DA:202,4
DA:203,4
DA:206,4
DA:207,4
DA:210,4
DA:211,0
DA:212,4
DA:215,4
DA:216,0
DA:217,4
DA:219,4
DA:221,1
DA:222,1
DA:223,0
DA:224,0
DA:225,0
DA:226,0
DA:228,0
DA:229,0
DA:231,0
DA:232,0
DA:233,0
DA:238,1
DA:239,1
DA:240,2
DA:242,4
DA:243,2
DA:246,2
DA:248,2
DA:249,2
DA:250,4
DA:251,4
DA:252,4
DA:254,4
DA:255,4
DA:256,4
DA:262,2
DA:277,11
DA:278,11
DA:279,11
DA:280,11
DA:282,11
DA:284,11
DA:285,5
DA:288,6
DA:289,6
DA:291,11
DA:292,2
DA:295,4
DA:296,4
DA:297,20
DA:298,20
DA:299,7
DA:300,7
DA:301,6
DA:306,4
DA:307,1
DA:310,3
DA:325,8
DA:326,8
DA:328,8
DA:329,8
DA:331,8
DA:332,16
DA:333,16
DA:335,16
DA:336,16
DA:338,8
DA:339,16
DA:341,16
DA:342,10
DA:343,10
DA:344,10
DA:345,10
DA:346,10
DA:350,8
DA:351,8
DA:352,10
DA:353,4
DA:356,8
DA:357,4
DA:358,4
DA:362,8
DA:363,6
DA:366,2
DA:383,7
DA:384,3
DA:387,4
DA:388,4
DA:389,4
DA:390,4
DA:391,7
DA:392,0
DA:394,3
DA:396,1
DA:414,7
DA:420,7
DA:421,7
DA:424,7
DA:425,7
DA:426,7
DA:427,8
DA:431,7
DA:468,4
DA:470,4
DA:475,4
DA:485,4
DA:495,2
DA:504,2
DA:508,4
DA:510,12
DA:511,12
DA:513,0
DA:514,0
DA:517,12
DA:518,3
DA:519,3
DA:521,3
DA:522,2
DA:523,2
DA:526,3
DA:530,3
DA:538,9
DA:541,1
LF:179
LH:163
BRDA:85,0,0,23
BRDA:85,0,1,19
BRDA:110,1,0,36
BRDA:111,2,0,36
BRDA:111,2,1,0
BRDA:112,3,0,36
BRDA:112,3,1,36
BRDA:127,4,0,2
BRDA:127,4,1,21
BRDA:140,5,0,13
BRDA:140,5,1,13
BRDA:141,6,0,1
BRDA:141,6,1,12
BRDA:157,7,0,9
BRDA:158,8,0,9
BRDA:158,8,1,7
BRDA:167,9,0,0
BRDA:167,9,1,9
BRDA:169,10,0,0
BRDA:169,10,1,9
BRDA:175,11,0,5
BRDA:175,11,1,4
BRDA:175,12,0,9
BRDA:175,12,1,4
BRDA:180,13,0,3
BRDA:180,13,1,1
BRDA:180,14,0,4
BRDA:180,14,1,1
BRDA:194,15,0,0
BRDA:194,15,1,4
BRDA:194,16,0,4
BRDA:194,16,1,4
BRDA:199,17,0,2
BRDA:199,17,1,2
BRDA:201,18,0,2
BRDA:201,18,1,0
BRDA:203,19,0,4
BRDA:203,19,1,0
BRDA:206,20,0,1
BRDA:206,20,1,1
BRDA:207,21,0,2
BRDA:207,21,1,0
BRDA:210,22,0,4
BRDA:210,22,1,1
BRDA:212,23,0,4
BRDA:212,23,1,1
BRDA:215,24,0,4
BRDA:215,24,1,1
BRDA:217,25,0,4
BRDA:217,25,1,1
BRDA:221,26,0,1
BRDA:221,26,1,1
BRDA:224,27,0,0
BRDA:224,27,1,0
BRDA:225,28,0,0
BRDA:225,28,1,0
BRDA:226,29,0,0
BRDA:226,29,1,0
BRDA:228,30,0,0
BRDA:228,30,1,0
BRDA:229,31,0,0
BRDA:229,31,1,0
BRDA:231,32,0,0
BRDA:231,32,1,0
BRDA:232,33,0,0
BRDA:232,33,1,0
BRDA:238,34,0,1
BRDA:238,34,1,0
BRDA:243,35,0,2
BRDA:243,35,1,0
BRDA:244,36,0,2
BRDA:244,36,1,0
BRDA:245,37,0,0
BRDA:245,37,1,0
BRDA:246,38,0,2
BRDA:246,38,1,0
BRDA:248,39,0,2
BRDA:248,39,1,0
BRDA:251,40,0,4
BRDA:251,40,1,0
BRDA:252,41,0,4
BRDA:252,41,1,0
BRDA:254,42,0,4
BRDA:254,42,1,0
BRDA:255,43,0,2
BRDA:255,43,1,2
BRDA:262,44,0,1
BRDA:262,44,1,1
BRDA:276,45,0,11
BRDA:277,46,0,11
BRDA:277,46,1,10
BRDA:284,47,0,5
BRDA:284,47,1,6
BRDA:284,48,0,11
BRDA:284,48,1,7
BRDA:291,49,0,2
BRDA:291,49,1,9
BRDA:291,50,0,11
BRDA:291,50,1,4
BRDA:298,51,0,7
BRDA:298,51,1,13
BRDA:298,52,0,20
BRDA:298,52,1,7
BRDA:300,53,0,6
BRDA:300,53,1,1
BRDA:300,54,0,7
BRDA:300,54,1,6
BRDA:306,55,0,1
BRDA:306,55,1,3
BRDA:324,56,0,8
BRDA:325,57,0,8
BRDA:325,57,1,8
BRDA:326,58,0,8
BRDA:326,58,1,2
BRDA:336,59,0,8
BRDA:336,59,1,8
BRDA:336,60,0,16
BRDA:336,60,1,10
BRDA:338,61,0,8
BRDA:338,61,1,2
BRDA:344,62,0,10
BRDA:344,62,1,0
BRDA:344,63,0,10
BRDA:344,63,1,10
BRDA:345,64,0,4
BRDA:345,64,1,6
BRDA:356,65,0,4
BRDA:356,65,1,4
BRDA:362,66,0,6
BRDA:362,66,1,2
BRDA:383,67,0,3
BRDA:383,67,1,4
BRDA:383,68,0,7
BRDA:383,68,1,5
BRDA:390,69,0,4
BRDA:390,69,1,1
BRDA:391,70,0,0
BRDA:391,70,1,7
BRDA:391,71,0,7
BRDA:391,71,1,3
BRDA:420,72,0,7
BRDA:420,72,1,0
BRDA:421,73,0,2
BRDA:421,73,1,5
BRDA:421,74,0,2
BRDA:421,74,1,3
BRDA:421,75,0,1
BRDA:421,75,1,2
BRDA:425,76,0,7
BRDA:425,76,1,0
BRDA:425,77,0,7
BRDA:425,77,1,7
BRDA:467,78,0,4
BRDA:468,79,0,4
BRDA:504,80,0,2
BRDA:504,80,1,1
BRDA:517,81,0,3
BRDA:517,81,1,9
BRDA:521,82,0,2
BRDA:521,82,1,1
BRDA:534,83,0,1
BRDA:534,83,1,2
BRF:162
BRH:127
end_of_record
TN:
SF:scripts/lint-src-todos.js
FN:62,walk
FN:73,findOffenders
FN:102,main
FNF:3
FNH:1
FNDA:0,walk
FNDA:9,findOffenders
FNDA:0,main
DA:50,1
DA:54,1
DA:60,1
DA:63,0
DA:64,0
DA:65,0
DA:66,0
DA:67,0
DA:68,0
DA:70,0
DA:74,9
DA:75,9
DA:76,9
DA:77,9
DA:78,9
DA:79,9
DA:80,9
DA:81,29
DA:83,29
DA:85,29
DA:86,7
DA:87,7
DA:88,7
DA:89,5
DA:99,9
DA:103,0
DA:104,0
DA:105,0
DA:106,0
DA:108,0
DA:111,0
DA:112,0
DA:114,0
DA:117,0
DA:121,1
DA:122,1
DA:123,0
LF:37
LH:20
BRDA:67,0,0,0
BRDA:67,0,1,0
BRDA:68,1,0,0
BRDA:68,1,1,0
BRDA:73,2,0,9
BRDA:77,3,0,0
BRDA:77,3,1,9
BRDA:88,4,0,5
BRDA:88,4,1,2
BRDA:104,5,0,0
BRDA:104,5,1,0
BRDA:122,6,0,0
BRDA:122,6,1,1
BRF:13
BRH:5
end_of_record
TN:
SF:scripts/minify-assets.js
FN:47,fmt
FN:53,errorMessage
FN:58,pool
FN:61,worker
FN:113,(anonymous_4)
FN:114,(anonymous_5)
FN:120,(anonymous_6)
FN:121,(anonymous_7)
FN:131,(anonymous_8)
FN:131,(anonymous_9)
FN:169,collectJs
FN:191,(anonymous_11)
FN:191,(anonymous_12)
FNF:13
FNH:0
FNDA:0,fmt
FNDA:0,errorMessage
FNDA:0,pool
FNDA:0,worker
FNDA:0,(anonymous_4)
FNDA:0,(anonymous_5)
FNDA:0,(anonymous_6)
FNDA:0,(anonymous_7)
FNDA:0,(anonymous_8)
FNDA:0,(anonymous_9)
FNDA:0,collectJs
FNDA:0,(anonymous_11)
FNDA:0,(anonymous_12)
DA:40,0
DA:41,0
DA:43,0
DA:48,0
DA:49,0
DA:50,0
DA:54,0
DA:59,0
DA:60,0
DA:62,0
DA:63,0
DA:64,0
DA:67,0
DA:68,0
DA:69,0
DA:72,0
DA:73,0
DA:74,0
DA:75,0
DA:79,0
DA:81,0
DA:82,0
DA:83,0
DA:84,0
DA:85,0
DA:86,0
DA:88,0
DA:89,0
DA:90,0
DA:91,0
DA:92,0
DA:93,0
DA:99,0
DA:112,0
DA:113,0
DA:114,0
DA:116,0
DA:117,0
DA:118,0
DA:119,0
DA:120,0
DA:121,0
DA:126,0
DA:127,0
DA:128,0
DA:129,0
DA:131,0
DA:132,0
DA:133,0
DA:134,0
DA:135,0
DA:136,0
DA:137,0
DA:138,0
DA:140,0
DA:141,0
DA:145,0
DA:146,0
DA:147,0
DA:148,0
DA:149,0
DA:150,0
DA:151,0
DA:153,0
DA:156,0
DA:157,0
DA:158,0
DA:159,0
DA:160,0
DA:167,0
DA:168,0
DA:170,0
DA:171,0
DA:172,0
DA:173,0
DA:174,0
DA:175,0
DA:178,0
DA:185,0
DA:187,0
DA:188,0
DA:189,0
DA:191,0
DA:192,0
DA:193,0
DA:194,0
DA:195,0
DA:202,0
DA:203,0
DA:204,0
DA:205,0
DA:208,0
DA:209,0
DA:211,0
DA:212,0
DA:216,0
DA:217,0
DA:218,0
DA:219,0
DA:220,0
DA:221,0
DA:222,0
DA:224,0
DA:227,0
DA:228,0
DA:229,0
DA:230,0
DA:231,0
DA:238,0
DA:240,0
DA:241,0
DA:250,0
DA:251,0
DA:252,0
LF:114
LH:0
BRDA:49,0,0,0
BRDA:49,0,1,0
BRDA:54,1,0,0
BRDA:54,1,1,0
BRDA:84,2,0,0
BRDA:84,2,1,0
BRDA:84,3,0,0
BRDA:84,3,1,0
BRDA:89,4,0,0
BRDA:89,4,1,0
BRDA:93,5,0,0
BRDA:93,5,1,0
BRDA:148,6,0,0
BRDA:148,6,1,0
BRDA:151,7,0,0
BRDA:151,7,1,0
BRDA:162,8,0,0
BRDA:162,8,1,0
BRDA:173,9,0,0
BRDA:173,9,1,0
BRDA:175,10,0,0
BRDA:175,10,1,0
BRDA:175,11,0,0
BRDA:175,11,1,0
BRDA:202,12,0,0
BRDA:202,12,1,0
BRDA:219,13,0,0
BRDA:219,13,1,0
BRDA:222,14,0,0
BRDA:222,14,1,0
BRDA:233,15,0,0
BRDA:233,15,1,0
BRDA:240,16,0,0
BRDA:240,16,1,0
BRDA:244,17,0,0
BRDA:244,17,1,0
BRDA:250,18,0,0
BRDA:250,18,1,0
BRF:38
BRH:0
end_of_record
TN:
SF:scripts/optimize-css.js
FNF:0
FNH:0
DA:26,0
DA:27,0
DA:28,0
DA:30,0
DA:31,0
DA:32,0
DA:34,0
DA:39,0
DA:41,0
DA:50,0
DA:51,0
DA:52,0
DA:55,0
DA:56,0
DA:58,0
DA:59,0
DA:60,0
DA:62,0
DA:70,0
DA:71,0
DA:72,0
DA:78,0
DA:79,0
LF:23
LH:0
BRDA:50,0,0,0
BRDA:50,0,1,0
BRDA:50,1,0,0
BRDA:50,1,1,0
BRDA:64,2,0,0
BRDA:64,2,1,0
BRDA:71,3,0,0
BRDA:71,3,1,0
BRF:8
BRH:0
end_of_record
TN:
SF:scripts/scrape-doceo-votes.js
FN:70,buildDoceoUrl
FN:84,decodeXmlEntities
FN:92,(anonymous_2)
FN:99,(anonymous_3)
FN:117,extractTagContents
FN:160,extractAttr
FN:191,parseDoceoXml
FN:262,_extractGroupTotal
FN:281,_extractMemberNames
FN:304,sleep
FN:305,(anonymous_10)
FN:318,fetchWithRetry
FN:383,scrapeDoceoVotes
FNF:13
FNH:12
FNDA:8,buildDoceoUrl
FNDA:67,decodeXmlEntities
FNDA:1,(anonymous_2)
FNDA:0,(anonymous_3)
FNDA:116,extractTagContents
FNDA:174,extractAttr
FNDA:19,parseDoceoXml
FNDA:87,_extractGroupTotal
FNDA:87,_extractMemberNames
FNDA:11,sleep
FNDA:11,(anonymous_10)
FNDA:10,fetchWithRetry
FNDA:6,scrapeDoceoVotes
DA:47,1
DA:50,1
DA:53,1
DA:54,1
DA:57,1
DA:71,8
DA:85,67
DA:86,67
DA:93,1
DA:94,1
DA:95,1
DA:97,0
DA:100,0
DA:101,0
DA:102,0
DA:104,0
DA:118,116
DA:119,116
DA:120,116
DA:121,116
DA:123,116
DA:124,183
DA:125,183
DA:128,67
DA:129,67
DA:132,67
DA:133,0
DA:134,0
DA:137,67
DA:138,67
DA:139,67
DA:140,0
DA:141,0
DA:144,67
DA:145,67
DA:148,116
DA:163,174
DA:165,174
DA:166,174
DA:167,174
DA:168,174
DA:192,19
DA:193,19
DA:200,19
DA:201,19
DA:204,19
DA:205,19
DA:206,30
DA:208,30
DA:209,30
DA:211,29
DA:214,29
DA:215,29
DA:217,29
DA:218,29
DA:219,29
DA:222,29
DA:223,29
DA:226,30
DA:227,30
DA:228,30
DA:231,30
DA:232,30
DA:233,30
DA:235,30
DA:249,30
DA:252,19
DA:263,87
DA:264,87
DA:265,87
DA:266,87
DA:267,87
DA:268,87
DA:269,87
DA:270,87
DA:271,87
DA:282,87
DA:283,87
DA:285,87
DA:286,87
DA:287,87
DA:288,87
DA:290,87
DA:291,87
DA:305,11
DA:319,10
DA:320,10
DA:321,10
DA:323,10
DA:325,10
DA:326,17
DA:327,7
DA:328,7
DA:331,17
DA:332,17
DA:340,8
DA:341,2
DA:344,6
DA:345,6
DA:346,6
DA:350,0
DA:352,9
DA:356,2
DA:392,6
DA:394,6
DA:396,6
DA:397,6
DA:398,1
DA:402,6
DA:403,6
DA:405,1
DA:415,5
DA:416,1
DA:426,4
DA:428,6
DA:430,6
DA:440,6
DA:441,3
DA:442,3
DA:446,4
DA:448,4
LF:121
LH:111
BRDA:70,0,0,8
BRDA:85,1,0,0
BRDA:85,1,1,67
BRDA:94,2,0,1
BRDA:94,2,1,0
BRDA:94,3,0,1
BRDA:94,3,1,1
BRDA:94,3,2,1
BRDA:94,3,3,0
BRDA:101,4,0,0
BRDA:101,4,1,0
BRDA:101,5,0,0
BRDA:101,5,1,0
BRDA:101,5,2,0
BRDA:101,5,3,0
BRDA:125,6,0,116
BRDA:125,6,1,67
BRDA:129,7,0,0
BRDA:129,7,1,67
BRDA:132,8,0,0
BRDA:132,8,1,67
BRDA:139,9,0,0
BRDA:139,9,1,67
BRDA:167,10,0,0
BRDA:167,10,1,174
BRDA:168,11,0,174
BRDA:168,11,1,5
BRDA:168,11,2,0
BRDA:209,12,0,1
BRDA:209,12,1,29
BRDA:223,13,0,29
BRDA:223,13,1,0
BRDA:265,14,0,0
BRDA:265,14,1,87
BRDA:267,15,0,0
BRDA:267,15,1,87
BRDA:271,16,0,0
BRDA:271,16,1,87
BRDA:286,17,0,0
BRDA:286,17,1,87
BRDA:288,18,0,0
BRDA:288,18,1,87
BRDA:318,19,0,10
BRDA:319,20,0,10
BRDA:319,20,1,6
BRDA:320,21,0,10
BRDA:320,21,1,5
BRDA:321,22,0,10
BRDA:321,22,1,0
BRDA:326,23,0,7
BRDA:326,23,1,10
BRDA:340,24,0,2
BRDA:340,24,1,6
BRDA:344,25,0,6
BRDA:344,25,1,0
BRDA:356,26,0,2
BRDA:356,26,1,0
BRDA:387,27,0,6
BRDA:388,28,0,6
BRDA:390,29,0,6
BRDA:397,30,0,1
BRDA:397,30,1,5
BRDA:415,31,0,1
BRDA:415,31,1,4
BRDA:426,32,0,4
BRDA:426,32,1,0
BRDA:440,33,0,3
BRDA:440,33,1,3
BRDA:451,34,0,1
BRDA:451,34,1,3
BRF:70
BRH:46
end_of_record
TN:
SF:scripts/validate-brief-translations.js
FN:143,(anonymous_0)
FN:176,countGlobal
FN:192,countHeadings
FN:198,countMermaidBlocks
FN:211,extractH2Titles
FN:240,detectLikelyDroppedH2s
FN:256,(anonymous_6)
FN:257,(anonymous_7)
FN:276,countMatches
FN:291,shellQuote
FN:306,aggregateByKey
FN:330,parseArgs
FN:379,findAllTranslations
FN:405,validateTranslation
FN:535,(anonymous_14)
FN:539,(anonymous_15)
FN:582,expandPathGlobs
FN:597,runValidation
FN:618,main
FNF:19
FNH:19
FNDA:14,(anonymous_0)
FNDA:114,countGlobal
FNDA:94,countHeadings
FNDA:20,countMermaidBlocks
FNDA:14,extractH2Titles
FNDA:7,detectLikelyDroppedH2s
FNDA:10,(anonymous_6)
FNDA:8,(anonymous_7)
FNDA:198,countMatches
FNDA:44,shellQuote
FNDA:6,aggregateByKey
FNDA:4,parseArgs
FNDA:3,findAllTranslations
FNDA:20,validateTranslation
FNDA:21,(anonymous_14)
FNDA:1,(anonymous_15)
FNDA:3,expandPathGlobs
FNDA:3,runValidation
FNDA:1,main
DA:65,2
DA:68,2
DA:77,2
DA:121,2
DA:142,2
DA:143,14
DA:163,2
DA:164,2
DA:165,2
DA:173,2
DA:178,114
DA:179,114
DA:180,123
DA:181,114
DA:193,94
DA:194,94
DA:199,20
DA:212,14
DA:213,14
DA:214,14
DA:215,121
DA:216,121
DA:218,14
DA:241,7
DA:242,3
DA:247,3
DA:248,11
DA:249,11
DA:250,77
DA:251,77
DA:253,11
DA:254,2
DA:255,2
DA:256,10
DA:257,8
DA:258,2
DA:259,2
DA:260,2
DA:263,2
DA:270,3
DA:271,2
DA:277,198
DA:278,198
DA:279,198
DA:280,164
DA:282,198
DA:292,44
DA:307,6
DA:308,6
DA:309,27
DA:310,27
DA:311,26
DA:313,6
DA:314,6
DA:315,14
DA:317,6
DA:331,4
DA:338,4
DA:339,7
DA:340,7
DA:342,1
DA:343,1
DA:344,1
DA:346,1
DA:347,2
DA:348,2
DA:350,1
DA:352,1
DA:353,1
DA:354,1
DA:356,2
DA:357,2
DA:359,2
DA:360,2
DA:363,0
DA:367,0
DA:368,0
DA:370,0
DA:371,0
DA:375,4
DA:380,3
DA:381,3
DA:382,2
DA:383,2
DA:384,2
DA:385,8
DA:387,8
DA:388,8
DA:390,0
DA:392,8
DA:393,14
DA:394,14
DA:395,6
DA:396,8
DA:397,5
DA:401,2
DA:406,20
DA:407,20
DA:408,20
DA:409,20
DA:411,20
DA:412,1
DA:419,1
DA:422,19
DA:423,19
DA:424,19
DA:426,19
DA:427,1
DA:436,19
DA:437,1
DA:444,1
DA:447,18
DA:448,18
DA:449,18
DA:450,4
DA:461,18
DA:462,18
DA:463,18
DA:464,162
DA:466,18
DA:467,5
DA:478,18
DA:479,18
DA:480,126
DA:481,126
DA:482,126
DA:483,126
DA:484,72
DA:485,72
DA:486,72
DA:487,74
DA:488,74
DA:489,22
DA:492,72
DA:493,22
DA:494,22
DA:495,22
DA:516,18
DA:517,54
DA:518,54
DA:519,37
DA:521,37
DA:522,19
DA:523,1
DA:524,37
DA:525,8
DA:526,8
DA:532,7
DA:533,7
DA:534,7
DA:535,21
DA:536,7
DA:537,7
DA:538,1
DA:539,1
DA:543,8
DA:559,18
DA:560,18
DA:561,1
DA:562,1
DA:563,1
DA:575,18
DA:583,3
DA:584,3
DA:585,3
DA:586,3
DA:587,2
DA:588,2
DA:590,1
DA:593,3
DA:598,3
DA:599,3
DA:600,5
DA:601,5
DA:602,4
DA:603,4
DA:604,0
DA:605,0
DA:610,1
DA:611,0
DA:614,3
DA:619,1
DA:620,1
DA:624,1
DA:626,1
DA:636,1
DA:637,1
DA:638,1
DA:639,1
DA:640,0
DA:641,0
DA:644,1
DA:645,0
DA:647,1
LF:194
LH:182
BRDA:216,0,0,30
BRDA:216,0,1,91
BRDA:241,1,0,4
BRDA:241,1,1,3
BRDA:251,2,0,2
BRDA:251,2,1,75
BRDA:253,3,0,9
BRDA:253,3,1,2
BRDA:258,4,0,2
BRDA:258,4,1,0
BRDA:263,5,0,2
BRDA:263,5,1,0
BRDA:270,6,0,1
BRDA:270,6,1,2
BRDA:278,7,0,198
BRDA:278,7,1,73
BRDA:280,8,0,164
BRDA:280,8,1,129
BRDA:310,9,0,1
BRDA:310,9,1,26
BRDA:311,10,0,26
BRDA:311,10,1,14
BRDA:340,11,0,1
BRDA:340,11,1,1
BRDA:340,11,2,1
BRDA:340,11,3,2
BRDA:340,11,4,2
BRDA:340,11,5,0
BRDA:340,11,6,0
BRDA:340,11,7,0
BRDA:346,12,0,1
BRDA:346,12,1,3
BRDA:370,13,0,0
BRDA:370,13,1,0
BRDA:381,14,0,1
BRDA:381,14,1,2
BRDA:394,15,0,6
BRDA:394,15,1,8
BRDA:396,16,0,5
BRDA:396,16,1,3
BRDA:396,17,0,8
BRDA:396,17,1,8
BRDA:411,18,0,1
BRDA:411,18,1,19
BRDA:426,19,0,1
BRDA:426,19,1,18
BRDA:436,20,0,1
BRDA:436,20,1,18
BRDA:449,21,0,4
BRDA:449,21,1,14
BRDA:449,22,0,18
BRDA:449,22,1,18
BRDA:464,23,0,28
BRDA:464,23,1,134
BRDA:466,24,0,5
BRDA:466,24,1,13
BRDA:483,25,0,54
BRDA:483,25,1,72
BRDA:487,26,0,74
BRDA:487,26,1,21
BRDA:488,27,0,22
BRDA:488,27,1,52
BRDA:492,28,0,22
BRDA:492,28,1,50
BRDA:518,29,0,17
BRDA:518,29,1,37
BRDA:521,30,0,18
BRDA:521,30,1,19
BRDA:522,31,0,18
BRDA:522,31,1,1
BRDA:524,32,0,8
BRDA:524,32,1,29
BRDA:526,33,0,7
BRDA:526,33,1,1
BRDA:537,34,0,1
BRDA:537,34,1,6
BRDA:560,35,0,1
BRDA:560,35,1,17
BRDA:562,36,0,1
BRDA:562,36,1,0
BRDA:586,37,0,2
BRDA:586,37,1,1
BRDA:597,38,0,3
BRDA:597,39,0,3
BRDA:601,40,0,4
BRDA:601,40,1,1
BRDA:603,41,0,0
BRDA:603,41,1,4
BRDA:610,42,0,0
BRDA:610,42,1,1
BRDA:620,43,0,0
BRDA:620,43,1,1
BRDA:637,44,0,1
BRDA:637,44,1,0
BRDA:640,45,0,0
BRDA:640,45,1,0
BRDA:644,46,0,0
BRDA:644,46,1,1
BRDA:644,47,0,1
BRDA:644,47,1,1
BRF:100
BRH:85
end_of_record
TN:
SF:scripts/validate-manifest-seo.js
FN:145,parseManifestLocation
FN:157,findAllManifests
FN:186,loadManifest
FN:205,detectForbiddenPrefix
FN:222,detectLeakyRunIdOrJargon
FN:262,effectiveTextLength
FN:282,validateLangMap
FN:353,detectFallthrough
FN:384,validateManifest
FN:450,runValidation
FN:482,parseArgs
FN:538,main
FN:542,(anonymous_12)
FNF:13
FNH:10
FNDA:3,parseManifestLocation
FNDA:2,findAllManifests
FNDA:15,loadManifest
FNDA:327,detectForbiddenPrefix
FNDA:330,detectLeakyRunIdOrJargon
FNDA:331,effectiveTextLength
FNDA:23,validateLangMap
FNDA:23,detectFallthrough
FNDA:15,validateManifest
FNDA:0,runValidation
FNDA:5,parseArgs
FNDA:0,main
FNDA:0,(anonymous_12)
DA:61,1
DA:64,1
DA:74,1
DA:82,1
DA:85,1
DA:93,1
DA:126,1
DA:136,1
DA:146,3
DA:147,3
DA:148,3
DA:149,2
DA:158,2
DA:159,2
DA:160,1
DA:161,1
DA:162,1
DA:163,3
DA:165,3
DA:166,3
DA:168,0
DA:170,3
DA:171,3
DA:172,3
DA:173,2
DA:174,1
DA:175,1
DA:179,1
DA:188,15
DA:189,15
DA:191,1
DA:193,14
DA:194,14
DA:196,1
DA:206,327
DA:207,325
DA:208,325
DA:209,4512
DA:211,322
DA:223,330
DA:224,327
DA:225,327
DA:226,653
DA:228,326
DA:229,326
DA:230,326
DA:232,324
DA:250,1
DA:263,331
DA:264,328
DA:265,328
DA:266,328
DA:267,27321
DA:269,328
DA:283,23
DA:284,23
DA:285,23
DA:287,23
DA:288,323
DA:289,1
DA:295,1
DA:297,322
DA:298,0
DA:304,0
DA:306,322
DA:307,322
DA:308,4
DA:315,322
DA:316,322
DA:317,1
DA:324,322
DA:325,322
DA:326,0
DA:354,23
DA:355,23
DA:356,23
DA:357,23
DA:358,23
DA:359,322
DA:360,299
DA:361,322
DA:362,139
DA:363,113
DA:365,23
DA:366,10
DA:385,15
DA:386,15
DA:387,15
DA:388,2
DA:398,13
DA:399,13
DA:400,13
DA:404,15
DA:405,1
DA:411,12
DA:412,11
DA:413,11
DA:416,13
DA:417,0
DA:423,13
DA:424,12
DA:430,12
DA:439,13
DA:451,0
DA:452,0
DA:453,0
DA:454,0
DA:455,0
DA:456,0
DA:457,0
DA:458,0
DA:461,0
DA:462,0
DA:465,0
DA:483,5
DA:490,5
DA:491,6
DA:492,6
DA:494,0
DA:495,0
DA:496,0
DA:498,2
DA:499,6
DA:500,6
DA:502,1
DA:503,1
DA:505,5
DA:506,4
DA:507,4
DA:509,2
DA:511,0
DA:512,0
DA:513,0
DA:515,1
DA:516,1
DA:518,2
DA:519,2
DA:522,0
DA:526,0
DA:527,0
DA:529,1
DA:530,1
DA:534,4
DA:539,0
DA:541,0
DA:542,0
DA:545,0
DA:547,0
DA:558,0
DA:559,0
DA:560,0
DA:561,0
DA:562,0
DA:563,0
DA:566,0
DA:567,0
DA:569,0
LF:157
LH:118
BRDA:148,0,0,1
BRDA:148,0,1,2
BRDA:159,1,0,1
BRDA:159,1,1,1
BRDA:172,2,0,2
BRDA:172,2,1,1
BRDA:174,3,0,1
BRDA:174,3,1,0
BRDA:174,4,0,1
BRDA:174,4,1,1
BRDA:206,5,0,2
BRDA:206,5,1,325
BRDA:209,6,0,3
BRDA:209,6,1,4509
BRDA:223,7,0,3
BRDA:223,7,1,327
BRDA:226,8,0,1
BRDA:226,8,1,652
BRDA:230,9,0,2
BRDA:230,9,1,324
BRDA:263,10,0,3
BRDA:263,10,1,328
BRDA:267,11,0,1535
BRDA:267,11,1,25786
BRDA:284,12,0,11
BRDA:284,12,1,12
BRDA:285,13,0,11
BRDA:285,13,1,12
BRDA:288,14,0,1
BRDA:288,14,1,322
BRDA:297,15,0,0
BRDA:297,15,1,322
BRDA:297,16,0,322
BRDA:297,16,1,322
BRDA:307,17,0,4
BRDA:307,17,1,318
BRDA:307,18,0,322
BRDA:307,18,1,320
BRDA:316,19,0,1
BRDA:316,19,1,321
BRDA:325,20,0,0
BRDA:325,20,1,322
BRDA:355,21,0,23
BRDA:355,21,1,0
BRDA:356,22,0,0
BRDA:356,22,1,23
BRDA:359,23,0,23
BRDA:359,23,1,299
BRDA:360,24,0,299
BRDA:360,24,1,0
BRDA:361,25,0,160
BRDA:361,25,1,162
BRDA:361,26,0,322
BRDA:361,26,1,299
BRDA:362,27,0,26
BRDA:362,27,1,113
BRDA:365,28,0,13
BRDA:365,28,1,10
BRDA:368,29,0,1
BRDA:368,29,1,9
BRDA:373,30,0,1
BRDA:373,30,1,9
BRDA:375,31,0,1
BRDA:375,31,1,9
BRDA:387,32,0,2
BRDA:387,32,1,13
BRDA:400,33,0,13
BRDA:400,33,1,12
BRDA:404,34,0,1
BRDA:404,34,1,12
BRDA:411,35,0,11
BRDA:411,35,1,1
BRDA:411,36,0,12
BRDA:411,36,1,11
BRDA:416,37,0,0
BRDA:416,37,1,13
BRDA:423,38,0,12
BRDA:423,38,1,1
BRDA:423,39,0,13
BRDA:423,39,1,12
BRDA:450,40,0,0
BRDA:450,41,0,0
BRDA:454,42,0,0
BRDA:454,42,1,0
BRDA:456,43,0,0
BRDA:456,43,1,0
BRDA:461,44,0,0
BRDA:461,44,1,0
BRDA:492,45,0,0
BRDA:492,45,1,2
BRDA:492,45,2,0
BRDA:492,45,3,1
BRDA:492,45,4,2
BRDA:492,45,5,0
BRDA:492,45,6,0
BRDA:492,45,7,1
BRDA:500,46,0,1
BRDA:500,46,1,5
BRDA:505,47,0,1
BRDA:505,47,1,4
BRDA:529,48,0,1
BRDA:529,48,1,0
BRDA:541,49,0,0
BRDA:541,49,1,0
BRDA:559,50,0,0
BRDA:559,50,1,0
BRDA:562,51,0,0
BRDA:562,51,1,0
BRDA:566,52,0,0
BRDA:566,52,1,0
BRDA:566,53,0,0
BRDA:566,53,1,0
BRF:112
BRH:82
end_of_record
TN:
SF:scripts/aggregator/forward-statements-registry.js
FN:63,shardPath
FN:76,parseLine
FN:91,newId
FN:101,isValidDateString
FN:118,isValidIsoWeekString
FN:133,validateEntry
FN:168,appendEntries
FN:216,readEntries
FN:222,(anonymous_8)
FN:273,(anonymous_9)
FN:299,readExpiredUnresolved
FN:342,updateEntry
FN:387,buildSummary
FN:391,(anonymous_13)
FN:397,(anonymous_14)
FN:411,generateSessionDayIds
FN:433,isMondayRun
FN:451,normaliseHorizon
FN:483,cli
FN:535,(anonymous_19)
FNF:20
FNH:20
FNDA:53,shardPath
FNDA:106,parseLine
FNDA:32,newId
FNDA:138,isValidDateString
FNDA:6,isValidIsoWeekString
FNDA:55,validateEntry
FNDA:28,appendEntries
FNDA:46,readEntries
FNDA:38,(anonymous_8)
FNDA:2,(anonymous_9)
FNDA:7,readExpiredUnresolved
FNDA:10,updateEntry
FNDA:3,buildSummary
FNDA:21,(anonymous_13)
FNDA:21,(anonymous_14)
FNDA:2,generateSessionDayIds
FNDA:3,isMondayRun
FNDA:31,normaliseHorizon
FNDA:19,cli
FNDA:20,(anonymous_19)
DA:46,2
DA:47,2
DA:64,53
DA:65,53
DA:77,106
DA:78,106
DA:79,65
DA:80,65
DA:82,2
DA:92,32
DA:102,138
DA:103,119
DA:104,119
DA:105,119
DA:119,6
DA:120,6
DA:121,6
DA:122,5
DA:123,5
DA:134,55
DA:135,55
DA:136,1
DA:138,54
DA:140,54
DA:141,54
DA:142,1
DA:143,54
DA:144,4
DA:145,54
DA:146,1
DA:147,54
DA:151,3
DA:152,54
DA:153,1
DA:154,54
DA:156,54
DA:169,28
DA:170,28
DA:172,28
DA:173,28
DA:175,28
DA:177,45
DA:181,45
DA:182,45
DA:183,45
DA:184,45
DA:186,45
DA:187,45
DA:188,2
DA:189,2
DA:192,43
DA:193,43
DA:194,43
DA:197,28
DA:217,46
DA:218,46
DA:220,36
DA:222,38
DA:226,36
DA:227,36
DA:228,38
DA:229,38
DA:230,102
DA:231,102
DA:232,62
DA:233,0
DA:236,0
DA:238,62
DA:242,36
DA:243,36
DA:244,46
DA:245,57
DA:248,55
DA:249,13
DA:250,2
DA:253,2
DA:256,11
DA:258,11
DA:260,4
DA:264,4
DA:268,49
DA:269,48
DA:271,47
DA:272,3
DA:273,3
DA:274,3
DA:277,46
DA:279,36
DA:283,2
DA:300,7
DA:301,7
DA:302,7
DA:303,7
DA:304,14
DA:305,1
DA:308,1
DA:311,13
DA:312,13
DA:314,1
DA:318,1
DA:320,12
DA:321,9
DA:322,14
DA:323,5
DA:325,7
DA:343,10
DA:345,10
DA:346,1
DA:350,9
DA:352,9
DA:353,9
DA:354,6
DA:357,9
DA:358,9
DA:359,3
DA:362,6
DA:363,10
DA:364,10
DA:367,10
DA:374,10
DA:375,10
DA:376,10
DA:377,10
DA:388,3
DA:389,3
DA:390,3
DA:391,21
DA:394,3
DA:397,21
DA:399,3
DA:412,2
DA:413,2
DA:414,2
DA:415,2
DA:416,6
DA:417,6
DA:418,6
DA:419,6
DA:420,6
DA:421,6
DA:423,2
DA:434,3
DA:435,3
DA:452,31
DA:453,14
DA:454,3
DA:457,11
DA:458,11
DA:459,2
DA:461,9
DA:462,9
DA:463,9
DA:464,4
DA:467,5
DA:468,5
DA:470,5
DA:471,5
DA:484,19
DA:486,19
DA:487,3
DA:502,3
DA:505,16
DA:506,3
DA:508,3
DA:509,1
DA:511,2
DA:513,3
DA:514,3
DA:515,3
DA:516,3
DA:517,2
DA:520,13
DA:521,6
DA:522,6
DA:523,6
DA:524,6
DA:525,6
DA:526,6
DA:527,6
DA:528,6
DA:529,6
DA:530,6
DA:531,6
DA:534,7
DA:535,5
DA:536,20
DA:537,20
DA:539,5
DA:540,5
DA:541,5
DA:542,5
DA:543,5
DA:544,2
DA:545,2
DA:547,3
DA:548,3
DA:549,3
DA:550,1
DA:553,2
DA:554,1
DA:555,1
DA:558,1
DA:559,1
DA:563,2
DA:568,0
LF:205
LH:202
BRDA:65,0,0,53
BRDA:65,0,1,0
BRDA:78,1,0,41
BRDA:78,1,1,65
BRDA:102,2,0,19
BRDA:102,2,1,119
BRDA:102,3,0,138
BRDA:102,3,1,137
BRDA:106,4,0,119
BRDA:106,4,1,115
BRDA:106,4,2,114
BRDA:119,5,0,0
BRDA:119,5,1,6
BRDA:121,6,0,1
BRDA:121,6,1,5
BRDA:123,7,0,5
BRDA:123,7,1,5
BRDA:135,8,0,1
BRDA:135,8,1,54
BRDA:135,9,0,55
BRDA:135,9,1,54
BRDA:140,10,0,2
BRDA:140,10,1,52
BRDA:140,11,0,54
BRDA:140,11,1,53
BRDA:141,12,0,1
BRDA:141,12,1,53
BRDA:141,13,0,54
BRDA:141,13,1,53
BRDA:143,14,0,4
BRDA:143,14,1,50
BRDA:145,15,0,1
BRDA:145,15,1,53
BRDA:145,16,0,54
BRDA:145,16,1,53
BRDA:147,17,0,3
BRDA:147,17,1,51
BRDA:148,18,0,54
BRDA:148,18,1,53
BRDA:148,18,2,6
BRDA:152,19,0,1
BRDA:152,19,1,53
BRDA:154,20,0,1
BRDA:154,20,1,53
BRDA:169,21,0,28
BRDA:169,21,1,3
BRDA:177,22,0,45
BRDA:177,22,1,0
BRDA:177,23,0,45
BRDA:177,23,1,45
BRDA:181,24,0,28
BRDA:181,24,1,17
BRDA:181,25,0,45
BRDA:181,25,1,17
BRDA:182,26,0,4
BRDA:182,26,1,41
BRDA:183,27,0,1
BRDA:183,27,1,44
BRDA:184,28,0,45
BRDA:184,28,1,0
BRDA:187,29,0,2
BRDA:187,29,1,43
BRDA:188,30,0,2
BRDA:188,30,1,1
BRDA:217,31,0,46
BRDA:217,31,1,7
BRDA:218,32,0,10
BRDA:218,32,1,36
BRDA:231,33,0,40
BRDA:231,33,1,62
BRDA:232,34,0,0
BRDA:232,34,1,62
BRDA:232,35,0,62
BRDA:232,35,1,62
BRDA:243,36,0,36
BRDA:243,36,1,32
BRDA:245,37,0,2
BRDA:245,37,1,55
BRDA:245,38,0,57
BRDA:245,38,1,4
BRDA:248,39,0,13
BRDA:248,39,1,42
BRDA:249,40,0,2
BRDA:249,40,1,11
BRDA:262,41,0,4
BRDA:262,41,1,0
BRDA:268,42,0,1
BRDA:268,42,1,48
BRDA:268,43,0,49
BRDA:268,43,1,5
BRDA:268,43,2,5
BRDA:269,44,0,1
BRDA:269,44,1,47
BRDA:269,45,0,48
BRDA:269,45,1,3
BRDA:269,45,2,3
BRDA:271,46,0,3
BRDA:271,46,1,44
BRDA:272,47,0,2
BRDA:272,47,1,1
BRDA:273,48,0,1
BRDA:273,48,1,2
BRDA:274,49,0,1
BRDA:274,49,1,2
BRDA:274,50,0,3
BRDA:274,50,1,2
BRDA:300,51,0,7
BRDA:300,51,1,1
BRDA:304,52,0,1
BRDA:304,52,1,13
BRDA:316,53,0,1
BRDA:316,53,1,0
BRDA:320,54,0,3
BRDA:320,54,1,9
BRDA:321,55,0,9
BRDA:321,55,1,0
BRDA:322,56,0,4
BRDA:322,56,1,10
BRDA:343,57,0,10
BRDA:343,57,1,3
BRDA:345,58,0,1
BRDA:345,58,1,9
BRDA:354,59,0,6
BRDA:354,59,1,0
BRDA:358,60,0,3
BRDA:358,60,1,6
BRDA:362,61,0,6
BRDA:362,61,1,1
BRDA:363,62,0,6
BRDA:363,62,1,0
BRDA:364,63,0,3
BRDA:364,63,1,3
BRDA:452,64,0,17
BRDA:452,64,1,14
BRDA:453,65,0,3
BRDA:453,65,1,11
BRDA:458,66,0,2
BRDA:458,66,1,9
BRDA:463,67,0,4
BRDA:463,67,1,5
BRDA:463,68,0,9
BRDA:463,68,1,8
BRDA:486,69,0,3
BRDA:486,69,1,16
BRDA:486,70,0,19
BRDA:486,70,1,18
BRDA:486,70,2,17
BRDA:505,71,0,3
BRDA:505,71,1,13
BRDA:508,72,0,1
BRDA:508,72,1,2
BRDA:508,73,0,3
BRDA:508,73,1,1
BRDA:514,74,0,3
BRDA:514,74,1,0
BRDA:516,75,0,1
BRDA:516,75,1,2
BRDA:520,76,0,6
BRDA:520,76,1,7
BRDA:526,77,0,2
BRDA:526,77,1,4
BRDA:526,78,0,6
BRDA:526,78,1,2
BRDA:527,79,0,2
BRDA:527,79,1,4
BRDA:527,80,0,6
BRDA:527,80,1,2
BRDA:528,81,0,2
BRDA:528,81,1,4
BRDA:528,82,0,6
BRDA:528,82,1,2
BRDA:529,83,0,2
BRDA:529,83,1,4
BRDA:534,84,0,5
BRDA:534,84,1,2
BRDA:537,85,0,10
BRDA:537,85,1,10
BRDA:543,86,0,2
BRDA:543,86,1,3
BRDA:543,87,0,5
BRDA:543,87,1,4
BRDA:549,88,0,2
BRDA:549,88,1,1
BRDA:553,89,0,1
BRDA:553,89,1,1
BRDA:563,90,0,0
BRDA:563,90,1,2
BRDA:564,91,0,2
BRDA:564,91,1,2
BRDA:564,91,2,2
BRF:190
BRH:178
end_of_record
TN:
SF:scripts/aggregator/pipeline-transit-model.js
FN:94,mulberry32
FN:96,(anonymous_1)
FN:112,deriveProcedureSeed
FN:136,inferCurrentStage
FN:144,(anonymous_4)
FN:145,(anonymous_5)
FN:149,(anonymous_6)
FN:151,(anonymous_7)
FN:152,(anonymous_8)
FN:176,extractTransitionDurations
FN:192,(anonymous_10)
FN:193,(anonymous_11)
FN:197,(anonymous_12)
FN:198,(anonymous_13)
FN:204,(anonymous_14)
FN:205,(anonymous_15)
FN:277,classifyEventStage
FN:313,monteCarloStage
FN:319,(anonymous_18)
FN:328,(anonymous_19)
FN:352,(anonymous_20)
FN:375,computeTransitModel
FN:437,deriveAsOfFromData
FN:471,parseArgs
FN:528,cli
FNF:25
FNH:24
FNDA:55,mulberry32
FNDA:341690,(anonymous_1)
FNDA:36,deriveProcedureSeed
FNDA:141,inferCurrentStage
FNDA:640,(anonymous_4)
FNDA:640,(anonymous_5)
FNDA:640,(anonymous_6)
FNDA:640,(anonymous_7)
FNDA:741,(anonymous_8)
FNDA:10,extractTransitionDurations
FNDA:630,(anonymous_10)
FNDA:630,(anonymous_11)
FNDA:630,(anonymous_12)
FNDA:738,(anonymous_13)
FNDA:630,(anonymous_14)
FNDA:630,(anonymous_15)
FNDA:782,classifyEventStage
FNDA:34,monteCarloStage
FNDA:446,(anonymous_18)
FNDA:437,(anonymous_19)
FNDA:1653502,(anonymous_20)
FNDA:7,computeTransitModel
FNDA:7,deriveAsOfFromData
FNDA:5,parseArgs
FNDA:0,cli
DA:37,1
DA:40,1
DA:43,1
DA:46,1
DA:49,1
DA:52,1
DA:55,1
DA:58,1
DA:61,1
DA:64,1
DA:67,1
DA:74,1
DA:82,1
DA:95,55
DA:96,55
DA:97,341690
DA:98,341690
DA:99,341690
DA:100,341690
DA:113,36
DA:114,36
DA:115,588
DA:116,588
DA:118,36
DA:137,141
DA:138,141
DA:139,4
DA:143,137
DA:144,640
DA:145,640
DA:149,640
DA:151,640
DA:152,741
DA:155,137
DA:156,137
DA:157,137
DA:160,0
DA:177,10
DA:184,10
DA:186,10
DA:187,135
DA:188,135
DA:191,133
DA:192,630
DA:193,630
DA:197,630
DA:198,738
DA:200,133
DA:203,133
DA:204,630
DA:205,630
DA:210,133
DA:215,133
DA:216,133
DA:218,133
DA:219,497
DA:220,497
DA:222,497
DA:224,134
DA:228,363
DA:231,363
DA:232,363
DA:235,497
DA:236,363
DA:240,363
DA:241,363
DA:246,10
DA:247,50
DA:248,50
DA:249,50
DA:252,50
DA:254,50
DA:255,50
DA:258,50
DA:259,50
DA:260,18
DA:262,32
DA:266,10
DA:279,782
DA:280,285
DA:284,497
DA:291,246
DA:293,251
DA:294,124
DA:296,127
DA:297,126
DA:299,1
DA:314,34
DA:315,17
DA:319,446
DA:320,17
DA:321,17
DA:322,17
DA:323,446
DA:324,446
DA:328,437
DA:331,17
DA:332,17
DA:333,170000
DA:335,170000
DA:336,170000
DA:337,170000
DA:338,729146
DA:339,729146
DA:340,334577
DA:342,394569
DA:345,170000
DA:347,170000
DA:348,170000
DA:352,1653502
DA:353,17
DA:354,17
DA:355,17
DA:357,17
DA:376,7
DA:379,7
DA:381,7
DA:386,7
DA:387,7
DA:388,28
DA:389,28
DA:390,28
DA:391,28
DA:392,14
DA:395,14
DA:404,7
DA:406,7
DA:407,132
DA:408,132
DA:409,132
DA:410,132
DA:413,132
DA:414,132
DA:415,168
DA:416,168
DA:419,132
DA:426,7
DA:438,7
DA:440,7
DA:441,132
DA:442,132
DA:443,132
DA:444,620
DA:445,620
DA:446,72
DA:451,7
DA:452,50
DA:453,50
DA:454,0
DA:458,7
DA:472,5
DA:474,5
DA:475,14
DA:476,3
DA:477,11
DA:478,3
DA:479,8
DA:480,3
DA:481,5
DA:482,1
DA:483,1
DA:484,0
DA:485,0
DA:487,1
DA:488,1
DA:489,0
DA:490,0
DA:493,1
DA:494,4
DA:495,2
DA:496,2
DA:497,1
DA:498,1
DA:500,1
DA:501,2
DA:502,2
DA:516,2
DA:520,2
DA:529,0
DA:531,0
DA:532,0
DA:535,0
DA:539,0
DA:540,0
DA:542,0
DA:543,0
DA:544,0
DA:545,0
DA:546,0
DA:547,0
DA:548,0
DA:551,0
DA:552,0
DA:555,0
DA:556,0
DA:557,0
DA:558,0
DA:559,0
DA:560,0
DA:561,0
DA:564,0
DA:565,0
DA:569,0
DA:572,0
DA:573,0
DA:574,0
DA:578,0
DA:579,0
DA:583,1
DA:588,0
LF:210
LH:173
BRDA:137,0,0,141
BRDA:137,0,1,1
BRDA:137,0,2,1
BRDA:138,1,0,4
BRDA:138,1,1,137
BRDA:138,2,0,141
BRDA:138,2,1,141
BRDA:144,3,0,640
BRDA:144,3,1,0
BRDA:144,3,2,0
BRDA:146,4,0,640
BRDA:146,4,1,0
BRDA:146,4,2,0
BRDA:147,5,0,640
BRDA:147,5,1,0
BRDA:147,5,2,0
BRDA:147,5,3,0
BRDA:151,6,0,640
BRDA:151,6,1,628
BRDA:157,7,0,137
BRDA:157,7,1,0
BRDA:187,8,0,135
BRDA:187,8,1,0
BRDA:187,8,2,0
BRDA:188,9,0,2
BRDA:188,9,1,133
BRDA:188,10,0,135
BRDA:188,10,1,135
BRDA:192,11,0,630
BRDA:192,11,1,0
BRDA:192,11,2,0
BRDA:194,12,0,630
BRDA:194,12,1,0
BRDA:194,12,2,0
BRDA:195,13,0,630
BRDA:195,13,1,0
BRDA:195,13,2,0
BRDA:195,13,3,0
BRDA:200,14,0,0
BRDA:200,14,1,133
BRDA:210,15,0,0
BRDA:210,15,1,133
BRDA:220,16,0,0
BRDA:220,16,1,497
BRDA:222,17,0,134
BRDA:222,17,1,363
BRDA:232,18,0,363
BRDA:232,18,1,0
BRDA:232,19,0,0
BRDA:232,19,1,0
BRDA:235,20,0,363
BRDA:235,20,1,134
BRDA:235,21,0,497
BRDA:235,21,1,363
BRDA:235,21,2,363
BRDA:247,22,0,0
BRDA:247,22,1,50
BRDA:247,23,0,50
BRDA:247,23,1,0
BRDA:248,24,0,50
BRDA:248,24,1,0
BRDA:249,25,0,0
BRDA:249,25,1,50
BRDA:252,26,0,0
BRDA:252,26,1,50
BRDA:255,27,0,50
BRDA:255,27,1,0
BRDA:255,28,0,0
BRDA:255,28,1,0
BRDA:258,29,0,50
BRDA:258,29,1,0
BRDA:258,29,2,0
BRDA:258,29,3,0
BRDA:259,30,0,18
BRDA:259,30,1,32
BRDA:259,31,0,50
BRDA:259,31,1,32
BRDA:279,32,0,285
BRDA:279,32,1,497
BRDA:279,33,0,782
BRDA:279,33,1,500
BRDA:279,33,2,497
BRDA:284,34,0,246
BRDA:284,34,1,251
BRDA:285,35,0,497
BRDA:285,35,1,254
BRDA:285,35,2,253
BRDA:285,35,3,252
BRDA:285,35,4,251
BRDA:285,35,5,0
BRDA:293,36,0,124
BRDA:293,36,1,127
BRDA:293,37,0,251
BRDA:293,37,1,128
BRDA:293,37,2,128
BRDA:296,38,0,126
BRDA:296,38,1,1
BRDA:296,39,0,127
BRDA:296,39,1,2
BRDA:296,39,2,1
BRDA:314,40,0,17
BRDA:314,40,1,17
BRDA:314,41,0,34
BRDA:314,41,1,33
BRDA:339,42,0,334577
BRDA:339,42,1,394569
BRDA:376,43,0,7
BRDA:376,43,1,0
BRDA:379,44,0,0
BRDA:379,44,1,7
BRDA:391,45,0,14
BRDA:391,45,1,14
BRDA:399,46,0,14
BRDA:399,46,1,0
BRDA:408,47,0,132
BRDA:408,47,1,0
BRDA:408,47,2,0
BRDA:408,47,3,0
BRDA:441,48,0,132
BRDA:441,48,1,0
BRDA:441,48,2,0
BRDA:442,49,0,0
BRDA:442,49,1,132
BRDA:444,50,0,620
BRDA:444,50,1,0
BRDA:444,50,2,0
BRDA:444,50,3,0
BRDA:445,51,0,72
BRDA:445,51,1,548
BRDA:445,52,0,620
BRDA:445,52,1,620
BRDA:452,53,0,50
BRDA:452,53,1,0
BRDA:452,53,2,0
BRDA:453,54,0,0
BRDA:453,54,1,50
BRDA:453,55,0,50
BRDA:453,55,1,50
BRDA:458,56,0,4
BRDA:458,56,1,3
BRDA:475,57,0,3
BRDA:475,57,1,11
BRDA:475,58,0,14
BRDA:475,58,1,3
BRDA:477,59,0,3
BRDA:477,59,1,8
BRDA:477,60,0,11
BRDA:477,60,1,3
BRDA:479,61,0,3
BRDA:479,61,1,5
BRDA:479,62,0,8
BRDA:479,62,1,3
BRDA:481,63,0,1
BRDA:481,63,1,4
BRDA:481,64,0,5
BRDA:481,64,1,1
BRDA:483,65,0,0
BRDA:483,65,1,1
BRDA:488,66,0,0
BRDA:488,66,1,1
BRDA:494,67,0,2
BRDA:494,67,1,2
BRDA:494,68,0,4
BRDA:494,68,1,2
BRDA:496,69,0,1
BRDA:496,69,1,1
BRDA:501,70,0,2
BRDA:501,70,1,0
BRDA:501,71,0,2
BRDA:501,71,1,1
BRDA:531,72,0,0
BRDA:531,72,1,0
BRDA:531,73,0,0
BRDA:531,73,1,0
BRDA:531,73,2,0
BRDA:545,74,0,0
BRDA:545,74,1,0
BRDA:545,75,0,0
BRDA:545,75,1,0
BRDA:545,75,2,0
BRDA:545,75,3,0
BRDA:546,76,0,0
BRDA:546,76,1,0
BRDA:558,77,0,0
BRDA:558,77,1,0
BRDA:558,78,0,0
BRDA:558,78,1,0
BRDA:558,78,2,0
BRDA:558,78,3,0
BRDA:558,78,4,0
BRDA:559,79,0,0
BRDA:559,79,1,0
BRDA:573,80,0,0
BRDA:573,80,1,0
BRDA:583,81,0,0
BRDA:583,81,1,1
BRDA:584,82,0,1
BRDA:584,82,1,1
BRDA:584,82,2,1
BRF:199
BRH:121
end_of_record
TN:
SF:scripts/aggregator/prior-run-diff.js
FN:99,usage
FN:117,parseArgs
FN:138,safeReadJson
FN:146,loadThresholds
FN:154,countLines
FN:159,hasPlaceholders
FN:161,(anonymous_6)
FN:164,hasMermaid
FN:168,isDiagramRequired
FN:187,classifyArtifact
FN:220,buildPriorRunDiff
FN:313,collectArtifactPaths
FN:323,addArtifactPaths
FN:360,main
FNF:14
FNH:10
FNDA:0,usage
FNDA:0,parseArgs
FNDA:19,safeReadJson
FNDA:0,loadThresholds
FNDA:37,countLines
FNDA:35,hasPlaceholders
FNDA:165,(anonymous_6)
FNDA:18,hasMermaid
FNDA:32,isDiagramRequired
FNDA:51,classifyArtifact
FNDA:19,buildPriorRunDiff
FNDA:14,collectArtifactPaths
FNDA:35,addArtifactPaths
FNDA:0,main
DA:79,2
DA:80,2
DA:81,2
DA:85,2
DA:87,2
DA:95,2
DA:100,0
DA:113,0
DA:114,0
DA:118,0
DA:119,0
DA:120,0
DA:121,0
DA:122,0
DA:123,0
DA:124,0
DA:125,0
DA:126,0
DA:127,0
DA:128,0
DA:129,0
DA:131,0
DA:134,0
DA:135,0
DA:139,19
DA:140,19
DA:142,1
DA:147,0
DA:150,0
DA:151,0
DA:155,37
DA:156,37
DA:160,35
DA:161,165
DA:165,18
DA:169,32
DA:170,22
DA:171,22
DA:172,32
DA:188,51
DA:189,51
DA:190,14
DA:192,37
DA:193,37
DA:195,37
DA:196,2
DA:198,35
DA:199,3
DA:201,32
DA:202,4
DA:204,28
DA:221,19
DA:222,19
DA:224,19
DA:226,19
DA:232,19
DA:233,1
DA:244,18
DA:245,19
DA:246,4
DA:258,14
DA:259,14
DA:261,19
DA:262,19
DA:266,19
DA:268,19
DA:269,19
DA:271,19
DA:272,37
DA:273,37
DA:274,37
DA:275,23
DA:276,23
DA:285,14
DA:294,14
DA:314,14
DA:324,35
DA:325,17
DA:326,17
DA:329,18
DA:330,12
DA:331,7
DA:334,11
DA:335,2
DA:338,9
DA:339,4
DA:342,9
DA:343,12
DA:344,8
DA:349,14
DA:350,14
DA:351,14
DA:352,15
DA:355,14
DA:361,0
DA:362,0
DA:364,0
DA:365,0
DA:366,0
DA:373,0
DA:374,0
DA:375,0
DA:377,0
DA:378,0
DA:384,2
DA:385,2
DA:387,2
DA:388,0
LF:108
LH:76
BRDA:99,0,0,0
BRDA:119,1,0,0
BRDA:119,1,1,0
BRDA:123,2,0,0
BRDA:123,2,1,0
BRDA:123,3,0,0
BRDA:123,3,1,0
BRDA:124,4,0,0
BRDA:124,4,1,0
BRDA:126,5,0,0
BRDA:126,5,1,0
BRDA:128,6,0,0
BRDA:128,6,1,0
BRDA:134,7,0,0
BRDA:134,7,1,0
BRDA:147,8,0,0
BRDA:147,8,1,0
BRDA:150,9,0,0
BRDA:150,9,1,0
BRDA:155,10,0,0
BRDA:155,10,1,37
BRDA:160,11,0,1
BRDA:160,11,1,34
BRDA:169,12,0,10
BRDA:169,12,1,22
BRDA:169,13,0,32
BRDA:169,13,1,32
BRDA:171,14,0,10
BRDA:171,14,1,12
BRDA:189,15,0,14
BRDA:189,15,1,37
BRDA:195,16,0,2
BRDA:195,16,1,35
BRDA:198,17,0,3
BRDA:198,17,1,32
BRDA:201,18,0,4
BRDA:201,18,1,28
BRDA:201,19,0,32
BRDA:201,19,1,18
BRDA:226,20,0,19
BRDA:226,20,1,3
BRDA:226,20,2,3
BRDA:226,20,3,2
BRDA:226,20,4,1
BRDA:232,21,0,1
BRDA:232,21,1,18
BRDA:244,22,0,17
BRDA:244,22,1,1
BRDA:245,23,0,4
BRDA:245,23,1,15
BRDA:259,24,0,14
BRDA:259,24,1,0
BRDA:261,25,0,19
BRDA:261,25,1,3
BRDA:262,26,0,19
BRDA:262,26,1,3
BRDA:272,27,0,37
BRDA:272,27,1,9
BRDA:274,28,0,23
BRDA:274,28,1,14
BRDA:324,29,0,17
BRDA:324,29,1,18
BRDA:329,30,0,7
BRDA:329,30,1,11
BRDA:334,31,0,2
BRDA:334,31,1,9
BRDA:334,32,0,11
BRDA:334,32,1,10
BRDA:338,33,0,4
BRDA:338,33,1,5
BRDA:343,34,0,8
BRDA:343,34,1,4
BRDA:350,35,0,14
BRDA:350,35,1,0
BRDA:350,36,0,14
BRDA:350,36,1,14
BRDA:364,37,0,0
BRDA:364,37,1,0
BRDA:364,38,0,0
BRDA:364,38,1,0
BRDA:385,39,0,2
BRDA:385,39,1,0
BRDA:387,40,0,0
BRDA:387,40,1,2
BRF:84
BRH:56
end_of_record
TN:
SF:scripts/templates/sync-template-frontmatter.js
FN:128,loadDepthFloors
FN:161,loadCatalogMap
FN:177,(anonymous_2)
FN:209,stripCellNoise
FN:256,buildFrontmatterBlock
FN:293,applyFrontmatter
FN:339,listTemplateFiles
FN:342,(anonymous_7)
FN:343,(anonymous_8)
FN:347,main
FNF:10
FNH:3
FNDA:0,loadDepthFloors
FNDA:0,loadCatalogMap
FNDA:0,(anonymous_2)
FNDA:7,stripCellNoise
FNDA:12,buildFrontmatterBlock
FNDA:7,applyFrontmatter
FNDA:0,listTemplateFiles
FNDA:0,(anonymous_7)
FNDA:0,(anonymous_8)
FNDA:0,main
DA:46,1
DA:47,1
DA:48,1
DA:49,1
DA:50,1
DA:52,1
DA:53,1
DA:56,1
DA:60,1
DA:129,0
DA:130,0
DA:134,0
DA:135,0
DA:136,0
DA:137,0
DA:138,0
DA:139,0
DA:140,0
DA:141,0
DA:142,0
DA:144,0
DA:148,0
DA:162,0
DA:163,0
DA:164,0
DA:165,0
DA:166,0
DA:168,0
DA:171,0
DA:172,0
DA:173,0
DA:177,0
DA:185,0
DA:186,0
DA:189,0
DA:190,0
DA:195,0
DA:199,0
DA:200,0
DA:206,0
DA:210,7
DA:220,1
DA:257,12
DA:258,12
DA:272,1
DA:276,1
DA:295,7
DA:299,7
DA:300,7
DA:305,7
DA:306,7
DA:307,7
DA:308,7
DA:309,45
DA:310,11
DA:314,7
DA:316,1
DA:320,6
DA:321,6
DA:322,6
DA:325,6
DA:326,6
DA:328,6
DA:329,7
DA:340,0
DA:342,0
DA:343,0
DA:348,0
DA:349,0
DA:351,0
DA:352,0
DA:354,0
DA:355,0
DA:356,0
DA:358,0
DA:359,0
DA:360,0
DA:362,0
DA:363,0
DA:364,0
DA:365,0
DA:366,0
DA:368,0
DA:370,0
DA:371,0
DA:372,0
DA:373,0
DA:374,0
DA:375,0
DA:380,0
DA:381,0
DA:382,0
DA:385,0
DA:387,0
DA:388,0
DA:391,0
DA:401,1
DA:402,0
LF:98
LH:34
BRDA:134,0,0,0
BRDA:134,0,1,0
BRDA:139,1,0,0
BRDA:139,1,1,0
BRDA:140,2,0,0
BRDA:140,2,1,0
BRDA:142,3,0,0
BRDA:142,3,1,0
BRDA:166,4,0,0
BRDA:166,4,1,0
BRDA:168,5,0,0
BRDA:168,5,1,0
BRDA:172,6,0,0
BRDA:172,6,1,0
BRDA:185,7,0,0
BRDA:185,7,1,0
BRDA:186,8,0,0
BRDA:186,8,1,0
BRDA:190,9,0,0
BRDA:190,9,1,0
BRDA:195,10,0,0
BRDA:195,10,1,0
BRDA:195,11,0,0
BRDA:195,11,1,0
BRDA:199,12,0,0
BRDA:199,12,1,0
BRDA:261,13,0,12
BRDA:261,13,1,3
BRDA:263,14,0,11
BRDA:263,14,1,1
BRDA:264,15,0,12
BRDA:264,15,1,3
BRDA:309,16,0,11
BRDA:309,16,1,34
BRDA:314,17,0,1
BRDA:314,17,1,6
BRDA:321,18,0,6
BRDA:321,18,1,0
BRDA:321,19,0,6
BRDA:321,19,1,6
BRDA:328,20,0,6
BRDA:328,20,1,0
BRDA:362,21,0,0
BRDA:362,21,1,0
BRDA:363,22,0,0
BRDA:363,22,1,0
BRDA:364,23,0,0
BRDA:364,23,1,0
BRDA:364,23,2,0
BRDA:365,24,0,0
BRDA:365,24,1,0
BRDA:365,24,2,0
BRDA:370,25,0,0
BRDA:370,25,1,0
BRDA:372,26,0,0
BRDA:372,26,1,0
BRDA:375,27,0,0
BRDA:375,27,1,0
BRDA:380,28,0,0
BRDA:380,28,1,0
BRDA:381,29,0,0
BRDA:381,29,1,0
BRDA:401,30,0,0
BRDA:401,30,1,1
BRF:64
BRH:15
end_of_record
TN:
SF:src/aggregator/analysis-aggregator.ts
FN:96,isExcludedArtifact
FN:109,collectRunArtifacts
FN:112,(anonymous_2)
FN:140,renderArtifactFragment
FN:174,shouldSuppressFragmentHeader
FN:187,namespacedSectionId
FN:205,appendSection
FN:251,aggregateAnalysisRun
FN:265,(anonymous_8)
FN:313,(anonymous_9)
FNF:10
FNH:10
FNDA:135,isExcludedArtifact
FNDA:49,collectRunArtifacts
FNDA:180,(anonymous_2)
FNDA:131,renderArtifactFragment
FNDA:131,shouldSuppressFragmentHeader
FNDA:180,namespacedSectionId
FNDA:931,appendSection
FNDA:50,aggregateAnalysisRun
FNDA:234,(anonymous_8)
FNDA:131,(anonymous_9)
DA:97,135
DA:98,135
DA:110,49
DA:111,49
DA:112,49
DA:113,180
DA:114,180
DA:115,319
DA:116,319
DA:117,319
DA:118,131
DA:119,131
DA:120,188
DA:121,131
DA:125,49
DA:126,49
DA:148,131
DA:149,131
DA:150,131
DA:151,131
DA:152,131
DA:156,131
DA:157,131
DA:158,131
DA:159,131
DA:164,131
DA:175,131
DA:176,131
DA:177,131
DA:178,131
DA:179,131
DA:184,14
DA:188,180
DA:216,931
DA:217,131
DA:218,131
DA:219,131
DA:220,131
DA:221,131
DA:229,131
DA:230,131
DA:231,131
DA:233,131
DA:234,131
DA:235,131
DA:236,131
DA:237,131
DA:252,50
DA:253,50
DA:254,1
DA:256,49
DA:257,49
DA:258,49
DA:259,49
DA:261,49
DA:262,49
DA:263,49
DA:266,234
DA:272,49
DA:274,49
DA:275,49
DA:276,49
DA:277,49
DA:278,49
DA:279,49
DA:281,49
DA:282,49
DA:283,49
DA:284,49
DA:285,49
DA:298,49
DA:299,882
DA:300,882
DA:313,131
DA:314,49
DA:315,0
DA:326,0
DA:329,49
DA:330,50
DA:331,50
DA:332,50
DA:333,50
DA:334,50
DA:336,50
DA:337,50
DA:345,50
DA:346,50
DA:347,50
DA:348,50
DA:351,50
DA:355,50
DA:356,49
DA:360,49
DA:362,49
DA:363,3
DA:368,49
DA:369,49
DA:371,49
DA:390,50
LF:99
LH:97
BRDA:97,0,0,0
BRDA:97,0,1,135
BRDA:98,1,0,135
BRDA:98,1,1,4
BRDA:111,2,0,0
BRDA:111,2,1,49
BRDA:116,3,0,131
BRDA:116,3,1,188
BRDA:117,4,0,131
BRDA:117,4,1,188
BRDA:118,5,0,0
BRDA:118,5,1,131
BRDA:118,6,0,131
BRDA:118,6,1,131
BRDA:118,6,2,131
BRDA:120,7,0,131
BRDA:120,7,1,57
BRDA:120,8,0,188
BRDA:120,8,1,188
BRDA:120,8,2,135
BRDA:149,9,0,0
BRDA:149,9,1,131
BRDA:156,10,0,131
BRDA:156,10,1,0
BRDA:157,11,0,80
BRDA:157,11,1,51
BRDA:175,12,0,0
BRDA:175,12,1,131
BRDA:177,13,0,0
BRDA:177,13,1,131
BRDA:178,14,0,131
BRDA:178,14,1,0
BRDA:216,15,0,800
BRDA:216,15,1,131
BRDA:229,16,0,0
BRDA:229,16,1,131
BRDA:233,17,0,0
BRDA:233,17,1,131
BRDA:253,18,0,1
BRDA:253,18,1,49
BRDA:258,19,0,49
BRDA:258,19,1,0
BRDA:266,20,0,234
BRDA:266,20,1,234
BRDA:266,20,2,234
BRDA:266,20,3,234
BRDA:283,21,0,49
BRDA:283,21,1,0
BRDA:314,22,0,0
BRDA:314,22,1,49
BRDA:329,23,0,49
BRDA:329,23,1,49
BRDA:331,24,0,50
BRDA:331,24,1,0
BRDA:351,25,0,31
BRDA:351,25,1,18
BRDA:351,26,0,50
BRDA:351,26,1,49
BRDA:352,27,0,49
BRDA:352,27,1,0
BRDA:355,28,0,49
BRDA:355,28,1,1
BRDA:362,29,0,3
BRDA:362,29,1,46
BRDA:376,30,0,49
BRDA:376,30,1,0
BRDA:377,31,0,3
BRDA:377,31,1,46
BRF:68
BRH:52
end_of_record
TN:
SF:src/aggregator/article-generator.ts
FN:70,main
FN:97,(anonymous_1)
FN:108,(anonymous_2)
FNF:3
FNH:1
FNDA:0,main
FNDA:6,(anonymous_1)
FNDA:0,(anonymous_2)
DA:71,0
DA:72,0
DA:73,0
DA:74,0
DA:75,0
DA:76,0
DA:77,0
DA:78,0
DA:79,0
DA:80,0
DA:84,0
DA:87,0
DA:89,0
DA:90,0
DA:93,0
DA:97,6
DA:98,6
DA:99,6
DA:100,6
DA:101,6
DA:103,0
DA:107,6
DA:108,0
DA:109,0
DA:110,0
DA:111,0
LF:26
LH:6
BRDA:70,0,0,0
BRDA:71,1,0,0
BRDA:71,1,1,0
BRDA:73,2,0,0
BRDA:73,2,1,0
BRDA:99,3,0,0
BRDA:99,3,1,6
BRDA:107,4,0,0
BRDA:107,4,1,6
BRDA:109,5,0,0
BRDA:109,5,1,0
BRF:11
BRH:2
end_of_record
TN:
SF:src/aggregator/article-html.ts
FNF:0
FNH:0
LF:0
LH:0
BRF:0
BRH:0
end_of_record
TN:
SF:src/aggregator/article-meta.ts
FN:119,dedupeItems
FN:124,(anonymous_1)
FN:138,extractMacroLeadParagraph
FN:144,(anonymous_3)
FN:169,(anonymous_4)
FN:188,(anonymous_5)
FN:210,extractTopRisks
FN:235,extractKeyDates
FN:243,(anonymous_8)
FN:243,(anonymous_9)
FN:256,extractKeyActors
FN:280,extractMacroContext
FN:295,extractKeyTakeaways
FN:303,(anonymous_13)
FN:316,buildArticleMeta
FN:351,computeSources
FN:369,(anonymous_16)
FN:380,serializeArticleMeta
FNF:18
FNH:17
FNDA:74,dedupeItems
FNDA:84,(anonymous_1)
FNDA:3,extractMacroLeadParagraph
FNDA:6,(anonymous_3)
FNDA:0,(anonymous_4)
FNDA:18,(anonymous_5)
FNDA:37,extractTopRisks
FNDA:37,extractKeyDates
FNDA:6,(anonymous_8)
FNDA:6,(anonymous_9)
FNDA:37,extractKeyActors
FNDA:37,extractMacroContext
FNDA:37,extractKeyTakeaways
FNDA:75,(anonymous_13)
FNDA:36,buildArticleMeta
FNDA:36,computeSources
FNDA:540,(anonymous_16)
FNDA:35,serializeArticleMeta
DA:93,8
DA:97,8
DA:100,8
DA:120,74
DA:121,74
DA:122,74
DA:123,81
DA:124,84
DA:125,81
DA:127,74
DA:139,3
DA:140,3
DA:141,3
DA:142,3
DA:144,3
DA:145,6
DA:146,3
DA:147,3
DA:148,3
DA:149,3
DA:150,3
DA:151,3
DA:152,3
DA:154,3
DA:157,3
DA:158,6
DA:159,6
DA:160,0
DA:161,0
DA:163,6
DA:164,6
DA:165,6
DA:166,3
DA:167,3
DA:170,0
DA:177,0
DA:179,3
DA:180,3
DA:181,3
DA:183,3
DA:185,3
DA:186,3
DA:189,18
DA:196,3
DA:198,0
DA:211,37
DA:216,37
DA:217,105
DA:218,105
DA:219,11
DA:220,11
DA:221,11
DA:223,34
DA:236,37
DA:242,37
DA:243,37
DA:244,37
DA:257,37
DA:262,37
DA:263,63
DA:264,63
DA:265,40
DA:266,40
DA:267,40
DA:269,13
DA:281,37
DA:282,37
DA:283,3
DA:284,3
DA:285,3
DA:296,37
DA:302,37
DA:303,75
DA:304,37
DA:305,37
DA:306,24
DA:317,36
DA:318,36
DA:319,36
DA:320,36
DA:321,36
DA:322,36
DA:323,36
DA:324,36
DA:325,36
DA:326,36
DA:352,36
DA:369,540
DA:381,35
LF:89
LH:84
BRDA:123,0,0,0
BRDA:123,0,1,81
BRDA:125,1,0,81
BRDA:125,1,1,0
BRDA:146,2,0,3
BRDA:146,2,1,0
BRDA:147,3,0,0
BRDA:147,3,1,3
BRDA:147,4,0,3
BRDA:147,4,1,3
BRDA:147,4,2,3
BRDA:148,5,0,0
BRDA:148,5,1,3
BRDA:149,6,0,0
BRDA:149,6,1,3
BRDA:150,7,0,0
BRDA:150,7,1,3
BRDA:151,8,0,0
BRDA:151,8,1,3
BRDA:158,9,0,6
BRDA:158,9,1,0
BRDA:159,10,0,0
BRDA:159,10,1,6
BRDA:163,11,0,0
BRDA:163,11,1,6
BRDA:165,12,0,3
BRDA:165,12,1,3
BRDA:167,13,0,0
BRDA:167,13,1,3
BRDA:168,14,0,3
BRDA:168,14,1,0
BRDA:179,15,0,3
BRDA:179,15,1,0
BRDA:186,16,0,3
BRDA:186,16,1,0
BRDA:187,17,0,3
BRDA:187,17,1,3
BRDA:218,18,0,94
BRDA:218,18,1,11
BRDA:221,19,0,3
BRDA:221,19,1,8
BRDA:264,20,0,23
BRDA:264,20,1,40
BRDA:267,21,0,24
BRDA:267,21,1,16
BRDA:282,22,0,34
BRDA:282,22,1,3
BRDA:305,23,0,13
BRDA:305,23,1,24
BRF:49
BRH:34
end_of_record
TN:
SF:src/aggregator/article-metadata.ts
FN:154,resolveArticleMetadata
FN:212,resolveOneLanguage
FN:278,resolvePerLanguageEditorial
FNF:3
FNH:3
FNDA:51,resolveArticleMetadata
FNDA:714,resolveOneLanguage
FNDA:714,resolvePerLanguageEditorial
DA:155,51
DA:156,51
DA:157,51
DA:158,51
DA:160,51
DA:165,51
DA:166,714
DA:176,714
DA:184,51
DA:213,714
DA:214,714
DA:216,714
DA:217,714
DA:219,714
DA:224,714
DA:226,714
DA:233,714
DA:243,714
DA:244,714
DA:246,714
DA:249,714
DA:252,714
DA:254,714
DA:286,714
DA:287,481
DA:293,481
DA:294,3
DA:304,711
DA:305,655
DA:310,56
LF:30
LH:30
BRDA:155,0,0,51
BRDA:155,0,1,14
BRDA:158,1,0,51
BRDA:158,1,1,17
BRDA:233,2,0,567
BRDA:233,2,1,147
BRDA:246,3,0,16
BRDA:246,3,1,698
BRDA:248,4,0,698
BRDA:248,4,1,698
BRDA:252,5,0,18
BRDA:252,5,1,696
BRDA:252,6,0,714
BRDA:252,6,1,696
BRDA:286,7,0,481
BRDA:286,7,1,233
BRDA:286,8,0,714
BRDA:286,8,1,663
BRDA:293,9,0,3
BRDA:293,9,1,478
BRDA:293,10,0,481
BRDA:293,10,1,3
BRDA:293,10,2,0
BRDA:304,11,0,655
BRDA:304,11,1,56
BRDA:304,12,0,711
BRDA:304,12,1,56
BRDA:307,13,0,47
BRDA:307,13,1,608
BRF:29
BRH:28
end_of_record
TN:
SF:src/aggregator/artifact-order.ts
FNF:0
FNH:0
DA:51,15
DA:236,15
DA:239,15
DA:244,15
DA:247,15
DA:253,15
DA:256,15
LF:7
LH:7
BRF:0
BRH:0
end_of_record
TN:
SF:src/aggregator/editorial-brief-resolver.ts
FN:88,localizedBriefCandidates
FN:118,readArtefactBody
FN:159,findCommentClose
FN:177,deriveHeadline
FN:210,resolveLocalizedBriefHighlight
FN:255,discoverLocalizedBriefs
FNF:6
FNH:6
FNDA:494,localizedBriefCandidates
FNDA:10,readArtefactBody
FNDA:1,findCommentClose
FNDA:9,deriveHeadline
FNDA:491,resolveLocalizedBriefHighlight
FNDA:3,discoverLocalizedBriefs
DA:89,494
DA:90,493
DA:120,10
DA:121,10
DA:123,0
DA:125,10
DA:126,10
DA:127,10
DA:128,13
DA:129,13
DA:130,2
DA:131,2
DA:133,11
DA:134,1
DA:135,1
DA:137,10
DA:139,1
DA:140,1
DA:141,1
DA:142,1
DA:144,9
DA:146,10
DA:160,1
DA:161,4
DA:163,0
DA:178,9
DA:179,9
DA:180,9
DA:181,7
DA:183,2
DA:184,2
DA:185,1
DA:187,1
DA:216,491
DA:217,490
DA:219,489
DA:220,971
DA:221,971
DA:223,10
DA:224,10
DA:226,9
DA:227,9
DA:228,9
DA:229,971
DA:231,971
DA:232,9
DA:242,480
DA:259,3
DA:260,2
DA:261,2
DA:262,5
DA:263,3
DA:264,5
DA:265,5
DA:266,2
DA:267,2
DA:271,2
LF:57
LH:55
BRDA:89,0,0,1
BRDA:89,0,1,493
BRDA:128,1,0,13
BRDA:128,1,1,0
BRDA:129,2,0,2
BRDA:129,2,1,11
BRDA:133,3,0,1
BRDA:133,3,1,10
BRDA:133,4,0,11
BRDA:133,4,1,2
BRDA:133,4,2,1
BRDA:137,5,0,1
BRDA:137,5,1,9
BRDA:140,6,0,0
BRDA:140,6,1,1
BRDA:161,7,0,1
BRDA:161,7,1,3
BRDA:161,8,0,4
BRDA:161,8,1,0
BRDA:179,9,0,0
BRDA:179,9,1,9
BRDA:180,10,0,7
BRDA:180,10,1,2
BRDA:184,11,0,1
BRDA:184,11,1,1
BRDA:184,12,0,2
BRDA:184,12,1,1
BRDA:216,13,0,1
BRDA:216,13,1,490
BRDA:217,14,0,1
BRDA:217,14,1,489
BRDA:217,15,0,490
BRDA:217,15,1,490
BRDA:221,16,0,961
BRDA:221,16,1,10
BRDA:224,17,0,1
BRDA:224,17,1,9
BRDA:228,18,0,9
BRDA:228,18,1,4
BRDA:231,19,0,9
BRDA:231,19,1,962
BRDA:231,20,0,971
BRDA:231,20,1,1
BRDA:259,21,0,1
BRDA:259,21,1,2
BRDA:259,22,0,3
BRDA:259,22,1,3
BRDA:262,23,0,2
BRDA:262,23,1,3
BRDA:265,24,0,2
BRDA:265,24,1,3
BRF:51
BRH:47
end_of_record
TN:
SF:src/aggregator/key-takeaways.ts
FN:94,handleHeading
FN:101,(anonymous_1)
FN:113,recordBullet
FN:127,extractStrongBullets
FN:165,jaccardSimilarity
FN:166,(anonymous_5)
FN:172,(anonymous_6)
FN:194,dedupeTakeaways
FN:199,(anonymous_8)
FN:215,harvestCandidates
FN:235,buildKeyTakeaways
FN:240,(anonymous_11)
FNF:12
FNH:12
FNDA:448,handleHeading
FNDA:2243,(anonymous_1)
FNDA:194,recordBullet
FNDA:156,extractStrongBullets
FNDA:106,jaccardSimilarity
FNDA:212,(anonymous_5)
FNDA:2278,(anonymous_6)
FNDA:56,dedupeTakeaways
FNDA:19,(anonymous_8)
FNDA:129,harvestCandidates
FNDA:54,buildKeyTakeaways
FNDA:13,(anonymous_11)
DA:31,17
DA:33,17
DA:36,17
DA:38,17
DA:60,17
DA:66,17
DA:95,448
DA:101,2243
DA:102,448
DA:114,194
DA:115,104
DA:128,156
DA:135,156
DA:136,2955
DA:137,2955
DA:138,196
DA:139,196
DA:141,2759
DA:142,2267
DA:143,2267
DA:144,448
DA:145,448
DA:147,1819
DA:148,1819
DA:149,195
DA:150,194
DA:151,2955
DA:152,194
DA:154,156
DA:166,106
DA:167,212
DA:172,2278
DA:174,106
DA:175,106
DA:176,106
DA:177,106
DA:178,757
DA:179,106
DA:180,106
DA:184,17
DA:195,56
DA:196,56
DA:197,20
DA:198,20
DA:199,19
DA:201,20
DA:203,56
DA:216,129
DA:217,129
DA:218,405
DA:219,405
DA:220,100
DA:221,100
DA:222,96
DA:225,129
DA:236,54
DA:237,54
DA:238,54
DA:239,54
DA:240,13
DA:241,4
LF:61
LH:61
BRDA:114,0,0,90
BRDA:114,0,1,104
BRDA:115,1,0,94
BRDA:115,1,1,10
BRDA:136,2,0,2955
BRDA:136,2,1,0
BRDA:137,3,0,196
BRDA:137,3,1,2759
BRDA:141,4,0,492
BRDA:141,4,1,2267
BRDA:143,5,0,448
BRDA:143,5,1,1819
BRDA:144,6,0,448
BRDA:144,6,1,0
BRDA:148,7,0,1624
BRDA:148,7,1,195
BRDA:149,8,0,1
BRDA:149,8,1,194
BRDA:150,9,0,194
BRDA:150,9,1,0
BRDA:151,10,0,0
BRDA:151,10,1,2955
BRDA:154,11,0,30
BRDA:154,11,1,126
BRDA:176,12,0,0
BRDA:176,12,1,106
BRDA:176,13,0,106
BRDA:176,13,1,106
BRDA:178,14,0,20
BRDA:178,14,1,737
BRDA:180,15,0,0
BRDA:180,15,1,106
BRDA:197,16,0,0
BRDA:197,16,1,20
BRDA:201,17,0,18
BRDA:201,17,1,2
BRDA:219,18,0,305
BRDA:219,18,1,100
BRDA:236,19,0,54
BRDA:236,19,1,54
BRDA:239,20,0,50
BRDA:239,20,1,4
BRF:42
BRH:35
end_of_record
TN:
SF:src/aggregator/lead-extractor.ts
FN:68,splitSections
FN:73,(anonymous_1)
FN:110,classifyParagraphLine
FN:126,firstProseParagraph
FN:148,extractLeadParagraph
FN:151,(anonymous_5)
FN:172,trimToLeadSentence
FN:192,extractExecutiveLead
FNF:8
FNH:8
FNDA:34,splitSections
FNDA:136,(anonymous_1)
FNDA:87,classifyParagraphLine
FNDA:35,firstProseParagraph
FNDA:34,extractLeadParagraph
FNDA:426,(anonymous_5)
FNDA:37,trimToLeadSentence
FNDA:39,extractExecutiveLead
DA:32,9
DA:35,9
DA:42,9
DA:69,34
DA:70,34
DA:71,34
DA:72,34
DA:73,34
DA:74,136
DA:75,136
DA:77,34
DA:78,931
DA:79,931
DA:80,44
DA:81,44
DA:83,887
DA:84,823
DA:85,823
DA:86,102
DA:87,102
DA:93,102
DA:95,721
DA:97,34
DA:98,34
DA:111,87
DA:112,35
DA:113,34
DA:114,34
DA:115,34
DA:116,34
DA:127,35
DA:128,35
DA:129,87
DA:130,87
DA:131,87
DA:132,24
DA:134,63
DA:136,11
DA:149,34
DA:150,34
DA:151,426
DA:152,94
DA:153,28
DA:154,28
DA:156,6
DA:157,7
DA:158,7
DA:159,7
DA:160,7
DA:162,0
DA:173,37
DA:174,37
DA:175,35
DA:176,35
DA:177,37
DA:178,2
DA:179,2
DA:180,2
DA:181,37
DA:196,39
DA:197,90
DA:198,90
DA:199,29
DA:200,29
DA:201,29
DA:202,29
DA:204,10
LF:67
LH:66
BRDA:78,0,0,931
BRDA:78,0,1,0
BRDA:79,1,0,44
BRDA:79,1,1,887
BRDA:83,2,0,64
BRDA:83,2,1,823
BRDA:85,3,0,102
BRDA:85,3,1,721
BRDA:87,4,0,102
BRDA:87,4,1,0
BRDA:111,5,0,52
BRDA:111,5,1,35
BRDA:112,6,0,1
BRDA:112,6,1,34
BRDA:113,7,0,0
BRDA:113,7,1,34
BRDA:114,8,0,0
BRDA:114,8,1,34
BRDA:115,9,0,0
BRDA:115,9,1,34
BRDA:129,10,0,87
BRDA:129,10,1,0
BRDA:131,11,0,24
BRDA:131,11,1,63
BRDA:131,12,0,87
BRDA:131,12,1,52
BRDA:134,13,0,34
BRDA:134,13,1,29
BRDA:136,14,0,10
BRDA:136,14,1,1
BRDA:152,15,0,66
BRDA:152,15,1,28
BRDA:154,16,0,28
BRDA:154,16,1,0
BRDA:158,17,0,0
BRDA:158,17,1,7
BRDA:160,18,0,6
BRDA:160,18,1,1
BRDA:174,19,0,2
BRDA:174,19,1,35
BRDA:176,20,0,35
BRDA:176,20,1,12
BRDA:177,21,0,33
BRDA:177,21,1,4
BRDA:180,22,0,1
BRDA:180,22,1,1
BRDA:194,23,0,39
BRDA:198,24,0,61
BRDA:198,24,1,29
BRDA:202,25,0,29
BRDA:202,25,1,0
BRF:51
BRH:42
end_of_record
TN:
SF:src/aggregator/markdown-renderer.ts
FN:66,buildMarkdownIt
FN:95,stripMarkdownFrontMatter
FN:108,slugify
FN:139,isQuadrantChartBlock
FN:170,quoteMermaidLabel
FN:194,rewriteQuadrantChartLine
FN:256,sanitizeMermaidQuadrantChart
FN:262,(anonymous_7)
FN:290,installMermaidFence
FN:293,(anonymous_9)
FN:295,(anonymous_10)
FN:303,(anonymous_11)
FN:320,installTableWrapper
FN:323,(anonymous_13)
FN:326,(anonymous_14)
FN:327,(anonymous_15)
FN:329,(anonymous_16)
FN:340,installImageLazyLoading
FN:343,(anonymous_18)
FN:344,(anonymous_19)
FN:361,renderMarkdown
FN:380,escapeUppercasePlaceholders
FN:390,harvestToc
FN:412,countMermaidTokens
FNF:24
FNH:22
FNDA:38,buildMarkdownIt
FNDA:37,stripMarkdownFrontMatter
FNDA:124,slugify
FNDA:45,isQuadrantChartBlock
FNDA:91,quoteMermaidLabel
FNDA:98,rewriteQuadrantChartLine
FNDA:45,sanitizeMermaidQuadrantChart
FNDA:107,(anonymous_7)
FNDA:38,installMermaidFence
FNDA:0,(anonymous_9)
FNDA:36,(anonymous_10)
FNDA:32,(anonymous_11)
FNDA:38,installTableWrapper
FNDA:42,(anonymous_13)
FNDA:42,(anonymous_14)
FNDA:42,(anonymous_15)
FNDA:42,(anonymous_16)
FNDA:38,installImageLazyLoading
FNDA:0,(anonymous_18)
FNDA:3,(anonymous_19)
FNDA:36,renderMarkdown
FNDA:36,escapeUppercasePlaceholders
FNDA:36,harvestToc
FNDA:36,countMermaidTokens
DA:67,38
DA:73,38
DA:78,38
DA:79,38
DA:80,38
DA:81,38
DA:82,38
DA:83,38
DA:84,38
DA:96,37
DA:97,17
DA:98,17
DA:99,17
DA:109,124
DA:140,45
DA:141,45
DA:142,69
DA:143,69
DA:144,69
DA:145,3
DA:146,3
DA:148,66
DA:149,21
DA:150,21
DA:152,45
DA:153,45
DA:155,0
DA:171,91
DA:172,91
DA:173,91
DA:174,20
DA:176,71
DA:177,71
DA:195,98
DA:196,98
DA:197,16
DA:199,82
DA:200,82
DA:201,0
DA:203,82
DA:204,82
DA:205,44
DA:207,38
DA:208,38
DA:209,15
DA:210,15
DA:211,15
DA:212,15
DA:213,15
DA:216,23
DA:257,45
DA:258,45
DA:260,11
DA:261,11
DA:263,107
DA:264,107
DA:265,3
DA:266,3
DA:268,104
DA:269,1
DA:270,1
DA:272,103
DA:273,98
DA:292,38
DA:293,0
DA:294,38
DA:295,38
DA:296,36
DA:297,36
DA:298,36
DA:299,36
DA:300,35
DA:301,35
DA:303,35
DA:304,35
DA:305,35
DA:306,35
DA:307,35
DA:309,1
DA:322,38
DA:323,42
DA:325,38
DA:326,42
DA:327,38
DA:328,42
DA:329,38
DA:330,42
DA:342,38
DA:343,0
DA:344,38
DA:345,3
DA:346,3
DA:347,3
DA:348,3
DA:350,3
DA:362,36
DA:363,36
DA:364,36
DA:365,36
DA:366,36
DA:367,36
DA:368,36
DA:369,36
DA:381,36
DA:391,36
DA:392,36
DA:393,4837
DA:394,4837
DA:395,138
DA:396,138
DA:397,120
DA:398,4837
DA:399,4837
DA:400,120
DA:401,4837
DA:403,36
DA:413,36
DA:414,36
DA:415,4837
DA:417,36
LF:120
LH:116
BRDA:96,0,0,20
BRDA:96,0,1,17
BRDA:98,1,0,0
BRDA:98,1,1,17
BRDA:143,2,0,0
BRDA:143,2,1,69
BRDA:144,3,0,3
BRDA:144,3,1,66
BRDA:145,4,0,1
BRDA:145,4,1,2
BRDA:148,5,0,21
BRDA:148,5,1,45
BRDA:149,6,0,1
BRDA:149,6,1,20
BRDA:152,7,0,0
BRDA:152,7,1,45
BRDA:172,8,0,0
BRDA:172,8,1,91
BRDA:173,9,0,20
BRDA:173,9,1,71
BRDA:173,10,0,91
BRDA:173,10,1,73
BRDA:173,10,2,20
BRDA:196,11,0,16
BRDA:196,11,1,82
BRDA:197,12,0,16
BRDA:197,12,1,0
BRDA:197,13,0,16
BRDA:197,13,1,0
BRDA:200,14,0,0
BRDA:200,14,1,82
BRDA:200,15,0,82
BRDA:200,15,1,0
BRDA:200,16,0,0
BRDA:200,16,1,0
BRDA:201,17,0,0
BRDA:201,17,1,0
BRDA:204,18,0,44
BRDA:204,18,1,38
BRDA:205,19,0,44
BRDA:205,19,1,0
BRDA:208,20,0,15
BRDA:208,20,1,23
BRDA:209,21,0,15
BRDA:209,21,1,0
BRDA:210,22,0,15
BRDA:210,22,1,0
BRDA:211,23,0,15
BRDA:211,23,1,0
BRDA:212,24,0,15
BRDA:212,24,1,0
BRDA:258,25,0,34
BRDA:258,25,1,11
BRDA:264,26,0,3
BRDA:264,26,1,104
BRDA:265,27,0,1
BRDA:265,27,1,2
BRDA:268,28,0,1
BRDA:268,28,1,103
BRDA:268,29,0,104
BRDA:268,29,1,6
BRDA:272,30,0,5
BRDA:272,30,1,98
BRDA:292,31,0,38
BRDA:292,31,1,0
BRDA:297,32,0,0
BRDA:297,32,1,36
BRDA:298,33,0,36
BRDA:298,33,1,0
BRDA:299,34,0,35
BRDA:299,34,1,1
BRDA:303,35,0,35
BRDA:303,35,1,32
BRDA:322,36,0,38
BRDA:322,36,1,42
BRDA:325,37,0,38
BRDA:325,37,1,42
BRDA:342,38,0,38
BRDA:342,38,1,0
BRDA:346,39,0,3
BRDA:346,39,1,0
BRDA:361,40,0,36
BRDA:364,41,0,3
BRDA:364,41,1,33
BRDA:394,42,0,4699
BRDA:394,42,1,138
BRDA:396,43,0,18
BRDA:396,43,1,120
BRDA:396,44,0,138
BRDA:396,44,1,138
BRDA:396,44,2,120
BRDA:397,45,0,120
BRDA:397,45,1,0
BRDA:399,46,0,0
BRDA:399,46,1,4837
BRDA:400,47,0,120
BRDA:400,47,1,0
BRDA:401,48,0,4837
BRDA:401,48,1,0
BRDA:415,49,0,35
BRDA:415,49,1,4802
BRDA:415,50,0,4837
BRDA:415,50,1,36
BRDA:415,51,0,36
BRDA:415,51,1,0
BRF:105
BRH:78
end_of_record
TN:
SF:src/aggregator/reader-guide-constants.ts
FNF:0
FNH:0
DA:31,16
DA:34,16
DA:42,16
LF:3
LH:3
BRF:0
BRH:0
end_of_record
TN:
SF:src/aggregator/reader-intelligence-guide.ts
FNF:0
FNH:0
LF:0
LH:0
BRF:0
BRH:0
end_of_record
TN:
SF:src/aggregator/clean/dedupe-mermaid.ts
FN:19,scanMermaidBody
FN:47,dedupMermaid
FN:85,hashString
FNF:3
FNH:3
FNDA:103,scanMermaidBody
FNDA:145,dedupMermaid
FNDA:103,hashString
DA:23,103
DA:24,103
DA:25,103
DA:26,645
DA:27,645
DA:28,542
DA:29,542
DA:31,103
DA:48,145
DA:49,145
DA:50,145
DA:51,145
DA:52,145
DA:53,1874
DA:54,1874
DA:55,1771
DA:56,1771
DA:57,1771
DA:59,103
DA:60,103
DA:61,103
DA:62,36
DA:65,36
DA:67,67
DA:68,67
DA:69,67
DA:70,67
DA:72,103
DA:74,145
DA:86,103
DA:87,103
DA:88,19292
DA:89,19292
DA:91,103
LF:34
LH:34
BRDA:26,0,0,645
BRDA:26,0,1,0
BRDA:27,1,0,103
BRDA:27,1,1,542
BRDA:53,2,0,1874
BRDA:53,2,1,0
BRDA:54,3,0,1771
BRDA:54,3,1,103
BRDA:61,4,0,36
BRDA:61,4,1,67
BRDA:70,5,0,67
BRDA:70,5,1,0
BRDA:70,6,0,67
BRDA:70,6,1,0
BRF:14
BRH:10
end_of_record
TN:
SF:src/aggregator/clean/demote-headings.ts
FN:22,advanceFenceState
FN:50,processHeadingLine
FN:85,demoteHeadings
FNF:3
FNH:3
FNDA:2564,advanceFenceState
FNDA:1918,processHeadingLine
FNDA:142,demoteHeadings
DA:27,2564
DA:28,2564
DA:29,180
DA:30,180
DA:31,90
DA:33,90
DA:34,90
DA:36,0
DA:54,1918
DA:55,1918
DA:56,1918
DA:57,1
DA:59,1917
DA:60,1917
DA:61,1487
DA:63,430
DA:64,430
DA:65,137
DA:67,293
DA:68,1918
DA:86,142
DA:87,142
DA:88,142
DA:89,142
DA:90,142
DA:91,142
DA:92,142
DA:93,2564
DA:94,2564
DA:95,2564
DA:96,646
DA:97,646
DA:98,646
DA:99,646
DA:100,646
DA:102,1918
DA:103,1918
DA:104,1918
DA:105,1918
DA:107,142
LF:40
LH:39
BRDA:28,0,0,2384
BRDA:28,0,1,180
BRDA:30,1,0,90
BRDA:30,1,1,90
BRDA:33,2,0,90
BRDA:33,2,1,0
BRDA:33,3,0,90
BRDA:33,3,1,90
BRDA:54,4,0,1918
BRDA:54,4,1,0
BRDA:55,5,0,1918
BRDA:55,5,1,139
BRDA:56,6,0,1
BRDA:56,6,1,1917
BRDA:56,7,0,1918
BRDA:56,7,1,1
BRDA:60,8,0,1487
BRDA:60,8,1,430
BRDA:64,9,0,137
BRDA:64,9,1,293
BRDA:67,10,0,1
BRDA:67,10,1,292
BRDA:69,11,0,1918
BRDA:69,11,1,0
BRDA:69,12,0,1918
BRDA:69,12,1,0
BRDA:93,13,0,2564
BRDA:93,13,1,0
BRDA:95,14,0,646
BRDA:95,14,1,1918
BRDA:95,15,0,2564
BRDA:95,15,1,2384
BRDA:103,16,0,138
BRDA:103,16,1,1780
BRDA:104,17,0,1780
BRDA:104,17,1,138
BRF:36
BRH:31
end_of_record
TN:
SF:src/aggregator/clean/pipeline.ts
FN:69,cleanArtifact
FNF:1
FNH:1
FNDA:137,cleanArtifact
DA:70,137
DA:71,137
DA:72,137
DA:73,137
DA:74,137
DA:75,137
DA:76,137
DA:77,137
DA:78,137
DA:79,137
DA:80,137
DA:81,137
DA:82,137
DA:83,137
LF:14
LH:14
BRDA:70,0,0,137
BRDA:70,0,1,4
BRF:2
BRH:2
end_of_record
TN:
SF:src/aggregator/clean/rewrite-links.ts
FN:18,githubBlobUrl
FN:28,githubRawUrl
FN:41,resolveLink
FN:70,posixResolve
FN:91,rewriteLinks
FN:126,tryParseLinkAt
FN:158,rewriteLinksInLine
FN:183,splitTargetAndTitle
FN:207,findMatchingBracket
FN:231,findMatchingParen
FNF:10
FNH:10
FNDA:1599,githubBlobUrl
FNDA:2,githubRawUrl
FNDA:140,resolveLink
FNDA:133,posixResolve
FNDA:142,rewriteLinks
FNDA:54468,tryParseLinkAt
FNDA:1766,rewriteLinksInLine
FNDA:130,splitTargetAndTitle
FNDA:130,findMatchingBracket
FNDA:130,findMatchingParen
DA:19,1599
DA:29,2
DA:42,140
DA:43,140
DA:51,7
DA:53,133
DA:54,133
DA:55,133
DA:56,140
DA:57,140
DA:58,140
DA:59,140
DA:71,133
DA:72,133
DA:73,133
DA:74,1212
DA:75,1206
DA:76,188
DA:77,188
DA:79,1018
DA:81,133
DA:92,142
DA:93,142
DA:94,142
DA:95,142
DA:96,2411
DA:97,2411
DA:98,2411
DA:99,180
DA:100,180
DA:101,90
DA:102,90
DA:103,90
DA:105,90
DA:106,90
DA:107,90
DA:108,90
DA:111,2231
DA:112,1766
DA:114,142
DA:131,54468
DA:132,54468
DA:133,54468
DA:134,54468
DA:135,130
DA:136,54468
DA:137,54468
DA:138,130
DA:139,130
DA:140,130
DA:141,130
DA:142,130
DA:143,130
DA:144,130
DA:145,130
DA:146,54468
DA:159,1766
DA:160,1766
DA:161,1766
DA:162,54468
DA:163,54468
DA:164,130
DA:165,130
DA:166,130
DA:168,54338
DA:169,54338
DA:171,1766
DA:184,130
DA:185,4897
DA:186,130
DA:187,1
DA:188,1
DA:189,1
DA:190,1
DA:195,1
DA:197,0
DA:208,130
DA:209,130
DA:210,2063
DA:211,2063
DA:212,0
DA:213,0
DA:215,2063
DA:216,1933
DA:217,130
DA:218,130
DA:221,0
DA:232,130
DA:233,130
DA:234,5167
DA:235,5167
DA:236,0
DA:237,0
DA:239,5167
DA:240,5036
DA:241,131
DA:242,131
DA:245,0
LF:98
LH:91
BRDA:43,0,0,7
BRDA:43,0,1,133
BRDA:44,1,0,140
BRDA:44,1,1,138
BRDA:44,1,2,138
BRDA:44,1,3,136
BRDA:44,1,4,135
BRDA:44,1,5,134
BRDA:55,2,0,0
BRDA:55,2,1,133
BRDA:56,3,0,0
BRDA:56,3,1,133
BRDA:58,4,0,0
BRDA:58,4,1,133
BRDA:74,5,0,6
BRDA:74,5,1,1206
BRDA:74,6,0,1212
BRDA:74,6,1,1212
BRDA:75,7,0,188
BRDA:75,7,1,1018
BRDA:96,8,0,2411
BRDA:96,8,1,0
BRDA:98,9,0,180
BRDA:98,9,1,2231
BRDA:100,10,0,90
BRDA:100,10,1,90
BRDA:105,11,0,90
BRDA:105,11,1,0
BRDA:105,12,0,90
BRDA:105,12,1,90
BRDA:111,13,0,465
BRDA:111,13,1,1766
BRDA:132,14,0,54468
BRDA:132,14,1,0
BRDA:134,15,0,54338
BRDA:134,15,1,130
BRDA:134,16,0,54468
BRDA:134,16,1,54468
BRDA:135,17,0,0
BRDA:135,17,1,130
BRDA:137,18,0,0
BRDA:137,18,1,54468
BRDA:137,19,0,54468
BRDA:137,19,1,130
BRDA:140,20,0,0
BRDA:140,20,1,130
BRDA:145,21,0,0
BRDA:145,21,1,130
BRDA:163,22,0,130
BRDA:163,22,1,54338
BRDA:185,23,0,130
BRDA:185,23,1,4898
BRDA:186,24,0,129
BRDA:186,24,1,1
BRDA:190,25,0,1
BRDA:190,25,1,0
BRDA:191,26,0,1
BRDA:191,26,1,1
BRDA:191,26,2,1
BRDA:211,27,0,0
BRDA:211,27,1,2063
BRDA:215,28,0,130
BRDA:215,28,1,1933
BRDA:216,29,0,130
BRDA:216,29,1,1803
BRDA:218,30,0,130
BRDA:218,30,1,0
BRDA:235,31,0,0
BRDA:235,31,1,5167
BRDA:239,32,0,131
BRDA:239,32,1,5036
BRDA:240,33,0,131
BRDA:240,33,1,4905
BRDA:242,34,0,130
BRDA:242,34,1,1
BRF:75
BRH:61
end_of_record
TN:
SF:src/aggregator/clean/strip-banners.ts
FN:41,isBannerLine
FN:59,stripBanners
FNF:2
FNH:2
FNDA:500,isBannerLine
FNDA:140,stripBanners
DA:16,19
DA:33,19
DA:42,500
DA:43,3428
DA:45,271
DA:60,140
DA:61,140
DA:62,140
DA:63,140
DA:64,140
DA:65,500
DA:66,500
DA:67,229
DA:68,229
DA:69,229
DA:70,229
DA:72,271
DA:73,131
DA:74,131
DA:76,140
DA:77,33
DA:78,33
DA:80,140
DA:82,140
DA:83,34
LF:25
LH:25
BRDA:43,0,0,229
BRDA:43,0,1,3199
BRDA:65,1,0,500
BRDA:65,1,1,0
BRDA:66,2,0,229
BRDA:66,2,1,271
BRDA:72,3,0,131
BRDA:72,3,1,140
BRDA:76,4,0,33
BRDA:76,4,1,107
BRDA:76,5,0,140
BRDA:76,5,1,34
BRDA:82,6,0,106
BRDA:82,6,1,34
BRF:14
BRH:13
end_of_record
TN:
SF:src/aggregator/clean/strip-frontmatter.ts
FN:17,stripFrontMatter
FNF:1
FNH:1
FNDA:141,stripFrontMatter
DA:18,141
DA:19,36
DA:20,36
LF:3
LH:3
BRDA:18,0,0,105
BRDA:18,0,1,36
BRDA:20,1,0,36
BRDA:20,1,1,0
BRF:4
BRH:3
end_of_record
TN:
SF:src/aggregator/clean/strip-preamble.ts
FN:37,stripArtifactMetadataPreamble
FNF:1
FNH:1
FNDA:143,stripArtifactMetadataPreamble
DA:17,19
DA:38,143
DA:39,143
DA:41,143
DA:43,143
DA:44,138
DA:47,5
DA:48,5
DA:49,21
DA:50,21
DA:51,16
DA:53,5
DA:57,5
DA:58,5
DA:59,5
DA:60,3
DA:63,5
DA:64,5
DA:65,5
LF:19
LH:19
BRDA:41,0,0,143
BRDA:41,0,1,279
BRDA:41,1,0,279
BRDA:41,1,1,0
BRDA:43,2,0,138
BRDA:43,2,1,5
BRDA:43,3,0,143
BRDA:43,3,1,143
BRDA:43,4,0,143
BRDA:43,4,1,0
BRDA:49,5,0,21
BRDA:49,5,1,0
BRDA:50,6,0,16
BRDA:50,6,1,5
BRDA:50,7,0,21
BRDA:50,7,1,7
BRDA:58,8,0,5
BRDA:58,8,1,5
BRDA:58,9,0,5
BRDA:58,9,1,0
BRDA:59,10,0,3
BRDA:59,10,1,2
BRDA:59,11,0,5
BRDA:59,11,1,5
BRDA:59,12,0,5
BRDA:59,12,1,0
BRF:26
BRH:21
end_of_record
TN:
SF:src/aggregator/clean/strip-spdx.ts
FN:36,stripSpdxTags
FNF:1
FNH:1
FNDA:141,stripSpdxTags
DA:21,19
DA:37,141
DA:38,141
DA:39,141
DA:40,141
DA:41,2973
DA:42,6
DA:43,6
DA:45,2967
DA:47,141
LF:10
LH:10
BRDA:41,0,0,6
BRDA:41,0,1,2967
BRF:2
BRH:2
end_of_record
TN:
SF:src/aggregator/cli/index.ts
FNF:0
FNH:0
LF:0
LH:0
BRF:0
BRH:0
end_of_record
TN:
SF:src/aggregator/cli/parse.ts
FN:127,splitFlag
FN:140,applyCliFlag
FN:184,applyFlagResult
FN:224,processArgvToken
FN:232,(anonymous_4)
FN:280,parseCliArgsSafe
FNF:6
FNH:6
FNDA:3,splitFlag
FNDA:36,applyCliFlag
FNDA:27,applyFlagResult
FNDA:36,processArgvToken
FNDA:22,(anonymous_4)
FNDA:25,parseCliArgsSafe
DA:68,1
DA:128,3
DA:129,3
DA:141,36
DA:144,15
DA:146,6
DA:148,3
DA:149,3
DA:150,1
DA:152,1
DA:156,1
DA:158,2
DA:160,1
DA:163,4
DA:167,3
DA:172,1
DA:185,27
DA:187,13
DA:188,13
DA:190,6
DA:191,6
DA:193,1
DA:194,1
DA:196,1
DA:197,1
DA:199,1
DA:200,1
DA:202,1
DA:203,1
DA:205,4
DA:207,0
DA:208,0
DA:229,36
DA:230,36
DA:231,36
DA:232,36
DA:233,22
DA:234,3
DA:235,2
DA:237,1
DA:239,19
DA:240,19
DA:241,2
DA:243,17
DA:244,17
DA:247,36
DA:248,36
DA:250,9
DA:251,9
DA:253,0
DA:255,27
DA:256,27
DA:257,23
DA:281,25
DA:287,25
DA:288,25
DA:289,36
DA:290,36
DA:291,32
DA:292,23
DA:295,12
DA:296,8
DA:297,1
DA:299,7
DA:300,1
DA:304,10
LF:66
LH:63
BRDA:141,0,0,14
BRDA:141,0,1,15
BRDA:141,0,2,6
BRDA:141,0,3,3
BRDA:141,0,4,0
BRDA:141,0,5,1
BRDA:141,0,6,2
BRDA:141,0,7,1
BRDA:141,0,8,3
BRDA:141,0,9,4
BRDA:141,0,10,1
BRDA:141,0,11,2
BRDA:141,0,12,3
BRDA:141,0,13,1
BRDA:149,1,0,1
BRDA:149,1,1,2
BRDA:185,2,0,13
BRDA:185,2,1,6
BRDA:185,2,2,1
BRDA:185,2,3,1
BRDA:185,2,4,1
BRDA:185,2,5,1
BRDA:185,2,6,4
BRDA:185,2,7,0
BRDA:229,3,0,36
BRDA:229,3,1,0
BRDA:230,4,0,3
BRDA:230,4,1,33
BRDA:233,5,0,3
BRDA:233,5,1,19
BRDA:234,6,0,2
BRDA:234,6,1,1
BRDA:240,7,0,2
BRDA:240,7,1,17
BRDA:250,8,0,9
BRDA:250,8,1,0
BRDA:250,9,0,9
BRDA:250,9,1,5
BRDA:256,10,0,4
BRDA:256,10,1,23
BRDA:290,11,0,4
BRDA:290,11,1,32
BRDA:291,12,0,9
BRDA:291,12,1,23
BRDA:295,13,0,8
BRDA:295,13,1,4
BRDA:296,14,0,1
BRDA:296,14,1,7
BRDA:299,15,0,1
BRDA:299,15,1,6
BRDA:313,16,0,1
BRDA:313,16,1,9
BRDA:314,17,0,1
BRDA:314,17,1,9
BRDA:315,18,0,1
BRDA:315,18,1,9
BRF:56
BRH:52
end_of_record
TN:
SF:src/aggregator/generator/cli.ts
[...]
DA:250,0
DA:251,0
DA:252,0
DA:254,0
DA:259,0
DA:260,0
DA:261,0
DA:267,0
DA:268,0
DA:276,0
DA:277,0
DA:287,0
DA:288,0
DA:290,0
DA:291,0
DA:293,0
DA:294,0
DA:297,0
DA:298,0
DA:299,0
DA:301,0
DA:303,0
DA:304,0
DA:305,0
DA:308,0
DA:324,2
DA:325,2
DA:326,3
DA:327,3
DA:329,2
DA:332,2
LF:91
LH:52
BRDA:93,0,0,10
BRDA:93,0,1,0
BRDA:108,1,0,4
BRDA:108,1,1,1
BRDA:109,2,0,3
BRDA:109,2,1,2
BRDA:109,3,0,5
BRDA:109,3,1,3
BRDA:118,4,0,8
BRDA:118,4,1,2
BRDA:119,5,0,1
BRDA:119,5,1,7
BRDA:120,6,0,4
BRDA:120,6,1,3
BRDA:120,7,0,7
BRDA:120,7,1,4
BRDA:121,8,0,2
BRDA:121,8,1,1
BRDA:121,9,0,3
BRDA:121,9,1,2
BRDA:129,10,0,5
BRDA:129,10,1,2
BRDA:130,11,0,7
BRDA:130,11,1,6
BRDA:130,11,2,5
BRDA:130,11,3,4
BRDA:130,11,4,3
BRDA:142,12,0,3
BRDA:142,12,1,23
BRDA:169,13,0,22
BRDA:169,13,1,1
BRDA:171,14,0,5
BRDA:171,14,1,17
BRDA:172,15,0,17
BRDA:172,15,1,0
BRDA:179,16,0,1
BRDA:179,16,1,1
BRDA:179,16,2,1
BRDA:179,16,3,1
BRDA:179,16,4,1
BRDA:179,16,5,1
BRDA:179,16,6,1
BRDA:179,16,7,1
BRDA:204,17,0,0
BRDA:204,17,1,0
BRDA:218,18,0,0
BRDA:218,18,1,0
BRDA:218,18,2,0
BRDA:218,18,3,0
BRDA:218,18,4,0
BRDA:218,18,5,0
BRDA:267,19,0,0
BRDA:267,19,1,0
BRDA:276,20,0,0
BRDA:276,20,1,0
BRDA:326,21,0,1
BRDA:326,21,1,2
BRDA:326,22,0,1
BRDA:326,22,1,1
BRF:59
BRH:45
end_of_record
TN:
SF:src/utils/metadata-utils.ts
FN:23,pl
FN:35,truncateTitle
FNF:2
FNH:2
FNDA:14,pl
FNDA:9,truncateTitle
DA:10,1
DA:13,1
DA:24,14
DA:36,9
DA:37,4
LF:5
LH:5
BRDA:24,0,0,4
BRDA:24,0,1,10
BRDA:35,1,0,9
BRDA:36,2,0,5
BRDA:36,2,1,4
BRF:5
BRH:5
end_of_record
TN:
SF:src/utils/news-metadata.ts
FN:43,buildMetadataDatabase
FN:63,(anonymous_1)
FN:83,writeMetadataDatabase
FN:128,readMetadataDatabase
FN:146,updateMetadataDatabase
FN:173,updateIntelligenceIndex
FN:206,(anonymous_6)
FN:296,extractTokens
FN:332,deriveKeyTopics
FNF:9
FNH:9
FNDA:6,buildMetadataDatabase
FNDA:1,(anonymous_1)
FNDA:8,writeMetadataDatabase
FNDA:4,readMetadataDatabase
FNDA:1,updateMetadataDatabase
FNDA:7,updateIntelligenceIndex
FNDA:3,(anonymous_6)
FNDA:17,extractTokens
FNDA:9,deriveKeyTopics
DA:35,6
DA:44,6
DA:45,6
DA:47,6
DA:48,6
DA:49,6
DA:50,6
DA:51,6
DA:52,6
DA:63,6
DA:65,6
DA:87,8
DA:88,8
DA:89,1
DA:91,8
DA:92,8
DA:93,3
DA:94,3
DA:97,3
DA:98,3
DA:99,3
DA:102,1
DA:108,8
DA:109,8
DA:110,3
DA:111,3
DA:112,3
DA:113,1
DA:119,7
DA:131,4
DA:132,1
DA:135,3
DA:136,3
DA:150,1
DA:151,1
DA:152,1
DA:156,6
DA:177,7
DA:179,7
DA:180,7
DA:181,9
DA:182,9
DA:184,9
DA:186,9
DA:187,9
DA:189,9
DA:191,9
DA:193,9
DA:206,7
DA:208,7
DA:210,7
DA:211,7
DA:213,7
DA:214,7
DA:222,6
DA:260,6
DA:297,17
DA:298,55
DA:299,55
DA:304,27
DA:310,6
DA:312,6
DA:338,9
DA:339,9
DA:340,9
DA:341,8
DA:342,8
DA:344,9
LF:68
LH:68
BRDA:43,0,0,6
BRDA:49,1,0,6
BRDA:49,1,1,0
BRDA:57,2,0,6
BRDA:57,2,1,5
BRDA:85,3,0,8
BRDA:88,4,0,1
BRDA:88,4,1,7
BRDA:92,5,0,3
BRDA:92,5,1,5
BRDA:97,6,0,3
BRDA:97,6,1,0
BRDA:98,7,0,3
BRDA:98,7,1,0
BRDA:99,8,0,1
BRDA:99,8,1,2
BRDA:99,9,0,3
BRDA:99,9,1,1
BRDA:109,10,0,3
BRDA:109,10,1,5
BRDA:112,11,0,1
BRDA:112,11,1,2
BRDA:129,12,0,4
BRDA:131,13,0,1
BRDA:131,13,1,3
BRDA:147,14,0,1
BRDA:148,15,0,1
BRDA:174,16,0,7
BRDA:175,17,0,7
BRDA:182,18,0,0
BRDA:182,18,1,9
BRDA:206,19,0,3
BRDA:206,19,1,0
BRDA:299,20,0,27
BRDA:299,20,1,28
BRDA:300,21,0,55
BRDA:300,21,1,50
BRDA:300,21,2,50
BRDA:340,22,0,8
BRDA:340,22,1,1
BRDA:341,23,0,5
BRDA:341,23,1,3
BRDA:342,24,0,3
BRDA:342,24,1,5
BRF:44
BRH:39
end_of_record
TN:
SF:src/utils/articles/analysis-discovery.ts
FN:51,resolveCanonicalMethod
FN:62,scanSubdirectory
FN:85,scanRootMarkdownFiles
FN:117,discoverAnalysisFileEntries
FNF:4
FNH:4
FNDA:14,resolveCanonicalMethod
FNDA:36,scanSubdirectory
FNDA:6,scanRootMarkdownFiles
FNDA:7,discoverAnalysisFileEntries
DA:18,31
DA:36,31
DA:52,14
DA:63,36
DA:64,36
DA:65,11
DA:66,11
DA:67,13
DA:68,12
DA:69,12
DA:86,6
DA:87,6
DA:88,6
DA:89,14
DA:90,2
DA:91,2
DA:92,2
DA:93,2
DA:118,7
DA:120,6
DA:122,6
DA:123,36
DA:126,6
DA:128,6
LF:24
LH:24
BRDA:52,0,0,14
BRDA:52,0,1,10
BRDA:64,1,0,25
BRDA:64,1,1,11
BRDA:64,2,0,36
BRDA:64,2,1,11
BRDA:67,3,0,1
BRDA:67,3,1,12
BRDA:89,4,0,12
BRDA:89,4,1,2
BRDA:91,5,0,0
BRDA:91,5,1,2
BRDA:118,6,0,1
BRDA:118,6,1,6
BRF:14
BRH:13
end_of_record
TN:
SF:src/utils/articles/filename.ts
FN:22,getNewsArticles
FN:29,(anonymous_1)
FN:38,parseArticleFilename
FN:65,groupArticlesByLanguage
FN:88,(anonymous_4)
FN:107,checkArticleExists
FNF:6
FNH:6
FNDA:15,getNewsArticles
FNDA:20,(anonymous_1)
FNDA:83,parseArticleFilename
FNDA:2,groupArticlesByLanguage
FNDA:4,(anonymous_4)
FNDA:5,checkArticleExists
DA:23,15
DA:24,1
DA:25,1
DA:28,14
DA:29,20
DA:39,83
DA:41,83
DA:42,4
DA:45,79
DA:46,79
DA:47,0
DA:50,79
DA:69,2
DA:71,2
DA:72,4
DA:75,2
DA:76,6
DA:77,6
DA:78,6
DA:79,6
DA:80,6
DA:85,2
DA:86,4
DA:87,4
DA:88,4
DA:92,2
DA:112,5
DA:113,5
LF:28
LH:27
BRDA:22,0,0,15
BRDA:23,1,0,1
BRDA:23,1,1,14
BRDA:29,2,0,20
BRDA:29,2,1,18
BRDA:41,3,0,4
BRDA:41,3,1,79
BRDA:46,4,0,0
BRDA:46,4,1,79
BRDA:77,5,0,6
BRDA:77,5,1,0
BRDA:79,6,0,6
BRDA:79,6,1,0
BRDA:87,7,0,4
BRDA:87,7,1,0
BRDA:110,8,0,5
BRF:16
BRH:12
end_of_record
TN:
SF:src/utils/articles/metadata.ts
FN:61,mergeManifestHistory
FN:107,readLatestGateResult
FN:157,readLatestResolvedGateResult
FN:211,extractArticleMeta
FNF:4
FNH:4
FNDA:8,mergeManifestHistory
FNDA:4,readLatestGateResult
FNDA:10,readLatestResolvedGateResult
FNDA:28,extractArticleMeta
DA:65,8
DA:66,8
DA:67,8
DA:68,7
DA:69,7
DA:70,7
DA:71,7
DA:72,6
DA:75,1
DA:79,8
DA:83,8
DA:84,8
DA:86,8
DA:87,8
DA:88,4
DA:90,4
DA:93,8
DA:110,4
DA:111,3
DA:112,3
DA:113,3
DA:114,3
DA:115,3
DA:116,3
DA:117,1
DA:118,1
DA:124,1
DA:126,0
DA:128,2
DA:129,2
DA:130,4
DA:136,1
DA:138,1
DA:140,0
DA:160,10
DA:161,9
DA:162,9
DA:163,9
DA:164,9
DA:165,8
DA:166,8
DA:167,4
DA:168,4
DA:169,2
DA:171,2
DA:173,4
DA:174,8
DA:175,8
DA:176,8
DA:177,3
DA:180,1
DA:182,1
DA:212,28
DA:213,28
DA:214,28
DA:215,28
DA:216,28
DA:217,28
DA:218,3
DA:219,3
DA:223,3
DA:225,27
DA:226,24
DA:227,24
DA:228,14
DA:231,27
DA:232,27
DA:233,16
DA:238,28
LF:69
LH:67
BRDA:67,0,0,7
BRDA:67,0,1,1
BRDA:71,1,0,6
BRDA:71,1,1,1
BRDA:71,2,0,7
BRDA:71,2,1,6
BRDA:71,2,2,6
BRDA:79,3,0,1
BRDA:79,3,1,7
BRDA:87,4,0,4
BRDA:87,4,1,4
BRDA:110,5,0,1
BRDA:110,5,1,3
BRDA:114,6,0,0
BRDA:114,6,1,3
BRDA:114,7,0,3
BRDA:114,7,1,3
BRDA:114,7,2,3
BRDA:116,8,0,1
BRDA:116,8,1,2
BRDA:116,9,0,3
BRDA:116,9,1,2
BRDA:118,10,0,1
BRDA:118,10,1,0
BRDA:119,11,0,1
BRDA:119,11,1,1
BRDA:119,11,2,1
BRDA:119,11,3,0
BRDA:130,12,0,1
BRDA:130,12,1,3
BRDA:131,13,0,4
BRDA:131,13,1,1
BRDA:131,13,2,1
BRDA:131,13,3,1
BRDA:160,14,0,1
BRDA:160,14,1,9
BRDA:164,15,0,0
BRDA:164,15,1,9
BRDA:164,16,0,9
BRDA:164,16,1,8
BRDA:164,16,2,8
BRDA:166,17,0,4
BRDA:166,17,1,4
BRDA:166,18,0,8
BRDA:166,18,1,4
BRDA:168,19,0,2
BRDA:168,19,1,2
BRDA:168,20,0,4
BRDA:168,20,1,3
BRDA:168,20,2,3
BRDA:176,21,0,3
BRDA:176,21,1,5
BRDA:176,22,0,8
BRDA:176,22,1,7
BRDA:176,22,2,6
BRDA:217,23,0,3
BRDA:217,23,1,25
BRDA:223,24,0,3
BRDA:223,24,1,0
BRDA:225,25,0,24
BRDA:225,25,1,3
BRDA:227,26,0,14
BRDA:227,26,1,10
BRDA:232,27,0,16
BRDA:232,27,1,11
BRF:65
BRH:60
end_of_record
TN:
SF:src/utils/articles/slug.ts
FN:17,formatSlug
FN:20,(anonymous_1)
FN:30,getModifiedDate
FN:41,formatDateForSlug
FN:52,calculateReadTime
FNF:5
FNH:5
FNDA:38,formatSlug
FNDA:73,(anonymous_1)
FNDA:36,getModifiedDate
FNDA:2,formatDateForSlug
FNDA:3,calculateReadTime
DA:18,38
DA:20,73
DA:31,36
DA:32,36
DA:42,2
DA:53,3
DA:54,3
LF:7
LH:7
BRDA:41,0,0,2
BRDA:52,1,0,3
BRF:2
BRH:2
end_of_record
TN:
SF:src/utils/fs/atomic-write.ts
FN:31,resolveUniqueFilePath
FN:64,writeFileIfChanged
FN:92,writeFileContent
FN:101,unlinkIfExists
FN:123,renameWithRetry
FN:146,cleanupTempFile
FN:177,atomicWrite
FNF:7
FNH:7
FNDA:3,resolveUniqueFilePath
FNDA:10,writeFileIfChanged
FNDA:3,writeFileContent
FNDA:4,unlinkIfExists
FNDA:2,renameWithRetry
FNDA:16,cleanupTempFile
FNDA:16,atomicWrite
DA:32,3
DA:33,1
DA:36,2
DA:37,2
DA:38,2
DA:40,2
DA:41,2
DA:42,2
DA:43,4
DA:44,4
DA:45,2
DA:47,2
DA:49,0
DA:65,10
DA:66,10
DA:67,10
DA:68,10
DA:69,4
DA:70,4
DA:71,4
DA:72,2
DA:78,8
DA:79,8
DA:93,3
DA:102,4
DA:103,4
DA:105,3
DA:106,3
DA:107,0
DA:124,2
DA:125,4
DA:126,4
DA:127,4
DA:128,4
DA:130,3
DA:131,3
DA:132,2
DA:134,1
DA:147,16
DA:148,16
DA:151,15
DA:152,15
DA:154,1
DA:155,1
DA:156,1
DA:178,16
DA:179,16
DA:180,16
DA:181,16
DA:182,16
DA:183,16
DA:184,16
DA:185,16
DA:187,3
DA:188,3
DA:189,2
DA:191,1
DA:195,16
LF:58
LH:56
BRDA:32,0,0,1
BRDA:32,0,1,2
BRDA:44,1,0,2
BRDA:44,1,1,2
BRDA:67,2,0,1
BRDA:67,2,1,9
BRDA:68,3,0,4
BRDA:68,3,1,6
BRDA:71,4,0,2
BRDA:71,4,1,2
BRDA:105,5,0,3
BRDA:105,5,1,0
BRDA:106,6,0,0
BRDA:106,6,1,3
BRDA:130,7,0,3
BRDA:130,7,1,0
BRDA:131,8,0,2
BRDA:131,8,1,1
BRDA:131,9,0,3
BRDA:131,9,1,0
BRDA:131,9,2,3
BRDA:151,10,0,15
BRDA:151,10,1,0
BRDA:151,11,0,15
BRDA:151,11,1,15
BRDA:152,12,0,1
BRDA:152,12,1,14
BRDA:154,13,0,1
BRDA:154,13,1,0
BRDA:154,14,0,1
BRDA:154,14,1,1
BRDA:155,15,0,1
BRDA:155,15,1,0
BRDA:187,16,0,3
BRDA:187,16,1,0
BRDA:188,17,0,2
BRDA:188,17,1,1
BRDA:188,18,0,3
BRDA:188,18,1,1
BRF:39
BRH:31
end_of_record
TN:
SF:src/utils/fs/directory.ts
FN:20,ensureDirectoryExists
FN:32,claimDir
FN:62,resolveUniqueAnalysisDir
FNF:3
FNH:1
FNDA:36,ensureDirectoryExists
FNDA:0,claimDir
FNDA:0,resolveUniqueAnalysisDir
DA:21,36
DA:22,3
DA:33,0
DA:34,0
DA:35,0
DA:36,0
DA:38,0
DA:39,0
DA:41,0
DA:63,0
DA:64,0
DA:67,0
DA:68,0
DA:69,0
DA:70,0
DA:71,0
DA:72,0
DA:74,0
DA:77,0
DA:78,0
DA:79,0
LF:21
LH:2
BRDA:21,0,0,3
BRDA:21,0,1,33
BRDA:38,1,0,0
BRDA:38,1,1,0
BRDA:63,2,0,0
BRDA:63,2,1,0
BRDA:71,3,0,0
BRDA:71,3,1,0
BRF:8
BRH:2
end_of_record
TN:
SF:src/utils/html/escape.ts
FN:25,decodeHtmlEntities
FN:40,escapeHTML
FNF:2
FNH:2
FNDA:33,decodeHtmlEntities
FNDA:50807,escapeHTML
DA:26,33
DA:41,50807
LF:2
LH:2
BRF:0
BRH:0
end_of_record
TN:
SF:src/utils/html/validate.ts
FN:15,isSafeURL
FN:58,validateArticleHTML
FN:64,(anonymous_2)
FNF:3
FNH:3
FNDA:5,isSafeURL
FNDA:3,validateArticleHTML
FNDA:4,(anonymous_2)
DA:16,5
DA:17,5
DA:18,5
DA:20,1
DA:36,31
DA:59,3
DA:61,3
DA:62,21
DA:63,21
DA:64,4
DA:66,21
DA:67,7
DA:71,3
LF:13
LH:13
BRDA:18,0,0,5
BRDA:18,0,1,3
BRDA:63,1,0,3
BRDA:63,1,1,18
BRDA:66,2,0,7
BRDA:66,2,1,14
BRF:6
BRH:6
end_of_record
TN:
SF:src/utils/intelligence/build.ts
FN:26,createEmptyIndex
FN:48,addArticleToIndex
FN:52,(anonymous_2)
FN:93,buildIndexFromEntries
FN:126,findRelatedArticles
FN:139,(anonymous_5)
FN:151,(anonymous_6)
FN:152,(anonymous_7)
FN:154,(anonymous_8)
FN:175,generateCrossReferences
FN:182,(anonymous_10)
FN:183,(anonymous_11)
FN:184,(anonymous_12)
FN:185,(anonymous_13)
FN:223,findOrCreateSeries
FN:228,(anonymous_15)
FNF:16
FNH:16
FNDA:58,createEmptyIndex
FNDA:69,addArticleToIndex
FNDA:65,(anonymous_2)
FNDA:9,buildIndexFromEntries
FNDA:18,findRelatedArticles
FNDA:24,(anonymous_5)
FNDA:24,(anonymous_6)
FNDA:6,(anonymous_7)
FNDA:18,(anonymous_8)
FNDA:11,generateCrossReferences
FNDA:10,(anonymous_10)
FNDA:8,(anonymous_11)
FNDA:16,(anonymous_12)
FNDA:16,(anonymous_13)
FNDA:5,findOrCreateSeries
FNDA:1,(anonymous_15)
DA:19,8
DA:27,58
DA:52,69
DA:53,69
DA:55,69
DA:59,69
DA:60,69
DA:61,69
DA:63,69
DA:64,3
DA:65,3
DA:66,3
DA:69,69
DA:70,69
DA:71,69
DA:73,69
DA:94,9
DA:95,9
DA:96,9
DA:98,9
DA:99,11
DA:100,11
DA:101,11
DA:104,9
DA:132,18
DA:133,1
DA:136,17
DA:137,17
DA:139,17
DA:140,24
DA:141,24
DA:142,38
DA:144,24
DA:145,34
DA:147,24
DA:150,17
DA:151,24
DA:152,6
DA:154,18
DA:179,11
DA:181,11
DA:182,10
DA:184,16
DA:185,16
DA:186,8
DA:189,8
DA:192,8
DA:195,8
DA:201,8
DA:207,8
DA:228,5
DA:229,5
DA:230,1
DA:233,4
DA:242,4
DA:243,4
LF:56
LH:56
BRDA:53,0,0,3
BRDA:53,0,1,66
BRDA:55,1,0,3
BRDA:55,1,1,66
BRDA:63,2,0,3
BRDA:63,2,1,66
BRDA:130,3,0,18
BRDA:132,4,0,1
BRDA:132,4,1,17
BRDA:132,5,0,18
BRDA:132,5,1,2
BRDA:142,6,0,21
BRDA:142,6,1,17
BRDA:145,7,0,13
BRDA:145,7,1,21
BRDA:189,8,0,2
BRDA:189,8,1,6
BRDA:189,9,0,3
BRDA:189,9,1,3
BRDA:192,10,0,6
BRDA:192,10,1,2
BRDA:192,11,0,1
BRDA:192,11,1,1
BRDA:195,12,0,5
BRDA:195,12,1,3
BRDA:195,13,0,8
BRDA:195,13,1,8
BRDA:197,14,0,3
BRDA:197,14,1,0
BRDA:229,15,0,1
BRDA:229,15,1,4
BRF:31
BRH:30
end_of_record
TN:
SF:src/utils/intelligence/html.ts
FN:40,formatDisplayDate
FN:64,buildRelatedArticlesHTML
FN:77,(anonymous_2)
FN:78,(anonymous_3)
FN:103,(anonymous_4)
FNF:5
FNH:5
FNDA:11,formatDisplayDate
FNDA:16,buildRelatedArticlesHTML
FNDA:9,(anonymous_2)
FNDA:7,(anonymous_3)
FNDA:5,(anonymous_4)
DA:16,8
DA:41,11
DA:42,11
DA:43,11
DA:44,11
DA:45,11
DA:46,11
DA:47,11
DA:48,11
DA:70,16
DA:71,3
DA:74,13
DA:76,16
DA:78,9
DA:80,9
DA:82,9
DA:83,7
DA:84,7
DA:85,7
DA:87,2
DA:88,2
DA:92,16
DA:93,4
DA:94,4
DA:95,4
DA:96,4
DA:102,13
DA:104,5
DA:105,5
DA:112,13
DA:114,16
DA:117,16
DA:118,16
DA:119,13
DA:120,13
DA:122,13
LF:36
LH:36
BRDA:42,0,0,11
BRDA:42,0,1,0
BRDA:43,1,0,11
BRDA:43,1,1,0
BRDA:44,2,0,11
BRDA:44,2,1,0
BRDA:45,3,0,0
BRDA:45,3,1,11
BRDA:45,4,0,11
BRDA:45,4,1,11
BRDA:45,4,2,11
BRDA:47,5,0,11
BRDA:47,5,1,1
BRDA:47,6,0,11
BRDA:47,6,1,7
BRDA:70,7,0,3
BRDA:70,7,1,13
BRDA:70,8,0,16
BRDA:70,8,1,5
BRDA:70,8,2,3
BRDA:74,9,0,13
BRDA:74,9,1,9
BRDA:80,10,0,9
BRDA:80,10,1,0
BRDA:82,11,0,7
BRDA:82,11,1,2
BRDA:92,12,0,4
BRDA:92,12,1,12
BRDA:92,13,0,16
BRDA:92,13,1,4
BRDA:112,14,0,13
BRDA:112,14,1,0
BRDA:118,15,0,13
BRDA:118,15,1,3
BRDA:119,16,0,4
BRDA:119,16,1,9
BRF:36
BRH:30
end_of_record
TN:
SF:src/utils/intelligence/internals.ts
FN:31,isSafeKey
FN:42,createNullMap
FN:56,removeIdFromMap
FN:66,(anonymous_3)
FN:84,addIdToMap
FN:110,slugify
FN:132,escapeAttr
FN:147,escapeText
FNF:8
FNH:8
FNDA:344,isSafeKey
FNDA:441,createNullMap
FNDA:9,removeIdFromMap
FNDA:12,(anonymous_3)
FNDA:270,addIdToMap
FNDA:28,slugify
FNDA:26,escapeAttr
FNDA:80,escapeText
DA:21,8
DA:32,344
DA:43,441
DA:61,9
DA:62,12
DA:64,12
DA:65,12
DA:66,12
DA:67,12
DA:68,12
DA:70,0
DA:89,270
DA:90,311
DA:92,304
DA:93,311
DA:94,301
DA:111,28
DA:113,28
DA:114,28
DA:115,28
DA:116,28
DA:117,28
DA:118,28
DA:119,0
DA:120,0
DA:121,0
DA:123,0
DA:133,26
DA:148,80
LF:29
LH:24
BRDA:62,0,0,0
BRDA:62,0,1,12
BRDA:65,1,0,0
BRDA:65,1,1,12
BRDA:67,2,0,12
BRDA:67,2,1,0
BRDA:90,3,0,7
BRDA:90,3,1,304
BRDA:92,4,0,304
BRDA:92,4,1,205
BRDA:93,5,0,301
BRDA:93,5,1,10
BRDA:114,6,0,28
BRDA:114,6,1,28
BRDA:116,7,0,28
BRDA:116,7,1,40
BRDA:118,8,0,28
BRDA:118,8,1,0
BRF:18
BRH:14
end_of_record
TN:
SF:src/utils/intelligence/persist.ts
FN:28,normalizeArticleEntry
FN:57,rebuildLookupMaps
FN:83,isValidMap
FN:87,(anonymous_3)
FN:87,(anonymous_4)
FN:99,sanitizeMap
FN:125,resolveOrRebuildMaps
FN:163,mergeOntoEmpty
FN:207,loadIntelligenceIndex
FN:229,saveIntelligenceIndex
FNF:10
FNH:10
FNDA:17,normalizeArticleEntry
FNDA:6,rebuildLookupMaps
FNDA:33,isValidMap
FNDA:23,(anonymous_3)
FNDA:28,(anonymous_4)
FNDA:15,sanitizeMap
FNDA:11,resolveOrRebuildMaps
FNDA:11,mergeOntoEmpty
FNDA:13,loadIntelligenceIndex
FNDA:11,saveIntelligenceIndex
DA:29,17
DA:30,17
DA:62,6
DA:63,6
DA:64,6
DA:65,6
DA:66,10
DA:67,10
DA:68,10
DA:70,6
DA:84,33
DA:85,18
DA:86,18
DA:87,28
DA:100,15
DA:101,15
DA:102,21
DA:104,17
DA:105,17
DA:106,17
DA:109,15
DA:135,11
DA:136,11
DA:137,11
DA:139,11
DA:140,6
DA:142,5
DA:164,11
DA:165,11
DA:169,11
DA:175,11
DA:185,11
DA:187,11
DA:208,13
DA:209,1
DA:212,12
DA:213,12
DA:214,12
DA:215,12
DA:217,1
DA:230,11
DA:231,11
DA:232,1
DA:234,11
LF:44
LH:44
BRDA:31,0,0,17
BRDA:31,0,1,0
BRDA:32,1,0,16
BRDA:32,1,1,1
BRDA:34,2,0,6
BRDA:34,2,1,11
BRDA:34,3,0,17
BRDA:34,3,1,7
BRDA:37,4,0,7
BRDA:37,4,1,10
BRDA:38,5,0,12
BRDA:38,5,1,5
BRDA:39,6,0,12
BRDA:39,6,1,5
BRDA:40,7,0,12
BRDA:40,7,1,5
BRDA:41,8,0,7
BRDA:41,8,1,10
BRDA:42,9,0,7
BRDA:42,9,1,10
BRDA:43,10,0,17
BRDA:43,10,1,1
BRDA:84,11,0,15
BRDA:84,11,1,18
BRDA:84,12,0,33
BRDA:84,12,1,18
BRDA:84,12,2,18
BRDA:87,13,0,23
BRDA:87,13,1,22
BRDA:102,14,0,4
BRDA:102,14,1,17
BRDA:105,15,0,17
BRDA:105,15,1,0
BRDA:139,16,0,6
BRDA:139,16,1,5
BRDA:139,17,0,11
BRDA:139,17,1,11
BRDA:139,17,2,5
BRDA:139,17,3,5
BRDA:143,18,0,5
BRDA:143,18,1,0
BRDA:144,19,0,5
BRDA:144,19,1,0
BRDA:147,20,0,5
BRDA:147,20,1,0
BRDA:165,21,0,11
BRDA:165,21,1,0
BRDA:181,22,0,5
BRDA:181,22,1,6
BRDA:182,23,0,5
BRDA:182,23,1,6
BRDA:185,24,0,6
BRDA:185,24,1,5
BRDA:185,25,0,11
BRDA:185,25,1,5
BRDA:208,26,0,1
BRDA:208,26,1,12
BRDA:231,27,0,1
BRDA:231,27,1,10
BRF:59
BRH:53
end_of_record
TN:
SF:src/utils/intelligence/trends.ts
FN:21,resolveConfidence
FN:34,resolveDateRange
FN:40,(anonymous_2)
FN:41,(anonymous_3)
FN:57,buildTopicTrend
FN:87,buildProcedureTrend
FN:117,detectTrends
FNF:7
FNH:7
FNDA:24,resolveConfidence
FNDA:24,resolveDateRange
FNDA:75,(anonymous_2)
FNDA:64,(anonymous_3)
FNDA:16,buildTopicTrend
FNDA:8,buildProcedureTrend
FNDA:24,detectTrends
DA:13,8
DA:22,24
DA:23,22
DA:24,17
DA:38,24
DA:39,24
DA:40,75
DA:41,64
DA:43,24
DA:62,16
DA:63,16
DA:65,16
DA:66,16
DA:92,8
DA:93,8
DA:94,8
DA:118,24
DA:120,24
DA:121,32
DA:122,16
DA:126,24
DA:127,11
DA:128,8
DA:132,24
LF:24
LH:24
BRDA:22,0,0,2
BRDA:22,0,1,22
BRDA:23,1,0,5
BRDA:23,1,1,17
BRDA:44,2,0,24
BRDA:44,2,1,0
BRDA:45,3,0,24
BRDA:45,3,1,0
BRDA:65,4,0,2
BRDA:65,4,1,14
BRDA:121,5,0,16
BRDA:121,5,1,16
BRDA:127,6,0,8
BRDA:127,6,1,3
BRF:14
BRH:12
end_of_record
TN:
SF:src/utils/intelligence/types.ts
FNF:0
FNH:0
LF:0
LH:0
BRF:0
BRH:0
end_of_record
TN:
SF:src/workflows/index.ts
FNF:0
FNH:0
LF:0
LH:0
BRF:0
BRH:0
end_of_record
TN:
SF:src/workflows/types.ts
FNF:0
FNH:0
DA:24,2
LF:1
LH:1
BRF:0
BRH:0
end_of_record
TN:
SF:src/workflows/completeness-gate/constants.ts
FNF:0
FNH:0
DA:20,2
DA:26,2
DA:34,2
DA:47,2
DA:56,2
DA:62,2
DA:65,2
DA:72,2
DA:75,2
DA:84,2
DA:92,2
DA:99,2
DA:106,2
DA:114,2
DA:122,2
DA:130,2
DA:143,2
LF:17
LH:17
BRF:0
BRH:0
end_of_record
TN:
SF:src/workflows/completeness-gate/index.ts
FNF:0
FNH:0
LF:0
LH:0
BRF:0
BRH:0
end_of_record
TN:
SF:src/workflows/completeness-gate/types.ts
FNF:0
FNH:0
LF:0
LH:0
BRF:0
BRH:0
end_of_record
TN:
SF:src/workflows/completeness-gate/validators.ts
FN:42,hasPlaceholders
FN:46,(anonymous_1)
FN:55,hasMermaid
FN:65,hasWepBand
FN:75,hasAdmiraltyGrade
FN:85,hasBluf
FN:95,hasReaderBlock
FN:105,countSatBullets
FN:118,hasSourceDiversityEvidence
FN:147,hasImfFigureClaim
FN:157,findWbEconomicIndicator
FN:168,hasWbEconomicClaim
FN:184,computeEffectiveMinLines
FN:205,resolveDataModeReduction
FN:222,requiresMermaid
FN:238,createEmptyResult
FNF:16
FNH:16
FNDA:8,hasPlaceholders
FNDA:24,(anonymous_1)
FNDA:3,hasMermaid
FNDA:5,hasWepBand
FNDA:4,hasAdmiraltyGrade
FNDA:3,hasBluf
FNDA:5,hasReaderBlock
FNDA:3,countSatBullets
FNDA:7,hasSourceDiversityEvidence
FNDA:3,hasImfFigureClaim
FNDA:3,findWbEconomicIndicator
FNDA:3,hasWbEconomicClaim
FNDA:7,computeEffectiveMinLines
FNDA:5,resolveDataModeReduction
FNDA:4,requiresMermaid
FNDA:1,createEmptyResult
DA:43,8
DA:44,1
DA:46,24
DA:56,3
DA:66,5
DA:76,4
DA:86,3
DA:96,5
DA:106,3
DA:107,3
DA:119,7
DA:120,2
DA:122,5
DA:123,5
DA:124,5
DA:125,5
DA:126,10
DA:127,2
DA:128,2
DA:130,8
DA:131,2
DA:132,2
DA:134,6
DA:135,1
DA:138,4
DA:148,3
DA:158,3
DA:159,3
DA:169,3
DA:190,7
DA:191,7
DA:193,7
DA:194,1
DA:196,6
DA:206,5
DA:207,1
DA:209,4
DA:223,4
DA:224,1
DA:226,3
DA:227,3
DA:239,1
LF:42
LH:42
BRDA:43,0,0,1
BRDA:43,0,1,7
BRDA:107,1,0,2
BRDA:107,1,1,1
BRDA:119,2,0,2
BRDA:119,2,1,5
BRDA:126,3,0,2
BRDA:126,3,1,8
BRDA:126,4,0,10
BRDA:126,4,1,7
BRDA:130,5,0,2
BRDA:130,5,1,6
BRDA:130,6,0,8
BRDA:130,6,1,3
BRDA:130,6,2,2
BRDA:134,7,0,1
BRDA:134,7,1,5
BRDA:134,8,0,6
BRDA:134,8,1,1
BRDA:134,8,2,1
BRDA:159,9,0,2
BRDA:159,9,1,1
BRDA:159,10,0,2
BRDA:159,10,1,0
BRDA:190,11,0,7
BRDA:190,11,1,4
BRDA:190,11,2,0
BRDA:193,12,0,1
BRDA:193,12,1,6
BRDA:193,13,0,7
BRDA:193,13,1,2
BRDA:206,14,0,1
BRDA:206,14,1,4
BRDA:209,15,0,4
BRDA:209,15,1,0
BRDA:223,16,0,1
BRDA:223,16,1,3
BRDA:227,17,0,3
BRDA:227,17,1,3
BRF:39
BRH:36
end_of_record
TN:
SF:src/workflows/infrastructure/index.ts
FNF:0
FNH:0
LF:0
LH:0
BRF:0
BRH:0
end_of_record
TN:
SF:src/workflows/infrastructure/shell-safety.ts
FN:107,stripCommentLines
FN:110,(anonymous_1)
FN:122,validateShellSafety
FNF:3
FNH:3
FNDA:3,stripCommentLines
FNDA:7,(anonymous_1)
FNDA:13,validateShellSafety
DA:37,2
DA:108,3
DA:110,7
DA:123,13
DA:124,13
DA:126,13
DA:127,104
DA:128,176
DA:129,176
DA:130,24
DA:132,152
DA:133,11
DA:143,13
LF:13
LH:13
BRDA:129,0,0,24
BRDA:129,0,1,152
BRDA:129,1,0,176
BRDA:129,1,1,176
BRDA:132,2,0,11
BRDA:132,2,1,141
BRF:6
BRH:6
end_of_record
TN:
SF:src/workflows/safe-outputs/index.ts
FNF:0
FNH:0
LF:0
LH:0
BRF:0
BRH:0
end_of_record
TN:
SF:src/workflows/safe-outputs/types.ts
FNF:0
FNH:0
DA:59,1
DA:73,1
DA:80,1
DA:89,1
LF:4
LH:4
BRF:0
BRH:0
end_of_record
