TN:
SF:scripts/backport-article-seo.js
FN:62,parseArgs
FN:82,(anonymous_1)
FN:100,printHelp
FN:126,listArticleFiles
FN:146,(anonymous_4)
FN:214,decodeEntities
FN:216,(anonymous_6)
FN:220,(anonymous_7)
FN:224,(anonymous_8)
FN:236,encodeAttribute
FN:251,encodeBody
FN:262,encodeJson
FN:274,sliceArticleBody
FN:289,stripTags
FN:300,extractBodyH1
FN:364,extractBodyFirstProse
FN:405,deriveMetadataForFile
FN:546,extractCommitteeCodes
FN:550,(anonymous_18)
FN:580,isTextPlausiblyInLang
FN:622,extractBodySecondProse
FN:651,buildSyntheticMarkdown
FN:671,chooseTitle
FN:695,isGenericBodyH1
FN:729,extractFirstSentence
FN:748,truncateUpto
FN:766,pickLangEntry
FN:782,rewriteHtml
FN:829,replaceNamedMeta
FN:856,replacePropertyMeta
FN:883,rewriteJsonLd
FN:909,readCurrentTitle
FN:925,readCurrentDescription
FN:938,main
FN:947,(anonymous_34)
FN:1016,(anonymous_35)
FNF:36
FNH:29
FNDA:8,parseArgs
FNDA:3,(anonymous_1)
FNDA:0,printHelp
FNDA:1,listArticleFiles
FNDA:1,(anonymous_4)
FNDA:39,decodeEntities
FNDA:1,(anonymous_6)
FNDA:2,(anonymous_7)
FNDA:18,(anonymous_8)
FNDA:18,encodeAttribute
FNDA:6,encodeBody
FNDA:12,encodeJson
FNDA:8,sliceArticleBody
FNDA:33,stripTags
FNDA:6,extractBodyH1
FNDA:9,extractBodyFirstProse
FNDA:5,deriveMetadataForFile
FNDA:10,extractCommitteeCodes
FNDA:0,(anonymous_18)
FNDA:4,isTextPlausiblyInLang
FNDA:8,extractBodySecondProse
FNDA:5,buildSyntheticMarkdown
FNDA:7,chooseTitle
FNDA:28,isGenericBodyH1
FNDA:7,extractFirstSentence
FNDA:18,truncateUpto
FNDA:9,pickLangEntry
FNDA:6,rewriteHtml
FNDA:24,replaceNamedMeta
FNDA:18,replacePropertyMeta
FNDA:6,rewriteJsonLd
FNDA:0,readCurrentTitle
FNDA:0,readCurrentDescription
FNDA:0,main
FNDA:0,(anonymous_34)
FNDA:0,(anonymous_35)
DA:48,1
DA:50,1
DA:53,1
DA:63,8
DA:64,8
DA:65,8
DA:66,8
DA:68,2
DA:69,2
DA:71,1
DA:72,1
DA:74,2
DA:75,2
DA:76,1
DA:77,1
DA:80,2
DA:81,2
DA:82,3
DA:83,1
DA:87,0
DA:88,0
DA:91,1
DA:94,5
DA:101,0
DA:127,1
DA:128,1
DA:129,1
DA:130,5
DA:131,4
DA:132,4
DA:133,3
DA:134,3
DA:135,2
DA:136,2
DA:137,2
DA:146,1
DA:147,1
DA:153,1
DA:215,39
DA:217,1
DA:218,1
DA:221,2
DA:222,2
DA:225,18
DA:226,18
DA:237,18
DA:252,6
DA:263,12
DA:275,8
DA:276,8
DA:277,7
DA:278,7
DA:279,7
DA:290,33
DA:301,6
DA:302,6
DA:321,1
DA:367,9
DA:371,9
DA:373,9
DA:375,9
DA:376,15
DA:377,15
DA:378,14
DA:379,8
DA:381,1
DA:406,5
DA:407,5
DA:408,5
DA:409,5
DA:416,5
DA:418,5
DA:424,5
DA:426,5
DA:435,2
DA:438,2
DA:440,2
DA:442,2
DA:447,2
DA:452,2
DA:454,2
DA:461,3
DA:463,3
DA:466,5
DA:467,5
DA:471,5
DA:478,1
DA:487,1
DA:510,1
DA:532,1
DA:547,10
DA:548,9
DA:549,9
DA:550,0
DA:551,0
DA:553,0
DA:554,0
DA:555,0
DA:556,0
DA:557,0
DA:558,0
DA:560,0
DA:581,4
DA:582,4
DA:583,4
DA:585,4
DA:586,4
DA:588,0
DA:592,4
DA:593,0
DA:594,0
DA:595,0
DA:597,0
DA:605,4
DA:606,4
DA:607,3
DA:608,4
DA:609,2
DA:623,8
DA:627,8
DA:629,8
DA:630,8
DA:632,8
DA:633,12
DA:634,12
DA:635,8
DA:636,8
DA:637,8
DA:639,8
DA:652,5
DA:653,5
DA:654,5
DA:655,5
DA:656,5
DA:672,7
DA:673,2
DA:675,5
DA:676,3
DA:677,3
DA:679,3
DA:696,28
DA:697,21
DA:698,21
DA:706,21
DA:707,91
DA:708,10
DA:716,11
DA:717,4
DA:719,7
DA:730,7
DA:731,7
DA:732,7
DA:733,2
DA:734,2
DA:735,2
DA:749,18
DA:750,18
DA:751,4
DA:752,4
DA:753,4
DA:754,18
DA:767,9
DA:768,9
DA:769,3
DA:770,9
DA:783,6
DA:784,6
DA:785,6
DA:786,6
DA:787,6
DA:789,6
DA:792,6
DA:798,6
DA:799,6
DA:800,6
DA:801,6
DA:804,6
DA:805,6
DA:806,6
DA:809,6
DA:811,6
DA:830,24
DA:831,24
DA:841,24
DA:842,24
DA:843,96
DA:845,24
DA:857,18
DA:858,18
DA:864,18
DA:865,18
DA:866,72
DA:868,18
DA:884,6
DA:885,6
DA:886,6
DA:887,6
DA:888,6
DA:892,6
DA:896,6
DA:910,0
DA:911,0
DA:912,0
DA:913,0
DA:926,0
DA:927,0
DA:939,0
DA:940,0
DA:941,0
DA:942,0
DA:945,0
DA:946,0
DA:947,0
DA:950,0
DA:952,0
DA:954,0
DA:956,0
DA:957,0
DA:958,0
DA:959,0
DA:960,0
DA:961,0
DA:962,0
DA:963,0
DA:964,0
DA:965,0
DA:966,0
DA:967,0
DA:968,0
DA:969,0
DA:970,0
DA:971,0
DA:977,0
DA:979,0
DA:982,0
DA:983,0
DA:987,0
DA:988,0
DA:991,0
DA:992,0
DA:993,0
DA:994,0
DA:995,0
DA:998,0
DA:999,0
DA:1000,0
DA:1001,0
DA:1002,0
DA:1003,0
DA:1007,0
DA:1008,0
DA:1013,1
DA:1014,1
DA:1015,1
DA:1016,0
DA:1017,0
DA:1018,0
LF:257
LH:186
BRDA:66,0,0,2
BRDA:66,0,1,1
BRDA:66,0,2,2
BRDA:66,0,3,2
BRDA:66,0,4,0
BRDA:66,0,5,0
BRDA:66,0,6,1
BRDA:75,1,0,1
BRDA:75,1,1,1
BRDA:81,2,0,1
BRDA:81,2,1,1
BRDA:130,3,0,1
BRDA:130,3,1,4
BRDA:132,4,0,1
BRDA:132,4,1,3
BRDA:132,5,0,4
BRDA:132,5,1,3
BRDA:134,6,0,1
BRDA:134,6,1,2
BRDA:136,7,0,0
BRDA:136,7,1,2
BRDA:146,8,0,0
BRDA:146,8,1,1
BRDA:146,9,0,1
BRDA:146,9,1,0
BRDA:218,10,0,1
BRDA:218,10,1,0
BRDA:222,11,0,2
BRDA:222,11,1,0
BRDA:226,12,0,17
BRDA:226,12,1,1
BRDA:276,13,0,1
BRDA:276,13,1,7
BRDA:278,14,0,0
BRDA:278,14,1,7
BRDA:302,15,0,6
BRDA:302,15,1,0
BRDA:377,16,0,1
BRDA:377,16,1,14
BRDA:378,17,0,6
BRDA:378,17,1,8
BRDA:416,18,0,5
BRDA:416,18,1,5
BRDA:422,19,0,0
BRDA:422,19,1,5
BRDA:426,20,0,2
BRDA:426,20,1,3
BRDA:435,21,0,2
BRDA:435,21,1,2
BRDA:435,21,2,2
BRDA:438,22,0,2
BRDA:438,22,1,2
BRDA:440,23,0,2
BRDA:440,23,1,0
BRDA:442,24,0,1
BRDA:442,24,1,1
BRDA:447,25,0,1
BRDA:447,25,1,1
BRDA:447,26,0,1
BRDA:447,26,1,0
BRDA:447,27,0,0
BRDA:447,27,1,1
BRDA:449,28,0,0
BRDA:449,28,1,1
BRDA:452,29,0,2
BRDA:452,29,1,1
BRDA:463,30,0,3
BRDA:463,30,1,3
BRDA:463,30,2,2
BRDA:463,30,3,1
BRDA:466,31,0,0
BRDA:466,31,1,3
BRDA:466,32,0,5
BRDA:466,32,1,1
BRDA:467,33,0,2
BRDA:467,33,1,1
BRDA:547,34,0,1
BRDA:547,34,1,9
BRDA:549,35,0,9
BRDA:549,35,1,0
BRDA:551,36,0,0
BRDA:551,36,1,0
BRDA:556,37,0,0
BRDA:556,37,1,0
BRDA:581,38,0,0
BRDA:581,38,1,4
BRDA:583,39,0,0
BRDA:583,39,1,4
BRDA:586,40,0,0
BRDA:586,40,1,4
BRDA:592,41,0,0
BRDA:592,41,1,4
BRDA:595,42,0,0
BRDA:595,42,1,0
BRDA:606,43,0,1
BRDA:606,43,1,3
BRDA:608,44,0,1
BRDA:608,44,1,3
BRDA:634,45,0,4
BRDA:634,45,1,8
BRDA:635,46,0,0
BRDA:635,46,1,8
BRDA:637,47,0,2
BRDA:637,47,1,6
BRDA:639,48,0,8
BRDA:639,48,1,6
BRDA:653,49,0,5
BRDA:653,49,1,0
BRDA:655,50,0,4
BRDA:655,50,1,1
BRDA:672,51,0,2
BRDA:672,51,1,5
BRDA:672,52,0,7
BRDA:672,52,1,7
BRDA:675,53,0,3
BRDA:675,53,1,2
BRDA:677,54,0,2
BRDA:677,54,1,1
BRDA:696,55,0,7
BRDA:696,55,1,21
BRDA:707,56,0,10
BRDA:707,56,1,81
BRDA:707,57,0,91
BRDA:707,57,1,82
BRDA:707,57,2,81
BRDA:716,58,0,4
BRDA:716,58,1,7
BRDA:731,59,0,6
BRDA:731,59,1,1
BRDA:732,60,0,5
BRDA:732,60,1,2
BRDA:735,61,0,2
BRDA:735,61,1,0
BRDA:750,62,0,14
BRDA:750,62,1,4
BRDA:753,63,0,4
BRDA:753,63,1,0
BRDA:768,64,0,6
BRDA:768,64,1,3
BRDA:770,65,0,9
BRDA:770,65,1,1
BRDA:886,66,0,0
BRDA:886,66,1,6
BRDA:911,67,0,0
BRDA:911,67,1,0
BRDA:927,68,0,0
BRDA:927,68,1,0
BRDA:938,69,0,0
BRDA:941,70,0,0
BRDA:941,70,1,0
BRDA:946,71,0,0
BRDA:946,71,1,0
BRDA:958,72,0,0
BRDA:958,72,1,0
BRDA:967,73,0,0
BRDA:967,73,1,0
BRDA:970,74,0,0
BRDA:970,74,1,0
BRDA:970,75,0,0
BRDA:970,75,1,0
BRDA:977,76,0,0
BRDA:977,76,1,0
BRDA:983,77,0,0
BRDA:983,77,1,0
BRDA:983,77,2,0
BRDA:987,78,0,0
BRDA:987,78,1,0
BRDA:998,79,0,0
BRDA:998,79,1,0
BRDA:1007,80,0,0
BRDA:1007,80,1,0
BRDA:1007,81,0,0
BRDA:1007,81,1,0
BRDA:1014,82,0,1
BRDA:1014,82,1,0
BRDA:1015,83,0,0
BRDA:1015,83,1,1
BRDA:1017,84,0,0
BRDA:1017,84,1,0
BRDA:1017,84,2,0
BRF:180
BRH:114
end_of_record
TN:
SF:scripts/check-election-tier.js
FN:41,computeElectionTier
FN:69,shouldDispatchForTier
FN:79,writeOutputs
FNF:3
FNH:3
FNDA:11,computeElectionTier
FNDA:29,shouldDispatchForTier
FNDA:1,writeOutputs
DA:33,1
DA:34,1
DA:42,11
DA:43,11
DA:44,11
DA:45,11
DA:47,11
DA:50,11
DA:51,3
DA:52,8
DA:53,2
DA:54,6
DA:55,2
DA:56,4
DA:57,2
DA:60,2
DA:63,11
DA:70,29
DA:71,22
DA:72,15
DA:73,8
DA:80,1
DA:81,1
DA:82,1
DA:83,1
DA:84,1
DA:86,1
DA:87,1
DA:88,1
DA:89,1
DA:93,1
DA:94,1
DA:95,1
DA:96,1
DA:97,1
DA:100,0
DA:101,0
LF:37
LH:35
BRDA:42,0,0,11
BRDA:42,0,1,1
BRDA:47,1,0,9
BRDA:47,1,1,2
BRDA:50,2,0,3
BRDA:50,2,1,8
BRDA:52,3,0,2
BRDA:52,3,1,6
BRDA:54,4,0,2
BRDA:54,4,1,4
BRDA:56,5,0,2
BRDA:56,5,1,2
BRDA:70,6,0,7
BRDA:70,6,1,22
BRDA:71,7,0,7
BRDA:71,7,1,15
BRDA:71,8,0,7
BRDA:71,8,1,6
BRDA:72,9,0,7
BRDA:72,9,1,8
BRDA:81,10,0,1
BRDA:81,10,1,0
BRF:22
BRH:21
end_of_record
TN:
SF:scripts/minify-assets.js
FN:47,fmt
FN:53,errorMessage
FN:58,pool
FN:61,worker
FN:113,(anonymous_4)
FN:114,(anonymous_5)
FN:120,(anonymous_6)
FN:121,(anonymous_7)
FN:131,(anonymous_8)
FN:131,(anonymous_9)
FN:169,collectJs
FN:191,(anonymous_11)
FN:191,(anonymous_12)
FNF:13
FNH:0
FNDA:0,fmt
FNDA:0,errorMessage
FNDA:0,pool
FNDA:0,worker
FNDA:0,(anonymous_4)
FNDA:0,(anonymous_5)
FNDA:0,(anonymous_6)
FNDA:0,(anonymous_7)
FNDA:0,(anonymous_8)
FNDA:0,(anonymous_9)
FNDA:0,collectJs
FNDA:0,(anonymous_11)
FNDA:0,(anonymous_12)
DA:40,0
DA:41,0
DA:43,0
DA:48,0
DA:49,0
DA:50,0
DA:54,0
DA:59,0
DA:60,0
DA:62,0
DA:63,0
DA:64,0
DA:67,0
DA:68,0
DA:69,0
DA:72,0
DA:73,0
DA:74,0
DA:75,0
DA:79,0
DA:81,0
DA:82,0
DA:83,0
DA:84,0
DA:85,0
DA:86,0
DA:88,0
DA:89,0
DA:90,0
DA:91,0
DA:92,0
DA:93,0
DA:99,0
DA:112,0
DA:113,0
DA:114,0
DA:116,0
DA:117,0
DA:118,0
DA:119,0
DA:120,0
DA:121,0
DA:126,0
DA:127,0
DA:128,0
DA:129,0
DA:131,0
DA:132,0
DA:133,0
DA:134,0
DA:135,0
DA:136,0
DA:137,0
DA:138,0
DA:140,0
DA:141,0
DA:145,0
DA:146,0
DA:147,0
DA:148,0
DA:149,0
DA:150,0
DA:151,0
DA:153,0
DA:156,0
DA:157,0
DA:158,0
DA:159,0
DA:160,0
DA:167,0
DA:168,0
DA:170,0
DA:171,0
DA:172,0
DA:173,0
DA:174,0
DA:175,0
DA:178,0
DA:185,0
DA:187,0
DA:188,0
DA:189,0
DA:191,0
DA:192,0
DA:193,0
DA:194,0
DA:195,0
DA:202,0
DA:203,0
DA:204,0
DA:205,0
DA:208,0
DA:209,0
DA:211,0
DA:212,0
DA:216,0
DA:217,0
DA:218,0
DA:219,0
DA:220,0
DA:221,0
DA:222,0
DA:224,0
DA:227,0
DA:228,0
DA:229,0
DA:230,0
DA:231,0
DA:238,0
DA:240,0
DA:241,0
DA:250,0
DA:251,0
DA:252,0
LF:114
LH:0
BRDA:49,0,0,0
BRDA:49,0,1,0
BRDA:54,1,0,0
BRDA:54,1,1,0
BRDA:84,2,0,0
BRDA:84,2,1,0
BRDA:84,3,0,0
BRDA:84,3,1,0
BRDA:89,4,0,0
BRDA:89,4,1,0
BRDA:93,5,0,0
BRDA:93,5,1,0
BRDA:148,6,0,0
BRDA:148,6,1,0
BRDA:151,7,0,0
BRDA:151,7,1,0
BRDA:162,8,0,0
BRDA:162,8,1,0
BRDA:173,9,0,0
BRDA:173,9,1,0
BRDA:175,10,0,0
BRDA:175,10,1,0
BRDA:175,11,0,0
BRDA:175,11,1,0
BRDA:202,12,0,0
BRDA:202,12,1,0
BRDA:219,13,0,0
BRDA:219,13,1,0
BRDA:222,14,0,0
BRDA:222,14,1,0
BRDA:233,15,0,0
BRDA:233,15,1,0
BRDA:240,16,0,0
BRDA:240,16,1,0
BRDA:244,17,0,0
BRDA:244,17,1,0
BRDA:250,18,0,0
BRDA:250,18,1,0
BRF:38
BRH:0
end_of_record
TN:
SF:scripts/optimize-css.js
FNF:0
FNH:0
DA:26,0
DA:27,0
DA:28,0
DA:30,0
DA:31,0
DA:32,0
DA:34,0
DA:39,0
DA:41,0
DA:50,0
DA:51,0
DA:52,0
DA:55,0
DA:56,0
DA:58,0
DA:59,0
DA:60,0
DA:62,0
DA:70,0
DA:71,0
DA:72,0
DA:78,0
DA:79,0
LF:23
LH:0
BRDA:50,0,0,0
BRDA:50,0,1,0
BRDA:50,1,0,0
BRDA:50,1,1,0
BRDA:64,2,0,0
BRDA:64,2,1,0
BRDA:71,3,0,0
BRDA:71,3,1,0
BRF:8
BRH:0
end_of_record
TN:
SF:scripts/aggregator/forward-statements-registry.js
FN:63,shardPath
FN:76,parseLine
FN:91,newId
FN:101,isValidDateString
FN:118,isValidIsoWeekString
FN:133,validateEntry
FN:168,appendEntries
FN:216,readEntries
FN:222,(anonymous_8)
FN:273,(anonymous_9)
FN:299,readExpiredUnresolved
FN:342,updateEntry
FN:387,buildSummary
FN:391,(anonymous_13)
FN:397,(anonymous_14)
FN:411,generateSessionDayIds
FN:433,isMondayRun
FN:451,normaliseHorizon
FN:483,cli
FN:535,(anonymous_19)
FNF:20
FNH:20
FNDA:53,shardPath
FNDA:106,parseLine
FNDA:32,newId
FNDA:138,isValidDateString
FNDA:6,isValidIsoWeekString
FNDA:55,validateEntry
FNDA:28,appendEntries
FNDA:46,readEntries
FNDA:38,(anonymous_8)
FNDA:2,(anonymous_9)
FNDA:7,readExpiredUnresolved
FNDA:10,updateEntry
FNDA:3,buildSummary
FNDA:21,(anonymous_13)
FNDA:21,(anonymous_14)
FNDA:2,generateSessionDayIds
FNDA:3,isMondayRun
FNDA:31,normaliseHorizon
FNDA:19,cli
FNDA:20,(anonymous_19)
DA:46,2
DA:47,2
DA:64,53
DA:65,53
DA:77,106
DA:78,106
DA:79,65
DA:80,65
DA:82,2
DA:92,32
DA:102,138
DA:103,119
DA:104,119
DA:105,119
DA:119,6
DA:120,6
DA:121,6
DA:122,5
DA:123,5
DA:134,55
DA:135,55
DA:136,1
DA:138,54
DA:140,54
DA:141,54
DA:142,1
DA:143,54
DA:144,4
DA:145,54
DA:146,1
DA:147,54
DA:151,3
DA:152,54
DA:153,1
DA:154,54
DA:156,54
DA:169,28
DA:170,28
DA:172,28
DA:173,28
DA:175,28
DA:177,45
DA:181,45
DA:182,45
DA:183,45
DA:184,45
DA:186,45
DA:187,45
DA:188,2
DA:189,2
DA:192,43
DA:193,43
DA:194,43
DA:197,28
DA:217,46
DA:218,46
DA:220,36
DA:222,38
DA:226,36
DA:227,36
DA:228,38
DA:229,38
DA:230,102
DA:231,102
DA:232,62
DA:233,0
DA:236,0
DA:238,62
DA:242,36
DA:243,36
DA:244,46
DA:245,57
DA:248,55
DA:249,13
DA:250,2
DA:253,2
DA:256,11
DA:258,11
DA:260,4
DA:264,4
DA:268,49
DA:269,48
DA:271,47
DA:272,3
DA:273,3
DA:274,3
DA:277,46
DA:279,36
DA:283,2
DA:300,7
DA:301,7
DA:302,7
DA:303,7
DA:304,14
DA:305,1
DA:308,1
DA:311,13
DA:312,13
DA:314,1
DA:318,1
DA:320,12
DA:321,9
DA:322,14
DA:323,5
DA:325,7
DA:343,10
DA:345,10
DA:346,1
DA:350,9
DA:352,9
DA:353,9
DA:354,6
DA:357,9
DA:358,9
DA:359,3
DA:362,6
DA:363,10
DA:364,10
DA:367,10
DA:374,10
DA:375,10
DA:376,10
DA:377,10
DA:388,3
DA:389,3
DA:390,3
DA:391,21
DA:394,3
DA:397,21
DA:399,3
DA:412,2
DA:413,2
DA:414,2
DA:415,2
DA:416,6
DA:417,6
DA:418,6
DA:419,6
DA:420,6
DA:421,6
DA:423,2
DA:434,3
DA:435,3
DA:452,31
DA:453,14
DA:454,3
DA:457,11
DA:458,11
DA:459,2
DA:461,9
DA:462,9
DA:463,9
DA:464,4
DA:467,5
DA:468,5
DA:470,5
DA:471,5
DA:484,19
DA:486,19
DA:487,3
DA:502,3
DA:505,16
DA:506,3
DA:508,3
DA:509,1
DA:511,2
DA:513,3
DA:514,3
DA:515,3
DA:516,3
DA:517,2
DA:520,13
DA:521,6
DA:522,6
DA:523,6
DA:524,6
DA:525,6
DA:526,6
DA:527,6
DA:528,6
DA:529,6
DA:530,6
DA:531,6
DA:534,7
DA:535,5
DA:536,20
DA:537,20
DA:539,5
DA:540,5
DA:541,5
DA:542,5
DA:543,5
DA:544,2
DA:545,2
DA:547,3
DA:548,3
DA:549,3
DA:550,1
DA:553,2
DA:554,1
DA:555,1
DA:558,1
DA:559,1
DA:563,2
DA:568,0
LF:205
LH:202
BRDA:65,0,0,53
BRDA:65,0,1,0
BRDA:78,1,0,41
BRDA:78,1,1,65
BRDA:102,2,0,19
BRDA:102,2,1,119
BRDA:102,3,0,138
BRDA:102,3,1,137
BRDA:106,4,0,119
BRDA:106,4,1,115
BRDA:106,4,2,114
BRDA:119,5,0,0
BRDA:119,5,1,6
BRDA:121,6,0,1
BRDA:121,6,1,5
BRDA:123,7,0,5
BRDA:123,7,1,5
BRDA:135,8,0,1
BRDA:135,8,1,54
BRDA:135,9,0,55
BRDA:135,9,1,54
BRDA:140,10,0,2
BRDA:140,10,1,52
BRDA:140,11,0,54
BRDA:140,11,1,53
BRDA:141,12,0,1
BRDA:141,12,1,53
BRDA:141,13,0,54
BRDA:141,13,1,53
BRDA:143,14,0,4
BRDA:143,14,1,50
BRDA:145,15,0,1
BRDA:145,15,1,53
BRDA:145,16,0,54
BRDA:145,16,1,53
BRDA:147,17,0,3
BRDA:147,17,1,51
BRDA:148,18,0,54
BRDA:148,18,1,53
BRDA:148,18,2,6
BRDA:152,19,0,1
BRDA:152,19,1,53
BRDA:154,20,0,1
BRDA:154,20,1,53
BRDA:169,21,0,28
BRDA:169,21,1,3
BRDA:177,22,0,45
BRDA:177,22,1,0
BRDA:177,23,0,45
BRDA:177,23,1,45
BRDA:181,24,0,28
BRDA:181,24,1,17
BRDA:181,25,0,45
BRDA:181,25,1,17
BRDA:182,26,0,4
BRDA:182,26,1,41
BRDA:183,27,0,1
BRDA:183,27,1,44
BRDA:184,28,0,45
BRDA:184,28,1,0
BRDA:187,29,0,2
BRDA:187,29,1,43
BRDA:188,30,0,2
BRDA:188,30,1,1
BRDA:217,31,0,46
BRDA:217,31,1,7
BRDA:218,32,0,10
BRDA:218,32,1,36
BRDA:231,33,0,40
BRDA:231,33,1,62
BRDA:232,34,0,0
BRDA:232,34,1,62
BRDA:232,35,0,62
BRDA:232,35,1,62
BRDA:243,36,0,36
BRDA:243,36,1,32
BRDA:245,37,0,2
BRDA:245,37,1,55
BRDA:245,38,0,57
BRDA:245,38,1,4
BRDA:248,39,0,13
BRDA:248,39,1,42
BRDA:249,40,0,2
BRDA:249,40,1,11
BRDA:262,41,0,4
BRDA:262,41,1,0
BRDA:268,42,0,1
BRDA:268,42,1,48
BRDA:268,43,0,49
BRDA:268,43,1,5
BRDA:268,43,2,5
BRDA:269,44,0,1
BRDA:269,44,1,47
BRDA:269,45,0,48
BRDA:269,45,1,3
BRDA:269,45,2,3
BRDA:271,46,0,3
BRDA:271,46,1,44
BRDA:272,47,0,2
BRDA:272,47,1,1
BRDA:273,48,0,1
BRDA:273,48,1,2
BRDA:274,49,0,1
BRDA:274,49,1,2
BRDA:274,50,0,3
BRDA:274,50,1,2
BRDA:300,51,0,7
BRDA:300,51,1,1
BRDA:304,52,0,1
BRDA:304,52,1,13
BRDA:316,53,0,1
BRDA:316,53,1,0
BRDA:320,54,0,3
BRDA:320,54,1,9
BRDA:321,55,0,9
BRDA:321,55,1,0
BRDA:322,56,0,4
BRDA:322,56,1,10
BRDA:343,57,0,10
BRDA:343,57,1,3
BRDA:345,58,0,1
BRDA:345,58,1,9
BRDA:354,59,0,6
BRDA:354,59,1,0
BRDA:358,60,0,3
BRDA:358,60,1,6
BRDA:362,61,0,6
BRDA:362,61,1,1
BRDA:363,62,0,6
BRDA:363,62,1,0
BRDA:364,63,0,3
BRDA:364,63,1,3
BRDA:452,64,0,17
BRDA:452,64,1,14
BRDA:453,65,0,3
BRDA:453,65,1,11
BRDA:458,66,0,2
BRDA:458,66,1,9
BRDA:463,67,0,4
BRDA:463,67,1,5
BRDA:463,68,0,9
BRDA:463,68,1,8
BRDA:486,69,0,3
BRDA:486,69,1,16
BRDA:486,70,0,19
BRDA:486,70,1,18
BRDA:486,70,2,17
BRDA:505,71,0,3
BRDA:505,71,1,13
BRDA:508,72,0,1
BRDA:508,72,1,2
BRDA:508,73,0,3
BRDA:508,73,1,1
BRDA:514,74,0,3
BRDA:514,74,1,0
BRDA:516,75,0,1
BRDA:516,75,1,2
BRDA:520,76,0,6
BRDA:520,76,1,7
BRDA:526,77,0,2
BRDA:526,77,1,4
BRDA:526,78,0,6
BRDA:526,78,1,2
BRDA:527,79,0,2
BRDA:527,79,1,4
BRDA:527,80,0,6
BRDA:527,80,1,2
BRDA:528,81,0,2
BRDA:528,81,1,4
BRDA:528,82,0,6
BRDA:528,82,1,2
BRDA:529,83,0,2
BRDA:529,83,1,4
BRDA:534,84,0,5
BRDA:534,84,1,2
BRDA:537,85,0,10
BRDA:537,85,1,10
BRDA:543,86,0,2
BRDA:543,86,1,3
BRDA:543,87,0,5
BRDA:543,87,1,4
BRDA:549,88,0,2
BRDA:549,88,1,1
BRDA:553,89,0,1
BRDA:553,89,1,1
BRDA:563,90,0,0
BRDA:563,90,1,2
BRDA:564,91,0,2
BRDA:564,91,1,2
BRDA:564,91,2,2
BRF:190
BRH:178
end_of_record
TN:
SF:scripts/aggregator/pipeline-transit-model.js
FN:94,mulberry32
FN:96,(anonymous_1)
FN:112,deriveProcedureSeed
FN:136,inferCurrentStage
FN:144,(anonymous_4)
FN:145,(anonymous_5)
FN:149,(anonymous_6)
FN:151,(anonymous_7)
FN:152,(anonymous_8)
FN:176,extractTransitionDurations
FN:192,(anonymous_10)
FN:193,(anonymous_11)
FN:197,(anonymous_12)
FN:198,(anonymous_13)
FN:204,(anonymous_14)
FN:205,(anonymous_15)
FN:277,classifyEventStage
FN:313,monteCarloStage
FN:319,(anonymous_18)
FN:328,(anonymous_19)
FN:352,(anonymous_20)
FN:375,computeTransitModel
FN:437,deriveAsOfFromData
FN:471,parseArgs
FN:528,cli
FNF:25
FNH:24
FNDA:55,mulberry32
FNDA:341690,(anonymous_1)
FNDA:36,deriveProcedureSeed
FNDA:141,inferCurrentStage
FNDA:640,(anonymous_4)
FNDA:640,(anonymous_5)
FNDA:640,(anonymous_6)
FNDA:640,(anonymous_7)
FNDA:741,(anonymous_8)
FNDA:10,extractTransitionDurations
FNDA:630,(anonymous_10)
FNDA:630,(anonymous_11)
FNDA:630,(anonymous_12)
FNDA:738,(anonymous_13)
FNDA:630,(anonymous_14)
FNDA:630,(anonymous_15)
FNDA:782,classifyEventStage
FNDA:34,monteCarloStage
FNDA:446,(anonymous_18)
FNDA:437,(anonymous_19)
FNDA:1653502,(anonymous_20)
FNDA:7,computeTransitModel
FNDA:7,deriveAsOfFromData
FNDA:5,parseArgs
FNDA:0,cli
DA:37,1
DA:40,1
DA:43,1
DA:46,1
DA:49,1
DA:52,1
DA:55,1
DA:58,1
DA:61,1
DA:64,1
DA:67,1
DA:74,1
DA:82,1
DA:95,55
DA:96,55
DA:97,341690
DA:98,341690
DA:99,341690
DA:100,341690
DA:113,36
DA:114,36
DA:115,588
DA:116,588
DA:118,36
DA:137,141
DA:138,141
DA:139,4
DA:143,137
DA:144,640
DA:145,640
DA:149,640
DA:151,640
DA:152,741
DA:155,137
DA:156,137
DA:157,137
DA:160,0
DA:177,10
DA:184,10
DA:186,10
DA:187,135
DA:188,135
DA:191,133
DA:192,630
DA:193,630
DA:197,630
DA:198,738
DA:200,133
DA:203,133
DA:204,630
DA:205,630
DA:210,133
DA:215,133
DA:216,133
DA:218,133
DA:219,497
DA:220,497
DA:222,497
DA:224,134
DA:228,363
DA:231,363
DA:232,363
DA:235,497
DA:236,363
DA:240,363
DA:241,363
DA:246,10
DA:247,50
DA:248,50
DA:249,50
DA:252,50
DA:254,50
DA:255,50
DA:258,50
DA:259,50
DA:260,18
DA:262,32
DA:266,10
DA:279,782
DA:280,285
DA:284,497
DA:291,246
DA:293,251
DA:294,124
DA:296,127
DA:297,126
DA:299,1
DA:314,34
DA:315,17
DA:319,446
DA:320,17
DA:321,17
DA:322,17
DA:323,446
DA:324,446
DA:328,437
DA:331,17
DA:332,17
DA:333,170000
DA:335,170000
DA:336,170000
DA:337,170000
DA:338,729146
DA:339,729146
DA:340,334577
DA:342,394569
DA:345,170000
DA:347,170000
DA:348,170000
DA:352,1653502
DA:353,17
DA:354,17
DA:355,17
DA:357,17
DA:376,7
DA:379,7
DA:381,7
DA:386,7
DA:387,7
DA:388,28
DA:389,28
DA:390,28
DA:391,28
DA:392,14
DA:395,14
DA:404,7
DA:406,7
DA:407,132
DA:408,132
DA:409,132
DA:410,132
DA:413,132
DA:414,132
DA:415,168
DA:416,168
DA:419,132
DA:426,7
DA:438,7
DA:440,7
DA:441,132
DA:442,132
DA:443,132
DA:444,620
DA:445,620
DA:446,72
DA:451,7
DA:452,50
DA:453,50
DA:454,0
DA:458,7
DA:472,5
DA:474,5
DA:475,14
DA:476,3
DA:477,11
DA:478,3
DA:479,8
DA:480,3
DA:481,5
DA:482,1
DA:483,1
DA:484,0
DA:485,0
DA:487,1
DA:488,1
DA:489,0
DA:490,0
DA:493,1
DA:494,4
DA:495,2
DA:496,2
DA:497,1
DA:498,1
DA:500,1
DA:501,2
DA:502,2
DA:516,2
DA:520,2
DA:529,0
DA:531,0
DA:532,0
DA:535,0
DA:539,0
DA:540,0
DA:542,0
DA:543,0
DA:544,0
DA:545,0
DA:546,0
DA:547,0
DA:548,0
DA:551,0
DA:552,0
DA:555,0
DA:556,0
DA:557,0
DA:558,0
DA:559,0
DA:560,0
DA:561,0
DA:564,0
DA:565,0
DA:569,0
DA:572,0
DA:573,0
DA:574,0
DA:578,0
DA:579,0
DA:583,1
DA:588,0
LF:210
LH:173
BRDA:137,0,0,141
BRDA:137,0,1,1
BRDA:137,0,2,1
BRDA:138,1,0,4
BRDA:138,1,1,137
BRDA:138,2,0,141
BRDA:138,2,1,141
BRDA:144,3,0,640
BRDA:144,3,1,0
BRDA:144,3,2,0
BRDA:146,4,0,640
BRDA:146,4,1,0
BRDA:146,4,2,0
BRDA:147,5,0,640
BRDA:147,5,1,0
BRDA:147,5,2,0
BRDA:147,5,3,0
BRDA:151,6,0,640
BRDA:151,6,1,628
BRDA:157,7,0,137
BRDA:157,7,1,0
BRDA:187,8,0,135
BRDA:187,8,1,0
BRDA:187,8,2,0
BRDA:188,9,0,2
BRDA:188,9,1,133
BRDA:188,10,0,135
BRDA:188,10,1,135
BRDA:192,11,0,630
BRDA:192,11,1,0
BRDA:192,11,2,0
BRDA:194,12,0,630
BRDA:194,12,1,0
BRDA:194,12,2,0
BRDA:195,13,0,630
BRDA:195,13,1,0
BRDA:195,13,2,0
BRDA:195,13,3,0
BRDA:200,14,0,0
BRDA:200,14,1,133
BRDA:210,15,0,0
BRDA:210,15,1,133
BRDA:220,16,0,0
BRDA:220,16,1,497
BRDA:222,17,0,134
BRDA:222,17,1,363
BRDA:232,18,0,363
BRDA:232,18,1,0
BRDA:232,19,0,0
BRDA:232,19,1,0
BRDA:235,20,0,363
BRDA:235,20,1,134
BRDA:235,21,0,497
BRDA:235,21,1,363
BRDA:235,21,2,363
BRDA:247,22,0,0
BRDA:247,22,1,50
BRDA:247,23,0,50
BRDA:247,23,1,0
BRDA:248,24,0,50
BRDA:248,24,1,0
BRDA:249,25,0,0
BRDA:249,25,1,50
BRDA:252,26,0,0
BRDA:252,26,1,50
BRDA:255,27,0,50
BRDA:255,27,1,0
BRDA:255,28,0,0
BRDA:255,28,1,0
BRDA:258,29,0,50
BRDA:258,29,1,0
BRDA:258,29,2,0
BRDA:258,29,3,0
BRDA:259,30,0,18
BRDA:259,30,1,32
BRDA:259,31,0,50
BRDA:259,31,1,32
BRDA:279,32,0,285
BRDA:279,32,1,497
BRDA:279,33,0,782
BRDA:279,33,1,500
BRDA:279,33,2,497
BRDA:284,34,0,246
BRDA:284,34,1,251
BRDA:285,35,0,497
BRDA:285,35,1,254
BRDA:285,35,2,253
BRDA:285,35,3,252
BRDA:285,35,4,251
BRDA:285,35,5,0
BRDA:293,36,0,124
BRDA:293,36,1,127
BRDA:293,37,0,251
BRDA:293,37,1,128
BRDA:293,37,2,128
BRDA:296,38,0,126
BRDA:296,38,1,1
BRDA:296,39,0,127
BRDA:296,39,1,2
BRDA:296,39,2,1
BRDA:314,40,0,17
BRDA:314,40,1,17
BRDA:314,41,0,34
BRDA:314,41,1,33
BRDA:339,42,0,334577
BRDA:339,42,1,394569
BRDA:376,43,0,7
BRDA:376,43,1,0
BRDA:379,44,0,0
BRDA:379,44,1,7
BRDA:391,45,0,14
BRDA:391,45,1,14
BRDA:399,46,0,14
BRDA:399,46,1,0
BRDA:408,47,0,132
BRDA:408,47,1,0
BRDA:408,47,2,0
BRDA:408,47,3,0
BRDA:441,48,0,132
BRDA:441,48,1,0
BRDA:441,48,2,0
BRDA:442,49,0,0
BRDA:442,49,1,132
BRDA:444,50,0,620
BRDA:444,50,1,0
BRDA:444,50,2,0
BRDA:444,50,3,0
BRDA:445,51,0,72
BRDA:445,51,1,548
BRDA:445,52,0,620
BRDA:445,52,1,620
BRDA:452,53,0,50
BRDA:452,53,1,0
BRDA:452,53,2,0
BRDA:453,54,0,0
BRDA:453,54,1,50
BRDA:453,55,0,50
BRDA:453,55,1,50
BRDA:458,56,0,4
BRDA:458,56,1,3
BRDA:475,57,0,3
BRDA:475,57,1,11
BRDA:475,58,0,14
BRDA:475,58,1,3
BRDA:477,59,0,3
BRDA:477,59,1,8
BRDA:477,60,0,11
BRDA:477,60,1,3
BRDA:479,61,0,3
BRDA:479,61,1,5
BRDA:479,62,0,8
BRDA:479,62,1,3
BRDA:481,63,0,1
BRDA:481,63,1,4
BRDA:481,64,0,5
BRDA:481,64,1,1
BRDA:483,65,0,0
BRDA:483,65,1,1
BRDA:488,66,0,0
BRDA:488,66,1,1
BRDA:494,67,0,2
BRDA:494,67,1,2
BRDA:494,68,0,4
BRDA:494,68,1,2
BRDA:496,69,0,1
BRDA:496,69,1,1
BRDA:501,70,0,2
BRDA:501,70,1,0
BRDA:501,71,0,2
BRDA:501,71,1,1
BRDA:531,72,0,0
BRDA:531,72,1,0
BRDA:531,73,0,0
BRDA:531,73,1,0
BRDA:531,73,2,0
BRDA:545,74,0,0
BRDA:545,74,1,0
BRDA:545,75,0,0
BRDA:545,75,1,0
BRDA:545,75,2,0
BRDA:545,75,3,0
BRDA:546,76,0,0
BRDA:546,76,1,0
BRDA:558,77,0,0
BRDA:558,77,1,0
BRDA:558,78,0,0
BRDA:558,78,1,0
BRDA:558,78,2,0
BRDA:558,78,3,0
BRDA:558,78,4,0
BRDA:559,79,0,0
BRDA:559,79,1,0
BRDA:573,80,0,0
BRDA:573,80,1,0
BRDA:583,81,0,0
BRDA:583,81,1,1
BRDA:584,82,0,1
BRDA:584,82,1,1
BRDA:584,82,2,1
BRF:199
BRH:121
end_of_record
TN:
SF:scripts/aggregator/prior-run-diff.js
FN:99,usage
FN:117,parseArgs
FN:138,safeReadJson
FN:146,loadThresholds
FN:154,countLines
FN:159,hasPlaceholders
FN:161,(anonymous_6)
FN:164,hasMermaid
FN:168,isDiagramRequired
FN:187,classifyArtifact
FN:220,buildPriorRunDiff
FN:313,collectArtifactPaths
FN:323,addArtifactPaths
FN:360,main
FNF:14
FNH:10
FNDA:0,usage
FNDA:0,parseArgs
FNDA:19,safeReadJson
FNDA:0,loadThresholds
FNDA:37,countLines
FNDA:35,hasPlaceholders
FNDA:165,(anonymous_6)
FNDA:18,hasMermaid
FNDA:32,isDiagramRequired
FNDA:51,classifyArtifact
FNDA:19,buildPriorRunDiff
FNDA:14,collectArtifactPaths
FNDA:35,addArtifactPaths
FNDA:0,main
DA:79,2
DA:80,2
DA:81,2
DA:85,2
DA:87,2
DA:95,2
DA:100,0
DA:113,0
DA:114,0
DA:118,0
DA:119,0
DA:120,0
DA:121,0
DA:122,0
DA:123,0
DA:124,0
DA:125,0
DA:126,0
DA:127,0
DA:128,0
DA:129,0
DA:131,0
DA:134,0
DA:135,0
DA:139,19
DA:140,19
DA:142,1
DA:147,0
DA:150,0
DA:151,0
DA:155,37
DA:156,37
DA:160,35
DA:161,165
DA:165,18
DA:169,32
DA:170,22
DA:171,22
DA:172,32
DA:188,51
DA:189,51
DA:190,14
DA:192,37
DA:193,37
DA:195,37
DA:196,2
DA:198,35
DA:199,3
DA:201,32
DA:202,4
DA:204,28
DA:221,19
DA:222,19
DA:224,19
DA:226,19
DA:232,19
DA:233,1
DA:244,18
DA:245,19
DA:246,4
DA:258,14
DA:259,14
DA:261,19
DA:262,19
DA:266,19
DA:268,19
DA:269,19
DA:271,19
DA:272,37
DA:273,37
DA:274,37
DA:275,23
DA:276,23
DA:285,14
DA:294,14
DA:314,14
DA:324,35
DA:325,17
DA:326,17
DA:329,18
DA:330,12
DA:331,7
DA:334,11
DA:335,2
DA:338,9
DA:339,4
DA:342,9
DA:343,12
DA:344,8
DA:349,14
DA:350,14
DA:351,14
DA:352,15
DA:355,14
DA:361,0
DA:362,0
DA:364,0
DA:365,0
DA:366,0
DA:373,0
DA:374,0
DA:375,0
DA:377,0
DA:378,0
DA:384,2
DA:385,2
DA:387,2
DA:388,0
LF:108
LH:76
BRDA:99,0,0,0
BRDA:119,1,0,0
BRDA:119,1,1,0
BRDA:123,2,0,0
BRDA:123,2,1,0
BRDA:123,3,0,0
BRDA:123,3,1,0
BRDA:124,4,0,0
BRDA:124,4,1,0
BRDA:126,5,0,0
BRDA:126,5,1,0
BRDA:128,6,0,0
BRDA:128,6,1,0
BRDA:134,7,0,0
BRDA:134,7,1,0
BRDA:147,8,0,0
BRDA:147,8,1,0
BRDA:150,9,0,0
BRDA:150,9,1,0
BRDA:155,10,0,0
BRDA:155,10,1,37
BRDA:160,11,0,1
BRDA:160,11,1,34
BRDA:169,12,0,10
BRDA:169,12,1,22
BRDA:169,13,0,32
BRDA:169,13,1,32
BRDA:171,14,0,10
BRDA:171,14,1,12
BRDA:189,15,0,14
BRDA:189,15,1,37
BRDA:195,16,0,2
BRDA:195,16,1,35
BRDA:198,17,0,3
BRDA:198,17,1,32
BRDA:201,18,0,4
BRDA:201,18,1,28
BRDA:201,19,0,32
BRDA:201,19,1,18
BRDA:226,20,0,19
BRDA:226,20,1,3
BRDA:226,20,2,3
BRDA:226,20,3,2
BRDA:226,20,4,1
BRDA:232,21,0,1
BRDA:232,21,1,18
BRDA:244,22,0,17
BRDA:244,22,1,1
BRDA:245,23,0,4
BRDA:245,23,1,15
BRDA:259,24,0,14
BRDA:259,24,1,0
BRDA:261,25,0,19
BRDA:261,25,1,3
BRDA:262,26,0,19
BRDA:262,26,1,3
BRDA:272,27,0,37
BRDA:272,27,1,9
BRDA:274,28,0,23
BRDA:274,28,1,14
BRDA:324,29,0,17
BRDA:324,29,1,18
BRDA:329,30,0,7
BRDA:329,30,1,11
BRDA:334,31,0,2
BRDA:334,31,1,9
BRDA:334,32,0,11
BRDA:334,32,1,10
BRDA:338,33,0,4
BRDA:338,33,1,5
BRDA:343,34,0,8
BRDA:343,34,1,4
BRDA:350,35,0,14
BRDA:350,35,1,0
BRDA:350,36,0,14
BRDA:350,36,1,14
BRDA:364,37,0,0
BRDA:364,37,1,0
BRDA:364,38,0,0
BRDA:364,38,1,0
BRDA:385,39,0,2
BRDA:385,39,1,0
BRDA:387,40,0,0
BRDA:387,40,1,2
BRF:84
BRH:56
end_of_record
TN:
SF:scripts/templates/sync-template-frontmatter.js
FN:128,loadDepthFloors
FN:161,loadCatalogMap
FN:177,(anonymous_2)
FN:209,stripCellNoise
FN:256,buildFrontmatterBlock
FN:293,applyFrontmatter
FN:339,listTemplateFiles
FN:342,(anonymous_7)
FN:343,(anonymous_8)
FN:347,main
FNF:10
FNH:3
FNDA:0,loadDepthFloors
FNDA:0,loadCatalogMap
FNDA:0,(anonymous_2)
FNDA:7,stripCellNoise
FNDA:12,buildFrontmatterBlock
FNDA:7,applyFrontmatter
FNDA:0,listTemplateFiles
FNDA:0,(anonymous_7)
FNDA:0,(anonymous_8)
FNDA:0,main
DA:46,1
DA:47,1
DA:48,1
DA:49,1
DA:50,1
DA:52,1
DA:53,1
DA:56,1
DA:60,1
DA:129,0
DA:130,0
DA:134,0
DA:135,0
DA:136,0
DA:137,0
DA:138,0
DA:139,0
DA:140,0
DA:141,0
DA:142,0
DA:144,0
DA:148,0
DA:162,0
DA:163,0
DA:164,0
DA:165,0
DA:166,0
DA:168,0
DA:171,0
DA:172,0
DA:173,0
DA:177,0
DA:185,0
DA:186,0
DA:189,0
DA:190,0
DA:195,0
DA:199,0
DA:200,0
DA:206,0
DA:210,7
DA:220,1
DA:257,12
DA:258,12
DA:272,1
DA:276,1
DA:295,7
DA:299,7
DA:300,7
DA:305,7
DA:306,7
DA:307,7
DA:308,7
DA:309,45
DA:310,11
DA:314,7
DA:316,1
DA:320,6
DA:321,6
DA:322,6
DA:325,6
DA:326,6
DA:328,6
DA:329,7
DA:340,0
DA:342,0
DA:343,0
DA:348,0
DA:349,0
DA:351,0
DA:352,0
DA:354,0
DA:355,0
DA:356,0
DA:358,0
DA:359,0
DA:360,0
DA:362,0
DA:363,0
DA:364,0
DA:365,0
DA:366,0
DA:368,0
DA:370,0
DA:371,0
DA:372,0
DA:373,0
DA:374,0
DA:375,0
DA:380,0
DA:381,0
DA:382,0
DA:385,0
DA:387,0
DA:388,0
DA:391,0
DA:401,1
DA:402,0
LF:98
LH:34
BRDA:134,0,0,0
BRDA:134,0,1,0
BRDA:139,1,0,0
BRDA:139,1,1,0
BRDA:140,2,0,0
BRDA:140,2,1,0
BRDA:142,3,0,0
BRDA:142,3,1,0
BRDA:166,4,0,0
BRDA:166,4,1,0
BRDA:168,5,0,0
BRDA:168,5,1,0
BRDA:172,6,0,0
BRDA:172,6,1,0
BRDA:185,7,0,0
BRDA:185,7,1,0
BRDA:186,8,0,0
BRDA:186,8,1,0
BRDA:190,9,0,0
BRDA:190,9,1,0
BRDA:195,10,0,0
BRDA:195,10,1,0
BRDA:195,11,0,0
BRDA:195,11,1,0
BRDA:199,12,0,0
BRDA:199,12,1,0
BRDA:261,13,0,12
BRDA:261,13,1,3
BRDA:263,14,0,11
BRDA:263,14,1,1
BRDA:264,15,0,12
BRDA:264,15,1,3
BRDA:309,16,0,11
BRDA:309,16,1,34
BRDA:314,17,0,1
BRDA:314,17,1,6
BRDA:321,18,0,6
BRDA:321,18,1,0
BRDA:321,19,0,6
BRDA:321,19,1,6
BRDA:328,20,0,6
BRDA:328,20,1,0
BRDA:362,21,0,0
BRDA:362,21,1,0
BRDA:363,22,0,0
BRDA:363,22,1,0
BRDA:364,23,0,0
BRDA:364,23,1,0
BRDA:364,23,2,0
BRDA:365,24,0,0
BRDA:365,24,1,0
BRDA:365,24,2,0
BRDA:370,25,0,0
BRDA:370,25,1,0
BRDA:372,26,0,0
BRDA:372,26,1,0
BRDA:375,27,0,0
BRDA:375,27,1,0
BRDA:380,28,0,0
BRDA:380,28,1,0
BRDA:381,29,0,0
BRDA:381,29,1,0
BRDA:401,30,0,0
BRDA:401,30,1,1
BRF:64
BRH:15
end_of_record
TN:
SF:src/aggregator/analysis-aggregator.ts
FN:104,flattenManifestFiles
FN:118,latestGateResult
FN:134,expandSectionArtifacts
FN:144,(anonymous_3)
FN:167,discoverTradecraftFiles
FN:195,isExcludedArtifact
FN:208,collectRunArtifacts
FN:211,(anonymous_7)
FN:234,humanize
FN:238,(anonymous_9)
FN:256,renderProvenanceBlock
FN:287,renderTradecraftAppendix
FN:288,(anonymous_12)
FN:289,(anonymous_13)
FN:327,humanizeStem
FN:339,renderAnalysisIndex
FN:343,(anonymous_16)
FN:468,renderReaderIntelligenceGuide
FN:473,(anonymous_18)
FN:479,(anonymous_19)
FN:516,renderArtifactFragment
FN:555,shouldSuppressFragmentHeader
FN:596,namespacedSectionId
FN:600,appendSection
FN:645,resolveArticleTypeFromManifest
FN:660,aggregateAnalysisRun
FN:674,(anonymous_26)
FN:722,(anonymous_27)
FN:818,guessDateFromRunDir
FNF:29
FNH:29
FNDA:52,flattenManifestFiles
FNDA:52,latestGateResult
FNDA:943,expandSectionArtifacts
FNDA:697,(anonymous_3)
FNDA:50,discoverTradecraftFiles
FNDA:135,isExcludedArtifact
FNDA:49,collectRunArtifacts
FNDA:180,(anonymous_7)
FNDA:1548,humanize
FNDA:3633,(anonymous_9)
FNDA:50,renderProvenanceBlock
FNDA:52,renderTradecraftAppendix
FNDA:1157,(anonymous_12)
FNDA:1157,(anonymous_13)
FNDA:160,humanizeStem
FNDA:52,renderAnalysisIndex
FNDA:134,(anonymous_16)
FNDA:50,renderReaderIntelligenceGuide
FNDA:133,(anonymous_18)
FNDA:254,(anonymous_19)
FNDA:131,renderArtifactFragment
FNDA:131,shouldSuppressFragmentHeader
FNDA:180,namespacedSectionId
FNDA:931,appendSection
FNDA:88,resolveArticleTypeFromManifest
FNDA:50,aggregateAnalysisRun
FNDA:234,(anonymous_26)
FNDA:131,(anonymous_27)
FNDA:3,guessDateFromRunDir
DA:105,52
DA:119,52
DA:139,943
DA:140,943
DA:141,3821
DA:142,249
DA:143,249
DA:144,697
DA:146,249
DA:147,2
DA:148,2
DA:150,3572
DA:151,146
DA:152,146
DA:153,146
DA:156,943
DA:168,50
DA:169,50
DA:170,100
DA:171,100
DA:172,68
DA:173,68
DA:174,1290
DA:175,1230
DA:179,50
DA:196,135
DA:197,135
DA:209,49
DA:210,49
DA:211,49
DA:212,180
DA:213,180
DA:214,319
DA:215,319
DA:216,319
DA:217,131
DA:218,131
DA:219,188
DA:220,131
DA:224,49
DA:225,49
DA:235,1548
DA:238,3633
DA:264,50
DA:265,50
DA:266,50
DA:288,1157
DA:289,1157
DA:290,52
DA:296,52
DA:297,28
DA:298,28
DA:299,28
DA:300,855
DA:301,855
DA:303,28
DA:305,52
DA:306,35
DA:307,35
DA:308,35
DA:309,302
DA:310,302
DA:312,35
DA:314,52
DA:328,160
DA:343,52
DA:344,134
DA:345,134
DA:347,52
DA:365,11
DA:472,50
DA:474,133
DA:475,133
DA:478,133
DA:479,254
DA:480,133
DA:481,133
DA:485,50
DA:486,50
DA:524,131
DA:525,131
DA:526,131
DA:527,131
DA:528,131
DA:532,131
DA:533,131
DA:534,131
DA:535,131
DA:540,131
DA:556,131
DA:557,131
DA:558,131
DA:559,131
DA:560,131
DA:587,11
DA:597,180
DA:611,931
DA:612,131
DA:613,131
DA:614,131
DA:615,131
DA:616,131
DA:624,131
DA:625,131
DA:626,131
DA:628,131
DA:629,131
DA:630,131
DA:631,131
DA:632,131
DA:646,88
DA:661,50
DA:662,50
DA:663,1
DA:665,49
DA:666,49
DA:667,49
DA:668,49
DA:670,49
DA:671,49
DA:672,49
DA:675,234
DA:681,49
DA:683,49
DA:684,49
DA:685,49
DA:686,49
DA:687,49
DA:688,49
DA:690,49
DA:691,49
DA:692,49
DA:693,49
DA:694,49
DA:707,49
DA:708,882
DA:709,882
DA:722,131
DA:723,49
DA:724,0
DA:735,0
DA:738,49
DA:739,50
DA:740,50
DA:741,50
DA:742,50
DA:743,50
DA:745,50
DA:746,50
DA:754,50
DA:755,50
DA:756,50
DA:757,50
DA:760,50
DA:764,50
DA:765,49
DA:769,49
DA:771,49
DA:772,3
DA:777,49
DA:778,49
DA:780,49
DA:799,50
DA:819,3
DA:820,3
LF:165
LH:163
BRDA:141,0,0,249
BRDA:141,0,1,3572
BRDA:144,1,0,697
BRDA:144,1,1,81
BRDA:150,2,0,146
BRDA:150,2,1,3426
BRDA:150,3,0,3572
BRDA:150,3,1,146
BRDA:153,4,0,33
BRDA:153,4,1,113
BRDA:171,5,0,32
BRDA:171,5,1,68
BRDA:174,6,0,1230
BRDA:174,6,1,60
BRDA:174,7,0,1290
BRDA:174,7,1,1260
BRDA:196,8,0,0
BRDA:196,8,1,135
BRDA:197,9,0,135
BRDA:197,9,1,4
BRDA:210,10,0,0
BRDA:210,10,1,49
BRDA:215,11,0,131
BRDA:215,11,1,188
BRDA:216,12,0,131
BRDA:216,12,1,188
BRDA:217,13,0,0
BRDA:217,13,1,131
BRDA:217,14,0,131
BRDA:217,14,1,131
BRDA:217,14,2,131
BRDA:219,15,0,131
BRDA:219,15,1,57
BRDA:219,16,0,188
BRDA:219,16,1,188
BRDA:219,16,2,135
BRDA:296,17,0,28
BRDA:296,17,1,24
BRDA:300,18,0,855
BRDA:300,18,1,0
BRDA:305,19,0,35
BRDA:305,19,1,17
BRDA:309,20,0,302
BRDA:309,20,1,0
BRDA:344,21,0,134
BRDA:344,21,1,0
BRDA:474,22,0,0
BRDA:474,22,1,133
BRDA:478,23,0,0
BRDA:478,23,1,133
BRDA:480,24,0,132
BRDA:480,24,1,1
BRDA:485,25,0,0
BRDA:485,25,1,50
BRDA:525,26,0,0
BRDA:525,26,1,131
BRDA:532,27,0,131
BRDA:532,27,1,0
BRDA:533,28,0,80
BRDA:533,28,1,51
BRDA:556,29,0,0
BRDA:556,29,1,131
BRDA:558,30,0,0
BRDA:558,30,1,131
BRDA:559,31,0,131
BRDA:559,31,1,0
BRDA:611,32,0,800
BRDA:611,32,1,131
BRDA:624,33,0,0
BRDA:624,33,1,131
BRDA:628,34,0,0
BRDA:628,34,1,131
BRDA:662,35,0,1
BRDA:662,35,1,49
BRDA:667,36,0,49
BRDA:667,36,1,0
BRDA:675,37,0,234
BRDA:675,37,1,234
BRDA:675,37,2,234
BRDA:675,37,3,234
BRDA:692,38,0,49
BRDA:692,38,1,0
BRDA:723,39,0,0
BRDA:723,39,1,49
BRDA:738,40,0,49
BRDA:738,40,1,49
BRDA:740,41,0,50
BRDA:740,41,1,0
BRDA:760,42,0,31
BRDA:760,42,1,18
BRDA:760,43,0,50
BRDA:760,43,1,49
BRDA:761,44,0,49
BRDA:761,44,1,0
BRDA:764,45,0,49
BRDA:764,45,1,1
BRDA:771,46,0,3
BRDA:771,46,1,46
BRDA:785,47,0,49
BRDA:785,47,1,0
BRDA:786,48,0,3
BRDA:786,48,1,46
BRDA:820,49,0,2
BRDA:820,49,1,1
BRDA:820,50,0,2
BRDA:820,50,1,0
BRF:106
BRH:83
end_of_record
TN:
SF:src/aggregator/article-generator.ts
FN:162,applyFlagResult
FN:202,parseCliArgs
FN:212,(anonymous_2)
FN:266,applyCliFlag
FN:310,splitFlag
FN:318,printHelp
FN:360,buildArticleSlug
FN:373,sanitizeRunSuffix
FN:385,shouldSkipDescriptionLine
FN:410,extractDefaultDescription
FN:422,yamlEscape
FN:441,buildJekyllArticleMarkdown
FN:452,(anonymous_12)
FN:492,writeLanguageVariant
FN:542,(anonymous_14)
FN:566,insertReaderGuideAfterExecutiveBrief
FN:592,pickEarliestIndex
FN:609,getMetadataEntry
FN:640,countPublishedArticles
FN:662,generateArticle
FN:772,discoverAnalysisRuns
FN:786,groupRunsForCollision
FN:801,generateAllArticles
FN:803,(anonymous_23)
FN:828,readManifestRunId
FN:848,readManifestMetadata
FN:886,isLanguageMapLike
FN:905,applyCliOverrides
FN:941,defaultTitle
FN:944,(anonymous_29)
FN:961,ensureDir
FN:971,main
FN:998,(anonymous_32)
FN:1009,(anonymous_33)
FNF:34
FNH:28
FNDA:19,applyFlagResult
FNDA:17,parseCliArgs
FNDA:18,(anonymous_2)
FNDA:27,applyCliFlag
FNDA:2,splitFlag
FNDA:0,printHelp
FNDA:36,buildArticleSlug
FNDA:10,sanitizeRunSuffix
FNDA:0,shouldSkipDescriptionLine
FNDA:6,extractDefaultDescription
FNDA:594,yamlEscape
FNDA:33,buildJekyllArticleMarkdown
FNDA:528,(anonymous_12)
FNDA:52,writeLanguageVariant
FNDA:156,(anonymous_14)
FNDA:56,insertReaderGuideAfterExecutiveBrief
FNDA:55,pickEarliestIndex
FNDA:113,getMetadataEntry
FNDA:11,countPublishedArticles
FNDA:34,generateArticle
FNDA:22,discoverAnalysisRuns
FNDA:7,groupRunsForCollision
FNDA:4,generateAllArticles
FNDA:188,(anonymous_23)
FNDA:33,readManifestRunId
FNDA:33,readManifestMetadata
FNDA:66,isLanguageMapLike
FNDA:2,applyCliOverrides
FNDA:0,defaultTitle
FNDA:0,(anonymous_29)
FNDA:33,ensureDir
FNDA:0,main
FNDA:6,(anonymous_32)
FNDA:0,(anonymous_33)
DA:163,19
DA:165,12
DA:166,12
DA:168,3
DA:169,3
DA:171,1
DA:172,1
DA:174,1
DA:175,1
DA:177,1
DA:178,1
DA:180,1
DA:181,1
DA:183,0
DA:184,0
DA:203,17
DA:209,17
DA:210,27
DA:211,27
DA:212,27
DA:213,18
DA:214,16
DA:215,16
DA:216,1
DA:218,15
DA:219,15
DA:221,27
DA:223,19
DA:224,7
DA:225,1
DA:227,6
DA:228,1
DA:231,7
DA:242,17
DA:267,27
DA:270,13
DA:272,3
DA:274,2
DA:275,2
DA:276,1
DA:278,1
DA:282,1
DA:284,1
DA:286,1
DA:289,0
DA:290,0
DA:295,5
DA:300,1
DA:311,2
DA:312,2
DA:319,0
DA:361,36
DA:374,10
DA:386,0
DA:387,0
DA:388,0
DA:389,0
DA:390,0
DA:391,0
DA:396,6
DA:411,6
DA:412,6
DA:413,6
DA:423,594
DA:451,33
DA:452,528
DA:454,33
DA:469,33
DA:504,52
DA:505,52
DA:506,52
DA:507,52
DA:508,52
DA:509,0
DA:510,0
DA:512,52
DA:513,52
DA:514,52
DA:519,52
DA:520,52
DA:522,52
DA:523,52
DA:524,52
DA:525,52
DA:527,52
DA:530,52
DA:542,156
DA:544,52
DA:545,52
DA:546,52
DA:567,56
DA:568,56
DA:569,56
DA:570,1
DA:572,55
DA:573,55
DA:574,55
DA:575,55
DA:576,55
DA:577,1
DA:579,54
DA:593,55
DA:594,53
DA:595,0
DA:613,113
DA:614,113
DA:615,113
DA:621,0
DA:624,113
DA:641,11
DA:642,11
DA:644,0
DA:667,34
DA:668,1
DA:670,33
DA:674,33
DA:676,33
DA:677,33
DA:686,33
DA:689,34
DA:690,34
DA:697,34
DA:698,34
DA:699,34
DA:704,34
DA:705,34
DA:714,34
DA:715,34
DA:720,34
DA:721,34
DA:722,34
DA:723,34
DA:725,34
DA:726,34
DA:727,11
DA:728,11
DA:733,11
DA:734,52
DA:742,52
DA:745,33
DA:773,22
DA:789,7
DA:802,4
DA:803,188
DA:804,4
DA:805,4
DA:806,4
DA:807,4
DA:808,4
DA:809,4
DA:810,4
DA:811,4
DA:812,4
DA:814,4
DA:829,33
DA:830,33
DA:831,33
DA:832,33
DA:833,33
DA:835,0
DA:849,33
DA:850,33
DA:851,33
DA:852,33
DA:853,33
DA:854,33
DA:855,33
DA:856,33
DA:858,33
DA:859,33
DA:861,33
DA:862,33
DA:864,33
DA:865,0
DA:867,33
DA:868,0
DA:870,33
DA:871,0
DA:873,33
DA:875,0
DA:887,66
DA:888,0
DA:889,0
DA:891,0
DA:913,2
DA:917,2
DA:918,28
DA:919,28
DA:930,2
DA:942,0
DA:944,0
DA:947,0
DA:954,6
DA:962,33
DA:972,0
DA:973,0
DA:974,0
DA:975,0
DA:976,0
DA:977,0
DA:978,0
DA:979,0
DA:980,0
DA:981,0
DA:985,0
DA:988,0
DA:990,0
DA:991,0
DA:994,0
DA:998,6
DA:999,6
DA:1000,6
DA:1001,6
DA:1002,6
DA:1004,0
DA:1008,6
DA:1009,0
DA:1010,0
DA:1011,0
DA:1012,0
LF:220
LH:173
BRDA:163,0,0,12
BRDA:163,0,1,3
BRDA:163,0,2,1
BRDA:163,0,3,1
BRDA:163,0,4,1
BRDA:163,0,5,1
BRDA:163,0,6,0
BRDA:210,1,0,27
BRDA:210,1,1,0
BRDA:211,2,0,2
BRDA:211,2,1,25
BRDA:213,3,0,2
BRDA:213,3,1,16
BRDA:215,4,0,1
BRDA:215,4,1,15
BRDA:223,5,0,7
BRDA:223,5,1,12
BRDA:224,6,0,1
BRDA:224,6,1,6
BRDA:227,7,0,1
BRDA:227,7,1,5
BRDA:238,8,0,1
BRDA:238,8,1,6
BRDA:239,9,0,1
BRDA:239,9,1,6
BRDA:240,10,0,1
BRDA:240,10,1,6
BRDA:267,11,0,12
BRDA:267,11,1,13
BRDA:267,11,2,3
BRDA:267,11,3,2
BRDA:267,11,4,0
BRDA:267,11,5,1
BRDA:267,11,6,1
BRDA:267,11,7,1
BRDA:267,11,8,0
BRDA:267,11,9,0
BRDA:267,11,10,2
BRDA:267,11,11,4
BRDA:267,11,12,5
BRDA:267,11,13,1
BRDA:275,12,0,1
BRDA:275,12,1,1
BRDA:386,13,0,0
BRDA:386,13,1,0
BRDA:387,14,0,0
BRDA:387,14,1,0
BRDA:388,15,0,0
BRDA:388,15,1,0
BRDA:389,16,0,0
BRDA:389,16,1,0
BRDA:390,17,0,0
BRDA:390,17,1,0
BRDA:413,18,0,4
BRDA:413,18,1,2
BRDA:451,19,0,33
BRDA:451,19,1,0
BRDA:508,20,0,0
BRDA:508,20,1,52
BRDA:508,21,0,52
BRDA:508,21,1,41
BRDA:519,22,0,52
BRDA:519,22,1,0
BRDA:527,23,0,0
BRDA:527,23,1,52
BRDA:527,24,0,52
BRDA:527,24,1,41
BRDA:528,25,0,0
BRDA:528,25,1,0
BRDA:569,26,0,1
BRDA:569,26,1,55
BRDA:576,27,0,1
BRDA:576,27,1,54
BRDA:593,28,0,2
BRDA:593,28,1,53
BRDA:594,29,0,53
BRDA:594,29,1,0
BRDA:614,30,0,113
BRDA:614,30,1,0
BRDA:624,31,0,113
BRDA:624,31,1,0
BRDA:667,32,0,1
BRDA:667,32,1,33
BRDA:686,33,0,2
BRDA:686,33,1,31
BRDA:686,34,0,33
BRDA:686,34,1,32
BRDA:726,35,0,11
BRDA:726,35,1,23
BRDA:731,36,0,11
BRDA:731,36,1,11
BRDA:803,37,0,2
BRDA:803,37,1,2
BRDA:809,38,0,4
BRDA:809,38,1,0
BRDA:810,39,0,2
BRDA:810,39,1,2
BRDA:830,40,0,0
BRDA:830,40,1,33
BRDA:850,41,0,0
BRDA:850,41,1,33
BRDA:855,42,0,33
BRDA:855,42,1,0
BRDA:855,43,0,33
BRDA:855,43,1,33
BRDA:858,44,0,33
BRDA:858,44,1,0
BRDA:861,45,0,33
BRDA:861,45,1,0
BRDA:864,46,0,0
BRDA:864,46,1,33
BRDA:864,47,0,33
BRDA:864,47,1,33
BRDA:867,48,0,0
BRDA:867,48,1,33
BRDA:867,49,0,33
BRDA:867,49,1,33
BRDA:870,50,0,0
BRDA:870,50,1,33
BRDA:887,51,0,66
BRDA:887,51,1,0
BRDA:887,52,0,66
BRDA:887,52,1,0
BRDA:887,52,2,0
BRDA:889,53,0,0
BRDA:889,53,1,0
BRDA:921,54,0,28
BRDA:921,54,1,14
BRDA:922,55,0,28
BRDA:922,55,1,14
BRDA:944,56,0,0
BRDA:944,56,1,0
BRDA:947,57,0,0
BRDA:947,57,1,0
BRDA:962,58,0,0
BRDA:962,58,1,33
BRDA:971,59,0,0
BRDA:972,60,0,0
BRDA:972,60,1,0
BRDA:974,61,0,0
BRDA:974,61,1,0
BRDA:1000,62,0,0
BRDA:1000,62,1,6
BRDA:1008,63,0,0
BRDA:1008,63,1,6
BRDA:1010,64,0,0
BRDA:1010,64,1,0
BRF:147
BRH:95
end_of_record
TN:
SF:src/aggregator/article-html.ts
FN:92,getLocalizedArticleType
FN:173,getArticleFilename
FN:184,buildArticleHreflangLinks
FN:186,(anonymous_3)
FN:202,buildLanguageSwitcher
FN:203,(anonymous_5)
FN:223,getLocalizedTocTitle
FN:262,getTocSectionIcon
FN:287,buildArticleToc
FN:291,(anonymous_9)
FN:321,localizeArticleBody
FN:442,replaceFirstStringIn
FN:458,replaceHeadingById
FN:589,getStemIcon
FN:616,extractTradecraftLinks
FN:667,renderTradecraftCard
FN:696,getViewMethodologyLabel
FN:725,getViewTemplateLabel
FN:754,getViewArtifactLabel
FN:786,replaceFollowingUlWithCardGrid
FN:823,enhanceTradecraftCards
FN:838,(anonymous_21)
FN:850,(anonymous_22)
FN:876,enhanceAnalysisIndexCards
FN:886,(anonymous_24)
FN:918,parseAnalysisIndexRows
FN:951,parseRowCells
FN:972,parseAnchor
FN:997,stripCodeWrapper
FN:1014,renderAnalysisIndexCard
FN:1041,wrapArticleHtml
FN:1091,(anonymous_31)
FN:1125,(anonymous_32)
FNF:33
FNH:33
FNDA:103,getLocalizedArticleType
FNDA:3159,getArticleFilename
FNDA:104,buildArticleHreflangLinks
FNDA:1456,(anonymous_3)
FNDA:103,buildLanguageSwitcher
FNDA:1442,(anonymous_5)
FNDA:537,getLocalizedTocTitle
FNDA:381,getTocSectionIcon
FNDA:118,buildArticleToc
FNDA:381,(anonymous_9)
FNDA:75,localizeArticleBody
FNDA:248,replaceFirstStringIn
FNDA:248,replaceHeadingById
FNDA:316,getStemIcon
FNDA:104,extractTradecraftLinks
FNDA:160,renderTradecraftCard
FNDA:2,getViewMethodologyLabel
FNDA:2,getViewTemplateLabel
FNDA:156,getViewArtifactLabel
FNDA:4,replaceFollowingUlWithCardGrid
FNDA:52,enhanceTradecraftCards
FNDA:120,(anonymous_21)
FNDA:40,(anonymous_22)
FNDA:52,enhanceAnalysisIndexCards
FNDA:156,(anonymous_24)
FNDA:52,parseAnalysisIndexRows
FNDA:156,parseRowCells
FNDA:156,parseAnchor
FNDA:156,stripCodeWrapper
FNDA:156,renderAnalysisIndexCard
FNDA:103,wrapArticleHtml
FNDA:157,(anonymous_31)
FNDA:826,(anonymous_32)
DA:93,103
DA:94,103
DA:95,103
DA:96,103
DA:99,103
DA:103,9
DA:106,9
DA:174,3159
DA:185,104
DA:187,1456
DA:189,104
DA:192,104
DA:203,103
DA:204,1442
DA:205,1442
DA:206,1442
DA:207,1442
DA:208,1442
DA:209,1442
DA:210,1442
DA:228,537
DA:229,69
DA:231,468
DA:232,55
DA:234,413
DA:235,70
DA:237,343
DA:238,1
DA:240,342
DA:241,1
DA:243,341
DA:244,341
DA:245,341
DA:246,338
DA:248,3
DA:263,381
DA:264,312
DA:265,311
DA:266,310
DA:267,255
DA:268,185
DA:288,118
DA:289,82
DA:290,82
DA:292,381
DA:293,381
DA:294,381
DA:297,82
DA:322,75
DA:324,62
DA:326,62
DA:327,62
DA:334,62
DA:335,62
DA:336,62
DA:337,62
DA:338,62
DA:339,62
DA:340,62
DA:341,62
DA:345,62
DA:349,62
DA:350,62
DA:355,62
DA:361,62
DA:362,62
DA:367,62
DA:373,62
DA:374,62
DA:376,62
DA:377,62
DA:378,62
DA:379,62
DA:380,62
DA:381,62
DA:382,62
DA:383,62
DA:384,62
DA:385,62
DA:386,62
DA:387,62
DA:391,62
DA:392,62
DA:398,75
DA:399,75
DA:400,75
DA:401,62
DA:402,62
DA:403,62
DA:404,62
DA:408,62
DA:409,62
DA:410,62
DA:411,62
DA:416,62
DA:417,62
DA:419,62
DA:420,62
DA:427,62
DA:443,248
DA:444,248
DA:445,42
DA:464,248
DA:465,248
DA:466,248
DA:467,82
DA:468,82
DA:470,248
DA:472,166
DA:473,166
DA:475,166
DA:476,166
DA:477,166
DA:479,166
DA:480,166
DA:482,166
DA:492,9
DA:501,9
DA:590,316
DA:617,104
DA:618,104
DA:619,104
DA:620,536
DA:621,536
DA:622,432
DA:623,432
DA:624,432
DA:625,432
DA:626,432
DA:627,432
DA:628,432
DA:629,432
DA:630,432
DA:631,432
DA:632,432
DA:633,432
DA:634,432
DA:635,432
DA:636,160
DA:637,160
DA:639,104
DA:668,160
DA:669,160
DA:670,160
DA:671,160
DA:672,160
DA:673,160
DA:697,2
DA:713,2
DA:726,2
DA:742,2
DA:755,156
DA:771,156
DA:791,4
DA:792,4
DA:793,4
DA:794,4
DA:795,4
DA:796,4
DA:797,4
DA:798,4
DA:824,52
DA:825,52
DA:826,52
DA:827,52
DA:828,52
DA:829,52
DA:830,52
DA:831,52
DA:832,2
DA:833,2
DA:834,2
DA:835,2
DA:836,2
DA:837,2
DA:838,120
DA:840,2
DA:841,2
DA:843,2
DA:844,2
DA:845,2
DA:846,2
DA:847,2
DA:848,2
DA:849,2
DA:850,40
DA:852,2
DA:853,2
DA:857,2
DA:877,52
DA:878,52
DA:879,52
DA:880,52
DA:881,52
DA:882,52
DA:883,52
DA:884,52
DA:885,52
DA:886,156
DA:887,52
DA:888,52
DA:889,52
DA:890,52
DA:891,52
DA:892,52
DA:894,52
DA:895,52
DA:919,52
DA:920,52
DA:921,52
DA:922,260
DA:923,260
DA:924,208
DA:925,208
DA:926,208
DA:927,208
DA:928,208
DA:929,156
DA:930,156
DA:931,156
DA:932,260
DA:933,156
DA:934,260
DA:941,52
DA:952,156
DA:953,156
DA:954,156
DA:955,624
DA:956,624
DA:957,468
DA:958,468
DA:959,468
DA:960,468
DA:962,156
DA:973,156
DA:974,156
DA:975,156
DA:976,156
DA:977,156
DA:978,156
DA:979,156
DA:980,156
DA:981,156
DA:982,156
DA:983,156
DA:984,156
DA:998,156
DA:999,156
DA:1000,156
DA:1001,156
DA:1002,156
DA:1015,156
DA:1016,156
DA:1017,156
DA:1018,156
DA:1019,156
DA:1042,103
DA:1043,103
DA:1044,103
DA:1045,103
DA:1046,103
DA:1047,103
DA:1048,103
DA:1049,103
DA:1050,103
DA:1051,103
DA:1052,103
DA:1053,103
DA:1057,103
DA:1058,103
DA:1059,103
DA:1060,103
DA:1063,103
DA:1064,103
DA:1066,103
DA:1091,157
DA:1096,103
DA:1121,103
DA:1122,103
DA:1124,103
DA:1125,826
DA:1127,103
DA:1130,103
DA:1138,103
LF:284
LH:284
BRDA:94,0,0,103
BRDA:94,0,1,1
BRDA:96,1,0,102
BRDA:96,1,1,1
BRDA:207,2,0,103
BRDA:207,2,1,1339
BRDA:208,3,0,103
BRDA:208,3,1,1339
BRDA:228,4,0,69
BRDA:228,4,1,468
BRDA:231,5,0,55
BRDA:231,5,1,413
BRDA:234,6,0,70
BRDA:234,6,1,343
BRDA:237,7,0,1
BRDA:237,7,1,342
BRDA:240,8,0,1
BRDA:240,8,1,341
BRDA:245,9,0,338
BRDA:245,9,1,3
BRDA:263,10,0,69
BRDA:263,10,1,312
BRDA:264,11,0,1
BRDA:264,11,1,311
BRDA:265,12,0,1
BRDA:265,12,1,310
BRDA:266,13,0,55
BRDA:266,13,1,255
BRDA:267,14,0,70
BRDA:267,14,1,185
BRDA:288,15,0,36
BRDA:288,15,1,82
BRDA:322,16,0,13
BRDA:322,16,1,62
BRDA:337,17,0,62
BRDA:337,17,1,0
BRDA:339,18,0,62
BRDA:339,18,1,0
BRDA:381,19,0,62
BRDA:381,19,1,0
BRDA:383,20,0,62
BRDA:383,20,1,0
BRDA:383,21,0,62
BRDA:383,21,1,62
BRDA:386,22,0,62
BRDA:386,22,1,0
BRDA:392,23,0,62
BRDA:392,23,1,0
BRDA:400,24,0,62
BRDA:400,24,1,13
BRDA:402,25,0,62
BRDA:402,25,1,0
BRDA:444,26,0,206
BRDA:444,26,1,42
BRDA:466,27,0,82
BRDA:466,27,1,166
BRDA:470,28,0,82
BRDA:470,28,1,166
BRDA:473,29,0,0
BRDA:473,29,1,166
BRDA:477,30,0,0
BRDA:477,30,1,166
BRDA:480,31,0,0
BRDA:480,31,1,166
BRDA:590,32,0,316
BRDA:590,32,1,0
BRDA:621,33,0,104
BRDA:621,33,1,432
BRDA:623,34,0,0
BRDA:623,34,1,432
BRDA:626,35,0,0
BRDA:626,35,1,432
BRDA:629,36,0,0
BRDA:629,36,1,432
BRDA:631,37,0,0
BRDA:631,37,1,432
BRDA:635,38,0,272
BRDA:635,38,1,160
BRDA:668,39,0,160
BRDA:668,39,1,0
BRDA:713,40,0,2
BRDA:713,40,1,0
BRDA:713,40,2,0
BRDA:742,41,0,2
BRDA:742,41,1,0
BRDA:742,41,2,0
BRDA:771,42,0,156
BRDA:771,42,1,0
BRDA:771,42,2,0
BRDA:792,43,0,0
BRDA:792,43,1,4
BRDA:794,44,0,0
BRDA:794,44,1,4
BRDA:825,45,0,0
BRDA:825,45,1,52
BRDA:827,46,0,0
BRDA:827,46,1,52
BRDA:831,47,0,50
BRDA:831,47,1,2
BRDA:831,48,0,52
BRDA:831,48,1,50
BRDA:836,49,0,2
BRDA:836,49,1,0
BRDA:836,50,0,2
BRDA:836,50,1,2
BRDA:844,51,0,2
BRDA:844,51,1,0
BRDA:844,52,0,2
BRDA:844,52,1,2
BRDA:846,53,0,2
BRDA:846,53,1,0
BRDA:848,54,0,2
BRDA:848,54,1,0
BRDA:878,55,0,0
BRDA:878,55,1,52
BRDA:880,56,0,0
BRDA:880,56,1,52
BRDA:882,57,0,0
BRDA:882,57,1,52
BRDA:885,58,0,0
BRDA:885,58,1,52
BRDA:888,59,0,52
BRDA:888,59,1,0
BRDA:888,60,0,52
BRDA:888,60,1,52
BRDA:890,61,0,52
BRDA:890,61,1,0
BRDA:890,62,0,52
BRDA:890,62,1,52
BRDA:892,63,0,52
BRDA:892,63,1,0
BRDA:923,64,0,52
BRDA:923,64,1,208
BRDA:925,65,0,0
BRDA:925,65,1,208
BRDA:928,66,0,52
BRDA:928,66,1,156
BRDA:930,67,0,0
BRDA:930,67,1,156
BRDA:931,68,0,156
BRDA:931,68,1,0
BRDA:932,69,0,0
BRDA:932,69,1,260
BRDA:933,70,0,156
BRDA:933,70,1,0
BRDA:935,71,0,260
BRDA:935,71,1,0
BRDA:956,72,0,156
BRDA:956,72,1,468
BRDA:958,73,0,0
BRDA:958,73,1,468
BRDA:974,74,0,0
BRDA:974,74,1,156
BRDA:976,75,0,0
BRDA:976,75,1,156
BRDA:979,76,0,0
BRDA:979,76,1,156
BRDA:981,77,0,0
BRDA:981,77,1,156
BRDA:983,78,0,0
BRDA:983,78,1,156
BRDA:999,79,0,0
BRDA:999,79,1,156
BRDA:1001,80,0,0
BRDA:1001,80,1,156
BRDA:1016,81,0,156
BRDA:1016,81,1,0
BRDA:1042,82,0,103
BRDA:1042,82,1,0
BRDA:1044,83,0,103
BRDA:1044,83,1,0
BRDA:1047,84,0,56
BRDA:1047,84,1,47
BRDA:1060,85,0,54
BRDA:1060,85,1,49
BRDA:1063,86,0,103
BRDA:1063,86,1,32
BRDA:1064,87,0,69
BRDA:1064,87,1,34
BRDA:1089,88,0,53
BRDA:1089,88,1,50
BRDA:1089,89,0,103
BRDA:1089,89,1,54
BRDA:1125,90,0,103
BRDA:1125,90,1,51
BRDA:1127,91,0,52
BRDA:1127,91,1,51
BRDA:1202,92,0,53
BRDA:1202,92,1,50
BRF:189
BRH:135
end_of_record
TN:
SF:src/aggregator/article-meta.ts
FN:119,dedupeItems
FN:124,(anonymous_1)
FN:138,extractMacroLeadParagraph
FN:144,(anonymous_3)
FN:169,(anonymous_4)
FN:188,(anonymous_5)
FN:210,extractTopRisks
FN:235,extractKeyDates
FN:243,(anonymous_8)
FN:243,(anonymous_9)
FN:256,extractKeyActors
FN:280,extractMacroContext
FN:295,extractKeyTakeaways
FN:303,(anonymous_13)
FN:316,buildArticleMeta
FN:351,computeSources
FN:369,(anonymous_16)
FN:380,serializeArticleMeta
FNF:18
FNH:17
FNDA:74,dedupeItems
FNDA:84,(anonymous_1)
FNDA:3,extractMacroLeadParagraph
FNDA:6,(anonymous_3)
FNDA:0,(anonymous_4)
FNDA:18,(anonymous_5)
FNDA:37,extractTopRisks
FNDA:37,extractKeyDates
FNDA:6,(anonymous_8)
FNDA:6,(anonymous_9)
FNDA:37,extractKeyActors
FNDA:37,extractMacroContext
FNDA:37,extractKeyTakeaways
FNDA:75,(anonymous_13)
FNDA:36,buildArticleMeta
FNDA:36,computeSources
FNDA:540,(anonymous_16)
FNDA:35,serializeArticleMeta
DA:93,8
DA:97,8
DA:100,8
DA:120,74
DA:121,74
DA:122,74
DA:123,81
DA:124,84
DA:125,81
DA:127,74
DA:139,3
DA:140,3
DA:141,3
DA:142,3
DA:144,3
DA:145,6
DA:146,3
DA:147,3
DA:148,3
DA:149,3
DA:150,3
DA:151,3
DA:152,3
DA:154,3
DA:157,3
DA:158,6
DA:159,6
DA:160,0
DA:161,0
DA:163,6
DA:164,6
DA:165,6
DA:166,3
DA:167,3
DA:170,0
DA:177,0
DA:179,3
DA:180,3
DA:181,3
DA:183,3
DA:185,3
DA:186,3
DA:189,18
DA:196,3
DA:198,0
DA:211,37
DA:216,37
DA:217,105
DA:218,105
DA:219,11
DA:220,11
DA:221,11
DA:223,34
DA:236,37
DA:242,37
DA:243,37
DA:244,37
DA:257,37
DA:262,37
DA:263,63
DA:264,63
DA:265,40
DA:266,40
DA:267,40
DA:269,13
DA:281,37
DA:282,37
DA:283,3
DA:284,3
DA:285,3
DA:296,37
DA:302,37
DA:303,75
DA:304,37
DA:305,37
DA:306,24
DA:317,36
DA:318,36
DA:319,36
DA:320,36
DA:321,36
DA:322,36
DA:323,36
DA:324,36
DA:325,36
DA:326,36
DA:352,36
DA:369,540
DA:381,35
LF:89
LH:84
BRDA:123,0,0,0
BRDA:123,0,1,81
BRDA:125,1,0,81
BRDA:125,1,1,0
BRDA:146,2,0,3
BRDA:146,2,1,0
BRDA:147,3,0,0
BRDA:147,3,1,3
BRDA:147,4,0,3
BRDA:147,4,1,3
BRDA:147,4,2,3
BRDA:148,5,0,0
BRDA:148,5,1,3
BRDA:149,6,0,0
BRDA:149,6,1,3
BRDA:150,7,0,0
BRDA:150,7,1,3
BRDA:151,8,0,0
BRDA:151,8,1,3
BRDA:158,9,0,6
BRDA:158,9,1,0
BRDA:159,10,0,0
BRDA:159,10,1,6
BRDA:163,11,0,0
BRDA:163,11,1,6
BRDA:165,12,0,3
BRDA:165,12,1,3
BRDA:167,13,0,0
BRDA:167,13,1,3
BRDA:168,14,0,3
BRDA:168,14,1,0
BRDA:179,15,0,3
BRDA:179,15,1,0
BRDA:186,16,0,3
BRDA:186,16,1,0
BRDA:187,17,0,3
BRDA:187,17,1,3
BRDA:218,18,0,94
BRDA:218,18,1,11
BRDA:221,19,0,3
BRDA:221,19,1,8
BRDA:264,20,0,23
BRDA:264,20,1,40
BRDA:267,21,0,24
BRDA:267,21,1,16
BRDA:282,22,0,34
BRDA:282,22,1,3
BRDA:305,23,0,13
BRDA:305,23,1,24
BRF:49
BRH:34
end_of_record
TN:
SF:src/aggregator/article-metadata.ts
FN:452,shouldSkipDescriptionLine
FN:465,(anonymous_1)
FN:510,stripLeadingProseLabel
FN:530,stripInlineMarkdown
FN:576,stripTrailingStopWordsAndPunctuation
FN:606,truncateDescription
FN:633,truncateTitle
FN:650,extractFirstH1
FN:670,extractStrongProseLine
FN:702,extractLedeAfterHeading
FN:717,(anonymous_10)
FN:741,normaliseHeadingText
FN:759,isArtifactCategoryHeading
FN:806,stripArtifactCategoryAffix
FN:809,(anonymous_14)
FN:846,cleanupAffixCore
FN:861,normaliseCategoryHeading
FN:877,humanizeSlug
FN:880,(anonymous_18)
FN:897,isGenericHeading
FN:934,escapeRegex
FN:948,extractArtifactHighlight
FN:963,(anonymous_22)
FN:987,scanCandidatesForHighlight
FN:1025,probeCandidateForHighlight
FN:1060,readArtefactBody
FN:1091,safeReaddir
FN:1111,buildTemplateFallback
FN:1176,templateForType
FN:1229,deriveWeekRange
FN:1252,deriveReportingWindowForWeekInReview
FN:1273,deriveMonthLabel
FN:1301,deriveQuarterLabel
FN:1315,deriveYearLabel
FN:1339,deriveTermLabel
FN:1367,deriveElectionCycleLabel
FN:1386,parseIsoDate
FN:1398,formatIsoDate
FN:1413,manifestOverrideFor
FN:1436,resolveEditorialContent
FN:1484,composeContextualTitle
FN:1513,composeContextualDescription
FN:1539,withRunQualifier
FN:1550,containsNormalized
FN:1568,buildSeoKeywords
FN:1597,extractKeywordTerms
FN:1600,(anonymous_46)
FN:1601,(anonymous_47)
FN:1611,dedupeKeywords
FN:1632,resolveArticleMetadata
FN:1695,pickFirstNonEmpty
FNF:51
FNH:51
FNDA:236,shouldSkipDescriptionLine
FNDA:1197,(anonymous_1)
FNDA:71,stripLeadingProseLabel
FNDA:377,stripInlineMarkdown
FNDA:729,stripTrailingStopWordsAndPunctuation
FNDA:1405,truncateDescription
FNDA:721,truncateTitle
FNDA:55,extractFirstH1
FNDA:43,extractStrongProseLine
FNDA:35,extractLedeAfterHeading
FNDA:261,(anonymous_10)
FNDA:25,normaliseHeadingText
FNDA:123,isArtifactCategoryHeading
FNDA:38,stripArtifactCategoryAffix
FNDA:8568,(anonymous_14)
FNDA:31,cleanupAffixCore
FNDA:195,normaliseCategoryHeading
FNDA:776,humanizeSlug
FNDA:817,(anonymous_18)
FNDA:114,isGenericHeading
FNDA:62,escapeRegex
FNDA:40,extractArtifactHighlight
FNDA:33,(anonymous_22)
FNDA:48,scanCandidatesForHighlight
FNDA:218,probeCandidateForHighlight
FNDA:31,readArtefactBody
FNDA:9,safeReaddir
FNDA:62,buildTemplateFallback
FNDA:868,templateForType
FNDA:63,deriveWeekRange
FNDA:8,deriveReportingWindowForWeekInReview
FNDA:64,deriveMonthLabel
FNDA:62,deriveQuarterLabel
FNDA:62,deriveYearLabel
FNDA:62,deriveTermLabel
FNDA:62,deriveElectionCycleLabel
FNDA:383,parseIsoDate
FNDA:138,formatIsoDate
FNDA:1344,manifestOverrideFor
FNDA:48,resolveEditorialContent
FNDA:672,composeContextualTitle
FNDA:672,composeContextualDescription
FNDA:42,withRunQualifier
FNDA:665,containsNormalized
FNDA:672,buildSeoKeywords
FNDA:672,extractKeywordTerms
FNDA:23675,(anonymous_46)
FNDA:23675,(anonymous_47)
FNDA:672,dedupeKeywords
FNDA:48,resolveArticleMetadata
FNDA:2016,pickFirstNonEmpty
DA:124,13
DA:127,13
DA:130,13
DA:139,13
DA:241,13
DA:276,13
DA:314,13
DA:375,13
DA:398,13
DA:453,236
DA:455,151
DA:456,108
DA:457,104
DA:458,93
DA:459,89
DA:460,87
DA:462,87
DA:463,85
DA:465,1197
DA:467,79
DA:468,79
DA:469,3043
DA:470,3043
DA:471,3043
DA:477,15
DA:481,64
DA:483,63
DA:511,71
DA:512,71
DA:513,7
DA:514,7
DA:515,7
DA:516,6
DA:517,5
DA:518,4
DA:531,377
DA:546,13
DA:565,13
DA:577,729
DA:578,729
DA:579,729
DA:580,945
DA:581,945
DA:582,209
DA:583,209
DA:585,945
DA:586,945
DA:587,941
DA:588,941
DA:589,66
DA:590,66
DA:594,729
DA:607,1405
DA:608,664
DA:613,664
DA:614,664
DA:615,75
DA:617,589
DA:618,589
DA:622,1405
DA:623,1405
DA:634,721
DA:635,140
DA:636,140
DA:637,140
DA:638,721
DA:639,721
DA:651,55
DA:652,439
DA:653,439
DA:654,57
DA:655,54
DA:656,54
DA:657,54
DA:659,1
DA:671,43
DA:672,43
DA:673,162
DA:674,162
DA:675,2
DA:676,2
DA:678,160
DA:679,158
DA:680,37
DA:681,37
DA:682,32
DA:684,11
DA:703,35
DA:704,35
DA:705,35
DA:706,35
DA:707,535
DA:708,535
DA:709,535
DA:710,0
DA:711,0
DA:713,535
DA:714,535
DA:715,25
DA:716,25
DA:718,261
DA:720,25
DA:722,510
DA:723,52
DA:724,25
DA:725,25
DA:726,25
DA:728,510
DA:742,25
DA:760,123
DA:761,123
DA:762,122
DA:763,5170
DA:764,5170
DA:770,33
DA:772,5137
DA:778,0
DA:781,89
DA:807,38
DA:808,38
DA:809,8568
DA:810,36
DA:811,36
DA:812,36
DA:813,38
DA:814,38
DA:816,38
DA:817,1386
DA:818,5466
DA:819,5466
DA:820,27
DA:821,27
DA:824,1359
DA:825,5424
DA:826,5424
DA:827,4
DA:828,4
DA:831,1355
DA:833,3
DA:847,31
DA:848,31
DA:849,31
DA:850,30
DA:862,195
DA:878,776
DA:880,817
DA:898,114
DA:899,114
DA:901,113
DA:903,87
DA:904,87
DA:912,87
DA:913,87
DA:914,336
DA:915,317
DA:916,312
DA:919,62
DA:920,62
DA:921,0
DA:924,62
DA:935,62
DA:953,40
DA:955,39
DA:961,39
DA:963,33
DA:964,9
DA:965,9
DA:967,9
DA:968,40
DA:969,0
DA:971,9
DA:993,48
DA:994,48
DA:995,218
DA:996,218
DA:997,210
DA:998,22
DA:1000,188
DA:1001,0
DA:1004,18
DA:1035,218
DA:1036,218
DA:1037,31
DA:1038,31
DA:1039,31
DA:1040,31
DA:1041,218
DA:1042,8
DA:1044,23
DA:1045,23
DA:1046,23
DA:1047,22
DA:1050,1
DA:1062,31
DA:1063,31
DA:1065,0
DA:1067,31
DA:1068,31
DA:1069,31
DA:1070,34
DA:1071,34
DA:1072,1
DA:1073,1
DA:1075,33
DA:1076,2
DA:1077,2
DA:1079,31
DA:1081,31
DA:1092,9
DA:1093,9
DA:1095,0
DA:1116,62
DA:1121,62
DA:1124,62
DA:1125,62
DA:1126,62
DA:1127,62
DA:1128,62
DA:1129,62
DA:1131,62
DA:1132,868
DA:1143,868
DA:1150,62
DA:1181,868
DA:1184,672
DA:1186,28
DA:1188,28
DA:1190,28
DA:1192,28
DA:1194,14
DA:1196,42
DA:1198,14
DA:1200,0
DA:1202,0
DA:1204,0
DA:1206,0
DA:1208,0
DA:1210,0
DA:1212,14
DA:1220,13
DA:1230,63
DA:1231,63
DA:1232,62
DA:1233,62
DA:1234,62
DA:1235,62
DA:1236,62
DA:1256,8
DA:1257,8
DA:1258,7
DA:1274,64
DA:1275,64
DA:1276,64
DA:1290,64
DA:1291,64
DA:1302,62
DA:1303,62
DA:1304,62
DA:1305,62
DA:1316,62
DA:1317,62
DA:1318,62
DA:1327,13
DA:1328,13
DA:1329,13
DA:1330,13
DA:1340,62
DA:1341,62
DA:1342,62
DA:1343,62
DA:1344,62
DA:1345,62
DA:1346,62
DA:1348,0
DA:1349,0
DA:1351,0
DA:1352,0
DA:1353,62
DA:1354,62
DA:1355,62
DA:1356,62
DA:1368,62
DA:1369,62
DA:1370,62
DA:1371,62
DA:1372,0
DA:1373,0
DA:1374,0
DA:1375,0
DA:1376,0
DA:1387,383
DA:1388,381
DA:1389,381
DA:1399,138
DA:1400,138
DA:1401,138
DA:1402,138
DA:1417,1344
DA:1418,1316
DA:1419,42
DA:1420,42
DA:1421,84
DA:1422,84
DA:1424,42
DA:1425,42
DA:1440,48
DA:1442,48
DA:1443,48
DA:1444,35
DA:1445,35
DA:1446,27
DA:1451,8
DA:1452,0
DA:1456,21
DA:1457,21
DA:1458,21
DA:1459,9
DA:1465,12
DA:1466,48
DA:1467,9
DA:1470,3
DA:1490,672
DA:1491,48
DA:1493,624
DA:1494,585
DA:1496,39
DA:1520,672
DA:1521,672
DA:1522,672
DA:1523,672
DA:1524,672
DA:1525,672
DA:1526,587
DA:1528,672
DA:1529,672
DA:1540,42
DA:1551,665
DA:1552,665
DA:1553,665
DA:1576,672
DA:1577,672
DA:1580,672
DA:1581,672
DA:1588,672
DA:1598,672
DA:1600,23675
DA:1601,23675
DA:1612,672
DA:1613,672
DA:1614,672
DA:1615,16142
DA:1616,16142
DA:1617,16142
DA:1618,16142
DA:1619,15264
DA:1620,15264
DA:1622,672
DA:1633,48
DA:1634,48
DA:1635,48
DA:1636,48
DA:1638,48
DA:1643,48
DA:1644,672
DA:1645,672
DA:1646,672
DA:1648,672
DA:1649,672
DA:1650,672
DA:1656,672
DA:1657,672
DA:1659,672
DA:1663,672
DA:1664,672
DA:1666,672
DA:1685,48
DA:1696,2016
DA:1697,4041
DA:1699,42
LF:379
LH:355
BRDA:453,0,0,85
BRDA:453,0,1,151
BRDA:455,1,0,43
BRDA:455,1,1,108
BRDA:456,2,0,4
BRDA:456,2,1,104
BRDA:457,3,0,11
BRDA:457,3,1,93
BRDA:458,4,0,4
BRDA:458,4,1,89
BRDA:459,5,0,2
BRDA:459,5,1,87
BRDA:459,6,0,89
BRDA:459,6,1,88
BRDA:460,7,0,0
BRDA:460,7,1,87
BRDA:460,8,0,87
BRDA:460,8,1,87
BRDA:462,9,0,2
BRDA:462,9,1,85
BRDA:463,10,0,2
BRDA:463,10,1,83
BRDA:465,11,0,4
BRDA:465,11,1,79
BRDA:471,12,0,15
BRDA:471,12,1,3028
BRDA:472,13,0,3043
BRDA:472,13,1,3030
BRDA:472,13,2,3030
BRDA:472,13,3,3029
BRDA:481,14,0,1
BRDA:481,14,1,63
BRDA:512,15,0,64
BRDA:512,15,1,7
BRDA:512,16,0,71
BRDA:512,16,1,29
BRDA:515,17,0,1
BRDA:515,17,1,6
BRDA:516,18,0,1
BRDA:516,18,1,5
BRDA:517,19,0,1
BRDA:517,19,1,4
BRDA:581,20,0,945
BRDA:581,20,1,1154
BRDA:586,21,0,941
BRDA:586,21,1,4
BRDA:588,22,0,66
BRDA:588,22,1,875
BRDA:607,23,0,741
BRDA:607,23,1,664
BRDA:614,24,0,75
BRDA:614,24,1,589
BRDA:618,25,0,583
BRDA:618,25,1,6
BRDA:634,26,0,581
BRDA:634,26,1,140
BRDA:637,27,0,126
BRDA:637,27,1,14
BRDA:653,28,0,382
BRDA:653,28,1,57
BRDA:654,29,0,3
BRDA:654,29,1,54
BRDA:674,30,0,2
BRDA:674,30,1,160
BRDA:674,31,0,162
BRDA:674,31,1,160
BRDA:678,32,0,2
BRDA:678,32,1,158
BRDA:679,33,0,121
BRDA:679,33,1,37
BRDA:681,34,0,5
BRDA:681,34,1,32
BRDA:707,35,0,535
BRDA:707,35,1,0
BRDA:709,36,0,0
BRDA:709,36,1,535
BRDA:709,37,0,535
BRDA:709,37,1,535
BRDA:713,38,0,0
BRDA:713,38,1,535
BRDA:714,39,0,25
BRDA:714,39,1,510
BRDA:718,40,0,261
BRDA:718,40,1,236
BRDA:718,40,2,236
BRDA:722,41,0,458
BRDA:722,41,1,52
BRDA:723,42,0,27
BRDA:723,42,1,25
BRDA:725,43,0,0
BRDA:725,43,1,25
BRDA:761,44,0,1
BRDA:761,44,1,122
BRDA:763,45,0,0
BRDA:763,45,1,5170
BRDA:764,46,0,33
BRDA:764,46,1,5137
BRDA:765,47,0,5170
BRDA:765,47,1,5140
BRDA:765,47,2,5140
BRDA:765,47,3,5139
BRDA:772,48,0,0
BRDA:772,48,1,5137
BRDA:773,49,0,5137
BRDA:773,49,1,5137
BRDA:773,49,2,5137
BRDA:773,49,3,5137
BRDA:808,50,0,2
BRDA:808,50,1,36
BRDA:812,51,0,0
BRDA:812,51,1,36
BRDA:819,52,0,27
BRDA:819,52,1,5439
BRDA:826,53,0,4
BRDA:826,53,1,5420
BRDA:831,54,0,2
BRDA:831,54,1,1353
BRDA:849,55,0,1
BRDA:849,55,1,30
BRDA:880,56,0,817
BRDA:880,56,1,0
BRDA:899,57,0,1
BRDA:899,57,1,113
BRDA:901,58,0,26
BRDA:901,58,1,87
BRDA:914,59,0,19
BRDA:914,59,1,317
BRDA:915,60,0,5
BRDA:915,60,1,312
BRDA:916,61,0,1
BRDA:916,61,1,311
BRDA:920,62,0,0
BRDA:920,62,1,62
BRDA:953,63,0,1
BRDA:953,63,1,39
BRDA:953,64,0,40
BRDA:953,64,1,40
BRDA:961,65,0,30
BRDA:961,65,1,9
BRDA:963,66,0,33
BRDA:963,66,1,0
BRDA:965,67,0,0
BRDA:965,67,1,9
BRDA:967,68,0,9
BRDA:967,68,1,9
BRDA:968,69,0,0
BRDA:968,69,1,40
BRDA:996,70,0,8
BRDA:996,70,1,210
BRDA:997,71,0,22
BRDA:997,71,1,188
BRDA:998,72,0,22
BRDA:998,72,1,0
BRDA:1000,73,0,0
BRDA:1000,73,1,188
BRDA:1000,74,0,188
BRDA:1000,74,1,188
BRDA:1036,75,0,187
BRDA:1036,75,1,31
BRDA:1040,76,0,31
BRDA:1040,76,1,9
BRDA:1041,77,0,8
BRDA:1041,77,1,210
BRDA:1041,78,0,218
BRDA:1041,78,1,31
BRDA:1044,79,0,23
BRDA:1044,79,1,0
BRDA:1046,80,0,22
BRDA:1046,80,1,1
BRDA:1046,81,0,23
BRDA:1046,81,1,23
BRDA:1070,82,0,34
BRDA:1070,82,1,0
BRDA:1071,83,0,1
BRDA:1071,83,1,33
BRDA:1075,84,0,2
BRDA:1075,84,1,31
BRDA:1075,85,0,33
BRDA:1075,85,1,2
BRDA:1121,86,0,3
BRDA:1121,86,1,59
BRDA:1125,87,0,9
BRDA:1125,87,1,53
BRDA:1125,88,0,62
BRDA:1125,88,1,9
BRDA:1181,89,0,672
BRDA:1181,89,1,672
BRDA:1181,89,2,28
BRDA:1181,89,3,28
BRDA:1181,89,4,28
BRDA:1181,89,5,28
BRDA:1181,89,6,14
BRDA:1181,89,7,42
BRDA:1181,89,8,14
BRDA:1181,89,9,0
BRDA:1181,89,10,0
BRDA:1181,89,11,0
BRDA:1181,89,12,0
BRDA:1181,89,13,0
BRDA:1181,89,14,0
BRDA:1181,89,15,14
BRDA:1231,90,0,1
BRDA:1231,90,1,62
BRDA:1257,91,0,1
BRDA:1257,91,1,7
BRDA:1275,92,0,0
BRDA:1275,92,1,64
BRDA:1290,93,0,64
BRDA:1290,93,1,0
BRDA:1303,94,0,0
BRDA:1303,94,1,62
BRDA:1317,95,0,0
BRDA:1317,95,1,62
BRDA:1341,96,0,0
BRDA:1341,96,1,62
BRDA:1344,97,0,0
BRDA:1344,97,1,62
BRDA:1345,98,0,62
BRDA:1345,98,1,0
BRDA:1345,99,0,62
BRDA:1345,99,1,0
BRDA:1345,99,2,0
BRDA:1348,100,0,0
BRDA:1348,100,1,0
BRDA:1348,101,0,0
BRDA:1348,101,1,0
BRDA:1348,101,2,0
BRDA:1352,102,0,0
BRDA:1352,102,1,0
BRDA:1369,103,0,0
BRDA:1369,103,1,62
BRDA:1371,104,0,62
BRDA:1371,104,1,0
BRDA:1372,105,0,0
BRDA:1372,105,1,0
BRDA:1387,106,0,2
BRDA:1387,106,1,381
BRDA:1389,107,0,0
BRDA:1389,107,1,381
BRDA:1417,108,0,28
BRDA:1417,108,1,1316
BRDA:1418,109,0,1274
BRDA:1418,109,1,42
BRDA:1422,110,0,84
BRDA:1422,110,1,0
BRDA:1425,111,0,6
BRDA:1425,111,1,36
BRDA:1443,112,0,35
BRDA:1443,112,1,13
BRDA:1445,113,0,27
BRDA:1445,113,1,8
BRDA:1451,114,0,0
BRDA:1451,114,1,8
BRDA:1458,115,0,9
BRDA:1458,115,1,12
BRDA:1458,116,0,21
BRDA:1458,116,1,21
BRDA:1461,117,0,9
BRDA:1461,117,1,9
BRDA:1465,118,0,12
BRDA:1465,118,1,12
BRDA:1466,119,0,9
BRDA:1466,119,1,39
BRDA:1490,120,0,48
BRDA:1490,120,1,624
BRDA:1491,121,0,48
BRDA:1491,121,1,3
BRDA:1493,122,0,585
BRDA:1493,122,1,39
BRDA:1522,123,0,462
BRDA:1522,123,1,210
BRDA:1525,124,0,587
BRDA:1525,124,1,85
BRDA:1525,125,0,672
BRDA:1525,125,1,630
BRDA:1525,126,0,630
BRDA:1525,126,1,0
BRDA:1540,127,0,0
BRDA:1540,127,1,42
BRDA:1553,128,0,665
BRDA:1553,128,1,665
BRDA:1582,129,0,672
BRDA:1582,129,1,0
BRDA:1585,130,0,462
BRDA:1585,130,1,210
BRDA:1601,131,0,23675
BRDA:1601,131,1,14541
BRDA:1616,132,0,0
BRDA:1616,132,1,16142
BRDA:1618,133,0,878
BRDA:1618,133,1,15264
BRDA:1633,134,0,48
BRDA:1633,134,1,12
BRDA:1636,135,0,48
BRDA:1636,135,1,15
BRDA:1652,136,0,48
BRDA:1652,136,1,624
BRDA:1656,137,0,672
BRDA:1656,137,1,0
BRDA:1657,138,0,672
BRDA:1657,138,1,0
BRDA:1659,139,0,0
BRDA:1659,139,1,672
BRDA:1659,140,0,672
BRDA:1659,140,1,35
BRDA:1697,141,0,1974
BRDA:1697,141,1,2067
BRDA:1697,142,0,4041
BRDA:1697,142,1,4041
BRF:309
BRH:256
end_of_record
TN:
SF:src/aggregator/artifact-order.ts
FNF:0
FNH:0
DA:51,12
DA:236,12
DA:239,12
DA:244,12
DA:247,12
DA:253,12
DA:256,12
LF:7
LH:7
BRF:0
BRH:0
end_of_record
TN:
SF:src/aggregator/clean-artifact.ts
FN:35,githubBlobUrl
FN:45,githubRawUrl
FN:87,stripFrontMatter
FN:125,isBannerLine
FN:143,stripBanners
FN:196,stripSpdxTags
FN:232,advanceFenceState
FN:260,processHeadingLine
FN:295,demoteHeadings
FN:329,resolveLink
FN:357,posixResolve
FN:378,rewriteLinks
FN:411,tryParseLinkAt
FN:443,rewriteLinksInLine
FN:468,splitTargetAndTitle
FN:492,findMatchingBracket
FN:516,findMatchingParen
FN:555,scanMermaidBody
FN:583,dedupMermaid
FN:621,hashString
FN:656,stripArtifactMetadataPreamble
FN:695,cleanArtifact
FNF:22
FNH:22
FNDA:1527,githubBlobUrl
FNDA:2,githubRawUrl
FNDA:141,stripFrontMatter
FNDA:500,isBannerLine
FNDA:140,stripBanners
FNDA:141,stripSpdxTags
FNDA:2564,advanceFenceState
FNDA:1918,processHeadingLine
FNDA:142,demoteHeadings
FNDA:135,resolveLink
FNDA:131,posixResolve
FNDA:141,rewriteLinks
FNDA:54467,tryParseLinkAt
FNDA:1765,rewriteLinksInLine
FNDA:129,splitTargetAndTitle
FNDA:129,findMatchingBracket
FNDA:129,findMatchingParen
FNDA:103,scanMermaidBody
FNDA:145,dedupMermaid
FNDA:103,hashString
FNDA:143,stripArtifactMetadataPreamble
FNDA:137,cleanArtifact
DA:36,1527
DA:46,2
DA:88,141
DA:89,36
DA:90,36
DA:98,15
DA:117,15
DA:126,500
DA:127,3699
DA:129,271
DA:144,140
DA:145,140
DA:146,140
DA:147,140
DA:148,140
DA:149,500
DA:150,500
DA:151,229
DA:152,229
DA:153,229
DA:154,229
DA:156,271
DA:157,131
DA:158,131
DA:160,140
DA:161,33
DA:162,33
DA:164,140
DA:166,140
DA:167,34
DA:181,15
DA:197,141
DA:198,141
DA:199,141
DA:200,141
DA:201,2973
DA:202,6
DA:203,6
DA:205,2967
DA:207,141
DA:237,2564
DA:238,2564
DA:239,180
DA:240,180
DA:241,90
DA:243,90
DA:244,90
DA:246,0
DA:264,1918
DA:265,1918
DA:266,1918
DA:267,1
DA:269,1917
DA:270,1917
DA:271,1487
DA:273,430
DA:274,430
DA:275,137
DA:277,293
DA:278,1918
DA:296,142
DA:297,142
DA:298,142
DA:299,142
DA:300,142
DA:301,142
DA:302,142
DA:303,2564
DA:304,2564
DA:305,2564
DA:306,646
DA:307,646
DA:308,646
DA:309,646
DA:310,646
DA:312,1918
DA:313,1918
DA:314,1918
DA:315,1918
DA:317,142
DA:330,135
DA:338,4
DA:340,131
DA:341,131
DA:342,131
DA:343,135
DA:344,135
DA:345,135
DA:346,135
DA:358,131
DA:359,131
DA:360,131
DA:361,1201
DA:362,1196
DA:363,188
DA:364,188
DA:366,1008
DA:368,131
DA:379,141
DA:380,141
DA:381,141
DA:382,2410
DA:383,2410
DA:384,180
DA:385,180
DA:387,2230
DA:388,1765
DA:390,141
DA:416,54467
DA:417,54467
DA:418,54467
DA:419,54467
DA:420,129
DA:421,54467
DA:422,54467
DA:423,129
DA:424,129
DA:425,129
DA:426,129
DA:427,129
DA:428,129
DA:429,129
DA:430,129
DA:431,54467
DA:444,1765
DA:445,1765
DA:446,1765
DA:447,54467
DA:448,54467
DA:449,129
DA:450,129
DA:451,129
DA:453,54338
DA:454,54338
DA:456,1765
DA:469,129
DA:470,4878
DA:471,129
DA:472,1
DA:473,1
DA:474,1
DA:475,1
DA:480,1
DA:482,0
DA:493,129
DA:494,129
DA:495,2056
DA:496,2056
DA:497,0
DA:498,0
DA:500,2056
DA:501,1927
DA:502,129
DA:503,129
DA:506,0
DA:517,129
DA:518,129
DA:519,5146
DA:520,5146
DA:521,0
DA:522,0
DA:524,5146
DA:525,5017
DA:526,129
DA:527,129
DA:530,0
DA:559,103
DA:560,103
DA:561,103
DA:562,645
DA:563,645
DA:564,542
DA:565,542
DA:567,103
DA:584,145
DA:585,145
DA:586,145
DA:587,145
DA:588,145
DA:589,1874
DA:590,1874
DA:591,1771
DA:592,1771
DA:593,1771
DA:595,103
DA:596,103
DA:597,103
DA:598,36
DA:601,36
DA:603,67
DA:604,67
DA:605,67
DA:606,67
DA:608,103
DA:610,145
DA:622,103
DA:623,103
DA:624,19292
DA:625,19292
DA:627,103
DA:636,15
DA:657,143
DA:658,143
DA:660,143
DA:662,143
DA:663,138
DA:666,5
DA:667,5
DA:668,21
DA:669,21
DA:670,16
DA:672,5
DA:676,5
DA:677,5
DA:678,5
DA:679,3
DA:682,5
DA:683,5
DA:684,5
DA:696,137
DA:697,137
DA:698,137
DA:699,137
DA:700,137
DA:701,137
DA:702,137
DA:703,137
DA:704,137
DA:705,137
DA:706,137
DA:707,137
DA:708,137
DA:709,137
LF:233
LH:225
BRDA:88,0,0,105
BRDA:88,0,1,36
BRDA:90,1,0,36
BRDA:90,1,1,0
BRDA:127,2,0,229
BRDA:127,2,1,3470
BRDA:149,3,0,500
BRDA:149,3,1,0
BRDA:150,4,0,229
BRDA:150,4,1,271
BRDA:156,5,0,131
BRDA:156,5,1,140
BRDA:160,6,0,33
BRDA:160,6,1,107
BRDA:160,7,0,140
BRDA:160,7,1,34
BRDA:166,8,0,106
BRDA:166,8,1,34
BRDA:201,9,0,6
BRDA:201,9,1,2967
BRDA:238,10,0,2384
BRDA:238,10,1,180
BRDA:240,11,0,90
BRDA:240,11,1,90
BRDA:243,12,0,90
BRDA:243,12,1,0
BRDA:243,13,0,90
BRDA:243,13,1,90
BRDA:264,14,0,1918
BRDA:264,14,1,0
BRDA:265,15,0,1918
BRDA:265,15,1,139
BRDA:266,16,0,1
BRDA:266,16,1,1917
BRDA:266,17,0,1918
BRDA:266,17,1,1
BRDA:270,18,0,1487
BRDA:270,18,1,430
BRDA:274,19,0,137
BRDA:274,19,1,293
BRDA:277,20,0,1
BRDA:277,20,1,292
BRDA:279,21,0,1918
BRDA:279,21,1,0
BRDA:279,22,0,1918
BRDA:279,22,1,0
BRDA:303,23,0,2564
BRDA:303,23,1,0
BRDA:305,24,0,646
BRDA:305,24,1,1918
BRDA:305,25,0,2564
BRDA:305,25,1,2384
BRDA:313,26,0,138
BRDA:313,26,1,1780
BRDA:314,27,0,1780
BRDA:314,27,1,138
BRDA:330,28,0,4
BRDA:330,28,1,131
BRDA:331,29,0,135
BRDA:331,29,1,134
BRDA:331,29,2,134
BRDA:331,29,3,133
BRDA:331,29,4,132
BRDA:331,29,5,131
BRDA:342,30,0,0
BRDA:342,30,1,131
BRDA:343,31,0,0
BRDA:343,31,1,131
BRDA:345,32,0,0
BRDA:345,32,1,131
BRDA:361,33,0,5
BRDA:361,33,1,1196
BRDA:361,34,0,1201
BRDA:361,34,1,1201
BRDA:362,35,0,188
BRDA:362,35,1,1008
BRDA:382,36,0,2410
BRDA:382,36,1,0
BRDA:383,37,0,180
BRDA:383,37,1,2230
BRDA:387,38,0,465
BRDA:387,38,1,1765
BRDA:417,39,0,54467
BRDA:417,39,1,0
BRDA:419,40,0,54338
BRDA:419,40,1,129
BRDA:419,41,0,54467
BRDA:419,41,1,54467
BRDA:420,42,0,0
BRDA:420,42,1,129
BRDA:422,43,0,0
BRDA:422,43,1,54467
BRDA:422,44,0,54467
BRDA:422,44,1,129
BRDA:425,45,0,0
BRDA:425,45,1,129
BRDA:430,46,0,0
BRDA:430,46,1,129
BRDA:448,47,0,129
BRDA:448,47,1,54338
BRDA:470,48,0,129
BRDA:470,48,1,4879
BRDA:471,49,0,128
BRDA:471,49,1,1
BRDA:475,50,0,1
BRDA:475,50,1,0
BRDA:476,51,0,1
BRDA:476,51,1,1
BRDA:476,51,2,1
BRDA:496,52,0,0
BRDA:496,52,1,2056
BRDA:500,53,0,129
BRDA:500,53,1,1927
BRDA:501,54,0,129
BRDA:501,54,1,1798
BRDA:503,55,0,129
BRDA:503,55,1,0
BRDA:520,56,0,0
BRDA:520,56,1,5146
BRDA:524,57,0,129
BRDA:524,57,1,5017
BRDA:525,58,0,129
BRDA:525,58,1,4888
BRDA:527,59,0,129
BRDA:527,59,1,0
BRDA:562,60,0,645
BRDA:562,60,1,0
BRDA:563,61,0,103
BRDA:563,61,1,542
BRDA:589,62,0,1874
BRDA:589,62,1,0
BRDA:590,63,0,1771
BRDA:590,63,1,103
BRDA:597,64,0,36
BRDA:597,64,1,67
BRDA:606,65,0,67
BRDA:606,65,1,0
BRDA:606,66,0,67
BRDA:606,66,1,0
BRDA:660,67,0,143
BRDA:660,67,1,279
BRDA:660,68,0,279
BRDA:660,68,1,0
BRDA:662,69,0,138
BRDA:662,69,1,5
BRDA:662,70,0,143
BRDA:662,70,1,143
BRDA:662,71,0,143
BRDA:662,71,1,0
BRDA:668,72,0,21
BRDA:668,72,1,0
BRDA:669,73,0,16
BRDA:669,73,1,5
BRDA:669,74,0,21
BRDA:669,74,1,7
BRDA:677,75,0,5
BRDA:677,75,1,5
BRDA:677,76,0,5
BRDA:677,76,1,0
BRDA:678,77,0,3
BRDA:678,77,1,2
BRDA:678,78,0,5
BRDA:678,78,1,5
BRDA:678,79,0,5
BRDA:678,79,1,0
BRDA:696,80,0,137
BRDA:696,80,1,4
BRF:167
BRH:137
end_of_record
TN:
SF:src/aggregator/key-takeaways.ts
FN:94,handleHeading
FN:101,(anonymous_1)
FN:113,recordBullet
FN:127,extractStrongBullets
FN:165,jaccardSimilarity
FN:166,(anonymous_5)
FN:172,(anonymous_6)
FN:194,dedupeTakeaways
FN:199,(anonymous_8)
FN:215,harvestCandidates
FN:235,buildKeyTakeaways
FN:240,(anonymous_11)
FNF:12
FNH:12
FNDA:448,handleHeading
FNDA:2243,(anonymous_1)
FNDA:194,recordBullet
FNDA:156,extractStrongBullets
FNDA:106,jaccardSimilarity
FNDA:212,(anonymous_5)
FNDA:2278,(anonymous_6)
FNDA:56,dedupeTakeaways
FNDA:19,(anonymous_8)
FNDA:129,harvestCandidates
FNDA:54,buildKeyTakeaways
FNDA:13,(anonymous_11)
DA:31,14
DA:33,14
DA:36,14
DA:38,14
DA:60,14
DA:66,14
DA:95,448
DA:101,2243
DA:102,448
DA:114,194
DA:115,104
DA:128,156
DA:135,156
DA:136,2955
DA:137,2955
DA:138,196
DA:139,196
DA:141,2759
DA:142,2267
DA:143,2267
DA:144,448
DA:145,448
DA:147,1819
DA:148,1819
DA:149,195
DA:150,194
DA:151,2955
DA:152,194
DA:154,156
DA:166,106
DA:167,212
DA:172,2278
DA:174,106
DA:175,106
DA:176,106
DA:177,106
DA:178,757
DA:179,106
DA:180,106
DA:184,14
DA:195,56
DA:196,56
DA:197,20
DA:198,20
DA:199,19
DA:201,20
DA:203,56
DA:216,129
DA:217,129
DA:218,405
DA:219,405
DA:220,100
DA:221,100
DA:222,96
DA:225,129
DA:236,54
DA:237,54
DA:238,54
DA:239,54
DA:240,13
DA:241,4
LF:61
LH:61
BRDA:114,0,0,90
BRDA:114,0,1,104
BRDA:115,1,0,94
BRDA:115,1,1,10
BRDA:136,2,0,2955
BRDA:136,2,1,0
BRDA:137,3,0,196
BRDA:137,3,1,2759
BRDA:141,4,0,492
BRDA:141,4,1,2267
BRDA:143,5,0,448
BRDA:143,5,1,1819
BRDA:144,6,0,448
BRDA:144,6,1,0
BRDA:148,7,0,1624
BRDA:148,7,1,195
BRDA:149,8,0,1
BRDA:149,8,1,194
BRDA:150,9,0,194
BRDA:150,9,1,0
BRDA:151,10,0,0
BRDA:151,10,1,2955
BRDA:154,11,0,30
BRDA:154,11,1,126
BRDA:176,12,0,0
BRDA:176,12,1,106
BRDA:176,13,0,106
BRDA:176,13,1,106
BRDA:178,14,0,20
BRDA:178,14,1,737
BRDA:180,15,0,0
BRDA:180,15,1,106
BRDA:197,16,0,0
BRDA:197,16,1,20
BRDA:201,17,0,18
BRDA:201,17,1,2
BRDA:219,18,0,305
BRDA:219,18,1,100
BRDA:236,19,0,54
BRDA:236,19,1,54
BRDA:239,20,0,50
BRDA:239,20,1,4
BRF:42
BRH:35
end_of_record
TN:
SF:src/aggregator/lead-extractor.ts
FN:68,splitSections
FN:73,(anonymous_1)
FN:110,classifyParagraphLine
FN:126,firstProseParagraph
FN:148,extractLeadParagraph
FN:151,(anonymous_5)
FN:172,trimToLeadSentence
FN:192,extractExecutiveLead
FNF:8
FNH:8
FNDA:34,splitSections
FNDA:136,(anonymous_1)
FNDA:87,classifyParagraphLine
FNDA:35,firstProseParagraph
FNDA:34,extractLeadParagraph
FNDA:426,(anonymous_5)
FNDA:37,trimToLeadSentence
FNDA:39,extractExecutiveLead
DA:32,9
DA:35,9
DA:42,9
DA:69,34
DA:70,34
DA:71,34
DA:72,34
DA:73,34
DA:74,136
DA:75,136
DA:77,34
DA:78,931
DA:79,931
DA:80,44
DA:81,44
DA:83,887
DA:84,823
DA:85,823
DA:86,102
DA:87,102
DA:93,102
DA:95,721
DA:97,34
DA:98,34
DA:111,87
DA:112,35
DA:113,34
DA:114,34
DA:115,34
DA:116,34
DA:127,35
DA:128,35
DA:129,87
DA:130,87
DA:131,87
DA:132,24
DA:134,63
DA:136,11
DA:149,34
DA:150,34
DA:151,426
DA:152,94
DA:153,28
DA:154,28
DA:156,6
DA:157,7
DA:158,7
DA:159,7
DA:160,7
DA:162,0
DA:173,37
DA:174,37
DA:175,35
DA:176,35
DA:177,37
DA:178,2
DA:179,2
DA:180,2
DA:181,37
DA:196,39
DA:197,90
DA:198,90
DA:199,29
DA:200,29
DA:201,29
DA:202,29
DA:204,10
LF:67
LH:66
BRDA:78,0,0,931
BRDA:78,0,1,0
BRDA:79,1,0,44
BRDA:79,1,1,887
BRDA:83,2,0,64
BRDA:83,2,1,823
BRDA:85,3,0,102
BRDA:85,3,1,721
BRDA:87,4,0,102
BRDA:87,4,1,0
BRDA:111,5,0,52
BRDA:111,5,1,35
BRDA:112,6,0,1
BRDA:112,6,1,34
BRDA:113,7,0,0
BRDA:113,7,1,34
BRDA:114,8,0,0
BRDA:114,8,1,34
BRDA:115,9,0,0
BRDA:115,9,1,34
BRDA:129,10,0,87
BRDA:129,10,1,0
BRDA:131,11,0,24
BRDA:131,11,1,63
BRDA:131,12,0,87
BRDA:131,12,1,52
BRDA:134,13,0,34
BRDA:134,13,1,29
BRDA:136,14,0,10
BRDA:136,14,1,1
BRDA:152,15,0,66
BRDA:152,15,1,28
BRDA:154,16,0,28
BRDA:154,16,1,0
BRDA:158,17,0,0
BRDA:158,17,1,7
BRDA:160,18,0,6
BRDA:160,18,1,1
BRDA:174,19,0,2
BRDA:174,19,1,35
BRDA:176,20,0,35
BRDA:176,20,1,12
BRDA:177,21,0,33
BRDA:177,21,1,4
BRDA:180,22,0,1
BRDA:180,22,1,1
BRDA:194,23,0,39
BRDA:198,24,0,61
BRDA:198,24,1,29
BRDA:202,25,0,29
BRDA:202,25,1,0
BRF:51
BRH:42
end_of_record
TN:
SF:src/aggregator/markdown-renderer.ts
FN:66,buildMarkdownIt
FN:95,stripMarkdownFrontMatter
FN:108,slugify
FN:139,isQuadrantChartBlock
FN:170,quoteMermaidLabel
FN:194,rewriteQuadrantChartLine
FN:256,sanitizeMermaidQuadrantChart
FN:262,(anonymous_7)
FN:290,installMermaidFence
FN:293,(anonymous_9)
FN:295,(anonymous_10)
FN:303,(anonymous_11)
FN:320,installTableWrapper
FN:323,(anonymous_13)
FN:326,(anonymous_14)
FN:327,(anonymous_15)
FN:329,(anonymous_16)
FN:340,installImageLazyLoading
FN:343,(anonymous_18)
FN:344,(anonymous_19)
FN:361,renderMarkdown
FN:380,escapeUppercasePlaceholders
FN:390,harvestToc
FN:412,countMermaidTokens
FNF:24
FNH:22
FNDA:38,buildMarkdownIt
FNDA:37,stripMarkdownFrontMatter
FNDA:124,slugify
FNDA:45,isQuadrantChartBlock
FNDA:91,quoteMermaidLabel
FNDA:98,rewriteQuadrantChartLine
FNDA:45,sanitizeMermaidQuadrantChart
FNDA:107,(anonymous_7)
FNDA:38,installMermaidFence
FNDA:0,(anonymous_9)
FNDA:36,(anonymous_10)
FNDA:32,(anonymous_11)
FNDA:38,installTableWrapper
FNDA:42,(anonymous_13)
FNDA:42,(anonymous_14)
FNDA:42,(anonymous_15)
FNDA:42,(anonymous_16)
FNDA:38,installImageLazyLoading
FNDA:0,(anonymous_18)
FNDA:3,(anonymous_19)
FNDA:36,renderMarkdown
FNDA:36,escapeUppercasePlaceholders
FNDA:36,harvestToc
FNDA:36,countMermaidTokens
DA:67,38
DA:73,38
DA:78,38
DA:79,38
DA:80,38
DA:81,38
DA:82,38
DA:83,38
DA:84,38
DA:96,37
DA:97,17
DA:98,17
DA:99,17
DA:109,124
DA:140,45
DA:141,45
DA:142,69
DA:143,69
DA:144,69
DA:145,3
DA:146,3
DA:148,66
DA:149,21
DA:150,21
DA:152,45
DA:153,45
DA:155,0
DA:171,91
DA:172,91
DA:173,91
DA:174,20
DA:176,71
DA:177,71
DA:195,98
DA:196,98
DA:197,16
DA:199,82
DA:200,82
DA:201,0
DA:203,82
DA:204,82
DA:205,44
DA:207,38
DA:208,38
DA:209,15
DA:210,15
DA:211,15
DA:212,15
DA:213,15
DA:216,23
DA:257,45
DA:258,45
DA:260,11
DA:261,11
DA:263,107
DA:264,107
DA:265,3
DA:266,3
DA:268,104
DA:269,1
DA:270,1
DA:272,103
DA:273,98
DA:292,38
DA:293,0
DA:294,38
DA:295,38
DA:296,36
DA:297,36
DA:298,36
DA:299,36
DA:300,35
DA:301,35
DA:303,35
DA:304,35
DA:305,35
DA:306,35
DA:307,35
DA:309,1
DA:322,38
DA:323,42
DA:325,38
DA:326,42
DA:327,38
DA:328,42
DA:329,38
DA:330,42
DA:342,38
DA:343,0
DA:344,38
DA:345,3
DA:346,3
DA:347,3
DA:348,3
DA:350,3
DA:362,36
DA:363,36
DA:364,36
DA:365,36
DA:366,36
DA:367,36
DA:368,36
DA:369,36
DA:381,36
DA:391,36
DA:392,36
DA:393,4787
DA:394,4787
DA:395,138
DA:396,138
DA:397,120
DA:398,4787
DA:399,4787
DA:400,120
DA:401,4787
DA:403,36
DA:413,36
DA:414,36
DA:415,4787
DA:417,36
LF:120
LH:116
BRDA:96,0,0,20
BRDA:96,0,1,17
BRDA:98,1,0,0
BRDA:98,1,1,17
BRDA:143,2,0,0
BRDA:143,2,1,69
BRDA:144,3,0,3
BRDA:144,3,1,66
BRDA:145,4,0,1
BRDA:145,4,1,2
BRDA:148,5,0,21
BRDA:148,5,1,45
BRDA:149,6,0,1
BRDA:149,6,1,20
BRDA:152,7,0,0
BRDA:152,7,1,45
BRDA:172,8,0,0
BRDA:172,8,1,91
BRDA:173,9,0,20
BRDA:173,9,1,71
BRDA:173,10,0,91
BRDA:173,10,1,73
BRDA:173,10,2,20
BRDA:196,11,0,16
BRDA:196,11,1,82
BRDA:197,12,0,16
BRDA:197,12,1,0
BRDA:197,13,0,16
BRDA:197,13,1,0
BRDA:200,14,0,0
BRDA:200,14,1,82
BRDA:200,15,0,82
BRDA:200,15,1,0
BRDA:200,16,0,0
BRDA:200,16,1,0
BRDA:201,17,0,0
BRDA:201,17,1,0
BRDA:204,18,0,44
BRDA:204,18,1,38
BRDA:205,19,0,44
BRDA:205,19,1,0
BRDA:208,20,0,15
BRDA:208,20,1,23
BRDA:209,21,0,15
BRDA:209,21,1,0
BRDA:210,22,0,15
BRDA:210,22,1,0
BRDA:211,23,0,15
BRDA:211,23,1,0
BRDA:212,24,0,15
BRDA:212,24,1,0
BRDA:258,25,0,34
BRDA:258,25,1,11
BRDA:264,26,0,3
BRDA:264,26,1,104
BRDA:265,27,0,1
BRDA:265,27,1,2
BRDA:268,28,0,1
BRDA:268,28,1,103
BRDA:268,29,0,104
BRDA:268,29,1,6
BRDA:272,30,0,5
BRDA:272,30,1,98
BRDA:292,31,0,38
BRDA:292,31,1,0
BRDA:297,32,0,0
BRDA:297,32,1,36
BRDA:298,33,0,36
BRDA:298,33,1,0
BRDA:299,34,0,35
BRDA:299,34,1,1
BRDA:303,35,0,35
BRDA:303,35,1,32
BRDA:322,36,0,38
BRDA:322,36,1,42
BRDA:325,37,0,38
BRDA:325,37,1,42
BRDA:342,38,0,38
BRDA:342,38,1,0
BRDA:346,39,0,3
BRDA:346,39,1,0
BRDA:361,40,0,36
BRDA:364,41,0,3
BRDA:364,41,1,33
BRDA:394,42,0,4649
BRDA:394,42,1,138
BRDA:396,43,0,18
BRDA:396,43,1,120
BRDA:396,44,0,138
BRDA:396,44,1,138
BRDA:396,44,2,120
BRDA:397,45,0,120
BRDA:397,45,1,0
BRDA:399,46,0,0
BRDA:399,46,1,4787
BRDA:400,47,0,120
BRDA:400,47,1,0
BRDA:401,48,0,4787
BRDA:401,48,1,0
BRDA:415,49,0,35
BRDA:415,49,1,4752
BRDA:415,50,0,4787
BRDA:415,50,1,36
BRDA:415,51,0,36
BRDA:415,51,1,0
BRF:105
BRH:78
end_of_record
TN:
SF:src/aggregator/reader-guide-constants.ts
FNF:0
FNH:0
DA:31,13
DA:34,13
DA:42,13
LF:3
LH:3
BRF:0
BRH:0
end_of_record
TN:
SF:src/aggregator/reader-intelligence-guide.ts
FN:849,getReaderGuideSectionIcon
FN:873,buildReaderIntelligenceGuideHtml
FN:927,stripInlineReaderGuide
FNF:3
FNH:3
FNDA:948,getReaderGuideSectionIcon
FNDA:122,buildReaderIntelligenceGuideHtml
FNDA:56,stripInlineReaderGuide
DA:31,11
DA:49,11
DA:67,11
DA:85,11
DA:103,11
DA:128,11
DA:814,11
DA:850,948
DA:878,122
DA:879,122
DA:881,122
DA:882,912
DA:885,912
DA:887,755
DA:888,755
DA:889,755
DA:891,755
DA:896,122
DA:898,121
DA:899,121
DA:900,121
DA:901,121
DA:903,121
DA:929,56
DA:930,56
LF:25
LH:25
BRDA:850,0,0,948
BRDA:850,0,1,8
BRDA:876,1,0,122
BRDA:885,2,0,157
BRDA:885,2,1,755
BRDA:896,3,0,1
BRDA:896,3,1,121
BRDA:903,4,0,16
BRDA:903,4,1,105
BRF:9
BRH:9
end_of_record
TN:
SF:src/aggregator/artifacts/index.ts
FNF:0
FNH:0
LF:0
LH:0
BRF:0
BRH:0
end_of_record
TN:
SF:src/aggregator/artifacts/types.ts
FNF:0
FNH:0
LF:0
LH:0
BRF:0
BRH:0
end_of_record
TN:
SF:src/aggregator/cli/index.ts
FNF:0
FNH:0
LF:0
LH:0
BRF:0
BRH:0
end_of_record
TN:
SF:src/aggregator/cli/parse.ts
FN:127,splitFlag
FN:140,applyCliFlag
FN:184,applyFlagResult
FN:224,processArgvToken
FN:232,(anonymous_4)
FN:280,parseCliArgsSafe
FNF:6
FNH:6
FNDA:3,splitFlag
FNDA:36,applyCliFlag
FNDA:27,applyFlagResult
FNDA:36,processArgvToken
FNDA:22,(anonymous_4)
FNDA:25,parseCliArgsSafe
DA:68,1
DA:128,3
DA:129,3
DA:141,36
DA:144,15
DA:146,6
DA:148,3
DA:149,3
DA:150,1
DA:152,1
DA:156,1
DA:158,2
DA:160,1
DA:163,4
DA:167,3
DA:172,1
DA:185,27
DA:187,13
DA:188,13
DA:190,6
DA:191,6
DA:193,1
DA:194,1
DA:196,1
DA:197,1
DA:199,1
DA:200,1
DA:202,1
DA:203,1
DA:205,4
DA:207,0
DA:208,0
DA:229,36
DA:230,36
DA:231,36
DA:232,36
DA:233,22
DA:234,3
DA:235,2
DA:237,1
DA:239,19
DA:240,19
[...]
DA:198,15
DA:199,7
DA:200,7
DA:203,15
DA:204,15
DA:205,15
DA:206,3
DA:207,3
DA:210,15
DA:218,1
DA:225,1
DA:244,15
DA:246,14
DA:248,14
DA:250,29
DA:256,14
DA:257,5
DA:260,9
DA:261,4
DA:264,9
DA:265,4
DA:268,5
DA:269,5
DA:270,5
DA:271,0
DA:274,5
DA:290,15
DA:291,15
DA:292,8
DA:293,1
DA:294,1
DA:299,1
DA:300,1
DA:302,0
DA:304,7
DA:306,7
DA:328,15
DA:329,15
DA:330,15
DA:332,15
LF:93
LH:85
BRDA:75,0,0,65
BRDA:75,0,1,0
BRDA:76,1,0,65
BRDA:76,1,1,0
BRDA:96,2,0,5
BRDA:96,2,1,10
BRDA:98,3,0,5
BRDA:98,3,1,0
BRDA:103,4,0,1
BRDA:103,4,1,9
BRDA:105,5,0,1
BRDA:105,5,1,0
BRDA:107,6,0,1
BRDA:107,6,1,0
BRDA:110,7,0,0
BRDA:110,7,1,0
BRDA:114,8,0,4
BRDA:114,8,1,5
BRDA:116,9,0,2
BRDA:116,9,1,2
BRDA:188,10,0,33
BRDA:188,10,1,0
BRDA:188,11,0,33
BRDA:188,11,1,33
BRDA:199,12,0,7
BRDA:199,12,1,0
BRDA:206,13,0,3
BRDA:206,13,1,0
BRDA:244,14,0,1
BRDA:244,14,1,14
BRDA:250,15,0,29
BRDA:250,15,1,29
BRDA:250,15,2,29
BRDA:250,15,3,5
BRDA:256,16,0,5
BRDA:256,16,1,9
BRDA:261,17,0,4
BRDA:261,17,1,4
BRDA:261,17,2,4
BRDA:264,18,0,4
BRDA:264,18,1,5
BRDA:270,19,0,0
BRDA:270,19,1,5
BRDA:291,20,0,8
BRDA:291,20,1,7
BRDA:292,21,0,1
BRDA:292,21,1,7
BRDA:299,22,0,1
BRDA:299,22,1,0
BRF:49
BRH:37
end_of_record
TN:
SF:src/utils/file-utils.ts
FN:24,getNewsArticles
FN:31,(anonymous_1)
FN:40,parseArticleFilename
FN:67,groupArticlesByLanguage
FN:90,(anonymous_4)
FN:103,formatSlug
FN:106,(anonymous_6)
FN:116,getModifiedDate
FN:127,formatDateForSlug
FN:138,calculateReadTime
FN:148,ensureDirectoryExists
FN:160,claimDir
FN:190,resolveUniqueAnalysisDir
FN:254,mergeManifestHistory
FN:300,readLatestGateResult
FN:350,readLatestResolvedGateResult
FN:390,resolveUniqueFilePath
FN:423,writeFileIfChanged
FN:451,writeFileContent
FN:460,unlinkIfExists
FN:482,renameWithRetry
FN:505,cleanupTempFile
FN:536,atomicWrite
FN:570,checkArticleExists
FN:591,decodeHtmlEntities
FN:625,extractArticleMeta
FN:661,escapeHTML
FN:676,isSafeURL
FN:719,validateArticleHTML
FN:725,(anonymous_29)
FN:772,resolveCanonicalMethod
FN:790,discoverAnalysisFileEntries
FN:811,scanSubdirectory
FN:834,scanRootMarkdownFiles
FNF:34
FNH:32
FNDA:15,getNewsArticles
FNDA:20,(anonymous_1)
FNDA:83,parseArticleFilename
FNDA:2,groupArticlesByLanguage
FNDA:4,(anonymous_4)
FNDA:10,formatSlug
FNDA:17,(anonymous_6)
FNDA:36,getModifiedDate
FNDA:2,formatDateForSlug
FNDA:3,calculateReadTime
FNDA:36,ensureDirectoryExists
FNDA:0,claimDir
FNDA:0,resolveUniqueAnalysisDir
FNDA:8,mergeManifestHistory
FNDA:4,readLatestGateResult
FNDA:10,readLatestResolvedGateResult
FNDA:3,resolveUniqueFilePath
FNDA:10,writeFileIfChanged
FNDA:3,writeFileContent
FNDA:4,unlinkIfExists
FNDA:2,renameWithRetry
FNDA:16,cleanupTempFile
FNDA:16,atomicWrite
FNDA:5,checkArticleExists
FNDA:33,decodeHtmlEntities
FNDA:28,extractArticleMeta
FNDA:40155,escapeHTML
FNDA:5,isSafeURL
FNDA:3,validateArticleHTML
FNDA:4,(anonymous_29)
FNDA:14,resolveCanonicalMethod
FNDA:7,discoverAnalysisFileEntries
FNDA:36,scanSubdirectory
FNDA:6,scanRootMarkdownFiles
DA:25,15
DA:26,1
DA:27,1
DA:30,14
DA:31,20
DA:41,83
DA:43,83
DA:44,4
DA:47,79
DA:48,79
DA:49,0
DA:52,79
DA:71,2
DA:73,2
DA:74,4
DA:77,2
DA:78,6
DA:79,6
DA:80,6
DA:81,6
DA:82,6
DA:87,2
DA:88,4
DA:89,4
DA:90,4
DA:94,2
DA:104,10
DA:106,17
DA:117,36
DA:118,36
DA:128,2
DA:139,3
DA:140,3
DA:149,36
DA:150,3
DA:161,0
DA:162,0
DA:163,0
DA:164,0
DA:166,0
DA:167,0
DA:169,0
DA:191,0
DA:192,0
DA:195,0
DA:196,0
DA:197,0
DA:198,0
DA:199,0
DA:200,0
DA:202,0
DA:205,0
DA:206,0
DA:207,0
DA:258,8
DA:259,8
DA:260,8
DA:261,7
DA:262,7
DA:263,7
DA:264,7
DA:265,6
DA:268,1
DA:272,8
DA:276,8
DA:277,8
DA:279,8
DA:280,8
DA:281,4
DA:283,4
DA:286,8
DA:303,4
DA:304,3
DA:305,3
DA:306,3
DA:307,3
DA:308,3
DA:309,3
DA:310,1
DA:311,1
DA:317,1
DA:319,0
DA:321,2
DA:322,2
DA:323,4
DA:329,1
DA:331,1
DA:333,0
DA:353,10
DA:354,9
DA:355,9
DA:356,9
DA:357,9
DA:358,8
DA:359,8
DA:360,4
DA:361,4
DA:362,2
DA:364,2
DA:366,4
DA:367,8
DA:368,8
DA:369,8
DA:370,3
DA:373,1
DA:375,1
DA:391,3
DA:392,1
DA:395,2
DA:396,2
DA:397,2
DA:399,2
DA:400,2
DA:401,2
DA:402,4
DA:403,4
DA:404,2
DA:406,2
DA:408,0
DA:424,10
DA:425,10
DA:426,10
DA:427,10
DA:428,4
DA:429,4
DA:430,4
DA:431,2
DA:437,8
DA:438,8
DA:452,3
DA:461,4
DA:462,4
DA:464,3
DA:465,3
DA:466,0
DA:483,2
DA:484,4
DA:485,4
DA:486,4
DA:487,4
DA:489,3
DA:490,3
DA:491,2
DA:493,1
DA:506,16
DA:507,16
DA:510,15
DA:511,15
DA:513,1
DA:514,1
DA:515,1
DA:537,16
DA:538,16
DA:539,16
DA:540,16
DA:541,16
DA:542,16
DA:543,16
DA:544,16
DA:546,3
DA:547,3
DA:548,2
DA:550,1
DA:554,16
DA:575,5
DA:576,5
DA:592,33
DA:626,28
DA:627,28
DA:628,28
DA:629,28
DA:630,28
DA:631,28
DA:632,3
DA:633,3
DA:637,3
DA:639,27
DA:640,24
DA:641,24
DA:642,14
DA:645,27
DA:646,27
DA:647,16
DA:652,28
DA:662,40155
DA:677,5
DA:678,5
DA:679,5
DA:681,1
DA:697,26
DA:720,3
DA:722,3
DA:723,21
DA:724,21
DA:725,4
DA:727,21
DA:728,7
DA:732,3
DA:739,26
DA:757,26
DA:773,14
DA:791,7
DA:793,6
DA:795,6
DA:796,36
DA:799,6
DA:801,6
DA:812,36
DA:813,36
DA:814,11
DA:815,11
DA:816,13
DA:817,12
DA:818,12
DA:835,6
DA:836,6
DA:837,6
DA:838,14
DA:839,2
DA:840,2
DA:841,2
DA:842,2
LF:222
LH:198
BRDA:24,0,0,15
BRDA:25,1,0,1
BRDA:25,1,1,14
BRDA:31,2,0,20
BRDA:31,2,1,18
BRDA:43,3,0,4
BRDA:43,3,1,79
BRDA:48,4,0,0
BRDA:48,4,1,79
BRDA:79,5,0,6
BRDA:79,5,1,0
BRDA:81,6,0,6
BRDA:81,6,1,0
BRDA:89,7,0,4
BRDA:89,7,1,0
BRDA:127,8,0,2
BRDA:138,9,0,3
BRDA:149,10,0,3
BRDA:149,10,1,33
BRDA:166,11,0,0
BRDA:166,11,1,0
BRDA:191,12,0,0
BRDA:191,12,1,0
BRDA:199,13,0,0
BRDA:199,13,1,0
BRDA:260,14,0,7
BRDA:260,14,1,1
BRDA:264,15,0,6
BRDA:264,15,1,1
BRDA:264,16,0,7
BRDA:264,16,1,6
BRDA:264,16,2,6
BRDA:272,17,0,1
BRDA:272,17,1,7
BRDA:280,18,0,4
BRDA:280,18,1,4
BRDA:303,19,0,1
BRDA:303,19,1,3
BRDA:307,20,0,0
BRDA:307,20,1,3
BRDA:307,21,0,3
BRDA:307,21,1,3
BRDA:307,21,2,3
BRDA:309,22,0,1
BRDA:309,22,1,2
BRDA:309,23,0,3
BRDA:309,23,1,2
BRDA:311,24,0,1
BRDA:311,24,1,0
BRDA:312,25,0,1
BRDA:312,25,1,1
BRDA:312,25,2,1
BRDA:312,25,3,0
BRDA:323,26,0,1
BRDA:323,26,1,3
BRDA:324,27,0,4
BRDA:324,27,1,1
BRDA:324,27,2,1
BRDA:324,27,3,1
BRDA:353,28,0,1
BRDA:353,28,1,9
BRDA:357,29,0,0
BRDA:357,29,1,9
BRDA:357,30,0,9
BRDA:357,30,1,8
BRDA:357,30,2,8
BRDA:359,31,0,4
BRDA:359,31,1,4
BRDA:359,32,0,8
BRDA:359,32,1,4
BRDA:361,33,0,2
BRDA:361,33,1,2
BRDA:361,34,0,4
BRDA:361,34,1,3
BRDA:361,34,2,3
BRDA:369,35,0,3
BRDA:369,35,1,5
BRDA:369,36,0,8
BRDA:369,36,1,7
BRDA:369,36,2,6
BRDA:391,37,0,1
BRDA:391,37,1,2
BRDA:403,38,0,2
BRDA:403,38,1,2
BRDA:426,39,0,1
BRDA:426,39,1,9
BRDA:427,40,0,4
BRDA:427,40,1,6
BRDA:430,41,0,2
BRDA:430,41,1,2
BRDA:464,42,0,3
BRDA:464,42,1,0
BRDA:465,43,0,0
BRDA:465,43,1,3
BRDA:489,44,0,3
BRDA:489,44,1,0
BRDA:490,45,0,2
BRDA:490,45,1,1
BRDA:490,46,0,3
BRDA:490,46,1,0
BRDA:490,46,2,3
BRDA:510,47,0,15
BRDA:510,47,1,0
BRDA:510,48,0,15
BRDA:510,48,1,15
BRDA:511,49,0,1
BRDA:511,49,1,14
BRDA:513,50,0,1
BRDA:513,50,1,0
BRDA:513,51,0,1
BRDA:513,51,1,1
BRDA:514,52,0,1
BRDA:514,52,1,0
BRDA:546,53,0,3
BRDA:546,53,1,0
BRDA:547,54,0,2
BRDA:547,54,1,1
BRDA:547,55,0,3
BRDA:547,55,1,1
BRDA:573,56,0,5
BRDA:631,57,0,3
BRDA:631,57,1,25
BRDA:637,58,0,3
BRDA:637,58,1,0
BRDA:639,59,0,24
BRDA:639,59,1,3
BRDA:641,60,0,14
BRDA:641,60,1,10
BRDA:646,61,0,16
BRDA:646,61,1,11
BRDA:679,62,0,5
BRDA:679,62,1,3
BRDA:724,63,0,3
BRDA:724,63,1,18
BRDA:727,64,0,7
BRDA:727,64,1,14
BRDA:773,65,0,14
BRDA:773,65,1,10
BRDA:791,66,0,1
BRDA:791,66,1,6
BRDA:813,67,0,25
BRDA:813,67,1,11
BRDA:813,68,0,36
BRDA:813,68,1,11
BRDA:816,69,0,1
BRDA:816,69,1,12
BRDA:838,70,0,12
BRDA:838,70,1,2
BRDA:840,71,0,0
BRDA:840,71,1,2
BRF:150
BRH:126
end_of_record
TN:
SF:src/utils/html-sanitize.ts
FN:30,stripHtmlTags
FN:61,stripScriptBlocks
FNF:2
FNH:2
FNDA:21,stripHtmlTags
FNDA:30,stripScriptBlocks
DA:31,21
DA:32,21
DA:34,21
DA:35,68
DA:36,68
DA:37,5
DA:38,5
DA:40,63
DA:41,63
DA:42,63
DA:43,2
DA:44,2
DA:46,61
DA:47,61
DA:49,21
DA:62,30
DA:63,30
DA:64,30
DA:65,30
DA:66,30
DA:68,30
DA:69,34
DA:70,34
DA:71,15
DA:72,15
DA:74,19
DA:75,19
DA:76,19
DA:77,1
DA:78,1
DA:80,18
DA:81,18
DA:82,1
DA:83,1
DA:85,17
DA:86,17
DA:87,1
DA:88,1
DA:90,16
DA:91,16
DA:93,30
LF:41
LH:41
BRDA:36,0,0,5
BRDA:36,0,1,63
BRDA:42,1,0,2
BRDA:42,1,1,61
BRDA:70,2,0,15
BRDA:70,2,1,19
BRDA:76,3,0,1
BRDA:76,3,1,18
BRDA:81,4,0,1
BRDA:81,4,1,17
BRDA:86,5,0,1
BRDA:86,5,1,16
BRF:12
BRH:12
end_of_record
TN:
SF:src/utils/intelligence-index.ts
FN:52,isSafeKey
FN:63,createNullMap
FN:74,createEmptyIndex
FN:98,addArticleToIndex
FN:102,(anonymous_4)
FN:145,buildIndexFromEntries
FN:180,findRelatedArticles
FN:193,(anonymous_7)
FN:205,(anonymous_8)
FN:206,(anonymous_9)
FN:208,(anonymous_10)
FN:231,generateCrossReferences
FN:238,(anonymous_12)
FN:239,(anonymous_13)
FN:240,(anonymous_14)
FN:241,(anonymous_15)
FN:274,resolveConfidence
FN:286,resolveDateRange
FN:292,(anonymous_18)
FN:293,(anonymous_19)
FN:308,buildTopicTrend
FN:337,buildProcedureTrend
FN:367,detectTrends
FN:399,findOrCreateSeries
FN:404,(anonymous_24)
FN:433,normalizeArticleEntry
FN:464,rebuildLookupMaps
FN:499,loadIntelligenceIndex
FN:522,mergeOntoEmpty
FN:559,isValidMap
FN:563,(anonymous_30)
FN:563,(anonymous_31)
FN:575,sanitizeMap
FN:601,resolveOrRebuildMaps
FN:640,saveIntelligenceIndex
FN:663,buildRelatedArticlesHTML
FN:676,(anonymous_36)
FN:677,(anonymous_37)
FN:702,(anonymous_38)
FN:735,removeIdFromMap
FN:745,(anonymous_40)
FN:762,addIdToMap
FN:788,slugify
FN:807,escapeAttr
FN:821,escapeText
FN:849,formatDisplayDate
FNF:46
FNH:46
FNDA:344,isSafeKey
FNDA:441,createNullMap
FNDA:58,createEmptyIndex
FNDA:69,addArticleToIndex
FNDA:65,(anonymous_4)
FNDA:9,buildIndexFromEntries
FNDA:18,findRelatedArticles
FNDA:24,(anonymous_7)
FNDA:24,(anonymous_8)
FNDA:6,(anonymous_9)
FNDA:18,(anonymous_10)
FNDA:11,generateCrossReferences
FNDA:10,(anonymous_12)
FNDA:8,(anonymous_13)
FNDA:16,(anonymous_14)
FNDA:16,(anonymous_15)
FNDA:24,resolveConfidence
FNDA:24,resolveDateRange
FNDA:75,(anonymous_18)
FNDA:64,(anonymous_19)
FNDA:16,buildTopicTrend
FNDA:8,buildProcedureTrend
FNDA:24,detectTrends
FNDA:5,findOrCreateSeries
FNDA:1,(anonymous_24)
FNDA:17,normalizeArticleEntry
FNDA:6,rebuildLookupMaps
FNDA:13,loadIntelligenceIndex
FNDA:11,mergeOntoEmpty
FNDA:33,isValidMap
FNDA:23,(anonymous_30)
FNDA:28,(anonymous_31)
FNDA:15,sanitizeMap
FNDA:11,resolveOrRebuildMaps
FNDA:11,saveIntelligenceIndex
FNDA:16,buildRelatedArticlesHTML
FNDA:9,(anonymous_36)
FNDA:7,(anonymous_37)
FNDA:5,(anonymous_38)
FNDA:9,removeIdFromMap
FNDA:12,(anonymous_40)
FNDA:270,addIdToMap
FNDA:28,slugify
FNDA:26,escapeAttr
FNDA:80,escapeText
FNDA:11,formatDisplayDate
DA:29,5
DA:32,5
DA:42,5
DA:53,344
DA:64,441
DA:75,58
DA:102,69
DA:103,69
DA:105,69
DA:109,69
DA:110,69
DA:111,69
DA:113,69
DA:114,3
DA:115,3
DA:116,3
DA:119,69
DA:120,69
DA:121,69
DA:123,69
DA:146,9
DA:147,9
DA:148,9
DA:150,9
DA:151,11
DA:152,11
DA:153,11
DA:156,9
DA:186,18
DA:187,1
DA:190,17
DA:191,17
DA:193,17
DA:194,24
DA:195,24
DA:196,38
DA:198,24
DA:199,34
DA:201,24
DA:204,17
DA:205,24
DA:206,6
DA:208,18
DA:235,11
DA:237,11
DA:238,10
DA:240,16
DA:241,16
DA:242,8
DA:245,8
DA:248,8
DA:251,8
DA:257,8
DA:263,8
DA:275,24
DA:276,22
DA:277,17
DA:290,24
DA:291,24
DA:292,75
DA:293,64
DA:295,24
DA:313,16
DA:314,16
DA:316,16
DA:317,16
DA:342,8
DA:343,8
DA:344,8
DA:368,24
DA:370,24
DA:371,32
DA:372,16
DA:376,24
DA:377,11
DA:378,8
DA:382,24
DA:404,5
DA:405,5
DA:406,1
DA:409,4
DA:418,4
DA:419,4
DA:434,17
DA:435,17
DA:469,6
DA:470,6
DA:471,6
DA:472,6
DA:473,10
DA:474,10
DA:475,10
DA:477,6
DA:500,13
DA:501,1
DA:504,12
DA:505,12
DA:506,12
DA:507,12
DA:509,1
DA:523,11
DA:524,11
DA:528,11
DA:534,11
DA:544,11
DA:546,11
DA:560,33
DA:561,18
DA:562,18
DA:563,28
DA:576,15
DA:577,15
DA:578,21
DA:580,17
DA:581,17
DA:582,17
DA:585,15
DA:611,11
DA:612,11
DA:613,11
DA:615,11
DA:616,6
DA:618,5
DA:641,11
DA:642,11
DA:643,1
DA:645,11
DA:669,16
DA:670,3
DA:673,13
DA:675,16
DA:677,9
DA:679,9
DA:681,9
DA:682,7
DA:683,7
DA:684,7
DA:686,2
DA:687,2
DA:691,16
DA:692,4
DA:693,4
DA:694,4
DA:695,4
DA:701,13
DA:703,5
DA:704,5
DA:711,13
DA:713,16
DA:716,16
DA:717,16
DA:718,13
DA:719,13
DA:721,13
DA:740,9
DA:741,12
DA:743,12
DA:744,12
DA:745,12
DA:746,12
DA:747,12
DA:749,0
DA:767,270
DA:768,311
DA:770,304
DA:771,311
DA:772,301
DA:789,28
DA:794,28
DA:795,0
DA:796,0
DA:797,0
DA:799,0
DA:808,26
DA:822,80
DA:826,5
DA:850,11
DA:851,11
DA:852,11
DA:853,11
DA:854,11
DA:855,11
DA:856,11
DA:857,11
LF:184
LH:179
BRDA:103,0,0,3
BRDA:103,0,1,66
BRDA:105,1,0,3
BRDA:105,1,1,66
BRDA:113,2,0,3
BRDA:113,2,1,66
BRDA:184,3,0,18
BRDA:186,4,0,1
BRDA:186,4,1,17
BRDA:186,5,0,18
BRDA:186,5,1,2
BRDA:196,6,0,21
BRDA:196,6,1,17
BRDA:199,7,0,13
BRDA:199,7,1,21
BRDA:245,8,0,2
BRDA:245,8,1,6
BRDA:245,9,0,3
BRDA:245,9,1,3
BRDA:248,10,0,6
BRDA:248,10,1,2
BRDA:248,11,0,1
BRDA:248,11,1,1
BRDA:251,12,0,5
BRDA:251,12,1,3
BRDA:251,13,0,8
BRDA:251,13,1,8
BRDA:253,14,0,3
BRDA:253,14,1,0
BRDA:275,15,0,2
BRDA:275,15,1,22
BRDA:276,16,0,5
BRDA:276,16,1,17
BRDA:296,17,0,24
BRDA:296,17,1,0
BRDA:297,18,0,24
BRDA:297,18,1,0
BRDA:316,19,0,2
BRDA:316,19,1,14
BRDA:371,20,0,16
BRDA:371,20,1,16
BRDA:377,21,0,8
BRDA:377,21,1,3
BRDA:405,22,0,1
BRDA:405,22,1,4
BRDA:436,23,0,17
BRDA:436,23,1,0
BRDA:437,24,0,16
BRDA:437,24,1,1
BRDA:439,25,0,6
BRDA:439,25,1,11
BRDA:439,26,0,17
BRDA:439,26,1,7
BRDA:442,27,0,7
BRDA:442,27,1,10
BRDA:443,28,0,12
BRDA:443,28,1,5
BRDA:444,29,0,12
BRDA:444,29,1,5
BRDA:445,30,0,12
BRDA:445,30,1,5
BRDA:446,31,0,7
BRDA:446,31,1,10
BRDA:447,32,0,7
BRDA:447,32,1,10
BRDA:448,33,0,17
BRDA:448,33,1,1
BRDA:500,34,0,1
BRDA:500,34,1,12
BRDA:524,35,0,11
BRDA:524,35,1,0
BRDA:540,36,0,5
BRDA:540,36,1,6
BRDA:541,37,0,5
BRDA:541,37,1,6
BRDA:544,38,0,6
BRDA:544,38,1,5
BRDA:544,39,0,11
BRDA:544,39,1,5
BRDA:560,40,0,15
BRDA:560,40,1,18
BRDA:560,41,0,33
BRDA:560,41,1,18
BRDA:560,41,2,18
BRDA:563,42,0,23
BRDA:563,42,1,22
BRDA:578,43,0,4
BRDA:578,43,1,17
BRDA:581,44,0,17
BRDA:581,44,1,0
BRDA:615,45,0,6
BRDA:615,45,1,5
BRDA:615,46,0,11
BRDA:615,46,1,11
BRDA:615,46,2,5
BRDA:615,46,3,5
BRDA:619,47,0,5
BRDA:619,47,1,0
BRDA:620,48,0,5
BRDA:620,48,1,0
BRDA:623,49,0,5
BRDA:623,49,1,0
BRDA:642,50,0,1
BRDA:642,50,1,10
BRDA:669,51,0,3
BRDA:669,51,1,13
BRDA:669,52,0,16
BRDA:669,52,1,5
BRDA:669,52,2,3
BRDA:673,53,0,13
BRDA:673,53,1,9
BRDA:679,54,0,9
BRDA:679,54,1,0
BRDA:681,55,0,7
BRDA:681,55,1,2
BRDA:691,56,0,4
BRDA:691,56,1,12
BRDA:691,57,0,16
BRDA:691,57,1,4
BRDA:711,58,0,13
BRDA:711,58,1,0
BRDA:717,59,0,13
BRDA:717,59,1,3
BRDA:718,60,0,4
BRDA:718,60,1,9
BRDA:741,61,0,0
BRDA:741,61,1,12
BRDA:744,62,0,0
BRDA:744,62,1,12
BRDA:746,63,0,12
BRDA:746,63,1,0
BRDA:768,64,0,7
BRDA:768,64,1,304
BRDA:770,65,0,304
BRDA:770,65,1,205
BRDA:771,66,0,301
BRDA:771,66,1,10
BRDA:794,67,0,28
BRDA:794,67,1,0
BRDA:851,68,0,11
BRDA:851,68,1,0
BRDA:852,69,0,11
BRDA:852,69,1,0
BRDA:853,70,0,11
BRDA:853,70,1,0
BRDA:854,71,0,0
BRDA:854,71,1,11
BRDA:854,72,0,11
BRDA:854,72,1,11
BRDA:854,72,2,11
BRDA:856,73,0,11
BRDA:856,73,1,1
BRDA:856,74,0,11
BRDA:856,74,1,7
BRF:154
BRH:135
end_of_record
TN:
SF:src/utils/metadata-utils.ts
FN:23,pl
FN:35,truncateTitle
FNF:2
FNH:2
FNDA:14,pl
FNDA:9,truncateTitle
DA:10,1
DA:13,1
DA:24,14
DA:36,9
DA:37,4
LF:5
LH:5
BRDA:24,0,0,4
BRDA:24,0,1,10
BRDA:35,1,0,9
BRDA:36,2,0,5
BRDA:36,2,1,4
BRF:5
BRH:5
end_of_record
TN:
SF:src/utils/news-metadata.ts
FN:43,buildMetadataDatabase
FN:63,(anonymous_1)
FN:83,writeMetadataDatabase
FN:128,readMetadataDatabase
FN:146,updateMetadataDatabase
FN:173,updateIntelligenceIndex
FN:206,(anonymous_6)
FN:296,extractTokens
FN:332,deriveKeyTopics
FNF:9
FNH:9
FNDA:6,buildMetadataDatabase
FNDA:1,(anonymous_1)
FNDA:8,writeMetadataDatabase
FNDA:4,readMetadataDatabase
FNDA:1,updateMetadataDatabase
FNDA:7,updateIntelligenceIndex
FNDA:3,(anonymous_6)
FNDA:17,extractTokens
FNDA:9,deriveKeyTopics
DA:35,3
DA:44,6
DA:45,6
DA:47,6
DA:48,6
DA:49,6
DA:50,6
DA:51,6
DA:52,6
DA:63,6
DA:65,6
DA:87,8
DA:88,8
DA:89,1
DA:91,8
DA:92,8
DA:93,3
DA:94,3
DA:97,3
DA:98,3
DA:99,3
DA:102,1
DA:108,8
DA:109,8
DA:110,3
DA:111,3
DA:112,3
DA:113,1
DA:119,7
DA:131,4
DA:132,1
DA:135,3
DA:136,3
DA:150,1
DA:151,1
DA:152,1
DA:156,3
DA:177,7
DA:179,7
DA:180,7
DA:181,9
DA:182,9
DA:184,9
DA:186,9
DA:187,9
DA:189,9
DA:191,9
DA:193,9
DA:206,7
DA:208,7
DA:210,7
DA:211,7
DA:213,7
DA:214,7
DA:222,3
DA:260,3
DA:297,17
DA:298,55
DA:299,55
DA:304,27
DA:310,3
DA:312,3
DA:338,9
DA:339,9
DA:340,9
DA:341,8
DA:342,8
DA:344,9
LF:68
LH:68
BRDA:43,0,0,6
BRDA:49,1,0,6
BRDA:49,1,1,0
BRDA:57,2,0,6
BRDA:57,2,1,5
BRDA:85,3,0,8
BRDA:88,4,0,1
BRDA:88,4,1,7
BRDA:92,5,0,3
BRDA:92,5,1,5
BRDA:97,6,0,3
BRDA:97,6,1,0
BRDA:98,7,0,3
BRDA:98,7,1,0
BRDA:99,8,0,1
BRDA:99,8,1,2
BRDA:99,9,0,3
BRDA:99,9,1,1
BRDA:109,10,0,3
BRDA:109,10,1,5
BRDA:112,11,0,1
BRDA:112,11,1,2
BRDA:129,12,0,4
BRDA:131,13,0,1
BRDA:131,13,1,3
BRDA:147,14,0,1
BRDA:148,15,0,1
BRDA:174,16,0,7
BRDA:175,17,0,7
BRDA:182,18,0,0
BRDA:182,18,1,9
BRDA:206,19,0,3
BRDA:206,19,1,0
BRDA:299,20,0,27
BRDA:299,20,1,28
BRDA:300,21,0,55
BRDA:300,21,1,50
BRDA:300,21,2,50
BRDA:340,22,0,8
BRDA:340,22,1,1
BRDA:341,23,0,5
BRDA:341,23,1,3
BRDA:342,24,0,3
BRDA:342,24,1,5
BRF:44
BRH:39
end_of_record
TN:
SF:src/workflows/index.ts
FNF:0
FNH:0
LF:0
LH:0
BRF:0
BRH:0
end_of_record
TN:
SF:src/workflows/types.ts
FNF:0
FNH:0
DA:24,2
LF:1
LH:1
BRF:0
BRH:0
end_of_record
TN:
SF:src/workflows/completeness-gate/constants.ts
FNF:0
FNH:0
DA:20,2
DA:26,2
DA:34,2
DA:47,2
DA:56,2
DA:62,2
DA:65,2
DA:72,2
DA:75,2
DA:84,2
DA:92,2
DA:99,2
DA:106,2
DA:114,2
DA:122,2
DA:130,2
DA:143,2
LF:17
LH:17
BRF:0
BRH:0
end_of_record
TN:
SF:src/workflows/completeness-gate/index.ts
FNF:0
FNH:0
LF:0
LH:0
BRF:0
BRH:0
end_of_record
TN:
SF:src/workflows/completeness-gate/types.ts
FNF:0
FNH:0
LF:0
LH:0
BRF:0
BRH:0
end_of_record
TN:
SF:src/workflows/completeness-gate/validators.ts
FN:42,hasPlaceholders
FN:46,(anonymous_1)
FN:55,hasMermaid
FN:65,hasWepBand
FN:75,hasAdmiraltyGrade
FN:85,hasBluf
FN:95,hasReaderBlock
FN:105,countSatBullets
FN:118,hasSourceDiversityEvidence
FN:147,hasImfFigureClaim
FN:157,findWbEconomicIndicator
FN:168,hasWbEconomicClaim
FN:184,computeEffectiveMinLines
FN:205,resolveDataModeReduction
FN:222,requiresMermaid
FN:238,createEmptyResult
FNF:16
FNH:16
FNDA:8,hasPlaceholders
FNDA:24,(anonymous_1)
FNDA:3,hasMermaid
FNDA:5,hasWepBand
FNDA:4,hasAdmiraltyGrade
FNDA:3,hasBluf
FNDA:5,hasReaderBlock
FNDA:3,countSatBullets
FNDA:7,hasSourceDiversityEvidence
FNDA:3,hasImfFigureClaim
FNDA:3,findWbEconomicIndicator
FNDA:3,hasWbEconomicClaim
FNDA:7,computeEffectiveMinLines
FNDA:5,resolveDataModeReduction
FNDA:4,requiresMermaid
FNDA:1,createEmptyResult
DA:43,8
DA:44,1
DA:46,24
DA:56,3
DA:66,5
DA:76,4
DA:86,3
DA:96,5
DA:106,3
DA:107,3
DA:119,7
DA:120,2
DA:122,5
DA:123,5
DA:124,5
DA:125,5
DA:126,10
DA:127,2
DA:128,2
DA:130,8
DA:131,2
DA:132,2
DA:134,6
DA:135,1
DA:138,4
DA:148,3
DA:158,3
DA:159,3
DA:169,3
DA:190,7
DA:191,7
DA:193,7
DA:194,1
DA:196,6
DA:206,5
DA:207,1
DA:209,4
DA:223,4
DA:224,1
DA:226,3
DA:227,3
DA:239,1
LF:42
LH:42
BRDA:43,0,0,1
BRDA:43,0,1,7
BRDA:107,1,0,2
BRDA:107,1,1,1
BRDA:119,2,0,2
BRDA:119,2,1,5
BRDA:126,3,0,2
BRDA:126,3,1,8
BRDA:126,4,0,10
BRDA:126,4,1,7
BRDA:130,5,0,2
BRDA:130,5,1,6
BRDA:130,6,0,8
BRDA:130,6,1,3
BRDA:130,6,2,2
BRDA:134,7,0,1
BRDA:134,7,1,5
BRDA:134,8,0,6
BRDA:134,8,1,1
BRDA:134,8,2,1
BRDA:159,9,0,2
BRDA:159,9,1,1
BRDA:159,10,0,2
BRDA:159,10,1,0
BRDA:190,11,0,7
BRDA:190,11,1,4
BRDA:190,11,2,0
BRDA:193,12,0,1
BRDA:193,12,1,6
BRDA:193,13,0,7
BRDA:193,13,1,2
BRDA:206,14,0,1
BRDA:206,14,1,4
BRDA:209,15,0,4
BRDA:209,15,1,0
BRDA:223,16,0,1
BRDA:223,16,1,3
BRDA:227,17,0,3
BRDA:227,17,1,3
BRF:39
BRH:36
end_of_record
TN:
SF:src/workflows/infrastructure/index.ts
FNF:0
FNH:0
LF:0
LH:0
BRF:0
BRH:0
end_of_record
TN:
SF:src/workflows/infrastructure/shell-safety.ts
FN:107,stripCommentLines
FN:110,(anonymous_1)
FN:122,validateShellSafety
FNF:3
FNH:3
FNDA:3,stripCommentLines
FNDA:7,(anonymous_1)
FNDA:13,validateShellSafety
DA:37,2
DA:108,3
DA:110,7
DA:123,13
DA:124,13
DA:126,13
DA:127,104
DA:128,176
DA:129,176
DA:130,24
DA:132,152
DA:133,11
DA:143,13
LF:13
LH:13
BRDA:129,0,0,24
BRDA:129,0,1,152
BRDA:129,1,0,176
BRDA:129,1,1,176
BRDA:132,2,0,11
BRDA:132,2,1,141
BRF:6
BRH:6
end_of_record
TN:
SF:src/workflows/safe-outputs/index.ts
FNF:0
FNH:0
LF:0
LH:0
BRF:0
BRH:0
end_of_record
TN:
SF:src/workflows/safe-outputs/types.ts
FNF:0
FNH:0
DA:59,1
DA:73,1
DA:80,1
DA:89,1
LF:4
LH:4
BRF:0
BRH:0
end_of_record
