<testsuites id="" name="" tests="134" failures="0" skipped="0" errors="0" time="107.018068">
<testsuite name="tests/accessibility.spec.js" timestamp="2026-03-27T16:54:56.925Z" hostname="chromium" tests="27" failures="0" skipped="0" time="44.361" errors="0">
<testcase name="Multi-language index accessibility (WCAG 2.1 AA) › sv index page should be WCAG 2.1 AA compliant" classname="tests/accessibility.spec.js" time="2.598">
</testcase>
<testcase name="Multi-language index accessibility (WCAG 2.1 AA) › da index page should be WCAG 2.1 AA compliant" classname="tests/accessibility.spec.js" time="2.344">
</testcase>
<testcase name="Multi-language index accessibility (WCAG 2.1 AA) › no index page should be WCAG 2.1 AA compliant" classname="tests/accessibility.spec.js" time="2.384">
</testcase>
<testcase name="Multi-language index accessibility (WCAG 2.1 AA) › fi index page should be WCAG 2.1 AA compliant" classname="tests/accessibility.spec.js" time="2.519">
</testcase>
<testcase name="Multi-language index accessibility (WCAG 2.1 AA) › de index page should be WCAG 2.1 AA compliant" classname="tests/accessibility.spec.js" time="2.366">
</testcase>
<testcase name="Multi-language index accessibility (WCAG 2.1 AA) › fr index page should be WCAG 2.1 AA compliant" classname="tests/accessibility.spec.js" time="2.444">
</testcase>
<testcase name="Multi-language index accessibility (WCAG 2.1 AA) › es index page should be WCAG 2.1 AA compliant" classname="tests/accessibility.spec.js" time="2.454">
</testcase>
<testcase name="Multi-language index accessibility (WCAG 2.1 AA) › nl index page should be WCAG 2.1 AA compliant" classname="tests/accessibility.spec.js" time="2.39">
</testcase>
<testcase name="Multi-language index accessibility (WCAG 2.1 AA) › ar index page should be WCAG 2.1 AA compliant" classname="tests/accessibility.spec.js" time="1.884">
</testcase>
<testcase name="Multi-language index accessibility (WCAG 2.1 AA) › he index page should be WCAG 2.1 AA compliant" classname="tests/accessibility.spec.js" time="2.419">
</testcase>
<testcase name="Multi-language index accessibility (WCAG 2.1 AA) › ja index page should be WCAG 2.1 AA compliant" classname="tests/accessibility.spec.js" time="2.347">
</testcase>
<testcase name="Multi-language index accessibility (WCAG 2.1 AA) › ko index page should be WCAG 2.1 AA compliant" classname="tests/accessibility.spec.js" time="2.352">
</testcase>
<testcase name="Multi-language index accessibility (WCAG 2.1 AA) › zh index page should be WCAG 2.1 AA compliant" classname="tests/accessibility.spec.js" time="2.443">
</testcase>
<testcase name="Accessibility › homepage should be accessible" classname="tests/accessibility.spec.js" time="2.563">
</testcase>
<testcase name="Accessibility › article page should be accessible" classname="tests/accessibility.spec.js" time="0.556">
</testcase>
<testcase name="Accessibility › should have proper heading hierarchy" classname="tests/accessibility.spec.js" time="1.026">
</testcase>
<testcase name="Accessibility › should have alt text for images" classname="tests/accessibility.spec.js" time="0.557">
</testcase>
<testcase name="Accessibility › should be keyboard navigable" classname="tests/accessibility.spec.js" time="0.649">
</testcase>
<testcase name="Accessibility › should activate links with Enter key" classname="tests/accessibility.spec.js" time="0.638">
</testcase>
<testcase name="Accessibility › should have sufficient color contrast" classname="tests/accessibility.spec.js" time="2.18">
</testcase>
<testcase name="Accessibility › should have proper ARIA landmarks" classname="tests/accessibility.spec.js" time="0.56">
</testcase>
<testcase name="Accessibility › should have proper link text" classname="tests/accessibility.spec.js" time="1.292">
</testcase>
<testcase name="Accessibility › should have skip navigation link" classname="tests/accessibility.spec.js" time="0.587">
</testcase>
<testcase name="Accessibility › should have proper page title" classname="tests/accessibility.spec.js" time="0.558">
</testcase>
<testcase name="Accessibility › should have language attribute" classname="tests/accessibility.spec.js" time="0.568">
</testcase>
<testcase name="Accessibility › should support text zoom" classname="tests/accessibility.spec.js" time="1.137">
</testcase>
<testcase name="Accessibility › should have proper form labels if forms exist" classname="tests/accessibility.spec.js" time="0.546">
</testcase>
</testsuite>
<testsuite name="tests/homepage.spec.js" timestamp="2026-03-27T16:54:56.925Z" hostname="chromium" tests="6" failures="0" skipped="0" time="3.379" errors="0">
<testcase name="Homepage › should load successfully" classname="tests/homepage.spec.js" time="0.557">
</testcase>
<testcase name="Homepage › should display navigation menu" classname="tests/homepage.spec.js" time="0.576">
</testcase>
<testcase name="Homepage › should display recent articles" classname="tests/homepage.spec.js" time="0.546">
</testcase>
<testcase name="Homepage › should have working sitemap link" classname="tests/homepage.spec.js" time="0.581">
</testcase>
<testcase name="Homepage › should have proper HTML structure" classname="tests/homepage.spec.js" time="0.565">
</testcase>
<testcase name="Homepage › should have SEO meta tags" classname="tests/homepage.spec.js" time="0.554">
</testcase>
</testsuite>
<testsuite name="tests/multi-language.spec.js" timestamp="2026-03-27T16:54:56.925Z" hostname="chromium" tests="21" failures="0" skipped="0" time="14.257" errors="0">
<testcase name="Multi-Language Support › should load English version" classname="tests/multi-language.spec.js" time="0.564">
</testcase>
<testcase name="Multi-Language Support › should load German version" classname="tests/multi-language.spec.js" time="0.523">
</testcase>
<testcase name="Multi-Language Support › should load French version" classname="tests/multi-language.spec.js" time="0.537">
</testcase>
<testcase name="Multi-Language Support › should load Spanish version" classname="tests/multi-language.spec.js" time="0.536">
</testcase>
<testcase name="Multi-Language Support › should load Swedish version" classname="tests/multi-language.spec.js" time="0.537">
</testcase>
<testcase name="Multi-Language Support › should load Danish version" classname="tests/multi-language.spec.js" time="0.558">
</testcase>
<testcase name="Multi-Language Support › should load Norwegian version" classname="tests/multi-language.spec.js" time="0.594">
</testcase>
<testcase name="Multi-Language Support › should load Finnish version" classname="tests/multi-language.spec.js" time="0.549">
</testcase>
<testcase name="Multi-Language Support › should load Dutch version" classname="tests/multi-language.spec.js" time="0.59">
</testcase>
<testcase name="Multi-Language Support › should load Arabic version with RTL direction" classname="tests/multi-language.spec.js" time="0.599">
</testcase>
<testcase name="Multi-Language Support › should load Hebrew version with RTL direction" classname="tests/multi-language.spec.js" time="0.593">
</testcase>
<testcase name="Multi-Language Support › should load Japanese version" classname="tests/multi-language.spec.js" time="0.648">
</testcase>
<testcase name="Multi-Language Support › should load Korean version" classname="tests/multi-language.spec.js" time="0.64">
</testcase>
<testcase name="Multi-Language Support › should load Chinese version" classname="tests/multi-language.spec.js" time="0.617">
</testcase>
<testcase name="Multi-Language Support › should switch between languages" classname="tests/multi-language.spec.js" time="0.752">
</testcase>
<testcase name="Multi-Language Support › should have consistent structure across languages" classname="tests/multi-language.spec.js" time="1.183">
</testcase>
<testcase name="Multi-Language Support › should have language-specific meta tags" classname="tests/multi-language.spec.js" time="0.605">
</testcase>
<testcase name="Multi-Language Support › should maintain navigation in selected language" classname="tests/multi-language.spec.js" time="0.561">
</testcase>
<testcase name="Multi-Language Support › should have proper charset encoding for all languages" classname="tests/multi-language.spec.js" time="1.426">
</testcase>
<testcase name="Multi-Language Support › should display articles in language-specific format" classname="tests/multi-language.spec.js" time="1.054">
</testcase>
<testcase name="Multi-Language Support › should have correct language in alternate links" classname="tests/multi-language.spec.js" time="0.591">
</testcase>
</testsuite>
<testsuite name="tests/navigation.spec.js" timestamp="2026-03-27T16:54:56.925Z" hostname="chromium" tests="10" failures="0" skipped="0" time="7.035" errors="0">
<testcase name="Navigation › should have functional navigation menu" classname="tests/navigation.spec.js" time="0.561">
</testcase>
<testcase name="Navigation › should navigate to different sections" classname="tests/navigation.spec.js" time="0.697">
</testcase>
<testcase name="Navigation › should maintain navigation state across pages" classname="tests/navigation.spec.js" time="0.568">
</testcase>
<testcase name="Navigation › should have working home link" classname="tests/navigation.spec.js" time="0.553">
</testcase>
<testcase name="Navigation › should support browser back button" classname="tests/navigation.spec.js" time="0.554">
</testcase>
<testcase name="Navigation › should support browser forward button" classname="tests/navigation.spec.js" time="0.587">
</testcase>
<testcase name="Navigation › should have accessible skip links" classname="tests/navigation.spec.js" time="0.559">
</testcase>
<testcase name="Navigation › should have proper link focus states" classname="tests/navigation.spec.js" time="0.633">
</testcase>
<testcase name="Navigation › should have working external links" classname="tests/navigation.spec.js" time="0.561">
</testcase>
<testcase name="Navigation › should not have broken internal links" classname="tests/navigation.spec.js" time="1.762">
</testcase>
</testsuite>
<testsuite name="tests/news-browsing.spec.js" timestamp="2026-03-27T16:54:56.925Z" hostname="chromium" tests="5" failures="0" skipped="0" time="3.009" errors="0">
<testcase name="News Browsing › should open and display article" classname="tests/news-browsing.spec.js" time="0.553">
</testcase>
<testcase name="News Browsing › should navigate back to homepage" classname="tests/news-browsing.spec.js" time="0.601">
</testcase>
<testcase name="News Browsing › should display article metadata" classname="tests/news-browsing.spec.js" time="0.559">
</testcase>
<testcase name="News Browsing › should have working internal links" classname="tests/news-browsing.spec.js" time="0.721">
</testcase>
<testcase name="News Browsing › should display article content" classname="tests/news-browsing.spec.js" time="0.575">
</testcase>
</testsuite>
<testsuite name="tests/responsive.spec.js" timestamp="2026-03-27T16:54:56.925Z" hostname="chromium" tests="16" failures="0" skipped="0" time="11.246" errors="0">
<testcase name="Responsive Design › should keep hero text above a full-width banner across viewports" classname="tests/responsive.spec.js" time="1.03">
</testcase>
<testcase name="Responsive Design › should render correctly on Mobile Portrait" classname="tests/responsive.spec.js" time="0.314">
</testcase>
<testcase name="Responsive Design › should render correctly on Tablet Portrait" classname="tests/responsive.spec.js" time="0.437">
</testcase>
<testcase name="Responsive Design › should render correctly on Desktop" classname="tests/responsive.spec.js" time="0.784">
</testcase>
<testcase name="Responsive Design › should have responsive meta viewport tag" classname="tests/responsive.spec.js" time="0.537">
</testcase>
<testcase name="Responsive Design › should adapt layout for different screen sizes" classname="tests/responsive.spec.js" time="0.481">
</testcase>
<testcase name="Responsive Design › should have touch-friendly tap targets on mobile" classname="tests/responsive.spec.js" time="0.422">
</testcase>
<testcase name="Responsive Design › should not have horizontal scroll on mobile" classname="tests/responsive.spec.js" time="0.367">
</testcase>
<testcase name="Responsive Design › should display readable text on mobile" classname="tests/responsive.spec.js" time="0.474">
</testcase>
<testcase name="Responsive Design › should stack content on mobile" classname="tests/responsive.spec.js" time="0.821">
</testcase>
<testcase name="Responsive Design › should maintain functionality across viewports" classname="tests/responsive.spec.js" time="1.138">
</testcase>
<testcase name="Responsive Design › should have responsive images" classname="tests/responsive.spec.js" time="0.574">
</testcase>
<testcase name="Responsive Design › should hide or show elements based on viewport" classname="tests/responsive.spec.js" time="1.095">
</testcase>
<testcase name="Responsive Design › should support landscape orientation on mobile" classname="tests/responsive.spec.js" time="0.871">
</testcase>
<testcase name="Responsive Design › should have readable line lengths on desktop" classname="tests/responsive.spec.js" time="0.792">
</testcase>
<testcase name="Responsive Design › should support text resizing without breaking layout" classname="tests/responsive.spec.js" time="1.109">
</testcase>
</testsuite>
<testsuite name="tests/rss-feed.spec.js" timestamp="2026-03-27T16:54:56.925Z" hostname="chromium" tests="10" failures="0" skipped="0" time="3.1" errors="0">
<testcase name="RSS Feed › should load rss.xml successfully" classname="tests/rss-feed.spec.js" time="0.319">
</testcase>
<testcase name="RSS Feed › should be valid RSS 2.0 with required root element" classname="tests/rss-feed.spec.js" time="0.311">
</testcase>
<testcase name="RSS Feed › should have required channel metadata" classname="tests/rss-feed.spec.js" time="0.312">
</testcase>
<testcase name="RSS Feed › should declare Dublin Core namespace for language tags" classname="tests/rss-feed.spec.js" time="0.307">
</testcase>
<testcase name="RSS Feed › should have at least one item" classname="tests/rss-feed.spec.js" time="0.307">
</testcase>
<testcase name="RSS Feed › should have items with required elements" classname="tests/rss-feed.spec.js" time="0.308">
</testcase>
<testcase name="RSS Feed › should include dc:language tags on items" classname="tests/rss-feed.spec.js" time="0.309">
</testcase>
<testcase name="RSS Feed › should contain articles in multiple languages" classname="tests/rss-feed.spec.js" time="0.311">
</testcase>
<testcase name="RSS Feed › should have atom self-link with correct URL" classname="tests/rss-feed.spec.js" time="0.308">
</testcase>
<testcase name="RSS Feed › should have lastBuildDate element" classname="tests/rss-feed.spec.js" time="0.308">
</testcase>
</testsuite>
<testsuite name="tests/seo-metadata.spec.js" timestamp="2026-03-27T16:54:56.925Z" hostname="chromium" tests="26" failures="0" skipped="0" time="9.896" errors="0">
<testcase name="Article SEO Metadata › should have Open Graph title" classname="tests/seo-metadata.spec.js" time="0.371">
</testcase>
<testcase name="Article SEO Metadata › should have Open Graph description" classname="tests/seo-metadata.spec.js" time="0.329">
</testcase>
<testcase name="Article SEO Metadata › should have Open Graph type set to article" classname="tests/seo-metadata.spec.js" time="0.343">
</testcase>
<testcase name="Article SEO Metadata › should have Open Graph locale" classname="tests/seo-metadata.spec.js" time="0.332">
</testcase>
<testcase name="Article SEO Metadata › should have Open Graph site_name" classname="tests/seo-metadata.spec.js" time="0.329">
</testcase>
<testcase name="Article SEO Metadata › should have Twitter Card meta tag" classname="tests/seo-metadata.spec.js" time="0.323">
</testcase>
<testcase name="Article SEO Metadata › should have Twitter title" classname="tests/seo-metadata.spec.js" time="0.34">
</testcase>
<testcase name="Article SEO Metadata › should have Twitter description" classname="tests/seo-metadata.spec.js" time="0.336">
</testcase>
<testcase name="Article SEO Metadata › should have meta description" classname="tests/seo-metadata.spec.js" time="0.35">
</testcase>
<testcase name="Article SEO Metadata › should have meta keywords" classname="tests/seo-metadata.spec.js" time="0.336">
</testcase>
<testcase name="Article SEO Metadata › should have meta author" classname="tests/seo-metadata.spec.js" time="0.341">
</testcase>
<testcase name="Article SEO Metadata › should have Schema.org JSON-LD structured data" classname="tests/seo-metadata.spec.js" time="0.337">
</testcase>
<testcase name="Article SEO Metadata › should have page title with site name" classname="tests/seo-metadata.spec.js" time="0.312">
</testcase>
<testcase name="Article SEO Metadata › should have charset UTF-8" classname="tests/seo-metadata.spec.js" time="0.327">
</testcase>
<testcase name="Article SEO Metadata › should have viewport meta tag" classname="tests/seo-metadata.spec.js" time="0.33">
</testcase>
<testcase name="Article SEO Metadata › article page should be accessible (WCAG 2.1 AA)" classname="tests/seo-metadata.spec.js" time="1.404">
</testcase>
<testcase name="Multi-Language Article SEO › en article should have correct og:locale" classname="tests/seo-metadata.spec.js" time="0.366">
</testcase>
<testcase name="Multi-Language Article SEO › en article should have html lang attribute" classname="tests/seo-metadata.spec.js" time="0.342">
</testcase>
<testcase name="Multi-Language Article SEO › de article should have correct og:locale" classname="tests/seo-metadata.spec.js" time="0.341">
</testcase>
<testcase name="Multi-Language Article SEO › de article should have html lang attribute" classname="tests/seo-metadata.spec.js" time="0.355">
</testcase>
<testcase name="Multi-Language Article SEO › fr article should have correct og:locale" classname="tests/seo-metadata.spec.js" time="0.325">
</testcase>
<testcase name="Multi-Language Article SEO › fr article should have html lang attribute" classname="tests/seo-metadata.spec.js" time="0.338">
</testcase>
<testcase name="Multi-Language Article SEO › ar article should have correct og:locale" classname="tests/seo-metadata.spec.js" time="0.346">
</testcase>
<testcase name="Multi-Language Article SEO › ar article should have html lang attribute" classname="tests/seo-metadata.spec.js" time="0.34">
</testcase>
<testcase name="Multi-Language Article SEO › Arabic article should have RTL direction" classname="tests/seo-metadata.spec.js" time="0.371">
</testcase>
<testcase name="Multi-Language Article SEO › Hebrew article should have RTL direction" classname="tests/seo-metadata.spec.js" time="0.332">
</testcase>
</testsuite>
<testsuite name="tests/sitemap.spec.js" timestamp="2026-03-27T16:54:56.925Z" hostname="chromium" tests="13" failures="0" skipped="0" time="7.224" errors="0">
<testcase name="Sitemap XML › should load sitemap.xml when available" classname="tests/sitemap.spec.js" time="0.307">
</testcase>
<testcase name="Sitemap XML › should have valid urlset structure" classname="tests/sitemap.spec.js" time="0.308">
</testcase>
<testcase name="Sitemap XML › should contain article URLs" classname="tests/sitemap.spec.js" time="0.308">
</testcase>
<testcase name="Sitemap XML › should contain more than 50 URLs" classname="tests/sitemap.spec.js" time="0.307">
</testcase>
<testcase name="Sitemap XML › should include rss.xml in sitemap" classname="tests/sitemap.spec.js" time="0.306">
</testcase>
<testcase name="Sitemap HTML Pages › English sitemap HTML should load successfully" classname="tests/sitemap.spec.js" time="0.285">
</testcase>
<testcase name="Sitemap HTML Pages › English sitemap HTML should have article links" classname="tests/sitemap.spec.js" time="0.291">
</testcase>
<testcase name="Sitemap HTML Pages › English sitemap HTML should have language navigation" classname="tests/sitemap.spec.js" time="0.294">
</testcase>
<testcase name="Sitemap HTML Pages › English sitemap HTML should be accessible (WCAG 2.1 AA)" classname="tests/sitemap.spec.js" time="2.192">
</testcase>
<testcase name="Sitemap HTML Pages › all 14 language sitemap HTML pages should load" classname="tests/sitemap.spec.js" time="1.057">
</testcase>
<testcase name="Sitemap HTML Pages › language sitemap pages should have correct lang attribute" classname="tests/sitemap.spec.js" time="0.978">
</testcase>
<testcase name="Sitemap HTML Pages › Arabic sitemap should have RTL direction" classname="tests/sitemap.spec.js" time="0.299">
</testcase>
<testcase name="Sitemap HTML Pages › Hebrew sitemap should have RTL direction" classname="tests/sitemap.spec.js" time="0.292">
</testcase>
</testsuite>
</testsuites>