<testsuites id="" name="" tests="249" failures="0" skipped="0" errors="0" time="1417.950554">
<testsuite name="tests/accessibility.spec.js" timestamp="2026-05-17T23:01:48.270Z" hostname="chromium" tests="27" failures="0" skipped="0" time="99.047" errors="0">
<testcase name="Multi-language index accessibility (WCAG 2.1 AA) › sv index page should be WCAG 2.1 AA compliant" classname="tests/accessibility.spec.js" time="6.399">
</testcase>
<testcase name="Multi-language index accessibility (WCAG 2.1 AA) › da index page should be WCAG 2.1 AA compliant" classname="tests/accessibility.spec.js" time="5.981">
</testcase>
<testcase name="Multi-language index accessibility (WCAG 2.1 AA) › no index page should be WCAG 2.1 AA compliant" classname="tests/accessibility.spec.js" time="5.727">
</testcase>
<testcase name="Multi-language index accessibility (WCAG 2.1 AA) › fi index page should be WCAG 2.1 AA compliant" classname="tests/accessibility.spec.js" time="5.862">
</testcase>
<testcase name="Multi-language index accessibility (WCAG 2.1 AA) › de index page should be WCAG 2.1 AA compliant" classname="tests/accessibility.spec.js" time="5.806">
</testcase>
<testcase name="Multi-language index accessibility (WCAG 2.1 AA) › fr index page should be WCAG 2.1 AA compliant" classname="tests/accessibility.spec.js" time="5.952">
</testcase>
<testcase name="Multi-language index accessibility (WCAG 2.1 AA) › es index page should be WCAG 2.1 AA compliant" classname="tests/accessibility.spec.js" time="5.997">
</testcase>
<testcase name="Multi-language index accessibility (WCAG 2.1 AA) › nl index page should be WCAG 2.1 AA compliant" classname="tests/accessibility.spec.js" time="5.802">
</testcase>
<testcase name="Multi-language index accessibility (WCAG 2.1 AA) › ar index page should be WCAG 2.1 AA compliant" classname="tests/accessibility.spec.js" time="3.643">
</testcase>
<testcase name="Multi-language index accessibility (WCAG 2.1 AA) › he index page should be WCAG 2.1 AA compliant" classname="tests/accessibility.spec.js" time="5.897">
</testcase>
<testcase name="Multi-language index accessibility (WCAG 2.1 AA) › ja index page should be WCAG 2.1 AA compliant" classname="tests/accessibility.spec.js" time="5.909">
</testcase>
<testcase name="Multi-language index accessibility (WCAG 2.1 AA) › ko index page should be WCAG 2.1 AA compliant" classname="tests/accessibility.spec.js" time="5.932">
</testcase>
<testcase name="Multi-language index accessibility (WCAG 2.1 AA) › zh index page should be WCAG 2.1 AA compliant" classname="tests/accessibility.spec.js" time="5.923">
</testcase>
<testcase name="Accessibility › homepage should be accessible" classname="tests/accessibility.spec.js" time="5.825">
</testcase>
<testcase name="Accessibility › article page should be accessible" classname="tests/accessibility.spec.js" time="0.539">
</testcase>
<testcase name="Accessibility › should have proper heading hierarchy" classname="tests/accessibility.spec.js" time="3.325">
</testcase>
<testcase name="Accessibility › should have alt text for images" classname="tests/accessibility.spec.js" time="0.549">
</testcase>
<testcase name="Accessibility › should be keyboard navigable" classname="tests/accessibility.spec.js" time="0.643">
</testcase>
<testcase name="Accessibility › should activate links with Enter key" classname="tests/accessibility.spec.js" time="0.608">
</testcase>
<testcase name="Accessibility › should have sufficient color contrast" classname="tests/accessibility.spec.js" time="5.035">
</testcase>
<testcase name="Accessibility › should have proper ARIA landmarks" classname="tests/accessibility.spec.js" time="0.614">
</testcase>
<testcase name="Accessibility › should have proper link text" classname="tests/accessibility.spec.js" time="3.803">
</testcase>
<testcase name="Accessibility › should have skip navigation link" classname="tests/accessibility.spec.js" time="0.544">
</testcase>
<testcase name="Accessibility › should have proper page title" classname="tests/accessibility.spec.js" time="0.494">
</testcase>
<testcase name="Accessibility › should have language attribute" classname="tests/accessibility.spec.js" time="0.526">
</testcase>
<testcase name="Accessibility › should support text zoom" classname="tests/accessibility.spec.js" time="1.204">
</testcase>
<testcase name="Accessibility › should have proper form labels if forms exist" classname="tests/accessibility.spec.js" time="0.508">
</testcase>
</testsuite>
<testsuite name="tests/homepage.spec.js" timestamp="2026-05-17T23:01:48.270Z" hostname="chromium" tests="6" failures="0" skipped="0" time="3.28" errors="0">
<testcase name="Homepage › should load successfully" classname="tests/homepage.spec.js" time="0.613">
</testcase>
<testcase name="Homepage › should display navigation menu" classname="tests/homepage.spec.js" time="0.563">
</testcase>
<testcase name="Homepage › should display recent articles" classname="tests/homepage.spec.js" time="0.457">
</testcase>
<testcase name="Homepage › should have working sitemap link" classname="tests/homepage.spec.js" time="0.526">
</testcase>
<testcase name="Homepage › should have proper HTML structure" classname="tests/homepage.spec.js" time="0.635">
</testcase>
<testcase name="Homepage › should have SEO meta tags" classname="tests/homepage.spec.js" time="0.486">
</testcase>
</testsuite>
<testsuite name="tests/horizon-nav.spec.js" timestamp="2026-05-17T23:01:48.270Z" hostname="chromium" tests="70" failures="0" skipped="0" time="442.205" errors="0">
<testcase name="PI structure — en (/political-intelligence.html) › page loads (HTTP 200) and PI heading is visible" classname="tests/horizon-nav.spec.js" time="0.823">
</testcase>
<testcase name="PI structure — en (/political-intelligence.html) › daily-runs section exists in the page" classname="tests/horizon-nav.spec.js" time="0.953">
</testcase>
<testcase name="PI structure — en (/political-intelligence.html) › hreflang alternates cover all 14 language variants" classname="tests/horizon-nav.spec.js" time="1.192">
</testcase>
<testcase name="PI structure — en (/political-intelligence.html) › passes WCAG 2.1 AA accessibility scan" classname="tests/horizon-nav.spec.js" time="27.295">
</testcase>
<testcase name="PI structure — en (/political-intelligence.html) › all rendered run-card slugs resolve to a localised title" classname="tests/horizon-nav.spec.js" time="1.16">
</testcase>
<testcase name="PI structure — sv (/political-intelligence_sv.html) › page loads (HTTP 200) and PI heading is visible" classname="tests/horizon-nav.spec.js" time="0.849">
</testcase>
<testcase name="PI structure — sv (/political-intelligence_sv.html) › daily-runs section exists in the page" classname="tests/horizon-nav.spec.js" time="0.881">
</testcase>
<testcase name="PI structure — sv (/political-intelligence_sv.html) › hreflang alternates cover all 14 language variants" classname="tests/horizon-nav.spec.js" time="1.201">
</testcase>
<testcase name="PI structure — sv (/political-intelligence_sv.html) › passes WCAG 2.1 AA accessibility scan" classname="tests/horizon-nav.spec.js" time="27.561">
</testcase>
<testcase name="PI structure — sv (/political-intelligence_sv.html) › all rendered run-card slugs resolve to a localised title" classname="tests/horizon-nav.spec.js" time="1.176">
</testcase>
<testcase name="PI structure — da (/political-intelligence_da.html) › page loads (HTTP 200) and PI heading is visible" classname="tests/horizon-nav.spec.js" time="0.855">
</testcase>
<testcase name="PI structure — da (/political-intelligence_da.html) › daily-runs section exists in the page" classname="tests/horizon-nav.spec.js" time="0.812">
</testcase>
<testcase name="PI structure — da (/political-intelligence_da.html) › hreflang alternates cover all 14 language variants" classname="tests/horizon-nav.spec.js" time="1.216">
</testcase>
<testcase name="PI structure — da (/political-intelligence_da.html) › passes WCAG 2.1 AA accessibility scan" classname="tests/horizon-nav.spec.js" time="27.253">
</testcase>
<testcase name="PI structure — da (/political-intelligence_da.html) › all rendered run-card slugs resolve to a localised title" classname="tests/horizon-nav.spec.js" time="1.15">
</testcase>
<testcase name="PI structure — no (/political-intelligence_no.html) › page loads (HTTP 200) and PI heading is visible" classname="tests/horizon-nav.spec.js" time="0.81">
</testcase>
<testcase name="PI structure — no (/political-intelligence_no.html) › daily-runs section exists in the page" classname="tests/horizon-nav.spec.js" time="0.864">
</testcase>
<testcase name="PI structure — no (/political-intelligence_no.html) › hreflang alternates cover all 14 language variants" classname="tests/horizon-nav.spec.js" time="1.229">
</testcase>
<testcase name="PI structure — no (/political-intelligence_no.html) › passes WCAG 2.1 AA accessibility scan" classname="tests/horizon-nav.spec.js" time="27.146">
</testcase>
<testcase name="PI structure — no (/political-intelligence_no.html) › all rendered run-card slugs resolve to a localised title" classname="tests/horizon-nav.spec.js" time="1.219">
</testcase>
<testcase name="PI structure — fi (/political-intelligence_fi.html) › page loads (HTTP 200) and PI heading is visible" classname="tests/horizon-nav.spec.js" time="0.843">
</testcase>
<testcase name="PI structure — fi (/political-intelligence_fi.html) › daily-runs section exists in the page" classname="tests/horizon-nav.spec.js" time="0.813">
</testcase>
<testcase name="PI structure — fi (/political-intelligence_fi.html) › hreflang alternates cover all 14 language variants" classname="tests/horizon-nav.spec.js" time="1.229">
</testcase>
<testcase name="PI structure — fi (/political-intelligence_fi.html) › passes WCAG 2.1 AA accessibility scan" classname="tests/horizon-nav.spec.js" time="27.765">
</testcase>
<testcase name="PI structure — fi (/political-intelligence_fi.html) › all rendered run-card slugs resolve to a localised title" classname="tests/horizon-nav.spec.js" time="1.15">
</testcase>
<testcase name="PI structure — de (/political-intelligence_de.html) › page loads (HTTP 200) and PI heading is visible" classname="tests/horizon-nav.spec.js" time="0.846">
</testcase>
<testcase name="PI structure — de (/political-intelligence_de.html) › daily-runs section exists in the page" classname="tests/horizon-nav.spec.js" time="0.855">
</testcase>
<testcase name="PI structure — de (/political-intelligence_de.html) › hreflang alternates cover all 14 language variants" classname="tests/horizon-nav.spec.js" time="1.217">
</testcase>
<testcase name="PI structure — de (/political-intelligence_de.html) › passes WCAG 2.1 AA accessibility scan" classname="tests/horizon-nav.spec.js" time="27.657">
</testcase>
<testcase name="PI structure — de (/political-intelligence_de.html) › all rendered run-card slugs resolve to a localised title" classname="tests/horizon-nav.spec.js" time="1.161">
</testcase>
<testcase name="PI structure — fr (/political-intelligence_fr.html) › page loads (HTTP 200) and PI heading is visible" classname="tests/horizon-nav.spec.js" time="0.839">
</testcase>
<testcase name="PI structure — fr (/political-intelligence_fr.html) › daily-runs section exists in the page" classname="tests/horizon-nav.spec.js" time="0.861">
</testcase>
<testcase name="PI structure — fr (/political-intelligence_fr.html) › hreflang alternates cover all 14 language variants" classname="tests/horizon-nav.spec.js" time="1.21">
</testcase>
<testcase name="PI structure — fr (/political-intelligence_fr.html) › passes WCAG 2.1 AA accessibility scan" classname="tests/horizon-nav.spec.js" time="27.99">
</testcase>
<testcase name="PI structure — fr (/political-intelligence_fr.html) › all rendered run-card slugs resolve to a localised title" classname="tests/horizon-nav.spec.js" time="1.199">
</testcase>
<testcase name="PI structure — es (/political-intelligence_es.html) › page loads (HTTP 200) and PI heading is visible" classname="tests/horizon-nav.spec.js" time="0.848">
</testcase>
<testcase name="PI structure — es (/political-intelligence_es.html) › daily-runs section exists in the page" classname="tests/horizon-nav.spec.js" time="0.844">
</testcase>
<testcase name="PI structure — es (/political-intelligence_es.html) › hreflang alternates cover all 14 language variants" classname="tests/horizon-nav.spec.js" time="1.246">
</testcase>
<testcase name="PI structure — es (/political-intelligence_es.html) › passes WCAG 2.1 AA accessibility scan" classname="tests/horizon-nav.spec.js" time="27.238">
</testcase>
<testcase name="PI structure — es (/political-intelligence_es.html) › all rendered run-card slugs resolve to a localised title" classname="tests/horizon-nav.spec.js" time="1.289">
</testcase>
<testcase name="PI structure — nl (/political-intelligence_nl.html) › page loads (HTTP 200) and PI heading is visible" classname="tests/horizon-nav.spec.js" time="0.823">
</testcase>
<testcase name="PI structure — nl (/political-intelligence_nl.html) › daily-runs section exists in the page" classname="tests/horizon-nav.spec.js" time="0.818">
</testcase>
<testcase name="PI structure — nl (/political-intelligence_nl.html) › hreflang alternates cover all 14 language variants" classname="tests/horizon-nav.spec.js" time="1.203">
</testcase>
<testcase name="PI structure — nl (/political-intelligence_nl.html) › passes WCAG 2.1 AA accessibility scan" classname="tests/horizon-nav.spec.js" time="27.293">
</testcase>
<testcase name="PI structure — nl (/political-intelligence_nl.html) › all rendered run-card slugs resolve to a localised title" classname="tests/horizon-nav.spec.js" time="1.203">
</testcase>
<testcase name="PI structure — ar (/political-intelligence_ar.html) › page loads (HTTP 200) and PI heading is visible" classname="tests/horizon-nav.spec.js" time="0.89">
</testcase>
<testcase name="PI structure — ar (/political-intelligence_ar.html) › daily-runs section exists in the page" classname="tests/horizon-nav.spec.js" time="0.884">
</testcase>
<testcase name="PI structure — ar (/political-intelligence_ar.html) › hreflang alternates cover all 14 language variants" classname="tests/horizon-nav.spec.js" time="1.26">
</testcase>
<testcase name="PI structure — ar (/political-intelligence_ar.html) › passes WCAG 2.1 AA accessibility scan" classname="tests/horizon-nav.spec.js" time="26.889">
</testcase>
<testcase name="PI structure — ar (/political-intelligence_ar.html) › all rendered run-card slugs resolve to a localised title" classname="tests/horizon-nav.spec.js" time="1.172">
</testcase>
<testcase name="PI structure — he (/political-intelligence_he.html) › page loads (HTTP 200) and PI heading is visible" classname="tests/horizon-nav.spec.js" time="0.865">
</testcase>
<testcase name="PI structure — he (/political-intelligence_he.html) › daily-runs section exists in the page" classname="tests/horizon-nav.spec.js" time="0.859">
</testcase>
<testcase name="PI structure — he (/political-intelligence_he.html) › hreflang alternates cover all 14 language variants" classname="tests/horizon-nav.spec.js" time="1.211">
</testcase>
<testcase name="PI structure — he (/political-intelligence_he.html) › passes WCAG 2.1 AA accessibility scan" classname="tests/horizon-nav.spec.js" time="27.414">
</testcase>
<testcase name="PI structure — he (/political-intelligence_he.html) › all rendered run-card slugs resolve to a localised title" classname="tests/horizon-nav.spec.js" time="1.258">
</testcase>
<testcase name="PI structure — ja (/political-intelligence_ja.html) › page loads (HTTP 200) and PI heading is visible" classname="tests/horizon-nav.spec.js" time="0.859">
</testcase>
<testcase name="PI structure — ja (/political-intelligence_ja.html) › daily-runs section exists in the page" classname="tests/horizon-nav.spec.js" time="0.895">
</testcase>
<testcase name="PI structure — ja (/political-intelligence_ja.html) › hreflang alternates cover all 14 language variants" classname="tests/horizon-nav.spec.js" time="1.214">
</testcase>
<testcase name="PI structure — ja (/political-intelligence_ja.html) › passes WCAG 2.1 AA accessibility scan" classname="tests/horizon-nav.spec.js" time="27.291">
</testcase>
<testcase name="PI structure — ja (/political-intelligence_ja.html) › all rendered run-card slugs resolve to a localised title" classname="tests/horizon-nav.spec.js" time="1.255">
</testcase>
<testcase name="PI structure — ko (/political-intelligence_ko.html) › page loads (HTTP 200) and PI heading is visible" classname="tests/horizon-nav.spec.js" time="0.863">
</testcase>
<testcase name="PI structure — ko (/political-intelligence_ko.html) › daily-runs section exists in the page" classname="tests/horizon-nav.spec.js" time="0.89">
</testcase>
<testcase name="PI structure — ko (/political-intelligence_ko.html) › hreflang alternates cover all 14 language variants" classname="tests/horizon-nav.spec.js" time="1.273">
</testcase>
<testcase name="PI structure — ko (/political-intelligence_ko.html) › passes WCAG 2.1 AA accessibility scan" classname="tests/horizon-nav.spec.js" time="27.689">
</testcase>
<testcase name="PI structure — ko (/political-intelligence_ko.html) › all rendered run-card slugs resolve to a localised title" classname="tests/horizon-nav.spec.js" time="1.214">
</testcase>
<testcase name="PI structure — zh (/political-intelligence_zh.html) › page loads (HTTP 200) and PI heading is visible" classname="tests/horizon-nav.spec.js" time="0.863">
</testcase>
<testcase name="PI structure — zh (/political-intelligence_zh.html) › daily-runs section exists in the page" classname="tests/horizon-nav.spec.js" time="0.854">
</testcase>
<testcase name="PI structure — zh (/political-intelligence_zh.html) › hreflang alternates cover all 14 language variants" classname="tests/horizon-nav.spec.js" time="1.25">
</testcase>
<testcase name="PI structure — zh (/political-intelligence_zh.html) › passes WCAG 2.1 AA accessibility scan" classname="tests/horizon-nav.spec.js" time="27.809">
</testcase>
<testcase name="PI structure — zh (/political-intelligence_zh.html) › all rendered run-card slugs resolve to a localised title" classname="tests/horizon-nav.spec.js" time="1.199">
</testcase>
</testsuite>
<testsuite name="tests/hreflang.spec.js" timestamp="2026-05-17T23:01:48.270Z" hostname="chromium" tests="29" failures="0" skipped="0" time="399.589" errors="0">
<testcase name="Hreflang Link Graph › all political-intelligence hreflang targets resolve" classname="tests/hreflang.spec.js" time="5.833">
</testcase>
<testcase name="Hreflang Link Graph › en: page has full 14-language hreflang set + x-default" classname="tests/hreflang.spec.js" time="0.89">
</testcase>
<testcase name="Hreflang Link Graph › en: accessibility has no WCAG violations" classname="tests/hreflang.spec.js" time="27.527">
</testcase>
<testcase name="Hreflang Link Graph › sv: page has full 14-language hreflang set + x-default" classname="tests/hreflang.spec.js" time="0.829">
</testcase>
<testcase name="Hreflang Link Graph › sv: accessibility has no WCAG violations" classname="tests/hreflang.spec.js" time="27.851">
</testcase>
<testcase name="Hreflang Link Graph › da: page has full 14-language hreflang set + x-default" classname="tests/hreflang.spec.js" time="0.894">
</testcase>
<testcase name="Hreflang Link Graph › da: accessibility has no WCAG violations" classname="tests/hreflang.spec.js" time="27.317">
</testcase>
<testcase name="Hreflang Link Graph › no: page has full 14-language hreflang set + x-default" classname="tests/hreflang.spec.js" time="0.881">
</testcase>
<testcase name="Hreflang Link Graph › no: accessibility has no WCAG violations" classname="tests/hreflang.spec.js" time="27.253">
</testcase>
<testcase name="Hreflang Link Graph › fi: page has full 14-language hreflang set + x-default" classname="tests/hreflang.spec.js" time="1.024">
</testcase>
<testcase name="Hreflang Link Graph › fi: accessibility has no WCAG violations" classname="tests/hreflang.spec.js" time="27.033">
</testcase>
<testcase name="Hreflang Link Graph › de: page has full 14-language hreflang set + x-default" classname="tests/hreflang.spec.js" time="0.843">
</testcase>
<testcase name="Hreflang Link Graph › de: accessibility has no WCAG violations" classname="tests/hreflang.spec.js" time="27.432">
</testcase>
<testcase name="Hreflang Link Graph › fr: page has full 14-language hreflang set + x-default" classname="tests/hreflang.spec.js" time="0.881">
</testcase>
<testcase name="Hreflang Link Graph › fr: accessibility has no WCAG violations" classname="tests/hreflang.spec.js" time="27.383">
</testcase>
<testcase name="Hreflang Link Graph › es: page has full 14-language hreflang set + x-default" classname="tests/hreflang.spec.js" time="0.945">
</testcase>
<testcase name="Hreflang Link Graph › es: accessibility has no WCAG violations" classname="tests/hreflang.spec.js" time="26.962">
</testcase>
<testcase name="Hreflang Link Graph › nl: page has full 14-language hreflang set + x-default" classname="tests/hreflang.spec.js" time="0.952">
</testcase>
<testcase name="Hreflang Link Graph › nl: accessibility has no WCAG violations" classname="tests/hreflang.spec.js" time="26.959">
</testcase>
<testcase name="Hreflang Link Graph › ar: page has full 14-language hreflang set + x-default" classname="tests/hreflang.spec.js" time="1.043">
</testcase>
<testcase name="Hreflang Link Graph › ar: accessibility has no WCAG violations" classname="tests/hreflang.spec.js" time="26.461">
</testcase>
<testcase name="Hreflang Link Graph › he: page has full 14-language hreflang set + x-default" classname="tests/hreflang.spec.js" time="0.919">
</testcase>
<testcase name="Hreflang Link Graph › he: accessibility has no WCAG violations" classname="tests/hreflang.spec.js" time="27.383">
</testcase>
<testcase name="Hreflang Link Graph › ja: page has full 14-language hreflang set + x-default" classname="tests/hreflang.spec.js" time="0.888">
</testcase>
<testcase name="Hreflang Link Graph › ja: accessibility has no WCAG violations" classname="tests/hreflang.spec.js" time="27.202">
</testcase>
<testcase name="Hreflang Link Graph › ko: page has full 14-language hreflang set + x-default" classname="tests/hreflang.spec.js" time="0.844">
</testcase>
<testcase name="Hreflang Link Graph › ko: accessibility has no WCAG violations" classname="tests/hreflang.spec.js" time="26.954">
</testcase>
<testcase name="Hreflang Link Graph › zh: page has full 14-language hreflang set + x-default" classname="tests/hreflang.spec.js" time="0.923">
</testcase>
<testcase name="Hreflang Link Graph › zh: accessibility has no WCAG violations" classname="tests/hreflang.spec.js" time="27.283">
</testcase>
</testsuite>
<testsuite name="tests/multi-language.spec.js" timestamp="2026-05-17T23:01:48.270Z" hostname="chromium" tests="21" failures="0" skipped="0" time="17.026" errors="0">
<testcase name="Multi-Language Support › should load English version" classname="tests/multi-language.spec.js" time="0.813">
</testcase>
<testcase name="Multi-Language Support › should load German version" classname="tests/multi-language.spec.js" time="0.746">
</testcase>
<testcase name="Multi-Language Support › should load French version" classname="tests/multi-language.spec.js" time="0.673">
</testcase>
<testcase name="Multi-Language Support › should load Spanish version" classname="tests/multi-language.spec.js" time="0.666">
</testcase>
<testcase name="Multi-Language Support › should load Swedish version" classname="tests/multi-language.spec.js" time="0.707">
</testcase>
<testcase name="Multi-Language Support › should load Danish version" classname="tests/multi-language.spec.js" time="0.673">
</testcase>
<testcase name="Multi-Language Support › should load Norwegian version" classname="tests/multi-language.spec.js" time="0.673">
</testcase>
<testcase name="Multi-Language Support › should load Finnish version" classname="tests/multi-language.spec.js" time="0.687">
</testcase>
<testcase name="Multi-Language Support › should load Dutch version" classname="tests/multi-language.spec.js" time="0.671">
</testcase>
<testcase name="Multi-Language Support › should load Arabic version with RTL direction" classname="tests/multi-language.spec.js" time="0.826">
</testcase>
<testcase name="Multi-Language Support › should load Hebrew version with RTL direction" classname="tests/multi-language.spec.js" time="0.78">
</testcase>
<testcase name="Multi-Language Support › should load Japanese version" classname="tests/multi-language.spec.js" time="0.745">
</testcase>
<testcase name="Multi-Language Support › should load Korean version" classname="tests/multi-language.spec.js" time="0.739">
</testcase>
<testcase name="Multi-Language Support › should load Chinese version" classname="tests/multi-language.spec.js" time="0.752">
</testcase>
<testcase name="Multi-Language Support › should switch between languages" classname="tests/multi-language.spec.js" time="0.936">
</testcase>
<testcase name="Multi-Language Support › should have consistent structure across languages" classname="tests/multi-language.spec.js" time="1.386">
</testcase>
<testcase name="Multi-Language Support › should have language-specific meta tags" classname="tests/multi-language.spec.js" time="0.506">
</testcase>
<testcase name="Multi-Language Support › should maintain navigation in selected language" classname="tests/multi-language.spec.js" time="0.5">
</testcase>
<testcase name="Multi-Language Support › should have proper charset encoding for all languages" classname="tests/multi-language.spec.js" time="1.677">
</testcase>
<testcase name="Multi-Language Support › should display articles in language-specific format" classname="tests/multi-language.spec.js" time="1.324">
</testcase>
<testcase name="Multi-Language Support › should have correct language in alternate links" classname="tests/multi-language.spec.js" time="0.546">
</testcase>
</testsuite>
<testsuite name="tests/navigation.spec.js" timestamp="2026-05-17T23:01:48.270Z" hostname="chromium" tests="10" failures="0" skipped="0" time="6.597" errors="0">
<testcase name="Navigation › should have functional navigation menu" classname="tests/navigation.spec.js" time="0.469">
</testcase>
<testcase name="Navigation › should navigate to different sections" classname="tests/navigation.spec.js" time="0.887">
</testcase>
<testcase name="Navigation › should maintain navigation state across pages" classname="tests/navigation.spec.js" time="0.49">
</testcase>
<testcase name="Navigation › should have working home link" classname="tests/navigation.spec.js" time="0.478">
</testcase>
<testcase name="Navigation › should support browser back button" classname="tests/navigation.spec.js" time="0.502">
</testcase>
<testcase name="Navigation › should support browser forward button" classname="tests/navigation.spec.js" time="0.469">
</testcase>
<testcase name="Navigation › should have accessible skip links" classname="tests/navigation.spec.js" time="0.532">
</testcase>
<testcase name="Navigation › should have proper link focus states" classname="tests/navigation.spec.js" time="0.565">
</testcase>
<testcase name="Navigation › should have working external links" classname="tests/navigation.spec.js" time="0.483">
</testcase>
<testcase name="Navigation › should not have broken internal links" classname="tests/navigation.spec.js" time="1.722">
</testcase>
</testsuite>
<testsuite name="tests/news-browsing.spec.js" timestamp="2026-05-17T23:01:48.270Z" hostname="chromium" tests="5" failures="0" skipped="0" time="2.585" errors="0">
<testcase name="News Browsing › should open and display article" classname="tests/news-browsing.spec.js" time="0.498">
</testcase>
<testcase name="News Browsing › should navigate back to homepage" classname="tests/news-browsing.spec.js" time="0.476">
</testcase>
<testcase name="News Browsing › should display article metadata" classname="tests/news-browsing.spec.js" time="0.544">
</testcase>
<testcase name="News Browsing › should have working internal links" classname="tests/news-browsing.spec.js" time="0.56">
</testcase>
<testcase name="News Browsing › should display article content" classname="tests/news-browsing.spec.js" time="0.507">
</testcase>
</testsuite>
<testsuite name="tests/responsive.spec.js" timestamp="2026-05-17T23:01:48.270Z" hostname="chromium" tests="16" failures="0" skipped="0" time="11.807" errors="0">
<testcase name="Responsive Design › should keep hero text above a full-width banner across viewports" classname="tests/responsive.spec.js" time="0.804">
</testcase>
<testcase name="Responsive Design › should render correctly on Mobile Portrait" classname="tests/responsive.spec.js" time="0.468">
</testcase>
<testcase name="Responsive Design › should render correctly on Tablet Portrait" classname="tests/responsive.spec.js" time="0.546">
</testcase>
<testcase name="Responsive Design › should render correctly on Desktop" classname="tests/responsive.spec.js" time="0.867">
</testcase>
<testcase name="Responsive Design › should have responsive meta viewport tag" classname="tests/responsive.spec.js" time="0.523">
</testcase>
<testcase name="Responsive Design › should adapt layout for different screen sizes" classname="tests/responsive.spec.js" time="0.736">
</testcase>
<testcase name="Responsive Design › should have touch-friendly tap targets on mobile" classname="tests/responsive.spec.js" time="0.408">
</testcase>
<testcase name="Responsive Design › should not have horizontal scroll on mobile" classname="tests/responsive.spec.js" time="0.337">
</testcase>
<testcase name="Responsive Design › should display readable text on mobile" classname="tests/responsive.spec.js" time="0.41">
</testcase>
<testcase name="Responsive Design › should stack content on mobile" classname="tests/responsive.spec.js" time="0.8">
</testcase>
<testcase name="Responsive Design › should maintain functionality across viewports" classname="tests/responsive.spec.js" time="1.32">
</testcase>
<testcase name="Responsive Design › should have responsive images" classname="tests/responsive.spec.js" time="0.538">
</testcase>
<testcase name="Responsive Design › should hide or show elements based on viewport" classname="tests/responsive.spec.js" time="1.123">
</testcase>
<testcase name="Responsive Design › should support landscape orientation on mobile" classname="tests/responsive.spec.js" time="1.127">
</testcase>
<testcase name="Responsive Design › should have readable line lengths on desktop" classname="tests/responsive.spec.js" time="0.755">
</testcase>
<testcase name="Responsive Design › should support text resizing without breaking layout" classname="tests/responsive.spec.js" time="1.045">
</testcase>
</testsuite>
<testsuite name="tests/rss-feed.spec.js" timestamp="2026-05-17T23:01:48.270Z" hostname="chromium" tests="10" failures="0" skipped="0" time="3.136" errors="0">
<testcase name="RSS Feed › should load rss.xml successfully" classname="tests/rss-feed.spec.js" time="0.323">
</testcase>
<testcase name="RSS Feed › should be valid RSS 2.0 with required root element" classname="tests/rss-feed.spec.js" time="0.314">
</testcase>
<testcase name="RSS Feed › should have required channel metadata" classname="tests/rss-feed.spec.js" time="0.317">
</testcase>
<testcase name="RSS Feed › should declare Dublin Core namespace for language tags" classname="tests/rss-feed.spec.js" time="0.313">
</testcase>
<testcase name="RSS Feed › should have at least one item" classname="tests/rss-feed.spec.js" time="0.312">
</testcase>
<testcase name="RSS Feed › should have items with required elements" classname="tests/rss-feed.spec.js" time="0.31">
</testcase>
<testcase name="RSS Feed › should include dc:language tags on items" classname="tests/rss-feed.spec.js" time="0.308">
</testcase>
<testcase name="RSS Feed › should contain articles in multiple languages" classname="tests/rss-feed.spec.js" time="0.312">
</testcase>
<testcase name="RSS Feed › should have atom self-link with correct URL" classname="tests/rss-feed.spec.js" time="0.311">
</testcase>
<testcase name="RSS Feed › should have lastBuildDate element" classname="tests/rss-feed.spec.js" time="0.316">
</testcase>
</testsuite>
<testsuite name="tests/seo-headers.spec.js" timestamp="2026-05-17T23:01:48.270Z" hostname="chromium" tests="14" failures="0" skipped="0" time="14.623" errors="0">
<testcase name="SEO Headers — per-locale invariants › en: html lang + og:locale + theme-color pair + crawler hints" classname="tests/seo-headers.spec.js" time="1.059">
</testcase>
<testcase name="SEO Headers — per-locale invariants › sv: html lang + og:locale + theme-color pair + crawler hints" classname="tests/seo-headers.spec.js" time="1.014">
</testcase>
<testcase name="SEO Headers — per-locale invariants › da: html lang + og:locale + theme-color pair + crawler hints" classname="tests/seo-headers.spec.js" time="1.01">
</testcase>
<testcase name="SEO Headers — per-locale invariants › no: html lang + og:locale + theme-color pair + crawler hints" classname="tests/seo-headers.spec.js" time="1.004">
</testcase>
<testcase name="SEO Headers — per-locale invariants › fi: html lang + og:locale + theme-color pair + crawler hints" classname="tests/seo-headers.spec.js" time="1.083">
</testcase>
<testcase name="SEO Headers — per-locale invariants › de: html lang + og:locale + theme-color pair + crawler hints" classname="tests/seo-headers.spec.js" time="1.019">
</testcase>
<testcase name="SEO Headers — per-locale invariants › fr: html lang + og:locale + theme-color pair + crawler hints" classname="tests/seo-headers.spec.js" time="1.042">
</testcase>
<testcase name="SEO Headers — per-locale invariants › es: html lang + og:locale + theme-color pair + crawler hints" classname="tests/seo-headers.spec.js" time="1.104">
</testcase>
<testcase name="SEO Headers — per-locale invariants › nl: html lang + og:locale + theme-color pair + crawler hints" classname="tests/seo-headers.spec.js" time="1.041">
</testcase>
<testcase name="SEO Headers — per-locale invariants › ar: html lang + og:locale + theme-color pair + crawler hints" classname="tests/seo-headers.spec.js" time="1.089">
</testcase>
<testcase name="SEO Headers — per-locale invariants › he: html lang + og:locale + theme-color pair + crawler hints" classname="tests/seo-headers.spec.js" time="1.021">
</testcase>
<testcase name="SEO Headers — per-locale invariants › ja: html lang + og:locale + theme-color pair + crawler hints" classname="tests/seo-headers.spec.js" time="1.045">
</testcase>
<testcase name="SEO Headers — per-locale invariants › ko: html lang + og:locale + theme-color pair + crawler hints" classname="tests/seo-headers.spec.js" time="1.031">
</testcase>
<testcase name="SEO Headers — per-locale invariants › zh: html lang + og:locale + theme-color pair + crawler hints" classname="tests/seo-headers.spec.js" time="1.061">
</testcase>
</testsuite>
<testsuite name="tests/sitemap.spec.js" timestamp="2026-05-17T23:01:48.270Z" hostname="chromium" tests="13" failures="0" skipped="0" time="14.324" errors="0">
<testcase name="Sitemap XML › should load sitemap.xml when available" classname="tests/sitemap.spec.js" time="0.316">
</testcase>
<testcase name="Sitemap XML › should have valid urlset structure" classname="tests/sitemap.spec.js" time="0.322">
</testcase>
<testcase name="Sitemap XML › should contain article URLs" classname="tests/sitemap.spec.js" time="0.325">
</testcase>
<testcase name="Sitemap XML › should contain more than 50 URLs" classname="tests/sitemap.spec.js" time="0.325">
</testcase>
<testcase name="Sitemap XML › should include rss.xml in sitemap" classname="tests/sitemap.spec.js" time="0.317">
</testcase>
<testcase name="Sitemap HTML Pages › English sitemap HTML should load successfully" classname="tests/sitemap.spec.js" time="0.673">
</testcase>
<testcase name="Sitemap HTML Pages › English sitemap HTML should have article links" classname="tests/sitemap.spec.js" time="0.541">
</testcase>
<testcase name="Sitemap HTML Pages › English sitemap HTML should have language navigation" classname="tests/sitemap.spec.js" time="0.562">
</testcase>
<testcase name="Sitemap HTML Pages › English sitemap HTML should be accessible (WCAG 2.1 AA)" classname="tests/sitemap.spec.js" time="4.115">
</testcase>
<testcase name="Sitemap HTML Pages › all 14 language sitemap HTML pages should load" classname="tests/sitemap.spec.js" time="3.322">
</testcase>
<testcase name="Sitemap HTML Pages › language sitemap pages should have correct lang attribute" classname="tests/sitemap.spec.js" time="2.387">
</testcase>
<testcase name="Sitemap HTML Pages › Arabic sitemap should have RTL direction" classname="tests/sitemap.spec.js" time="0.632">
</testcase>
<testcase name="Sitemap HTML Pages › Hebrew sitemap should have RTL direction" classname="tests/sitemap.spec.js" time="0.487">
</testcase>
</testsuite>
<testsuite name="tests/structured-data.spec.js" timestamp="2026-05-17T23:01:48.270Z" hostname="chromium" tests="28" failures="0" skipped="0" time="397.632" errors="0">
<testcase name="Structured Data (JSON-LD) › en: has valid JSON-LD structured data" classname="tests/structured-data.spec.js" time="0.907">
</testcase>
<testcase name="Structured Data (JSON-LD) › en: accessibility has no WCAG violations" classname="tests/structured-data.spec.js" time="27.683">
</testcase>
<testcase name="Structured Data (JSON-LD) › sv: has valid JSON-LD structured data" classname="tests/structured-data.spec.js" time="1.048">
</testcase>
<testcase name="Structured Data (JSON-LD) › sv: accessibility has no WCAG violations" classname="tests/structured-data.spec.js" time="27.487">
</testcase>
<testcase name="Structured Data (JSON-LD) › da: has valid JSON-LD structured data" classname="tests/structured-data.spec.js" time="0.984">
</testcase>
<testcase name="Structured Data (JSON-LD) › da: accessibility has no WCAG violations" classname="tests/structured-data.spec.js" time="27.122">
</testcase>
<testcase name="Structured Data (JSON-LD) › no: has valid JSON-LD structured data" classname="tests/structured-data.spec.js" time="1.126">
</testcase>
<testcase name="Structured Data (JSON-LD) › no: accessibility has no WCAG violations" classname="tests/structured-data.spec.js" time="26.568">
</testcase>
<testcase name="Structured Data (JSON-LD) › fi: has valid JSON-LD structured data" classname="tests/structured-data.spec.js" time="1.111">
</testcase>
<testcase name="Structured Data (JSON-LD) › fi: accessibility has no WCAG violations" classname="tests/structured-data.spec.js" time="26.587">
</testcase>
<testcase name="Structured Data (JSON-LD) › de: has valid JSON-LD structured data" classname="tests/structured-data.spec.js" time="0.95">
</testcase>
<testcase name="Structured Data (JSON-LD) › de: accessibility has no WCAG violations" classname="tests/structured-data.spec.js" time="26.933">
</testcase>
<testcase name="Structured Data (JSON-LD) › fr: has valid JSON-LD structured data" classname="tests/structured-data.spec.js" time="1.024">
</testcase>
<testcase name="Structured Data (JSON-LD) › fr: accessibility has no WCAG violations" classname="tests/structured-data.spec.js" time="27.222">
</testcase>
<testcase name="Structured Data (JSON-LD) › es: has valid JSON-LD structured data" classname="tests/structured-data.spec.js" time="1.122">
</testcase>
<testcase name="Structured Data (JSON-LD) › es: accessibility has no WCAG violations" classname="tests/structured-data.spec.js" time="27.409">
</testcase>
<testcase name="Structured Data (JSON-LD) › nl: has valid JSON-LD structured data" classname="tests/structured-data.spec.js" time="1.126">
</testcase>
<testcase name="Structured Data (JSON-LD) › nl: accessibility has no WCAG violations" classname="tests/structured-data.spec.js" time="27.686">
</testcase>
<testcase name="Structured Data (JSON-LD) › ar: has valid JSON-LD structured data" classname="tests/structured-data.spec.js" time="1.026">
</testcase>
<testcase name="Structured Data (JSON-LD) › ar: accessibility has no WCAG violations" classname="tests/structured-data.spec.js" time="27.354">
</testcase>
<testcase name="Structured Data (JSON-LD) › he: has valid JSON-LD structured data" classname="tests/structured-data.spec.js" time="1.085">
</testcase>
<testcase name="Structured Data (JSON-LD) › he: accessibility has no WCAG violations" classname="tests/structured-data.spec.js" time="28.321">
</testcase>
<testcase name="Structured Data (JSON-LD) › ja: has valid JSON-LD structured data" classname="tests/structured-data.spec.js" time="1.245">
</testcase>
<testcase name="Structured Data (JSON-LD) › ja: accessibility has no WCAG violations" classname="tests/structured-data.spec.js" time="27.396">
</testcase>
<testcase name="Structured Data (JSON-LD) › ko: has valid JSON-LD structured data" classname="tests/structured-data.spec.js" time="1.077">
</testcase>
<testcase name="Structured Data (JSON-LD) › ko: accessibility has no WCAG violations" classname="tests/structured-data.spec.js" time="27.587">
</testcase>
<testcase name="Structured Data (JSON-LD) › zh: has valid JSON-LD structured data" classname="tests/structured-data.spec.js" time="1.125">
</testcase>
<testcase name="Structured Data (JSON-LD) › zh: accessibility has no WCAG violations" classname="tests/structured-data.spec.js" time="27.321">
</testcase>
</testsuite>
</testsuites>