<?xml version="1.0" encoding="UTF-8" ?>
<testsuites name="vitest tests" tests="3026" failures="0" errors="0" time="21.958680673">
    <testsuite name="test/integration/cross-article-intelligence.test.js" timestamp="2026-05-04T23:04:20.490Z" hostname="runnervmeorf1" tests="6" failures="0" errors="0" skipped="0" time="0.040872349">
        <testcase classname="test/integration/cross-article-intelligence.test.js" name="Cross-Article Intelligence Integration &gt; should produce cross-references when a second related article is indexed" time="0.006681726">
        </testcase>
        <testcase classname="test/integration/cross-article-intelligence.test.js" name="Cross-Article Intelligence Integration &gt; should persist intelligence across save/load cycle and maintain cross-references" time="0.001551789">
        </testcase>
        <testcase classname="test/integration/cross-article-intelligence.test.js" name="Cross-Article Intelligence Integration &gt; should detect trends once two articles share the same topic" time="0.003012681">
        </testcase>
        <testcase classname="test/integration/cross-article-intelligence.test.js" name="Cross-Article Intelligence Integration &gt; should generate a valid &quot;Related Analysis&quot; HTML section end-to-end" time="0.024422144">
        </testcase>
        <testcase classname="test/integration/cross-article-intelligence.test.js" name="Cross-Article Intelligence Integration &gt; should produce no cross-references for a single article with no related content" time="0.000833572">
        </testcase>
        <testcase classname="test/integration/cross-article-intelligence.test.js" name="Cross-Article Intelligence Integration &gt; should build and persist a complete intelligence cycle" time="0.001913477">
        </testcase>
    </testsuite>
    <testsuite name="test/integration/sitemap-cli-byte-equality.test.js" timestamp="2026-05-04T23:04:20.548Z" hostname="runnervmeorf1" tests="5" failures="0" errors="0" skipped="0" time="8.653261707">
        <testcase classname="test/integration/sitemap-cli-byte-equality.test.js" name="sitemap CLI byte-equality regression &gt; produces byte-identical sitemap.xml across two runs" time="2.428506539">
        </testcase>
        <testcase classname="test/integration/sitemap-cli-byte-equality.test.js" name="sitemap CLI byte-equality regression &gt; produces byte-identical rss.xml across two runs (modulo lastBuildDate)" time="0.019201501">
        </testcase>
        <testcase classname="test/integration/sitemap-cli-byte-equality.test.js" name="sitemap CLI byte-equality regression &gt; generates all 14 sitemap_*.html files" time="0.001345618">
        </testcase>
        <testcase classname="test/integration/sitemap-cli-byte-equality.test.js" name="sitemap CLI byte-equality regression &gt; generates all 14 political-intelligence_*.html files" time="0.000672819">
        </testcase>
        <testcase classname="test/integration/sitemap-cli-byte-equality.test.js" name="sitemap CLI byte-equality regression &gt; produces byte-identical sitemap_*.html and political-intelligence_*.html across two runs" time="0.384333106">
        </testcase>
    </testsuite>
    <testsuite name="test/integration/week-ahead-data.test.js" timestamp="2026-05-04T23:04:20.549Z" hostname="runnervmeorf1" tests="4" failures="0" errors="0" skipped="0" time="0.01975637">
        <testcase classname="test/integration/week-ahead-data.test.js" name="Week-Ahead Data Integration &gt; Parallel Data Fetching &gt; should fetch all data sources in parallel using Promise.allSettled" time="0.010434197">
        </testcase>
        <testcase classname="test/integration/week-ahead-data.test.js" name="Week-Ahead Data Integration &gt; Parallel Data Fetching &gt; should handle partial failures gracefully" time="0.004367492">
            <system-err>
⚠️ get_committee_info failed [UNKNOWN]: Unknown tool
⚠️ monitor_legislative_pipeline failed [UNKNOWN]: Pipeline API unavailable

            </system-err>
        </testcase>
        <testcase classname="test/integration/week-ahead-data.test.js" name="Week-Ahead Data Integration &gt; Data Aggregation &gt; should aggregate data from multiple sources" time="0.000750516">
        </testcase>
        <testcase classname="test/integration/week-ahead-data.test.js" name="Week-Ahead Data Integration &gt; Fallback Behavior &gt; should provide fallback when all MCP tools fail" time="0.001461343">
            <system-err>
⚠️ get_plenary_sessions failed [UNKNOWN]: MCP unavailable
⚠️ get_committee_info failed [UNKNOWN]: MCP unavailable
⚠️ search_documents failed [UNKNOWN]: MCP unavailable
⚠️ monitor_legislative_pipeline failed [UNKNOWN]: MCP unavailable
⚠️ get_parliamentary_questions failed [UNKNOWN]: MCP unavailable

            </system-err>
        </testcase>
    </testsuite>
    <testsuite name="test/unit/agentic-workflows-threat-detection.test.js" timestamp="2026-05-04T23:04:20.551Z" hostname="runnervmeorf1" tests="1" failures="0" errors="0" skipped="0" time="0.005470154">
        <testcase classname="test/unit/agentic-workflows-threat-detection.test.js" name="agentic workflow threat detection policy &gt; keeps safe-output threat detection warning-only for every news workflow" time="0.003847383">
        </testcase>
    </testsuite>
    <testsuite name="test/unit/aggregator-article-meta.test.js" timestamp="2026-05-04T23:04:20.551Z" hostname="runnervmeorf1" tests="8" failures="0" errors="0" skipped="0" time="0.03241863">
        <testcase classname="test/unit/aggregator-article-meta.test.js" name="article-meta — extractors &gt; extractTopRisks pulls bullets from risk-scoring/risk-matrix.md" time="0.005966614">
        </testcase>
        <testcase classname="test/unit/aggregator-article-meta.test.js" name="article-meta — extractors &gt; extractKeyDates pulls dated bullets from the parliamentary calendar" time="0.004293039">
        </testcase>
        <testcase classname="test/unit/aggregator-article-meta.test.js" name="article-meta — extractors &gt; extractKeyActors pulls bullets from classification/actor-mapping.md" time="0.002168093">
        </testcase>
        <testcase classname="test/unit/aggregator-article-meta.test.js" name="article-meta — extractors &gt; extractMacroContext pulls IMF-flavoured paragraph from economic-context.md" time="0.003168877">
        </testcase>
        <testcase classname="test/unit/aggregator-article-meta.test.js" name="article-meta — extractors &gt; extractKeyTakeaways respects MIN_TAKEAWAYS floor" time="0.002307573">
        </testcase>
        <testcase classname="test/unit/aggregator-article-meta.test.js" name="buildArticleMeta &gt; produces a fully populated meta record with deterministic source list" time="0.006880838">
        </testcase>
        <testcase classname="test/unit/aggregator-article-meta.test.js" name="buildArticleMeta &gt; serializeArticleMeta produces stable, insertion-order JSON with a trailing newline" time="0.003332245">
        </testcase>
        <testcase classname="test/unit/aggregator-article-meta.test.js" name="buildArticleMeta &gt; returns empty arrays when artifacts are absent (graceful degradation)" time="0.001959226">
        </testcase>
    </testsuite>
    <testsuite name="test/unit/aggregator-determinism.test.js" timestamp="2026-05-04T23:04:20.553Z" hostname="runnervmeorf1" tests="3" failures="0" errors="0" skipped="0" time="0.157410372">
        <testcase classname="test/unit/aggregator-determinism.test.js" name="article-generation pipeline — determinism &gt; produces byte-identical output across two consecutive runs (English only)" time="0.071610995">
        </testcase>
        <testcase classname="test/unit/aggregator-determinism.test.js" name="article-generation pipeline — determinism &gt; produces byte-identical output across two consecutive runs (all 14 languages)" time="0.064830831">
        </testcase>
        <testcase classname="test/unit/aggregator-determinism.test.js" name="article-generation pipeline — determinism &gt; produces byte-identical output in --markdown-only mode" time="0.017551492">
        </testcase>
    </testsuite>
    <testsuite name="test/unit/aggregator-key-takeaways.test.js" timestamp="2026-05-04T23:04:20.554Z" hostname="runnervmeorf1" tests="15" failures="0" errors="0" skipped="0" time="0.018321022">
        <testcase classname="test/unit/aggregator-key-takeaways.test.js" name="extractStrongBullets &gt; prefers bullets under &quot;Top Findings&quot;" time="0.005592857">
        </testcase>
        <testcase classname="test/unit/aggregator-key-takeaways.test.js" name="extractStrongBullets &gt; falls back to the first body bullets when no preferred section exists" time="0.000317781">
        </testcase>
        <testcase classname="test/unit/aggregator-key-takeaways.test.js" name="extractStrongBullets &gt; matches Key Judgments / Headline Findings / BLUF as preferred" time="0.000240224">
        </testcase>
        <testcase classname="test/unit/aggregator-key-takeaways.test.js" name="extractStrongBullets &gt; skips bullets inside fenced code blocks" time="0.00031101">
        </testcase>
        <testcase classname="test/unit/aggregator-key-takeaways.test.js" name="extractStrongBullets &gt; skips nested bullets" time="0.000229628">
        </testcase>
        <testcase classname="test/unit/aggregator-key-takeaways.test.js" name="jaccardSimilarity &gt; returns 1 for identical token sets" time="0.001271045">
        </testcase>
        <testcase classname="test/unit/aggregator-key-takeaways.test.js" name="jaccardSimilarity &gt; returns 0 for disjoint token sets" time="0.000193994">
        </testcase>
        <testcase classname="test/unit/aggregator-key-takeaways.test.js" name="jaccardSimilarity &gt; returns intermediate values for partially overlapping sentences" time="0.000510333">
        </testcase>
        <testcase classname="test/unit/aggregator-key-takeaways.test.js" name="dedupeTakeaways &gt; drops near-duplicates beyond the Jaccard threshold" time="0.000395339">
        </testcase>
        <testcase classname="test/unit/aggregator-key-takeaways.test.js" name="dedupeTakeaways &gt; preserves source ordering — first occurrence wins" time="0.0002506">
        </testcase>
        <testcase classname="test/unit/aggregator-key-takeaways.test.js" name="harvestCandidates + buildKeyTakeaways &gt; returns empty string when below MIN_TAKEAWAYS" time="0.001922846">
        </testcase>
        <testcase classname="test/unit/aggregator-key-takeaways.test.js" name="harvestCandidates + buildKeyTakeaways &gt; renders an H2 + bullet block when at least MIN_TAKEAWAYS bullets are available" time="0.002360474">
        </testcase>
        <testcase classname="test/unit/aggregator-key-takeaways.test.js" name="harvestCandidates + buildKeyTakeaways &gt; produces deterministic output across two reads of the same fixture" time="0.000967845">
        </testcase>
        <testcase classname="test/unit/aggregator-key-takeaways.test.js" name="harvestCandidates + buildKeyTakeaways &gt; floors MIN_TAKEAWAYS at 3" time="0.00019761">
        </testcase>
        <testcase classname="test/unit/aggregator-key-takeaways.test.js" name="harvestCandidates + buildKeyTakeaways &gt; harvestCandidates returns an empty list when no source files exist" time="0.000503232">
        </testcase>
    </testsuite>
    <testsuite name="test/unit/aggregator-lead.test.js" timestamp="2026-05-04T23:04:20.556Z" hostname="runnervmeorf1" tests="10" failures="0" errors="0" skipped="0" time="0.009206119">
        <testcase classname="test/unit/aggregator-lead.test.js" name="extractLeadParagraph &gt; prefers the first paragraph under &quot;## BLUF&quot;" time="0.002971389">
        </testcase>
        <testcase classname="test/unit/aggregator-lead.test.js" name="extractLeadParagraph &gt; falls back to the first paragraph anywhere in the body" time="0.00031828">
        </testcase>
        <testcase classname="test/unit/aggregator-lead.test.js" name="extractLeadParagraph &gt; skips bullets when looking for paragraph prose" time="0.000212982">
        </testcase>
        <testcase classname="test/unit/aggregator-lead.test.js" name="extractLeadParagraph &gt; ignores fenced code blocks" time="0.00028388">
        </testcase>
        <testcase classname="test/unit/aggregator-lead.test.js" name="trimToLeadSentence &gt; returns the first sentence" time="0.000432404">
        </testcase>
        <testcase classname="test/unit/aggregator-lead.test.js" name="trimToLeadSentence &gt; truncates with an ellipsis when over the cap" time="0.000468999">
        </testcase>
        <testcase classname="test/unit/aggregator-lead.test.js" name="trimToLeadSentence &gt; returns &quot;&quot; for empty input" time="0.000227413">
        </testcase>
        <testcase classname="test/unit/aggregator-lead.test.js" name="extractExecutiveLead &gt; reads from executive-brief.md when it exists" time="0.00075442">
        </testcase>
        <testcase classname="test/unit/aggregator-lead.test.js" name="extractExecutiveLead &gt; falls back to synthesis-summary.md when exec brief is absent" time="0.001050708">
        </testcase>
        <testcase classname="test/unit/aggregator-lead.test.js" name="extractExecutiveLead &gt; returns &quot;&quot; when no canonical source is present" time="0.000432333">
        </testcase>
    </testsuite>
    <testsuite name="test/unit/analysis-aggregator.test.js" timestamp="2026-05-04T23:04:20.558Z" hostname="runnervmeorf1" tests="30" failures="0" errors="0" skipped="0" time="0.053020541">
        <testcase classname="test/unit/analysis-aggregator.test.js" name="flattenManifestFiles &gt; flattens nested category → string[] shape" time="0.003819362">
        </testcase>
        <testcase classname="test/unit/analysis-aggregator.test.js" name="flattenManifestFiles &gt; flattens flat path → description shape" time="0.000462811">
        </testcase>
        <testcase classname="test/unit/analysis-aggregator.test.js" name="flattenManifestFiles &gt; returns empty array for undefined" time="0.000226924">
        </testcase>
        <testcase classname="test/unit/analysis-aggregator.test.js" name="latestGateResult &gt; returns the most recent non-PENDING gateResult" time="0.000516622">
        </testcase>
        <testcase classname="test/unit/analysis-aggregator.test.js" name="latestGateResult &gt; returns PENDING when all entries are PENDING or empty" time="0.000236758">
        </testcase>
        <testcase classname="test/unit/analysis-aggregator.test.js" name="expandSectionArtifacts &gt; resolves exact paths and prefix directories in priority order" time="0.001349463">
        </testcase>
        <testcase classname="test/unit/analysis-aggregator.test.js" name="expandSectionArtifacts &gt; prefers root executive-brief.md over extended compatibility fallback" time="0.005247429">
        </testcase>
        <testcase classname="test/unit/analysis-aggregator.test.js" name="expandSectionArtifacts &gt; does not re-consume already-claimed artifacts" time="0.000403851">
        </testcase>
        <testcase classname="test/unit/analysis-aggregator.test.js" name="renderReaderIntelligenceGuide &gt; renders a Riksdagsmonitor-style navigation table for emitted sections" time="0.000588962">
        </testcase>
        <testcase classname="test/unit/analysis-aggregator.test.js" name="renderProvenanceBlock &gt; emits a blockquote with article type, date, run id, gate, and manifest link" time="0.000529031">
        </testcase>
        <testcase classname="test/unit/analysis-aggregator.test.js" name="renderTradecraftAppendix &gt; lists methodologies and templates separately with GitHub blob links" time="0.000923994">
        </testcase>
        <testcase classname="test/unit/analysis-aggregator.test.js" name="renderTradecraftAppendix &gt; omits section headings when no files of that kind exist" time="0.000221014">
        </testcase>
        <testcase classname="test/unit/analysis-aggregator.test.js" name="discoverTradecraftFiles &gt; discovers all committed methodology and template MD files" time="0.003598919">
        </testcase>
        <testcase classname="test/unit/analysis-aggregator.test.js" name="aggregateAnalysisRun (fixture) &gt; produces a deterministic aggregated document with executive brief first" time="0.011108338">
        </testcase>
        <testcase classname="test/unit/analysis-aggregator.test.js" name="aggregateAnalysisRun (fixture) &gt; lists every artifact in includedArtifacts with a stable section id" time="0.004248492">
        </testcase>
        <testcase classname="test/unit/analysis-aggregator.test.js" name="aggregateAnalysisRun (fixture) &gt; throws a clear error for a non-existent run directory" time="0.0013078">
        </testcase>
        <testcase classname="test/unit/analysis-aggregator.test.js" name="aggregateAnalysisRun (fixture) &gt; returns a sectionToc that mirrors the emitted H2 sections in document order" time="0.004918056">
        </testcase>
        <testcase classname="test/unit/analysis-aggregator.test.js" name="aggregateAnalysisRun (fixture) &gt; suppresses the redundant ### artifact header when a section has one matching artifact" time="0.003276871">
        </testcase>
        <testcase classname="test/unit/analysis-aggregator.test.js" name="aggregateAnalysisRun (fixture) &gt; does NOT include README.md in the aggregated output" time="0.003722696">
        </testcase>
        <testcase classname="test/unit/analysis-aggregator.test.js" name="guessDateFromRunDir &gt; extracts YYYY-MM-DD from a path with an ISO date segment" time="0.0003102">
        </testcase>
        <testcase classname="test/unit/analysis-aggregator.test.js" name="guessDateFromRunDir &gt; returns 1970-01-01 when no ISO date is present" time="0.000241606">
        </testcase>
        <testcase classname="test/unit/analysis-aggregator.test.js" name="guessDateFromRunDir &gt; handles a path with only the date component" time="0.000175746">
        </testcase>
        <testcase classname="test/unit/analysis-aggregator.test.js" name="renderAnalysisIndex &gt; produces a table with section, artifact stem, and path columns" time="0.000336149">
        </testcase>
        <testcase classname="test/unit/analysis-aggregator.test.js" name="renderAnalysisIndex &gt; lists the manifest.json link in the preamble" time="0.000187584">
        </testcase>
        <testcase classname="test/unit/analysis-aggregator.test.js" name="renderAnalysisIndex &gt; renders a row for every included artifact" time="0.000283839">
        </testcase>
        <testcase classname="test/unit/analysis-aggregator.test.js" name="resolveArticleTypeFromManifest &gt; uses canonical articleType when present" time="0.000520508">
        </testcase>
        <testcase classname="test/unit/analysis-aggregator.test.js" name="resolveArticleTypeFromManifest &gt; falls back to articleTypes[0] for legacy plural-array manifests" time="0.000200954">
        </testcase>
        <testcase classname="test/unit/analysis-aggregator.test.js" name="resolveArticleTypeFromManifest &gt; falls back to runType when neither articleType nor articleTypes is set" time="0.000189396">
        </testcase>
        <testcase classname="test/unit/analysis-aggregator.test.js" name="resolveArticleTypeFromManifest &gt; prefers articleType over articleTypes and runType" time="0.000226052">
        </testcase>
        <testcase classname="test/unit/analysis-aggregator.test.js" name="resolveArticleTypeFromManifest &gt; returns &quot;unknown&quot; when no schema field is populated" time="0.000251681">
        </testcase>
    </testsuite>
    <testsuite name="test/unit/analysis-templates-referenced.test.js" timestamp="2026-05-04T23:04:20.563Z" hostname="runnervmeorf1" tests="2" failures="0" errors="0" skipped="0" time="0.012845908">
        <testcase classname="test/unit/analysis-templates-referenced.test.js" name="analysis/templates are referenced by prompts or agents &gt; every non-index template is referenced by basename in prompts/ or agents/" time="0.009493152">
        </testcase>
        <testcase classname="test/unit/analysis-templates-referenced.test.js" name="analysis/templates are referenced by prompts or agents &gt; template directory has at least 25 templates" time="0.000715782">
        </testcase>
    </testsuite>
    <testsuite name="test/unit/article-generator-cli.test.js" timestamp="2026-05-04T23:04:20.564Z" hostname="runnervmeorf1" tests="32" failures="0" errors="0" skipped="0" time="0.235695137">
        <testcase classname="test/unit/article-generator-cli.test.js" name="parseCliArgs &gt; requires --run or --all" time="0.004999719">
        </testcase>
        <testcase classname="test/unit/article-generator-cli.test.js" name="parseCliArgs &gt; accepts --run=PATH inline-style" time="0.001126325">
        </testcase>
        <testcase classname="test/unit/article-generator-cli.test.js" name="parseCliArgs &gt; collects repeated --lang flags" time="0.001202971">
        </testcase>
        <testcase classname="test/unit/article-generator-cli.test.js" name="parseCliArgs &gt; rejects unknown languages" time="0.000467418">
        </testcase>
        <testcase classname="test/unit/article-generator-cli.test.js" name="parseCliArgs &gt; rejects unknown flags" time="0.00036984">
        </testcase>
        <testcase classname="test/unit/article-generator-cli.test.js" name="parseCliArgs &gt; rejects a non-existent run directory" time="0.000552527">
        </testcase>
        <testcase classname="test/unit/article-generator-cli.test.js" name="parseCliArgs &gt; honours --markdown-only" time="0.000243939">
        </testcase>
        <testcase classname="test/unit/article-generator-cli.test.js" name="parseCliArgs &gt; accepts --all with no --run" time="0.000469992">
        </testcase>
        <testcase classname="test/unit/article-generator-cli.test.js" name="parseCliArgs &gt; accepts --since YYYY-MM-DD paired with --all" time="0.001009999">
        </testcase>
        <testcase classname="test/unit/article-generator-cli.test.js" name="parseCliArgs &gt; rejects an ill-formed --since value" time="0.001082268">
        </testcase>
        <testcase classname="test/unit/article-generator-cli.test.js" name="buildArticleSlug &gt; joins date and article type with a dash" time="0.00062742">
        </testcase>
        <testcase classname="test/unit/article-generator-cli.test.js" name="buildArticleSlug &gt; appends a collision suffix when provided" time="0.000172501">
        </testcase>
        <testcase classname="test/unit/article-generator-cli.test.js" name="sanitizeRunSuffix &gt; keeps word characters, dashes, and dots" time="0.000378153">
        </testcase>
        <testcase classname="test/unit/article-generator-cli.test.js" name="sanitizeRunSuffix &gt; replaces unsafe characters with a single dash" time="0.000163177">
        </testcase>
        <testcase classname="test/unit/article-generator-cli.test.js" name="sanitizeRunSuffix &gt; trims leading and trailing dashes" time="0.000148204">
        </testcase>
        <testcase classname="test/unit/article-generator-cli.test.js" name="sanitizeRunSuffix &gt; caps output length at 32 characters" time="0.000153963">
        </testcase>
        <testcase classname="test/unit/article-generator-cli.test.js" name="sanitizeRunSuffix &gt; falls back to `run` for empty input" time="0.000425003">
        </testcase>
        <testcase classname="test/unit/article-generator-cli.test.js" name="extractDefaultDescription &gt; returns the first prose paragraph, truncated to 300 chars" time="0.001067807">
        </testcase>
        <testcase classname="test/unit/article-generator-cli.test.js" name="extractDefaultDescription &gt; falls back when nothing qualifies" time="0.000274025">
        </testcase>
        <testcase classname="test/unit/article-generator-cli.test.js" name="generateArticle (end-to-end fixture) &gt; writes article.md to the run directory (riksdagsmonitor pattern)" time="0.073191319">
        </testcase>
        <testcase classname="test/unit/article-generator-cli.test.js" name="generateArticle (end-to-end fixture) &gt; writes source .md plus 14 HTML files and reports determinism" time="0.043710912">
        </testcase>
        <testcase classname="test/unit/article-generator-cli.test.js" name="generateArticle (end-to-end fixture) &gt; supports --markdown-only (no HTML written)" time="0.00699481">
        </testcase>
        <testcase classname="test/unit/article-generator-cli.test.js" name="generateArticle (end-to-end fixture) &gt; is deterministic across runs (byte-identical output)" time="0.032956229">
        </testcase>
        <testcase classname="test/unit/article-generator-cli.test.js" name="generateArticle (end-to-end fixture) &gt; suppresses the redundant ### heading when a single-artifact section title matches" time="0.018270606">
        </testcase>
        <testcase classname="test/unit/article-generator-cli.test.js" name="discoverAnalysisRuns &gt; returns nothing when analysis/daily is missing" time="0.001312337">
        </testcase>
        <testcase classname="test/unit/article-generator-cli.test.js" name="discoverAnalysisRuns &gt; finds runs at any nesting depth and sorts by date then path" time="0.015223838">
        </testcase>
        <testcase classname="test/unit/article-generator-cli.test.js" name="discoverAnalysisRuns &gt; skips runs with missing or &quot;unknown&quot; articleType" time="0.00183637">
        </testcase>
        <testcase classname="test/unit/article-generator-cli.test.js" name="discoverAnalysisRuns &gt; recovers the date from the directory name when the manifest lacks it" time="0.002171047">
        </testcase>
        <testcase classname="test/unit/article-generator-cli.test.js" name="groupRunsForCollision &gt; buckets runs by (date, articleType) pair" time="0.000555231">
        </testcase>
        <testcase classname="test/unit/article-generator-cli.test.js" name="generateAllArticles (batch mode) &gt; applies a collision suffix when two runs share (date, articleType)" time="0.007117847">
        </testcase>
        <testcase classname="test/unit/article-generator-cli.test.js" name="generateAllArticles (batch mode) &gt; uses the bare slug when a (date, articleType) pair is unique" time="0.009292659">
        </testcase>
        <testcase classname="test/unit/article-generator-cli.test.js" name="generateAllArticles (batch mode) &gt; honours --since to skip earlier runs" time="0.004711613">
        </testcase>
    </testsuite>
    <testsuite name="test/unit/article-generator-extended.test.js" timestamp="2026-05-04T23:04:20.570Z" hostname="runnervmeorf1" tests="20" failures="0" errors="0" skipped="0" time="0.269404431">
        <testcase classname="test/unit/article-generator-extended.test.js" name="article-generator extended &gt; parseCliArgs edge cases &gt; accepts --analysis-dir as alias for --run" time="0.00506625">
        </testcase>
        <testcase classname="test/unit/article-generator-extended.test.js" name="article-generator extended &gt; parseCliArgs edge cases &gt; accepts --language as alias for --lang" time="0.001660514">
        </testcase>
        <testcase classname="test/unit/article-generator-extended.test.js" name="article-generator extended &gt; parseCliArgs edge cases &gt; accepts --output as alias for --out-dir" time="0.000734532">
        </testcase>
        <testcase classname="test/unit/article-generator-extended.test.js" name="article-generator extended &gt; parseCliArgs edge cases &gt; accepts --title flag" time="0.000768443">
        </testcase>
        <testcase classname="test/unit/article-generator-extended.test.js" name="article-generator extended &gt; parseCliArgs edge cases &gt; accepts --description flag" time="0.000767312">
        </testcase>
        <testcase classname="test/unit/article-generator-extended.test.js" name="article-generator extended &gt; parseCliArgs edge cases &gt; throws when --lang value is missing" time="0.001468523">
        </testcase>
        <testcase classname="test/unit/article-generator-extended.test.js" name="article-generator extended &gt; parseCliArgs edge cases &gt; throws when --run value is missing" time="0.00066096">
        </testcase>
        <testcase classname="test/unit/article-generator-extended.test.js" name="article-generator extended &gt; extractDefaultDescription edge cases &gt; skips table lines (starting with |)" time="0.001452689">
        </testcase>
        <testcase classname="test/unit/article-generator-extended.test.js" name="article-generator extended &gt; extractDefaultDescription edge cases &gt; skips HTML comment lines" time="0.001458548">
        </testcase>
        <testcase classname="test/unit/article-generator-extended.test.js" name="article-generator extended &gt; extractDefaultDescription edge cases &gt; truncates description to 300 characters" time="0.000689564">
        </testcase>
        <testcase classname="test/unit/article-generator-extended.test.js" name="article-generator extended &gt; extractDefaultDescription edge cases &gt; handles empty markdown" time="0.000677656">
        </testcase>
        <testcase classname="test/unit/article-generator-extended.test.js" name="article-generator extended &gt; generateArticle with title/description overrides &gt; applies --title override to generated HTML" time="0.106217714">
        </testcase>
        <testcase classname="test/unit/article-generator-extended.test.js" name="article-generator extended &gt; generateArticle with title/description overrides &gt; applies --description override to generated HTML" time="0.049990914">
        </testcase>
        <testcase classname="test/unit/article-generator-extended.test.js" name="article-generator extended &gt; generateArticle --markdown-only mode &gt; writes only .md file without HTML when markdownOnly=true" time="0.006039123">
        </testcase>
        <testcase classname="test/unit/article-generator-extended.test.js" name="article-generator extended &gt; generateArticle error cases &gt; throws when runDir is null" time="0.000744407">
        </testcase>
        <testcase classname="test/unit/article-generator-extended.test.js" name="article-generator extended &gt; discoverAnalysisRuns &gt; returns array of discovered runs sorted by date" time="0.023986715">
        </testcase>
        <testcase classname="test/unit/article-generator-extended.test.js" name="article-generator extended &gt; discoverAnalysisRuns &gt; each run has required properties" time="0.031346092">
        </testcase>
        <testcase classname="test/unit/article-generator-extended.test.js" name="article-generator extended &gt; groupRunsForCollision &gt; groups runs by date|articleType key" time="0.000995587">
        </testcase>
        <testcase classname="test/unit/article-generator-extended.test.js" name="article-generator extended &gt; groupRunsForCollision &gt; returns empty map for empty input" time="0.000484313">
        </testcase>
        <testcase classname="test/unit/article-generator-extended.test.js" name="article-generator extended &gt; generateAllArticles with --since filter &gt; respects the since filter by producing fewer results" time="0.030750991">
        </testcase>
    </testsuite>
    <testsuite name="test/unit/article-html.test.js" timestamp="2026-05-04T23:04:20.573Z" hostname="runnervmeorf1" tests="30" failures="0" errors="0" skipped="0" time="0.034516887">
        <testcase classname="test/unit/article-html.test.js" name="getArticleFilename &gt; uses &lt;date&gt;-&lt;type&gt;-&lt;lang&gt;.html pattern uniformly" time="0.005081614">
        </testcase>
        <testcase classname="test/unit/article-html.test.js" name="buildArticleHreflangLinks &gt; emits one &lt;link rel=&quot;alternate&quot;&gt; per language plus x-default" time="0.00128832">
        </testcase>
        <testcase classname="test/unit/article-html.test.js" name="wrapArticleHtml &gt; emits a complete HTML5 document with the article body" time="0.003141186">
        </testcase>
        <testcase classname="test/unit/article-html.test.js" name="wrapArticleHtml &gt; includes the skip-link and theme toggle button for a11y parity" time="0.000849065">
        </testcase>
        <testcase classname="test/unit/article-html.test.js" name="wrapArticleHtml &gt; renders hreflang alternates for all 14 languages + x-default" time="0.001044291">
        </testcase>
        <testcase classname="test/unit/article-html.test.js" name="wrapArticleHtml &gt; renders the language switcher with an active state for current lang" time="0.000618156">
        </testcase>
        <testcase classname="test/unit/article-html.test.js" name="wrapArticleHtml &gt; does NOT inline any &lt;script&gt; in the body (CSP-safe)" time="0.000861454">
        </testcase>
        <testcase classname="test/unit/article-html.test.js" name="wrapArticleHtml &gt; references the same-origin Mermaid initializer with a version cache-bust (CSP-safe)" time="0.000806111">
        </testcase>
        <testcase classname="test/unit/article-html.test.js" name="wrapArticleHtml &gt; renders a reader-facing article hero before the artifact body" time="0.000780281">
        </testcase>
        <testcase classname="test/unit/article-html.test.js" name="wrapArticleHtml &gt; sets dir=&quot;rtl&quot; for Arabic and Hebrew" time="0.001592921">
        </testcase>
        <testcase classname="test/unit/article-html.test.js" name="wrapArticleHtml &gt; includes a JSON-LD NewsArticle block with escaped &lt; characters" time="0.000846712">
        </testcase>
        <testcase classname="test/unit/article-html.test.js" name="wrapArticleHtml &gt; emits the optional source-markdown link when provided" time="0.000613479">
        </testcase>
        <testcase classname="test/unit/article-html.test.js" name="wrapArticleHtml &gt; renders the article TOC sidebar when toc entries are supplied" time="0.000868434">
        </testcase>
        <testcase classname="test/unit/article-html.test.js" name="wrapArticleHtml &gt; omits the sidebar entirely when toc is empty or absent" time="0.001180166">
        </testcase>
        <testcase classname="test/unit/article-html.test.js" name="wrapArticleHtml &gt; embeds the language switcher INSIDE the header using site-header__langs (matches index chrome)" time="0.001553192">
        </testcase>
        <testcase classname="test/unit/article-html.test.js" name="wrapArticleHtml &gt; uses the banner asset as the header logo (matches index chrome)" time="0.000580018">
        </testcase>
        <testcase classname="test/unit/article-html.test.js" name="wrapArticleHtml &gt; surfaces the footer-stats line when articleCount is provided" time="0.000623914">
        </testcase>
        <testcase classname="test/unit/article-html.test.js" name="wrapArticleHtml &gt; omits the footer-stats line when articleCount is absent" time="0.00064061">
        </testcase>
        <testcase classname="test/unit/article-html.test.js" name="wrapArticleHtml &gt; embeds isBasedOn in JSON-LD when source artifact URLs are provided" time="0.000697016">
        </testcase>
        <testcase classname="test/unit/article-html.test.js" name="wrapArticleHtml &gt; omits isBasedOn from JSON-LD when the option is absent" time="0.000605607">
        </testcase>
        <testcase classname="test/unit/article-html.test.js" name="wrapArticleHtml &gt; omits isBasedOn from JSON-LD when an empty array is provided" time="0.000722003">
        </testcase>
        <testcase classname="test/unit/article-html.test.js" name="buildArticleToc &gt; returns an empty string when there are no entries" time="0.000206673">
        </testcase>
        <testcase classname="test/unit/article-html.test.js" name="buildArticleToc &gt; renders an &lt;aside&gt;&lt;details&gt;&lt;nav&gt;&lt;ol&gt; tree with stable anchors" time="0.00040265">
        </testcase>
        <testcase classname="test/unit/article-html.test.js" name="buildArticleToc &gt; escapes HTML in entry titles and ids to prevent injection" time="0.000273734">
        </testcase>
        <testcase classname="test/unit/article-html.test.js" name="buildArticleToc &gt; localises the nav label from TOC_ARIA_LABELS" time="0.000184148">
        </testcase>
        <testcase classname="test/unit/article-html.test.js" name="wrapArticleHtml structured data enhancements &gt; emits dateModified in JSON-LD" time="0.000460307">
        </testcase>
        <testcase classname="test/unit/article-html.test.js" name="wrapArticleHtml structured data enhancements &gt; emits image field in JSON-LD" time="0.000522401">
        </testcase>
        <testcase classname="test/unit/article-html.test.js" name="wrapArticleHtml structured data enhancements &gt; emits publisher with logo in JSON-LD" time="0.000737667">
        </testcase>
        <testcase classname="test/unit/article-html.test.js" name="wrapArticleHtml structured data enhancements &gt; emits BreadcrumbList JSON-LD alongside NewsArticle" time="0.000625797">
        </testcase>
        <testcase classname="test/unit/article-html.test.js" name="wrapArticleHtml structured data enhancements &gt; BreadcrumbList has 3 items: home, news section, article" time="0.001655286">
        </testcase>
    </testsuite>
    <testsuite name="test/unit/article-metadata.test.js" timestamp="2026-05-04T23:04:20.579Z" hostname="runnervmeorf1" tests="60" failures="0" errors="0" skipped="0" time="0.068329603">
        <testcase classname="test/unit/article-metadata.test.js" name="shouldSkipDescriptionLine — tightened leak filter &gt; still rejects the original structural openers" time="0.006058372">
        </testcase>
        <testcase classname="test/unit/article-metadata.test.js" name="shouldSkipDescriptionLine — tightened leak filter &gt; rejects mermaid %%{init blocks and `title` directives" time="0.001483415">
        </testcase>
        <testcase classname="test/unit/article-metadata.test.js" name="shouldSkipDescriptionLine — tightened leak filter &gt; rejects emoji-prefixed metadata banners" time="0.00040265">
        </testcase>
        <testcase classname="test/unit/article-metadata.test.js" name="shouldSkipDescriptionLine — tightened leak filter &gt; rejects `Key: value` metadata rows regardless of bold/italic wrapping" time="0.000830057">
        </testcase>
        <testcase classname="test/unit/article-metadata.test.js" name="shouldSkipDescriptionLine — tightened leak filter &gt; rejects decorative separators" time="0.000341567">
        </testcase>
        <testcase classname="test/unit/article-metadata.test.js" name="shouldSkipDescriptionLine — tightened leak filter &gt; still accepts real prose lines" time="0.000296529">
        </testcase>
        <testcase classname="test/unit/article-metadata.test.js" name="stripInlineMarkdown &gt; removes link, emphasis, and inline-code syntax" time="0.000817117">
        </testcase>
        <testcase classname="test/unit/article-metadata.test.js" name="stripInlineMarkdown &gt; preserves the visible text of images" time="0.000296539">
        </testcase>
        <testcase classname="test/unit/article-metadata.test.js" name="truncation helpers &gt; preserves short input" time="0.000518685">
        </testcase>
        <testcase classname="test/unit/article-metadata.test.js" name="truncation helpers &gt; truncates on a word boundary when possible" time="0.000445194">
        </testcase>
        <testcase classname="test/unit/article-metadata.test.js" name="extractFirstH1 &gt; returns the first `# …` heading text, stripped of anchor syntax" time="0.000413115">
        </testcase>
        <testcase classname="test/unit/article-metadata.test.js" name="extractFirstH1 &gt; returns an empty string when no H1 exists" time="0.000179272">
        </testcase>
        <testcase classname="test/unit/article-metadata.test.js" name="extractFirstH1 &gt; skips `##` and `###` lines" time="0.000216348">
        </testcase>
        <testcase classname="test/unit/article-metadata.test.js" name="extractStrongProseLine &gt; returns the first prose paragraph, truncated" time="0.00035639">
        </testcase>
        <testcase classname="test/unit/article-metadata.test.js" name="extractStrongProseLine &gt; does NOT leak mermaid init blocks" time="0.000255777">
        </testcase>
        <testcase classname="test/unit/article-metadata.test.js" name="extractStrongProseLine &gt; does NOT leak emoji-banner metadata rows" time="0.000442901">
        </testcase>
        <testcase classname="test/unit/article-metadata.test.js" name="extractStrongProseLine &gt; does NOT leak `Analysis Date:` / `Run:` / `Window:` banners" time="0.000325163">
        </testcase>
        <testcase classname="test/unit/article-metadata.test.js" name="extractStrongProseLine &gt; does NOT leak mermaid `title` directives" time="0.000311372">
        </testcase>
        <testcase classname="test/unit/article-metadata.test.js" name="extractStrongProseLine &gt; returns empty when nothing qualifies" time="0.000149296">
        </testcase>
        <testcase classname="test/unit/article-metadata.test.js" name="humanizeSlug &gt; title-cases and de-dashifies slugs" time="0.000408999">
        </testcase>
        <testcase classname="test/unit/article-metadata.test.js" name="isGenericHeading &gt; rejects the default `${humanize(type)} — ${date}` form" time="0.000284792">
        </testcase>
        <testcase classname="test/unit/article-metadata.test.js" name="isGenericHeading &gt; rejects the legacy &quot;EU Parliament &lt;Type&gt; — &lt;date&gt;&quot; form" time="0.000144509">
        </testcase>
        <testcase classname="test/unit/article-metadata.test.js" name="isGenericHeading &gt; rejects the collision-suffix &quot;Breaking Breaking — &lt;date&gt;&quot; form" time="0.000135786">
        </testcase>
        <testcase classname="test/unit/article-metadata.test.js" name="isGenericHeading &gt; accepts any non-generic editorial headline" time="0.000419545">
        </testcase>
        <testcase classname="test/unit/article-metadata.test.js" name="isGenericHeading &gt; rejects empty headings" time="0.000201005">
        </testcase>
        <testcase classname="test/unit/article-metadata.test.js" name="deriveWeekRange / deriveMonthLabel &gt; returns the Mon–Sun week containing the supplied ISO date" time="0.001716198">
        </testcase>
        <testcase classname="test/unit/article-metadata.test.js" name="deriveWeekRange / deriveMonthLabel &gt; returns the raw date when parsing fails" time="0.000312954">
        </testcase>
        <testcase classname="test/unit/article-metadata.test.js" name="deriveWeekRange / deriveMonthLabel &gt; labels the month with English name + year" time="0.000307205">
        </testcase>
        <testcase classname="test/unit/article-metadata.test.js" name="deriveReportingWindowForWeekInReview — D-36 → D-8 window (ADR-006) &gt; returns start=D-36 and end=D-8 for a known date" time="0.000419154">
        </testcase>
        <testcase classname="test/unit/article-metadata.test.js" name="deriveReportingWindowForWeekInReview — D-36 → D-8 window (ADR-006) &gt; end is always 28 days after start" time="0.000232963">
        </testcase>
        <testcase classname="test/unit/article-metadata.test.js" name="deriveReportingWindowForWeekInReview — D-36 → D-8 window (ADR-006) &gt; end date is exactly 8 days before the supplied article date" time="0.00027037">
        </testcase>
        <testcase classname="test/unit/article-metadata.test.js" name="deriveReportingWindowForWeekInReview — D-36 → D-8 window (ADR-006) &gt; returns the raw date for both start and end when parsing fails" time="0.000235587">
        </testcase>
        <testcase classname="test/unit/article-metadata.test.js" name="deriveReportingWindowForWeekInReview — D-36 → D-8 window (ADR-006) &gt; window end is strictly earlier than the article date (vote-lag safety)" time="0.000197418">
        </testcase>
        <testcase classname="test/unit/article-metadata.test.js" name="buildTemplateFallback — 14 langs × 8 types = last-resort coverage &gt; covers all 14 languages for type=breaking" time="0.003203249">
        </testcase>
        <testcase classname="test/unit/article-metadata.test.js" name="buildTemplateFallback — 14 langs × 8 types = last-resort coverage &gt; covers all 14 languages for type=committee-reports" time="0.002693298">
        </testcase>
        <testcase classname="test/unit/article-metadata.test.js" name="buildTemplateFallback — 14 langs × 8 types = last-resort coverage &gt; covers all 14 languages for type=motions" time="0.002575169">
        </testcase>
        <testcase classname="test/unit/article-metadata.test.js" name="buildTemplateFallback — 14 langs × 8 types = last-resort coverage &gt; covers all 14 languages for type=propositions" time="0.003142538">
        </testcase>
        <testcase classname="test/unit/article-metadata.test.js" name="buildTemplateFallback — 14 langs × 8 types = last-resort coverage &gt; covers all 14 languages for type=week-ahead" time="0.002639957">
        </testcase>
        <testcase classname="test/unit/article-metadata.test.js" name="buildTemplateFallback — 14 langs × 8 types = last-resort coverage &gt; covers all 14 languages for type=month-ahead" time="0.001749609">
        </testcase>
        <testcase classname="test/unit/article-metadata.test.js" name="buildTemplateFallback — 14 langs × 8 types = last-resort coverage &gt; covers all 14 languages for type=week-in-review" time="0.001894659">
        </testcase>
        <testcase classname="test/unit/article-metadata.test.js" name="buildTemplateFallback — 14 langs × 8 types = last-resort coverage &gt; covers all 14 languages for type=month-in-review" time="0.002522108">
        </testcase>
        <testcase classname="test/unit/article-metadata.test.js" name="buildTemplateFallback — 14 langs × 8 types = last-resort coverage &gt; yields non-English titles for non-English languages" time="0.000451243">
        </testcase>
        <testcase classname="test/unit/article-metadata.test.js" name="buildTemplateFallback — 14 langs × 8 types = last-resort coverage &gt; committee-reports uses the supplied committee code" time="0.000305792">
        </testcase>
        <testcase classname="test/unit/article-metadata.test.js" name="buildTemplateFallback — 14 langs × 8 types = last-resort coverage &gt; unknown article types get a sensible humanised fallback" time="0.000351562">
        </testcase>
        <testcase classname="test/unit/article-metadata.test.js" name="buildTemplateFallback — 14 langs × 8 types = last-resort coverage &gt; week-in-review title uses D-36→D-8 reporting window, not the calendar week" time="0.000341688">
        </testcase>
        <testcase classname="test/unit/article-metadata.test.js" name="buildTemplateFallback — 14 langs × 8 types = last-resort coverage &gt; week-in-review English subtitle references last full reporting week" time="0.000343149">
        </testcase>
        <testcase classname="test/unit/article-metadata.test.js" name="buildTemplateFallback — 14 langs × 8 types = last-resort coverage &gt; week-ahead title still uses the calendar week (not the reporting window)" time="0.000351572">
        </testcase>
        <testcase classname="test/unit/article-metadata.test.js" name="resolveArticleMetadata — priority ladder &gt; Tier 1 — manifest string override wins over everything else" time="0.003711589">
        </testcase>
        <testcase classname="test/unit/article-metadata.test.js" name="resolveArticleMetadata — priority ladder &gt; Tier 1 — manifest per-language object applies per language" time="0.008469978">
        </testcase>
        <testcase classname="test/unit/article-metadata.test.js" name="resolveArticleMetadata — priority ladder &gt; non-English languages never inherit the English editorial headline" time="0.00206698">
        </testcase>
        <testcase classname="test/unit/article-metadata.test.js" name="resolveArticleMetadata — priority ladder &gt; non-English languages still honour an explicit per-language manifest override" time="0.000626999">
        </testcase>
        <testcase classname="test/unit/article-metadata.test.js" name="resolveArticleMetadata — priority ladder &gt; Tier 2 — first non-generic artefact H1 wins over aggregated H1" time="0.000923338">
        </testcase>
        <testcase classname="test/unit/article-metadata.test.js" name="resolveArticleMetadata — priority ladder &gt; Tier 3 — non-generic aggregated H1 wins when no artefact exists" time="0.000595521">
        </testcase>
        <testcase classname="test/unit/article-metadata.test.js" name="resolveArticleMetadata — priority ladder &gt; Tier 4 — strong prose wins when every heading is generic" time="0.000711827">
        </testcase>
        <testcase classname="test/unit/article-metadata.test.js" name="resolveArticleMetadata — priority ladder &gt; Tier 5 — localized template fallback for every language when nothing else exists" time="0.000729605">
        </testcase>
        <testcase classname="test/unit/article-metadata.test.js" name="resolveArticleMetadata — priority ladder &gt; truncates long resolved titles and descriptions" time="0.000712789">
        </testcase>
        <testcase classname="test/unit/article-metadata.test.js" name="resolveArticleMetadata — priority ladder &gt; covers all 14 languages with non-empty title+description in every tier" time="0.001080415">
        </testcase>
        <testcase classname="test/unit/article-metadata.test.js" name="extractArtifactHighlight &gt; returns null for a non-existent directory" time="0.000506357">
        </testcase>
        <testcase classname="test/unit/article-metadata.test.js" name="extractArtifactHighlight &gt; skips SPDX HTML-comment headers and picks the real H1" time="0.0008919">
        </testcase>
        <testcase classname="test/unit/article-metadata.test.js" name="extractArtifactHighlight &gt; ignores an artefact whose H1 is generic" time="0.001307539">
        </testcase>
    </testsuite>
    <testsuite name="test/unit/backport-article-seo.test.js" timestamp="2026-05-04T23:04:20.589Z" hostname="runnervmeorf1" tests="60" failures="0" errors="0" skipped="0" time="0.048776595">
        <testcase classname="test/unit/backport-article-seo.test.js" name="sliceArticleBody &gt; returns the slice between &lt;article&gt; and &lt;/article&gt;" time="0.006383625">
        </testcase>
        <testcase classname="test/unit/backport-article-seo.test.js" name="sliceArticleBody &gt; falls back to the entire document when no &lt;article&gt; tag is present" time="0.000610354">
        </testcase>
        <testcase classname="test/unit/backport-article-seo.test.js" name="extractBodyH1 / extractBodyFirstProse &gt; extracts the first body H1 text with inline tags stripped" time="0.00092455">
        </testcase>
        <testcase classname="test/unit/backport-article-seo.test.js" name="extractBodyH1 / extractBodyFirstProse &gt; skips header metadata spans and returns the first long body paragraph" time="0.001085723">
        </testcase>
        <testcase classname="test/unit/backport-article-seo.test.js" name="extractBodyH1 / extractBodyFirstProse &gt; skips paragraphs that are metadata-banner stubs" time="0.000537564">
        </testcase>
        <testcase classname="test/unit/backport-article-seo.test.js" name="extractBodyH1 / extractBodyFirstProse &gt; skips aggregator ICD-203 / Run-metadata / Purpose-banner paragraphs" time="0.001464527">
        </testcase>
        <testcase classname="test/unit/backport-article-seo.test.js" name="extractBodyH1 / extractBodyFirstProse &gt; decodes HTML entities so the output is plain prose" time="0.000309779">
        </testcase>
        <testcase classname="test/unit/backport-article-seo.test.js" name="isGenericBodyH1 &gt; flags historic template H1s as generic" time="0.000746781">
        </testcase>
        <testcase classname="test/unit/backport-article-seo.test.js" name="isGenericBodyH1 &gt; flags the pure `&lt;Phrase&gt; — &lt;ISO-date&gt;` aggregator default form even with a run-suffixed articleType" time="0.000836146">
        </testcase>
        <testcase classname="test/unit/backport-article-seo.test.js" name="isGenericBodyH1 &gt; accepts real editorial headlines" time="0.000272463">
        </testcase>
        <testcase classname="test/unit/backport-article-seo.test.js" name="truncateUpto &gt; returns the input unchanged when under the cap" time="0.000311922">
        </testcase>
        <testcase classname="test/unit/backport-article-seo.test.js" name="truncateUpto &gt; clips on a word boundary and appends an ellipsis" time="0.000484684">
        </testcase>
        <testcase classname="test/unit/backport-article-seo.test.js" name="deriveMetadataForFile — full pipeline &gt; replaces a generic historic H1 with a body-derived editorial highlight" time="0.004401944">
        </testcase>
        <testcase classname="test/unit/backport-article-seo.test.js" name="deriveMetadataForFile — full pipeline &gt; keeps a rich editorial H1 when one already exists" time="0.001369623">
        </testcase>
        <testcase classname="test/unit/backport-article-seo.test.js" name="deriveMetadataForFile — full pipeline &gt; falls back to template metadata when body has no prose" time="0.000544895">
        </testcase>
        <testcase classname="test/unit/backport-article-seo.test.js" name="deriveMetadataForFile — full pipeline &gt; uses the localized template when body language does not match filename language" time="0.00120877">
        </testcase>
        <testcase classname="test/unit/backport-article-seo.test.js" name="deriveMetadataForFile — full pipeline &gt; mines the body when its `&lt;html lang&gt;` matches the filename language" time="0.000733631">
        </testcase>
        <testcase classname="test/unit/backport-article-seo.test.js" name="rewriteHtml — idempotency + surface coverage &gt; rewrites every SEO-facing region but leaves the body untouched" time="0.003438466">
        </testcase>
        <testcase classname="test/unit/backport-article-seo.test.js" name="rewriteHtml — idempotency + surface coverage &gt; is idempotent — rewriting twice with the same metadata produces byte-identical output" time="0.001099705">
        </testcase>
        <testcase classname="test/unit/backport-article-seo.test.js" name="rewriteHtml — idempotency + surface coverage &gt; HTML-escapes special characters in new metadata values" time="0.000906413">
        </testcase>
        <testcase classname="test/unit/backport-article-seo.test.js" name="rewriteHtml — idempotency + surface coverage &gt; preserves the original &lt;head&gt; structure for tags we do not rewrite" time="0.000747641">
        </testcase>
        <testcase classname="test/unit/backport-article-seo.test.js" name="rewriteHtml — idempotency + surface coverage &gt; correctly rewrites meta tags whose existing content contains apostrophes" time="0.001072754">
        </testcase>
        <testcase classname="test/unit/backport-article-seo.test.js" name="parseArgs — CLI argument parsing branches &gt; returns defaults when no arguments are supplied" time="0.000644075">
        </testcase>
        <testcase classname="test/unit/backport-article-seo.test.js" name="parseArgs — CLI argument parsing branches &gt; --apply sets apply=true" time="0.001077511">
        </testcase>
        <testcase classname="test/unit/backport-article-seo.test.js" name="parseArgs — CLI argument parsing branches &gt; --dry-run resets apply to false even after --apply" time="0.00023802">
        </testcase>
        <testcase classname="test/unit/backport-article-seo.test.js" name="parseArgs — CLI argument parsing branches &gt; --dir consumes the next positional as a path" time="0.000378103">
        </testcase>
        <testcase classname="test/unit/backport-article-seo.test.js" name="parseArgs — CLI argument parsing branches &gt; --dir without a value throws" time="0.001353979">
        </testcase>
        <testcase classname="test/unit/backport-article-seo.test.js" name="parseArgs — CLI argument parsing branches &gt; --only splits comma lists into a Set and trims whitespace" time="0.000499567">
        </testcase>
        <testcase classname="test/unit/backport-article-seo.test.js" name="parseArgs — CLI argument parsing branches &gt; --only without a value throws" time="0.000349038">
        </testcase>
        <testcase classname="test/unit/backport-article-seo.test.js" name="parseArgs — CLI argument parsing branches &gt; unknown flags throw with a helpful message" time="0.000352373">
        </testcase>
        <testcase classname="test/unit/backport-article-seo.test.js" name="listArticleFiles — filesystem walk skip branches &gt; returns the parsed entries for well-formed filenames only" time="0.001693303">
        </testcase>
        <testcase classname="test/unit/backport-article-seo.test.js" name="chooseTitle — tier fallback branches &gt; returns the body H1 when it is non-generic" time="0.000285633">
        </testcase>
        <testcase classname="test/unit/backport-article-seo.test.js" name="chooseTitle — tier fallback branches &gt; falls back to prose first-sentence when the H1 is generic" time="0.00026405">
        </testcase>
        <testcase classname="test/unit/backport-article-seo.test.js" name="chooseTitle — tier fallback branches &gt; falls back to the template when neither H1 nor prose are usable" time="0.000259964">
        </testcase>
        <testcase classname="test/unit/backport-article-seo.test.js" name="chooseTitle — tier fallback branches &gt; skips a too-short first sentence and returns the template" time="0.000176818">
        </testcase>
        <testcase classname="test/unit/backport-article-seo.test.js" name="isGenericBodyH1 — historic + date-suffix patterns &gt; flags each known historic-era title verbatim" time="0.000868104">
        </testcase>
        <testcase classname="test/unit/backport-article-seo.test.js" name="isGenericBodyH1 — historic + date-suffix patterns &gt; flags historic templates when they carry a suffix" time="0.000254816">
        </testcase>
        <testcase classname="test/unit/backport-article-seo.test.js" name="isGenericBodyH1 — historic + date-suffix patterns &gt; flags the &quot;&lt;Short-Phrase&gt; — &lt;ISO-date&gt;&quot; form even for run-suffixed types" time="0.000309979">
        </testcase>
        <testcase classname="test/unit/backport-article-seo.test.js" name="isGenericBodyH1 — historic + date-suffix patterns &gt; returns false for a genuinely editorial headline" time="0.000286123">
        </testcase>
        <testcase classname="test/unit/backport-article-seo.test.js" name="extractFirstSentence — boundary + cap branches &gt; returns the first sentence up to the first terminator" time="0.000199361">
        </testcase>
        <testcase classname="test/unit/backport-article-seo.test.js" name="extractFirstSentence — boundary + cap branches &gt; supports ! and ? as sentence terminators" time="0.000240625">
        </testcase>
        <testcase classname="test/unit/backport-article-seo.test.js" name="extractFirstSentence — boundary + cap branches &gt; returns the whole prose when no terminator is present and within cap" time="0.000175565">
        </testcase>
        <testcase classname="test/unit/backport-article-seo.test.js" name="extractFirstSentence — boundary + cap branches &gt; truncates long sentences with an ellipsis at word boundary" time="0.000355018">
        </testcase>
        <testcase classname="test/unit/backport-article-seo.test.js" name="truncateUpto — boundary branches &gt; returns unchanged text when within cap" time="0.000235005">
        </testcase>
        <testcase classname="test/unit/backport-article-seo.test.js" name="truncateUpto — boundary branches &gt; trims mid-word breaks to the last space" time="0.000486997">
        </testcase>
        <testcase classname="test/unit/backport-article-seo.test.js" name="truncateUpto — boundary branches &gt; falls through to raw slice when no word boundary is near the cap" time="0.000214715">
        </testcase>
        <testcase classname="test/unit/backport-article-seo.test.js" name="truncateUpto — boundary branches &gt; strips trailing punctuation before the ellipsis" time="0.000267796">
        </testcase>
        <testcase classname="test/unit/backport-article-seo.test.js" name="pickLangEntry — safe map lookup &gt; returns the language-specific entry when present" time="0.000249759">
        </testcase>
        <testcase classname="test/unit/backport-article-seo.test.js" name="pickLangEntry — safe map lookup &gt; falls back to en when the requested language is absent" time="0.000308497">
        </testcase>
        <testcase classname="test/unit/backport-article-seo.test.js" name="pickLangEntry — safe map lookup &gt; returns empty strings when neither lang nor en is present" time="0.000213854">
        </testcase>
        <testcase classname="test/unit/backport-article-seo.test.js" name="pickLangEntry — safe map lookup &gt; is immune to prototype-pollution lookup keys" time="0.000270349">
        </testcase>
        <testcase classname="test/unit/backport-article-seo.test.js" name="decodeEntities — named + numeric branches &gt; decodes common named entities" time="0.000235257">
        </testcase>
        <testcase classname="test/unit/backport-article-seo.test.js" name="decodeEntities — named + numeric branches &gt; decodes typographic named entities" time="0.000268036">
        </testcase>
        <testcase classname="test/unit/backport-article-seo.test.js" name="decodeEntities — named + numeric branches &gt; decodes diacritic named entities" time="0.000180964">
        </testcase>
        <testcase classname="test/unit/backport-article-seo.test.js" name="decodeEntities — named + numeric branches &gt; decodes decimal numeric entities" time="0.000217128">
        </testcase>
        <testcase classname="test/unit/backport-article-seo.test.js" name="decodeEntities — named + numeric branches &gt; decodes hex numeric entities" time="0.000247205">
        </testcase>
        <testcase classname="test/unit/backport-article-seo.test.js" name="decodeEntities — named + numeric branches &gt; leaves unknown entities verbatim" time="0.00022412">
        </testcase>
        <testcase classname="test/unit/backport-article-seo.test.js" name="extractBodySecondProse — selection branches &gt; returns the second paragraph of substantial prose" time="0.000266053">
        </testcase>
        <testcase classname="test/unit/backport-article-seo.test.js" name="extractBodySecondProse — selection branches &gt; returns empty string when fewer than two paragraphs qualify" time="0.000203438">
        </testcase>
        <testcase classname="test/unit/backport-article-seo.test.js" name="extractBodySecondProse — selection branches &gt; ignores paragraphs inside the article header and nav" time="0.000481579">
        </testcase>
    </testsuite>
    <testsuite name="test/unit/clean-artifact.test.js" timestamp="2026-05-04T23:04:20.600Z" hostname="runnervmeorf1" tests="30" failures="0" errors="0" skipped="0" time="0.01826363">
        <testcase classname="test/unit/clean-artifact.test.js" name="stripFrontMatter &gt; removes a leading YAML block" time="0.002715722">
        </testcase>
        <testcase classname="test/unit/clean-artifact.test.js" name="stripFrontMatter &gt; ignores a document with no front-matter" time="0.00021753">
        </testcase>
        <testcase classname="test/unit/clean-artifact.test.js" name="stripFrontMatter &gt; only strips the leading block, not later separators" time="0.000374617">
        </testcase>
        <testcase classname="test/unit/clean-artifact.test.js" name="stripBanners &gt; removes document-owner and shields.io banners with trailing HR" time="0.001024711">
        </testcase>
        <testcase classname="test/unit/clean-artifact.test.js" name="stripBanners &gt; leaves content-only documents untouched" time="0.00030332">
        </testcase>
        <testcase classname="test/unit/clean-artifact.test.js" name="demoteHeadings &gt; removes H1 and demotes H2 to H3, H3 to H4" time="0.000808995">
        </testcase>
        <testcase classname="test/unit/clean-artifact.test.js" name="demoteHeadings &gt; preserves headings inside fenced code blocks" time="0.000357451">
        </testcase>
        <testcase classname="test/unit/clean-artifact.test.js" name="demoteHeadings &gt; handles H6 by clamping at H6 (no H7)" time="0.000276969">
        </testcase>
        <testcase classname="test/unit/clean-artifact.test.js" name="demoteHeadings &gt; drops setext H1 (underline form)" time="0.000916878">
        </testcase>
        <testcase classname="test/unit/clean-artifact.test.js" name="resolveLink + rewriteLinks &gt; converts relative .md targets to GitHub blob URLs" time="0.000666479">
        </testcase>
        <testcase classname="test/unit/clean-artifact.test.js" name="resolveLink + rewriteLinks &gt; preserves absolute URLs" time="0.000248236">
        </testcase>
        <testcase classname="test/unit/clean-artifact.test.js" name="resolveLink + rewriteLinks &gt; preserves anchors" time="0.000162736">
        </testcase>
        <testcase classname="test/unit/clean-artifact.test.js" name="resolveLink + rewriteLinks &gt; preserves mailto and tel" time="0.000135175">
        </testcase>
        <testcase classname="test/unit/clean-artifact.test.js" name="resolveLink + rewriteLinks &gt; rewrites inline link in prose line" time="0.000670506">
        </testcase>
        <testcase classname="test/unit/clean-artifact.test.js" name="resolveLink + rewriteLinks &gt; leaves links inside fenced code blocks alone" time="0.000275758">
        </testcase>
        <testcase classname="test/unit/clean-artifact.test.js" name="resolveLink + rewriteLinks &gt; preserves link title attribute" time="0.000184239">
        </testcase>
        <testcase classname="test/unit/clean-artifact.test.js" name="dedupMermaid &gt; replaces duplicate mermaid blocks with a cross-reference comment" time="0.000622242">
        </testcase>
        <testcase classname="test/unit/clean-artifact.test.js" name="dedupMermaid &gt; keeps distinct mermaid blocks" time="0.000294216">
        </testcase>
        <testcase classname="test/unit/clean-artifact.test.js" name="stripSpdxTags &gt; removes italicised SPDX footer lines (markdown-it would otherwise emit &lt;em&gt;…&lt;/em&gt;&lt;/p&gt; and break REUSE)" time="0.000542571">
        </testcase>
        <testcase classname="test/unit/clean-artifact.test.js" name="stripSpdxTags &gt; strips HTML-comment SPDX headers and FileCopyrightText lines" time="0.000280865">
        </testcase>
        <testcase classname="test/unit/clean-artifact.test.js" name="stripSpdxTags &gt; is a no-op when no SPDX tag is present" time="0.000245291">
        </testcase>
        <testcase classname="test/unit/clean-artifact.test.js" name="cleanArtifact end-to-end &gt; applies every pass and returns deterministic output" time="0.001235691">
        </testcase>
        <testcase classname="test/unit/clean-artifact.test.js" name="cleanArtifact end-to-end &gt; also strips SPDX footer lines via the cleanArtifact pipeline" time="0.000336349">
        </testcase>
        <testcase classname="test/unit/clean-artifact.test.js" name="cleanArtifact end-to-end &gt; shares mermaid dedup state across two invocations" time="0.000325844">
        </testcase>
        <testcase classname="test/unit/clean-artifact.test.js" name="cleanArtifact end-to-end &gt; strips the metadata preamble and reflects it in strippedMetaLines" time="0.000517043">
        </testcase>
        <testcase classname="test/unit/clean-artifact.test.js" name="stripArtifactMetadataPreamble &gt; strips a **Run:** / **Window:** block followed by a standalone ---" time="0.000355118">
        </testcase>
        <testcase classname="test/unit/clean-artifact.test.js" name="stripArtifactMetadataPreamble &gt; strips block with no trailing --- (stops at first non-metadata line)" time="0.000328978">
        </testcase>
        <testcase classname="test/unit/clean-artifact.test.js" name="stripArtifactMetadataPreamble &gt; leaves content-only documents untouched (no leading metadata)" time="0.000487638">
        </testcase>
        <testcase classname="test/unit/clean-artifact.test.js" name="stripArtifactMetadataPreamble &gt; counts lines removed correctly" time="0.00025715">
        </testcase>
        <testcase classname="test/unit/clean-artifact.test.js" name="stripArtifactMetadataPreamble &gt; returns { lines: 0 } for a document starting with a blank line then non-metadata" time="0.000200965">
        </testcase>
    </testsuite>
    <testsuite name="test/unit/cli-parse.test.js" timestamp="2026-05-04T23:04:20.605Z" hostname="runnervmeorf1" tests="26" failures="0" errors="0" skipped="0" time="0.016878343">
        <testcase classname="test/unit/cli-parse.test.js" name="parseCliArgsSafe — kind:&quot;options&quot; happy paths &gt; accepts --run with a space-separated value" time="0.003801175">
        </testcase>
        <testcase classname="test/unit/cli-parse.test.js" name="parseCliArgsSafe — kind:&quot;options&quot; happy paths &gt; accepts --run=PATH inline-style" time="0.000537604">
        </testcase>
        <testcase classname="test/unit/cli-parse.test.js" name="parseCliArgsSafe — kind:&quot;options&quot; happy paths &gt; accepts the --analysis-dir alias" time="0.000294366">
        </testcase>
        <testcase classname="test/unit/cli-parse.test.js" name="parseCliArgsSafe — kind:&quot;options&quot; happy paths &gt; accepts --all without --run" time="0.000401208">
        </testcase>
        <testcase classname="test/unit/cli-parse.test.js" name="parseCliArgsSafe — kind:&quot;options&quot; happy paths &gt; collects repeated --lang flags" time="0.001166556">
        </testcase>
        <testcase classname="test/unit/cli-parse.test.js" name="parseCliArgsSafe — kind:&quot;options&quot; happy paths &gt; accepts the --language alias" time="0.000492205">
        </testcase>
        <testcase classname="test/unit/cli-parse.test.js" name="parseCliArgsSafe — kind:&quot;options&quot; happy paths &gt; honours --markdown-only" time="0.000261907">
        </testcase>
        <testcase classname="test/unit/cli-parse.test.js" name="parseCliArgsSafe — kind:&quot;options&quot; happy paths &gt; honours --since" time="0.000551545">
        </testcase>
        <testcase classname="test/unit/cli-parse.test.js" name="parseCliArgsSafe — kind:&quot;options&quot; happy paths &gt; honours --title and --description" time="0.00051576">
        </testcase>
        <testcase classname="test/unit/cli-parse.test.js" name="parseCliArgsSafe — kind:&quot;options&quot; happy paths &gt; honours the --output alias for --out-dir" time="0.00026436">
        </testcase>
        <testcase classname="test/unit/cli-parse.test.js" name="parseCliArgsSafe — kind:&quot;options&quot; happy paths &gt; defaults langs to ALL_LANGUAGES when none specified" time="0.000325583">
        </testcase>
        <testcase classname="test/unit/cli-parse.test.js" name="parseCliArgsSafe — kind:&quot;help&quot; &gt; returns kind:&quot;help&quot; for --help" time="0.000718959">
        </testcase>
        <testcase classname="test/unit/cli-parse.test.js" name="parseCliArgsSafe — kind:&quot;help&quot; &gt; returns kind:&quot;help&quot; for -h shorthand" time="0.000191871">
        </testcase>
        <testcase classname="test/unit/cli-parse.test.js" name="parseCliArgsSafe — kind:&quot;help&quot; &gt; short-circuits even when other flags follow --help" time="0.000320455">
        </testcase>
        <testcase classname="test/unit/cli-parse.test.js" name="parseCliArgsSafe — kind:&quot;help&quot; &gt; exposes HELP_TEXT as a non-empty string with all documented aliases" time="0.001175049">
        </testcase>
        <testcase classname="test/unit/cli-parse.test.js" name="parseCliArgsSafe — kind:&quot;error&quot; &gt; errors when neither --run nor --all is provided" time="0.000323981">
        </testcase>
        <testcase classname="test/unit/cli-parse.test.js" name="parseCliArgsSafe — kind:&quot;error&quot; &gt; errors when --run path does not exist" time="0.000199952">
        </testcase>
        <testcase classname="test/unit/cli-parse.test.js" name="parseCliArgsSafe — kind:&quot;error&quot; &gt; errors on unknown flags" time="0.000267315">
        </testcase>
        <testcase classname="test/unit/cli-parse.test.js" name="parseCliArgsSafe — kind:&quot;error&quot; &gt; errors on unsupported language codes" time="0.000275758">
        </testcase>
        <testcase classname="test/unit/cli-parse.test.js" name="parseCliArgsSafe — kind:&quot;error&quot; &gt; errors on malformed --since date" time="0.000280615">
        </testcase>
        <testcase classname="test/unit/cli-parse.test.js" name="parseCliArgsSafe — kind:&quot;error&quot; &gt; errors when a value-bearing flag has no value" time="0.000246894">
        </testcase>
        <testcase classname="test/unit/cli-parse.test.js" name="parseCliArgsSafe — kind:&quot;error&quot; &gt; errors when --title is provided without a value" time="0.000239632">
        </testcase>
        <testcase classname="test/unit/cli-parse.test.js" name="parseCliArgsSafe — kind:&quot;error&quot; &gt; errors when an inline `--flag=` form has an empty value" time="0.000240414">
        </testcase>
        <testcase classname="test/unit/cli-parse.test.js" name="parseCliArgsSafe — kind:&quot;error&quot; &gt; errors on empty inline value for --lang=" time="0.000259924">
        </testcase>
        <testcase classname="test/unit/cli-parse.test.js" name="parseCliArgsSafe — kind:&quot;error&quot; &gt; errors on empty inline value for --since=" time="0.000273043">
        </testcase>
        <testcase classname="test/unit/cli-parse.test.js" name="parseCliArgsSafe — kind:&quot;error&quot; &gt; does not call process.exit on --help (testable without spy)" time="0.000192282">
        </testcase>
    </testsuite>
    <testsuite name="test/unit/content-metadata.test.js" timestamp="2026-05-04T23:04:20.609Z" hostname="runnervmeorf1" tests="15" failures="0" errors="0" skipped="0" time="0.014537379">
        <testcase classname="test/unit/content-metadata.test.js" name="content-metadata &gt; enrichMetadataFromContent &gt; should enrich title with content-derived heading when available" time="0.005295818">
        </testcase>
        <testcase classname="test/unit/content-metadata.test.js" name="content-metadata &gt; enrichMetadataFromContent &gt; should use lede paragraph as description" time="0.000870648">
        </testcase>
        <testcase classname="test/unit/content-metadata.test.js" name="content-metadata &gt; enrichMetadataFromContent &gt; should use section lede paragraph as description" time="0.000430802">
        </testcase>
        <testcase classname="test/unit/content-metadata.test.js" name="content-metadata &gt; enrichMetadataFromContent &gt; should fall back to base subtitle when content has no lede" time="0.000767301">
        </testcase>
        <testcase classname="test/unit/content-metadata.test.js" name="content-metadata &gt; enrichMetadataFromContent &gt; should extract committee abbreviations as keywords" time="0.001306719">
        </testcase>
        <testcase classname="test/unit/content-metadata.test.js" name="content-metadata &gt; enrichMetadataFromContent &gt; should extract political group names as keywords" time="0.000584394">
        </testcase>
        <testcase classname="test/unit/content-metadata.test.js" name="content-metadata &gt; enrichMetadataFromContent &gt; should extract headings as keywords" time="0.000251561">
        </testcase>
        <testcase classname="test/unit/content-metadata.test.js" name="content-metadata &gt; enrichMetadataFromContent &gt; should extract headings with nested markup" time="0.000406005">
        </testcase>
        <testcase classname="test/unit/content-metadata.test.js" name="content-metadata &gt; enrichMetadataFromContent &gt; should preserve base keywords" time="0.00034391">
        </testcase>
        <testcase classname="test/unit/content-metadata.test.js" name="content-metadata &gt; enrichMetadataFromContent &gt; should preserve base category" time="0.000221916">
        </testcase>
        <testcase classname="test/unit/content-metadata.test.js" name="content-metadata &gt; enrichMetadataFromContent &gt; should not modify title if it already has a long suffix" time="0.000266874">
        </testcase>
        <testcase classname="test/unit/content-metadata.test.js" name="content-metadata &gt; enrichMetadataFromContent &gt; should extract statistics from content for title suffix" time="0.000417401">
        </testcase>
        <testcase classname="test/unit/content-metadata.test.js" name="content-metadata &gt; enrichMetadataFromContent &gt; should limit description to 200 characters" time="0.000473317">
        </testcase>
        <testcase classname="test/unit/content-metadata.test.js" name="content-metadata &gt; enrichMetadataFromContent &gt; should limit keywords to 15" time="0.000333765">
        </testcase>
        <testcase classname="test/unit/content-metadata.test.js" name="content-metadata &gt; enrichMetadataFromContent &gt; should deduplicate keywords" time="0.000192121">
        </testcase>
    </testsuite>
    <testsuite name="test/unit/election-imminent-scheduler.test.js" timestamp="2026-05-04T23:04:20.611Z" hostname="runnervmeorf1" tests="14" failures="0" errors="0" skipped="0" time="0.008577289">
        <testcase classname="test/unit/election-imminent-scheduler.test.js" name="election-imminent-scheduler &gt; computeElectionTier &gt; should return NONE when daysToElection &gt; 180" time="0.002523132">
        </testcase>
        <testcase classname="test/unit/election-imminent-scheduler.test.js" name="election-imminent-scheduler &gt; computeElectionTier &gt; should return T-180 when 180 &gt;= daysToElection &gt; 90" time="0.000268485">
        </testcase>
        <testcase classname="test/unit/election-imminent-scheduler.test.js" name="election-imminent-scheduler &gt; computeElectionTier &gt; should return T-90 when 90 &gt;= daysToElection &gt; 30" time="0.000252401">
        </testcase>
        <testcase classname="test/unit/election-imminent-scheduler.test.js" name="election-imminent-scheduler &gt; computeElectionTier &gt; should return T-30 when 0 &lt;= daysToElection &lt;= 30" time="0.000302337">
        </testcase>
        <testcase classname="test/unit/election-imminent-scheduler.test.js" name="election-imminent-scheduler &gt; computeElectionTier &gt; should return NONE when daysToElection &lt; 0 (post-election guard)" time="0.000262697">
        </testcase>
        <testcase classname="test/unit/election-imminent-scheduler.test.js" name="election-imminent-scheduler &gt; computeElectionTier &gt; should return NONE well after election end" time="0.000161063">
        </testcase>
        <testcase classname="test/unit/election-imminent-scheduler.test.js" name="election-imminent-scheduler &gt; shouldDispatchForTier &gt; should never dispatch for NONE tier" time="0.000424551">
        </testcase>
        <testcase classname="test/unit/election-imminent-scheduler.test.js" name="election-imminent-scheduler &gt; shouldDispatchForTier &gt; should dispatch only on Monday for T-180 tier" time="0.000424041">
        </testcase>
        <testcase classname="test/unit/election-imminent-scheduler.test.js" name="election-imminent-scheduler &gt; shouldDispatchForTier &gt; should dispatch on Monday and Thursday for T-90 tier" time="0.000508688">
        </testcase>
        <testcase classname="test/unit/election-imminent-scheduler.test.js" name="election-imminent-scheduler &gt; shouldDispatchForTier &gt; should dispatch every day for T-30 tier" time="0.000393314">
[...]
        <testcase classname="test/unit/constants/committee-indicator-map.test.js" name="committee-indicator-map &gt; getCategoryIndicators &gt; should fall back to BREAKING_NEWS for an unknown category" time="0.000172431">
        </testcase>
        <testcase classname="test/unit/constants/committee-indicator-map.test.js" name="committee-indicator-map &gt; getCategoryIndicators &gt; should return object with maxWBCalls" time="0.000174975">
        </testcase>
        <testcase classname="test/unit/constants/committee-indicator-map.test.js" name="committee-indicator-map &gt; getCategoryIndicators &gt; should return indicators for DEEP_ANALYSIS category" time="0.000221675">
        </testcase>
        <testcase classname="test/unit/constants/committee-indicator-map.test.js" name="committee-indicator-map &gt; getCategoryIndicators &gt; should return indicators for ELECTION_CYCLE category" time="0.000185511">
        </testcase>
        <testcase classname="test/unit/constants/committee-indicator-map.test.js" name="committee-indicator-map &gt; getIndicatorIdsForCommittees &gt; should return unique indicator IDs for a single committee" time="0.000419956">
        </testcase>
        <testcase classname="test/unit/constants/committee-indicator-map.test.js" name="committee-indicator-map &gt; getIndicatorIdsForCommittees &gt; should deduplicate IDs when committees share indicators" time="0.000184179">
        </testcase>
        <testcase classname="test/unit/constants/committee-indicator-map.test.js" name="committee-indicator-map &gt; getIndicatorIdsForCommittees &gt; should return more IDs for multiple committees than for one" time="0.000220584">
        </testcase>
        <testcase classname="test/unit/constants/committee-indicator-map.test.js" name="committee-indicator-map &gt; getIndicatorIdsForCommittees &gt; should return only primary indicator IDs when primaryOnly=true" time="0.000225332">
        </testcase>
        <testcase classname="test/unit/constants/committee-indicator-map.test.js" name="committee-indicator-map &gt; getIndicatorIdsForCommittees &gt; should return empty array for unknown committees" time="0.000264501">
        </testcase>
        <testcase classname="test/unit/constants/committee-indicator-map.test.js" name="committee-indicator-map &gt; getIndicatorIdsForCommittees &gt; should return empty array for empty input" time="0.00023157">
        </testcase>
        <testcase classname="test/unit/constants/committee-indicator-map.test.js" name="committee-indicator-map &gt; getIndicatorIdsForCommittees &gt; should handle a mix of valid and invalid committees" time="0.000187013">
        </testcase>
        <testcase classname="test/unit/constants/committee-indicator-map.test.js" name="committee-indicator-map &gt; getIndicatorIdsForCommittees &gt; should work with lowercase committee abbreviations" time="0.000249507">
        </testcase>
        <testcase classname="test/unit/constants/committee-indicator-map.test.js" name="committee-indicator-map &gt; getAllCategoryIndicatorIds &gt; should return unique IDs for PROPOSITIONS category" time="0.000331262">
        </testcase>
        <testcase classname="test/unit/constants/committee-indicator-map.test.js" name="committee-indicator-map &gt; getAllCategoryIndicatorIds &gt; should return IDs for MONTH_AHEAD category" time="0.000167343">
        </testcase>
        <testcase classname="test/unit/constants/committee-indicator-map.test.js" name="committee-indicator-map &gt; getAllCategoryIndicatorIds &gt; should include both primary and secondary indicator IDs" time="0.000491584">
        </testcase>
        <testcase classname="test/unit/constants/committee-indicator-map.test.js" name="committee-indicator-map &gt; getAllCategoryIndicatorIds &gt; should return more IDs than just primary indicators" time="0.000230429">
        </testcase>
        <testcase classname="test/unit/constants/committee-indicator-map.test.js" name="committee-indicator-map &gt; getAllCategoryIndicatorIds &gt; should deduplicate IDs (no repeated indicators)" time="0.000174514">
        </testcase>
        <testcase classname="test/unit/constants/committee-indicator-map.test.js" name="committee-indicator-map &gt; getAllCategoryIndicatorIds &gt; should fall back gracefully for unknown category (uses BREAKING_NEWS fallback)" time="0.000215827">
        </testcase>
        <testcase classname="test/unit/constants/committee-indicator-map.test.js" name="committee-indicator-map &gt; getAllCategoryIndicatorIds &gt; should return IDs in array format" time="0.000299864">
        </testcase>
    </testsuite>
    <testsuite name="test/unit/constants/footer-labels.test.js" timestamp="2026-05-04T23:04:20.984Z" hostname="runnervmeorf1" tests="38" failures="0" errors="0" skipped="0" time="0.0751967">
        <testcase classname="test/unit/constants/footer-labels.test.js" name="constants/footer-labels &gt; FOOTER_HOME_LABELS &gt; should have entries for all 14 languages" time="0.006501012">
        </testcase>
        <testcase classname="test/unit/constants/footer-labels.test.js" name="constants/footer-labels &gt; FOOTER_HOME_LABELS &gt; should have non-empty string values for all 14 languages" time="0.001497046">
        </testcase>
        <testcase classname="test/unit/constants/footer-labels.test.js" name="constants/footer-labels &gt; FOOTER_SITEMAP_LABELS &gt; should have entries for all 14 languages" time="0.000454518">
        </testcase>
        <testcase classname="test/unit/constants/footer-labels.test.js" name="constants/footer-labels &gt; FOOTER_SITEMAP_LABELS &gt; should have non-empty string values for all 14 languages" time="0.00074581">
        </testcase>
        <testcase classname="test/unit/constants/footer-labels.test.js" name="constants/footer-labels &gt; FOOTER_RSS_LABELS &gt; should have entries for all 14 languages" time="0.000463642">
        </testcase>
        <testcase classname="test/unit/constants/footer-labels.test.js" name="constants/footer-labels &gt; FOOTER_RSS_LABELS &gt; should have non-empty string values for all 14 languages" time="0.001069389">
        </testcase>
        <testcase classname="test/unit/constants/footer-labels.test.js" name="constants/footer-labels &gt; FOOTER_GITHUB_REPO_LABELS &gt; should have entries for all 14 languages" time="0.000630465">
        </testcase>
        <testcase classname="test/unit/constants/footer-labels.test.js" name="constants/footer-labels &gt; FOOTER_GITHUB_REPO_LABELS &gt; should have non-empty string values for all 14 languages" time="0.0010504">
        </testcase>
        <testcase classname="test/unit/constants/footer-labels.test.js" name="constants/footer-labels &gt; FOOTER_LICENSE_LABELS &gt; should have entries for all 14 languages" time="0.00055441">
        </testcase>
        <testcase classname="test/unit/constants/footer-labels.test.js" name="constants/footer-labels &gt; FOOTER_LICENSE_LABELS &gt; should have non-empty string values for all 14 languages" time="0.001032463">
        </testcase>
        <testcase classname="test/unit/constants/footer-labels.test.js" name="constants/footer-labels &gt; FOOTER_EUROPARL_LABELS &gt; should have entries for all 14 languages" time="0.000667571">
        </testcase>
        <testcase classname="test/unit/constants/footer-labels.test.js" name="constants/footer-labels &gt; FOOTER_EUROPARL_LABELS &gt; should have non-empty string values for all 14 languages" time="0.00105045">
        </testcase>
        <testcase classname="test/unit/constants/footer-labels.test.js" name="constants/footer-labels &gt; FOOTER_LINKEDIN_LABELS &gt; should have entries for all 14 languages" time="0.000427127">
        </testcase>
        <testcase classname="test/unit/constants/footer-labels.test.js" name="constants/footer-labels &gt; FOOTER_LINKEDIN_LABELS &gt; should have non-empty string values for all 14 languages" time="0.000590063">
        </testcase>
        <testcase classname="test/unit/constants/footer-labels.test.js" name="constants/footer-labels &gt; FOOTER_SECURITY_POLICY_LABELS &gt; should have entries for all 14 languages" time="0.00039634">
        </testcase>
        <testcase classname="test/unit/constants/footer-labels.test.js" name="constants/footer-labels &gt; FOOTER_SECURITY_POLICY_LABELS &gt; should have non-empty string values for all 14 languages" time="0.000604025">
        </testcase>
        <testcase classname="test/unit/constants/footer-labels.test.js" name="constants/footer-labels &gt; FOOTER_CONTACT_LABELS &gt; should have entries for all 14 languages" time="0.000334156">
        </testcase>
        <testcase classname="test/unit/constants/footer-labels.test.js" name="constants/footer-labels &gt; FOOTER_CONTACT_LABELS &gt; should have non-empty string values for all 14 languages" time="0.000728833">
        </testcase>
        <testcase classname="test/unit/constants/footer-labels.test.js" name="constants/footer-labels &gt; FOOTER_DISCLAIMER_LABELS &gt; should have entries for all 14 languages" time="0.000510763">
        </testcase>
        <testcase classname="test/unit/constants/footer-labels.test.js" name="constants/footer-labels &gt; FOOTER_DISCLAIMER_LABELS &gt; should have non-empty string values for all 14 languages" time="0.001046043">
        </testcase>
        <testcase classname="test/unit/constants/footer-labels.test.js" name="constants/footer-labels &gt; FOOTER_REPORT_ISSUES_LABELS &gt; should have entries for all 14 languages" time="0.000675122">
        </testcase>
        <testcase classname="test/unit/constants/footer-labels.test.js" name="constants/footer-labels &gt; FOOTER_REPORT_ISSUES_LABELS &gt; should have non-empty string values for all 14 languages" time="0.001100727">
        </testcase>
        <testcase classname="test/unit/constants/footer-labels.test.js" name="constants/footer-labels &gt; FOOTER_ARTICLES_AVAILABLE_LABELS &gt; should have entries for all 14 languages" time="0.000541339">
        </testcase>
        <testcase classname="test/unit/constants/footer-labels.test.js" name="constants/footer-labels &gt; FOOTER_ARTICLES_AVAILABLE_LABELS &gt; should have non-empty string values for all 14 languages" time="0.000866762">
        </testcase>
        <testcase classname="test/unit/constants/footer-labels.test.js" name="constants/footer-labels &gt; LANGUAGE_SELECTION_ARIA_LABELS &gt; should have entries for all 14 languages" time="0.000458114">
        </testcase>
        <testcase classname="test/unit/constants/footer-labels.test.js" name="constants/footer-labels &gt; LANGUAGE_SELECTION_ARIA_LABELS &gt; should have non-empty string values for all 14 languages" time="0.000986033">
        </testcase>
        <testcase classname="test/unit/constants/footer-labels.test.js" name="constants/footer-labels &gt; FOOTER_TRUST_BADGES_ARIA_LABELS &gt; should have entries for all 14 languages" time="0.000907955">
        </testcase>
        <testcase classname="test/unit/constants/footer-labels.test.js" name="constants/footer-labels &gt; FOOTER_TRUST_BADGES_ARIA_LABELS &gt; should have non-empty string values for all 14 languages" time="0.000867935">
        </testcase>
        <testcase classname="test/unit/constants/footer-labels.test.js" name="constants/footer-labels &gt; FOOTER_ARTICLES_AVAILABLE_LABELS &gt; should contain {count} placeholder in all languages" time="0.000973944">
        </testcase>
        <testcase classname="test/unit/constants/footer-labels.test.js" name="constants/footer-labels &gt; buildSiteFooter integration &gt; should export buildSiteFooter from section-builders" time="0.038682178">
        </testcase>
        <testcase classname="test/unit/constants/footer-labels.test.js" name="constants/footer-labels &gt; buildSiteFooter integration &gt; should render localized footer heading for German" time="0.001684621">
        </testcase>
        <testcase classname="test/unit/constants/footer-labels.test.js" name="constants/footer-labels &gt; buildSiteFooter integration &gt; should render localized footer heading for Arabic" time="0.000459335">
        </testcase>
        <testcase classname="test/unit/constants/footer-labels.test.js" name="constants/footer-labels &gt; buildSiteFooter integration &gt; should include articles count line when articleCount is provided" time="0.000357091">
        </testcase>
        <testcase classname="test/unit/constants/footer-labels.test.js" name="constants/footer-labels &gt; buildSiteFooter integration &gt; should omit articles count line when articleCount is not provided" time="0.000592638">
        </testcase>
        <testcase classname="test/unit/constants/footer-labels.test.js" name="constants/footer-labels &gt; buildSiteFooter integration &gt; should use correct pathPrefix for article pages" time="0.000398773">
        </testcase>
        <testcase classname="test/unit/constants/footer-labels.test.js" name="constants/footer-labels &gt; buildSiteFooter integration &gt; should use correct pathPrefix for index pages" time="0.000398713">
        </testcase>
        <testcase classname="test/unit/constants/footer-labels.test.js" name="constants/footer-labels &gt; buildSiteFooter integration &gt; should include all Hack23 ecosystem cross-links" time="0.000488599">
        </testcase>
        <testcase classname="test/unit/constants/footer-labels.test.js" name="constants/footer-labels &gt; buildSiteFooter integration &gt; should localize the trust-badges aria-label" time="0.000556473">
        </testcase>
    </testsuite>
    <testsuite name="test/unit/templates/site-header.test.js" timestamp="2026-05-04T23:04:20.989Z" hostname="runnervmeorf1" tests="11" failures="0" errors="0" skipped="0" time="0.065123369">
        <testcase classname="test/unit/templates/site-header.test.js" name="buildSiteHeader &gt; should render a Political Intelligence CTA in the header" time="0.059192918">
        </testcase>
        <testcase classname="test/unit/templates/site-header.test.js" name="buildSiteHeader &gt; should localize the Political Intelligence CTA label per language" time="0.00049651">
        </testcase>
        <testcase classname="test/unit/templates/site-header.test.js" name="buildSiteHeader &gt; should localize the language-switcher aria-label" time="0.0004369">
        </testcase>
        <testcase classname="test/unit/templates/site-header.test.js" name="buildSiteHeader &gt; should respect a politicalIntelligenceHref override" time="0.000240623">
        </testcase>
        <testcase classname="test/unit/templates/site-header.test.js" name="buildSiteHeader &gt; should suppress the Political Intelligence CTA when href is empty" time="0.000424792">
        </testcase>
        <testcase classname="test/unit/templates/site-header.test.js" name="buildSiteHeader &gt; should not emit extra whitespace when PI CTA is suppressed" time="0.000440565">
        </testcase>
        <testcase classname="test/unit/templates/site-header.test.js" name="buildSiteHeader &gt; should reject javascript: scheme in politicalIntelligenceHref and fall back to default" time="0.000242787">
        </testcase>
        <testcase classname="test/unit/templates/site-header.test.js" name="buildSiteHeader &gt; should reject data: scheme in politicalIntelligenceHref and fall back to default" time="0.000302938">
        </testcase>
        <testcase classname="test/unit/templates/site-header.test.js" name="buildSiteHeader &gt; should reject protocol-relative URL (//evil.example) and fall back to default" time="0.000433866">
        </testcase>
        <testcase classname="test/unit/templates/site-header.test.js" name="buildSiteHeader &gt; should allow a safe single-slash relative path" time="0.00051585">
        </testcase>
        <testcase classname="test/unit/templates/site-header.test.js" name="buildSiteHeader &gt; should reject backslash-prefixed URLs that browsers normalize to protocol-relative" time="0.000395007">
        </testcase>
    </testsuite>
    <testsuite name="test/unit/utils/metadata-utils.test.js" timestamp="2026-05-04T23:04:20.991Z" hostname="runnervmeorf1" tests="19" failures="0" errors="0" skipped="0" time="0.012674539">
        <testcase classname="test/unit/utils/metadata-utils.test.js" name="metadata-utils &gt; pl &gt; should return singular form for count === 1" time="0.003429611">
        </testcase>
        <testcase classname="test/unit/utils/metadata-utils.test.js" name="metadata-utils &gt; pl &gt; should return plural form for count === 0" time="0.000246192">
        </testcase>
        <testcase classname="test/unit/utils/metadata-utils.test.js" name="metadata-utils &gt; pl &gt; should return plural form for count &gt; 1" time="0.00042361">
        </testcase>
        <testcase classname="test/unit/utils/metadata-utils.test.js" name="metadata-utils &gt; pl &gt; should return plural form for negative counts" time="0.000290379">
        </testcase>
        <testcase classname="test/unit/utils/metadata-utils.test.js" name="metadata-utils &gt; pl &gt; should handle different singular/plural word pairs" time="0.000289828">
        </testcase>
        <testcase classname="test/unit/utils/metadata-utils.test.js" name="metadata-utils &gt; pl &gt; should work with identical singular and plural" time="0.000211419">
        </testcase>
        <testcase classname="test/unit/utils/metadata-utils.test.js" name="metadata-utils &gt; pl &gt; should handle large counts" time="0.000454767">
        </testcase>
        <testcase classname="test/unit/utils/metadata-utils.test.js" name="metadata-utils &gt; truncateTitle &gt; should return the title unchanged when within the limit" time="0.000293333">
        </testcase>
        <testcase classname="test/unit/utils/metadata-utils.test.js" name="metadata-utils &gt; truncateTitle &gt; should return the title unchanged when exactly at the limit (60 chars)" time="0.000215496">
        </testcase>
        <testcase classname="test/unit/utils/metadata-utils.test.js" name="metadata-utils &gt; truncateTitle &gt; should truncate titles longer than 60 characters with ellipsis" time="0.000216117">
        </testcase>
        <testcase classname="test/unit/utils/metadata-utils.test.js" name="metadata-utils &gt; truncateTitle &gt; should truncate to correct length: first 57 chars + &quot;...&quot;" time="0.001511683">
        </testcase>
        <testcase classname="test/unit/utils/metadata-utils.test.js" name="metadata-utils &gt; truncateTitle &gt; should respect custom maxLength parameter" time="0.00048322">
        </testcase>
        <testcase classname="test/unit/utils/metadata-utils.test.js" name="metadata-utils &gt; truncateTitle &gt; should not truncate when title is shorter than custom maxLength" time="0.00017885">
        </testcase>
        <testcase classname="test/unit/utils/metadata-utils.test.js" name="metadata-utils &gt; truncateTitle &gt; should handle empty string" time="0.000147763">
        </testcase>
        <testcase classname="test/unit/utils/metadata-utils.test.js" name="metadata-utils &gt; truncateTitle &gt; should handle title exactly at custom maxLength" time="0.000187213">
        </testcase>
        <testcase classname="test/unit/utils/metadata-utils.test.js" name="metadata-utils &gt; truncateTitle &gt; should produce correct prefix content before the ellipsis" time="0.000280223">
        </testcase>
        <testcase classname="test/unit/utils/metadata-utils.test.js" name="metadata-utils &gt; MIN_MEANINGFUL_TITLE_LENGTH &gt; should be a positive integer" time="0.000354065">
        </testcase>
        <testcase classname="test/unit/utils/metadata-utils.test.js" name="metadata-utils &gt; MIN_MEANINGFUL_TITLE_LENGTH &gt; should equal 10" time="0.000128434">
        </testcase>
        <testcase classname="test/unit/utils/metadata-utils.test.js" name="metadata-utils &gt; MIN_MEANINGFUL_TITLE_LENGTH &gt; should distinguish meaningful titles from short placeholders" time="0.00021142">
        </testcase>
    </testsuite>
</testsuites>
