<?xml version="1.0" encoding="UTF-8" ?>
<testsuites name="vitest tests" tests="2713" failures="0" errors="0" time="4.20994642">
    <testsuite name="test/integration/cross-article-intelligence.test.js" timestamp="2026-03-29T12:26:55.445Z" hostname="runnervmrg6be" tests="6" failures="0" errors="0" skipped="0" time="0.034331134">
        <testcase classname="test/integration/cross-article-intelligence.test.js" name="Cross-Article Intelligence Integration &gt; should produce cross-references when a second related article is indexed" time="0.005679234">
        </testcase>
        <testcase classname="test/integration/cross-article-intelligence.test.js" name="Cross-Article Intelligence Integration &gt; should persist intelligence across save/load cycle and maintain cross-references" time="0.001798263">
        </testcase>
        <testcase classname="test/integration/cross-article-intelligence.test.js" name="Cross-Article Intelligence Integration &gt; should detect trends once two articles share the same topic" time="0.003773429">
        </testcase>
        <testcase classname="test/integration/cross-article-intelligence.test.js" name="Cross-Article Intelligence Integration &gt; should generate a valid &quot;Related Analysis&quot; HTML section end-to-end" time="0.017961295">
        </testcase>
        <testcase classname="test/integration/cross-article-intelligence.test.js" name="Cross-Article Intelligence Integration &gt; should produce no cross-references for a single article with no related content" time="0.000606328">
        </testcase>
        <testcase classname="test/integration/cross-article-intelligence.test.js" name="Cross-Article Intelligence Integration &gt; should build and persist a complete intelligence cycle" time="0.001581928">
        </testcase>
    </testsuite>
    <testsuite name="test/integration/mcp-integration.test.js" timestamp="2026-03-29T12:26:55.499Z" hostname="runnervmrg6be" tests="21" failures="0" errors="0" skipped="0" time="0.35635124">
        <testcase classname="test/integration/mcp-integration.test.js" name="MCP Integration &gt; MCP Client Connection &gt; should connect to mock MCP server" time="0.004808072">
        </testcase>
        <testcase classname="test/integration/mcp-integration.test.js" name="MCP Integration &gt; MCP Client Connection &gt; should handle connection failure gracefully" time="0.002696819">
        </testcase>
        <testcase classname="test/integration/mcp-integration.test.js" name="MCP Integration &gt; MCP Client Connection &gt; should disconnect cleanly" time="0.000722375">
        </testcase>
        <testcase classname="test/integration/mcp-integration.test.js" name="MCP Integration &gt; Data Retrieval from MCP Server &gt; should fetch plenary sessions" time="0.00087962">
        </testcase>
        <testcase classname="test/integration/mcp-integration.test.js" name="MCP Integration &gt; Data Retrieval from MCP Server &gt; should fetch parliamentary questions" time="0.001086558">
        </testcase>
        <testcase classname="test/integration/mcp-integration.test.js" name="MCP Integration &gt; Data Retrieval from MCP Server &gt; should search documents" time="0.00059152">
        </testcase>
        <testcase classname="test/integration/mcp-integration.test.js" name="MCP Integration &gt; Data Retrieval from MCP Server &gt; should fetch MEPs" time="0.000561293">
        </testcase>
        <testcase classname="test/integration/mcp-integration.test.js" name="MCP Integration &gt; Article Generation with MCP Data &gt; should generate article from plenary session data" time="0.023642563">
        </testcase>
        <testcase classname="test/integration/mcp-integration.test.js" name="MCP Integration &gt; Article Generation with MCP Data &gt; should generate article from parliamentary questions" time="0.002155213">
        </testcase>
        <testcase classname="test/integration/mcp-integration.test.js" name="MCP Integration &gt; Article Generation with MCP Data &gt; should generate article from legislative documents" time="0.001000405">
        </testcase>
        <testcase classname="test/integration/mcp-integration.test.js" name="MCP Integration &gt; Fallback Mode &gt; should generate placeholder article when MCP unavailable" time="0.000765476">
        </testcase>
        <testcase classname="test/integration/mcp-integration.test.js" name="MCP Integration &gt; Fallback Mode &gt; should handle partial MCP failure gracefully" time="0.000918713">
        </testcase>
        <testcase classname="test/integration/mcp-integration.test.js" name="MCP Integration &gt; Data Transformation &gt; should transform MCP data for multi-language articles" time="0.002344518">
        </testcase>
        <testcase classname="test/integration/mcp-integration.test.js" name="MCP Integration &gt; Data Transformation &gt; should handle empty MCP responses" time="0.001228134">
        </testcase>
        <testcase classname="test/integration/mcp-integration.test.js" name="MCP Integration &gt; Request Tracking &gt; should track all MCP requests" time="0.000432952">
        </testcase>
        <testcase classname="test/integration/mcp-integration.test.js" name="MCP Integration &gt; Request Tracking &gt; should clear request history" time="0.000281138">
        </testcase>
        <testcase classname="test/integration/mcp-integration.test.js" name="MCP Integration &gt; Error Handling in Integration &gt; should handle malformed MCP responses" time="0.000730511">
        </testcase>
        <testcase classname="test/integration/mcp-integration.test.js" name="MCP Integration &gt; Error Handling in Integration &gt; should handle network timeout" time="0.104696648">
        </testcase>
        <testcase classname="test/integration/mcp-integration.test.js" name="MCP Integration &gt; Error Handling in Integration &gt; should retry failed requests" time="0.20075134">
        </testcase>
        <testcase classname="test/integration/mcp-integration.test.js" name="MCP Integration &gt; Performance &gt; should retrieve data efficiently" time="0.000431169">
        </testcase>
        <testcase classname="test/integration/mcp-integration.test.js" name="MCP Integration &gt; Performance &gt; should handle concurrent requests" time="0.001611323">
        </testcase>
    </testsuite>
    <testsuite name="test/integration/multi-language.test.js" timestamp="2026-03-29T12:26:55.504Z" hostname="runnervmrg6be" tests="18" failures="0" errors="0" skipped="0" time="0.132743089">
        <testcase classname="test/integration/multi-language.test.js" name="Multi-Language Support Integration &gt; Article Generation for All Languages &gt; should generate valid articles for all 14 languages" time="0.043714436">
        </testcase>
        <testcase classname="test/integration/multi-language.test.js" name="Multi-Language Support Integration &gt; Article Generation for All Languages &gt; should use correct text direction for all languages" time="0.012717267">
        </testcase>
        <testcase classname="test/integration/multi-language.test.js" name="Multi-Language Support Integration &gt; Article Generation for All Languages &gt; should save articles in correct filename format" time="0.016535479">
        </testcase>
        <testcase classname="test/integration/multi-language.test.js" name="Multi-Language Support Integration &gt; Language-Specific Labels &gt; should use correct article type labels for each language" time="0.004922735">
        </testcase>
        <testcase classname="test/integration/multi-language.test.js" name="Multi-Language Support Integration &gt; Language-Specific Labels &gt; should use correct read time labels for each language" time="0.001665765">
        </testcase>
        <testcase classname="test/integration/multi-language.test.js" name="Multi-Language Support Integration &gt; Language-Specific Labels &gt; should use correct back navigation labels" time="0.001499783">
        </testcase>
        <testcase classname="test/integration/multi-language.test.js" name="Multi-Language Support Integration &gt; Date Formatting &gt; should format dates according to language locale" time="0.007729671">
        </testcase>
        <testcase classname="test/integration/multi-language.test.js" name="Multi-Language Support Integration &gt; Date Formatting &gt; should use correct month names for each language" time="0.002608954">
        </testcase>
        <testcase classname="test/integration/multi-language.test.js" name="Multi-Language Support Integration &gt; Index Generation for All Languages &gt; should generate index pages for all languages" time="0.002131458">
        </testcase>
        <testcase classname="test/integration/multi-language.test.js" name="Multi-Language Support Integration &gt; Index Generation for All Languages &gt; should use language-specific titles in indexes" time="0.000592531">
        </testcase>
        <testcase classname="test/integration/multi-language.test.js" name="Multi-Language Support Integration &gt; Sitemap Generation for All Languages &gt; should include all language indexes in sitemap" time="0.00089538">
        </testcase>
        <testcase classname="test/integration/multi-language.test.js" name="Multi-Language Support Integration &gt; Sitemap Generation for All Languages &gt; should include articles for all languages in sitemap" time="0.001371352">
        </testcase>
        <testcase classname="test/integration/multi-language.test.js" name="Multi-Language Support Integration &gt; Language Consistency &gt; should maintain language consistency across article" time="0.006705128">
        </testcase>
        <testcase classname="test/integration/multi-language.test.js" name="Multi-Language Support Integration &gt; Language Consistency &gt; should include language in back navigation link" time="0.006341877">
        </testcase>
        <testcase classname="test/integration/multi-language.test.js" name="Multi-Language Support Integration &gt; Character Encoding &gt; should handle special characters in all languages" time="0.003619249">
        </testcase>
        <testcase classname="test/integration/multi-language.test.js" name="Multi-Language Support Integration &gt; SEO for Multi-Language &gt; should set correct locale in Open Graph for each language" time="0.005831439">
        </testcase>
        <testcase classname="test/integration/multi-language.test.js" name="Multi-Language Support Integration &gt; SEO for Multi-Language &gt; should include language in structured data" time="0.006538366">
        </testcase>
        <testcase classname="test/integration/multi-language.test.js" name="Multi-Language Support Integration &gt; Performance Across Languages &gt; should generate articles efficiently for all languages" time="0.003762177">
        </testcase>
    </testsuite>
    <testsuite name="test/integration/news-generation.test.js" timestamp="2026-03-29T12:26:55.508Z" hostname="runnervmrg6be" tests="13" failures="0" errors="0" skipped="0" time="0.072387669">
        <testcase classname="test/integration/news-generation.test.js" name="News Generation Integration &gt; Full Article Generation Flow &gt; should generate complete article from start to finish" time="0.025882695">
        </testcase>
        <testcase classname="test/integration/news-generation.test.js" name="News Generation Integration &gt; Full Article Generation Flow &gt; should generate and save article to filesystem" time="0.00197751">
        </testcase>
        <testcase classname="test/integration/news-generation.test.js" name="News Generation Integration &gt; Full Article Generation Flow &gt; should generate articles for multiple languages" time="0.00797974">
        </testcase>
        <testcase classname="test/integration/news-generation.test.js" name="News Generation Integration &gt; Article Metadata Generation &gt; should generate metadata file alongside article" time="0.002058291">
        </testcase>
        <testcase classname="test/integration/news-generation.test.js" name="News Generation Integration &gt; Article Content Validation &gt; should generate article with all required sections" time="0.001178811">
        </testcase>
        <testcase classname="test/integration/news-generation.test.js" name="News Generation Integration &gt; Article Content Validation &gt; should properly format dates across all sections" time="0.001138014">
        </testcase>
        <testcase classname="test/integration/news-generation.test.js" name="News Generation Integration &gt; Placeholder Content Mode &gt; should generate article with placeholder when MCP unavailable" time="0.001176737">
        </testcase>
        <testcase classname="test/integration/news-generation.test.js" name="News Generation Integration &gt; Error Recovery &gt; should handle missing optional fields gracefully" time="0.004976068">
        </testcase>
        <testcase classname="test/integration/news-generation.test.js" name="News Generation Integration &gt; Error Recovery &gt; should continue generation if one article fails" time="0.003444071">
        </testcase>
        <testcase classname="test/integration/news-generation.test.js" name="News Generation Integration &gt; Performance &gt; should generate article in reasonable time" time="0.001019603">
        </testcase>
        <testcase classname="test/integration/news-generation.test.js" name="News Generation Integration &gt; Performance &gt; should handle batch generation efficiently" time="0.01474962">
        </testcase>
        <testcase classname="test/integration/news-generation.test.js" name="News Generation Integration &gt; File System Integration &gt; should create proper directory structure" time="0.001355853">
        </testcase>
        <testcase classname="test/integration/news-generation.test.js" name="News Generation Integration &gt; File System Integration &gt; should handle existing files correctly" time="0.002272774">
        </testcase>
    </testsuite>
    <testsuite name="test/integration/week-ahead-data.test.js" timestamp="2026-03-29T12:26:55.511Z" hostname="runnervmrg6be" tests="4" failures="0" errors="0" skipped="0" time="0.016277405">
        <testcase classname="test/integration/week-ahead-data.test.js" name="Week-Ahead Data Integration &gt; Parallel Data Fetching &gt; should fetch all data sources in parallel using Promise.allSettled" time="0.007807677">
        </testcase>
        <testcase classname="test/integration/week-ahead-data.test.js" name="Week-Ahead Data Integration &gt; Parallel Data Fetching &gt; should handle partial failures gracefully" time="0.003014405">
            <system-err>
get_committee_info not available: Committee API unavailable
monitor_legislative_pipeline not available: Pipeline API unavailable

            </system-err>
        </testcase>
        <testcase classname="test/integration/week-ahead-data.test.js" name="Week-Ahead Data Integration &gt; Data Aggregation &gt; should aggregate data from multiple sources" time="0.000897313">
        </testcase>
        <testcase classname="test/integration/week-ahead-data.test.js" name="Week-Ahead Data Integration &gt; Fallback Behavior &gt; should provide fallback when all MCP tools fail" time="0.001241709">
            <system-err>
get_plenary_sessions not available: MCP unavailable
get_committee_info not available: MCP unavailable
search_documents not available: MCP unavailable
monitor_legislative_pipeline not available: MCP unavailable
get_parliamentary_questions not available: MCP unavailable

            </system-err>
        </testcase>
    </testsuite>
    <testsuite name="test/unit/analysis-stage.test.js" timestamp="2026-03-29T12:26:55.512Z" hostname="runnervmrg6be" tests="111" failures="0" errors="0" skipped="0" time="0.284510422">
        <testcase classname="test/unit/analysis-stage.test.js" name="ALL_ANALYSIS_METHODS &gt; contains exactly 18 default analysis methods" time="0.007929315">
        </testcase>
        <testcase classname="test/unit/analysis-stage.test.js" name="ALL_ANALYSIS_METHODS &gt; includes all classification methods" time="0.001101927">
        </testcase>
        <testcase classname="test/unit/analysis-stage.test.js" name="ALL_ANALYSIS_METHODS &gt; includes all threat assessment methods" time="0.000499037">
        </testcase>
        <testcase classname="test/unit/analysis-stage.test.js" name="ALL_ANALYSIS_METHODS &gt; includes all risk scoring methods" time="0.000686999">
        </testcase>
        <testcase classname="test/unit/analysis-stage.test.js" name="ALL_ANALYSIS_METHODS &gt; includes all existing analysis methods" time="0.000588815">
        </testcase>
        <testcase classname="test/unit/analysis-stage.test.js" name="ALL_ANALYSIS_METHODS &gt; excludes document-analysis from defaults (opt-in only)" time="0.000209253">
        </testcase>
        <testcase classname="test/unit/analysis-stage.test.js" name="ALL_ANALYSIS_METHODS &gt; has no duplicate entries" time="0.000244879">
        </testcase>
        <testcase classname="test/unit/analysis-stage.test.js" name="VALID_ANALYSIS_METHODS &gt; contains all default methods plus document-analysis as a valid method" time="0.000266981">
        </testcase>
        <testcase classname="test/unit/analysis-stage.test.js" name="VALID_ANALYSIS_METHODS &gt; includes all default analysis methods" time="0.001113669">
        </testcase>
        <testcase classname="test/unit/analysis-stage.test.js" name="VALID_ANALYSIS_METHODS &gt; includes document-analysis as a valid opt-in method" time="0.000239479">
        </testcase>
        <testcase classname="test/unit/analysis-stage.test.js" name="VALID_ANALYSIS_METHODS &gt; has no duplicate entries" time="0.00024006">
        </testcase>
        <testcase classname="test/unit/analysis-stage.test.js" name="deriveArticleTypeSlug &gt; returns a slug for a single article type" time="0.000281097">
        </testcase>
        <testcase classname="test/unit/analysis-stage.test.js" name="deriveArticleTypeSlug &gt; returns sorted, hyphen-joined slug for multiple types" time="0.000186811">
        </testcase>
        <testcase classname="test/unit/analysis-stage.test.js" name="deriveArticleTypeSlug &gt; returns &quot;default&quot; for empty array" time="0.000168236">
        </testcase>
        <testcase classname="test/unit/analysis-stage.test.js" name="deriveArticleTypeSlug &gt; lowercases the slug" time="0.000167434">
        </testcase>
        <testcase classname="test/unit/analysis-stage.test.js" name="deriveArticleTypeSlug &gt; trims whitespace" time="0.00021288">
        </testcase>
        <testcase classname="test/unit/analysis-stage.test.js" name="deriveArticleTypeSlug &gt; handles all known article types without error" time="0.000594285">
        </testcase>
        <testcase classname="test/unit/analysis-stage.test.js" name="deriveArticleTypeSlug &gt; sanitises special characters from slug" time="0.000331111">
        </testcase>
        <testcase classname="test/unit/analysis-stage.test.js" name="deriveArticleTypeSlug &gt; collapses multiple hyphens into one" time="0.000237455">
        </testcase>
        <testcase classname="test/unit/analysis-stage.test.js" name="deriveArticleTypeSlug &gt; returns &quot;default&quot; when all input chars are stripped" time="0.000222939">
        </testcase>
        <testcase classname="test/unit/analysis-stage.test.js" name="deriveArticleTypeSlug &gt; strips leading and trailing hyphens after sanitisation" time="0.000258114">
        </testcase>
        <testcase classname="test/unit/analysis-stage.test.js" name="hasSubstantiveData &gt; returns false for completely empty data" time="0.000265529">
        </testcase>
        <testcase classname="test/unit/analysis-stage.test.js" name="hasSubstantiveData &gt; returns false for data with only empty arrays" time="0.000250029">
        </testcase>
        <testcase classname="test/unit/analysis-stage.test.js" name="hasSubstantiveData &gt; returns true when events has data" time="0.000196549">
        </testcase>
        <testcase classname="test/unit/analysis-stage.test.js" name="hasSubstantiveData &gt; returns true when procedures has data" time="0.000286007">
        </testcase>
        <testcase classname="test/unit/analysis-stage.test.js" name="hasSubstantiveData &gt; returns true when documents has data" time="0.000188274">
        </testcase>
        <testcase classname="test/unit/analysis-stage.test.js" name="hasSubstantiveData &gt; returns false for non-array values" time="0.000199463">
        </testcase>
        <testcase classname="test/unit/analysis-stage.test.js" name="runAnalysisStage &gt; returns an AnalysisContext with correct shape" time="0.006492238">
            <system-err>
⚠️  [analysis] No substantive EP data in fetchedData — analysis output will be data-sparse. Ensure MCP connection succeeded and feed data was fetched before running analysis.

            </system-err>
        </testcase>
        <testcase classname="test/unit/analysis-stage.test.js" name="runAnalysisStage &gt; creates the date-scoped output directory" time="0.001660024">
            <system-err>
⚠️  [analysis] No substantive EP data in fetchedData — analysis output will be data-sparse. Ensure MCP connection succeeded and feed data was fetched before running analysis.

            </system-err>
        </testcase>
        <testcase classname="test/unit/analysis-stage.test.js" name="runAnalysisStage &gt; writes a manifest.json file to the output directory" time="0.002655973">
            <system-err>
⚠️  [analysis] No substantive EP data in fetchedData — analysis output will be data-sparse. Ensure MCP connection succeeded and feed data was fetched before running analysis.

            </system-err>
        </testcase>
        <testcase classname="test/unit/analysis-stage.test.js" name="runAnalysisStage &gt; writes markdown files to the correct subdirectory" time="0.001814665">
            <system-err>
⚠️  [analysis] No substantive EP data in fetchedData — analysis output will be data-sparse. Ensure MCP connection succeeded and feed data was fetched before running analysis.

            </system-err>
        </testcase>
        <testcase classname="test/unit/analysis-stage.test.js" name="runAnalysisStage &gt; writes classification methods to classification/ subdirectory" time="0.003520093">
            <system-err>
⚠️  [analysis] No substantive EP data in fetchedData — analysis output will be data-sparse. Ensure MCP connection succeeded and feed data was fetched before running analysis.

            </system-err>
        </testcase>
        <testcase classname="test/unit/analysis-stage.test.js" name="runAnalysisStage &gt; writes threat assessment methods to threat-assessment/ subdirectory" time="0.005963287">
            <system-err>
⚠️  [analysis] No substantive EP data in fetchedData — analysis output will be data-sparse. Ensure MCP connection succeeded and feed data was fetched before running analysis.

            </system-err>
        </testcase>
        <testcase classname="test/unit/analysis-stage.test.js" name="runAnalysisStage &gt; writes risk scoring methods to risk-scoring/ subdirectory" time="0.002095781">
            <system-err>
⚠️  [analysis] No substantive EP data in fetchedData — analysis output will be data-sparse. Ensure MCP connection succeeded and feed data was fetched before running analysis.

            </system-err>
        </testcase>
        <testcase classname="test/unit/analysis-stage.test.js" name="runAnalysisStage &gt; records each enabled method in the manifest" time="0.002967267">
            <system-err>
⚠️  [analysis] No substantive EP data in fetchedData — analysis output will be data-sparse. Ensure MCP connection succeeded and feed data was fetched before running analysis.

            </system-err>
        </testcase>
        <testcase classname="test/unit/analysis-stage.test.js" name="runAnalysisStage &gt; records method status as completed in the manifest" time="0.002591361">
            <system-err>
⚠️  [analysis] No substantive EP data in fetchedData — analysis output will be data-sparse. Ensure MCP connection succeeded and feed data was fetched before running analysis.

            </system-err>
        </testcase>
        <testcase classname="test/unit/analysis-stage.test.js" name="runAnalysisStage &gt; returns completedMethods containing only non-failed methods" time="0.008750538">
            <system-err>
⚠️  [analysis] No substantive EP data in fetchedData — analysis output will be data-sparse. Ensure MCP connection succeeded and feed data was fetched before running analysis.

            </system-err>
        </testcase>
        <testcase classname="test/unit/analysis-stage.test.js" name="runAnalysisStage &gt; runs all 18 default methods when no enabledMethods is specified" time="0.014539772">
            <system-err>
⚠️  [analysis] No substantive EP data in fetchedData — analysis output will be data-sparse. Ensure MCP connection succeeded and feed data was fetched before running analysis.

            </system-err>
        </testcase>
        <testcase classname="test/unit/analysis-stage.test.js" name="runAnalysisStage &gt; stores results in the AnalysisContext results map" time="0.00155638">
            <system-err>
⚠️  [analysis] No substantive EP data in fetchedData — analysis output will be data-sparse. Ensure MCP connection succeeded and feed data was fetched before running analysis.

            </system-err>
        </testcase>
        <testcase classname="test/unit/analysis-stage.test.js" name="runAnalysisStage &gt; incremental analysis (skipCompleted) &gt; skips a method whose output file already exists" time="0.001350463">
            <system-err>
⚠️  [analysis] No substantive EP data in fetchedData — analysis output will be data-sparse. Ensure MCP connection succeeded and feed data was fetched before running analysis.

            </system-err>
        </testcase>
        <testcase classname="test/unit/analysis-stage.test.js" name="runAnalysisStage &gt; incremental analysis (skipCompleted) &gt; does not skip when skipCompleted is false" time="0.003598263">
            <system-err>
⚠️  [analysis] No substantive EP data in fetchedData — analysis output will be data-sparse. Ensure MCP connection succeeded and feed data was fetched before running analysis.

            </system-err>
        </testcase>
        <testcase classname="test/unit/analysis-stage.test.js" name="runAnalysisStage &gt; incremental analysis (skipCompleted) &gt; skipped methods are included in completedMethods" time="0.001462985">
            <system-err>
⚠️  [analysis] No substantive EP data in fetchedData — analysis output will be data-sparse. Ensure MCP connection succeeded and feed data was fetched before running analysis.

            </system-err>
        </testcase>
        <testcase classname="test/unit/analysis-stage.test.js" name="runAnalysisStage &gt; error isolation &gt; continues executing remaining methods when one method fails" time="0.002737365">
            <system-err>
⚠️  [analysis] No substantive EP data in fetchedData — analysis output will be data-sparse. Ensure MCP connection succeeded and feed data was fetched before running analysis.

            </system-err>
        </testcase>
        <testcase classname="test/unit/analysis-stage.test.js" name="runAnalysisStage &gt; error isolation &gt; records individual method results regardless of other method outcomes" time="0.00182855">
            <system-err>
⚠️  [analysis] No substantive EP data in fetchedData — analysis output will be data-sparse. Ensure MCP connection succeeded and feed data was fetched before running analysis.

            </system-err>
        </testcase>
        <testcase classname="test/unit/analysis-stage.test.js" name="runAnalysisStage &gt; manifest.json content &gt; includes article types in the manifest" time="0.001288857">
            <system-err>
⚠️  [analysis] No substantive EP data in fetchedData — analysis output will be data-sparse. Ensure MCP connection succeeded and feed data was fetched before running analysis.

            </system-err>
        </testcase>
        <testcase classname="test/unit/analysis-stage.test.js" name="runAnalysisStage &gt; manifest.json content &gt; generates a unique runId for each run" time="0.001809325">
            <system-err>
⚠️  [analysis] No substantive EP data in fetchedData — analysis output will be data-sparse. Ensure MCP connection succeeded and feed data was fetched before running analysis.

⚠️  [analysis] No substantive EP data in fetchedData — analysis output will be data-sparse. Ensure MCP connection succeeded and feed data was fetched before running analysis.

            </system-err>
        </testcase>
        <testcase classname="test/unit/analysis-stage.test.js" name="runAnalysisStage &gt; manifest.json content &gt; records dataSourcesUsed from non-empty fetchedData arrays" time="0.001768077">
        </testcase>
        <testcase classname="test/unit/analysis-stage.test.js" name="runAnalysisStage &gt; manifest.json content &gt; has empty dataSourcesUsed when all arrays are empty" time="0.001324514">
            <system-err>
⚠️  [analysis] No substantive EP data in fetchedData — analysis output will be data-sparse. Ensure MCP connection succeeded and feed data was fetched before running analysis.

            </system-err>
        </testcase>
        <testcase classname="test/unit/analysis-stage.test.js" name="runAnalysisStage &gt; markdown file content &gt; includes YAML frontmatter in every generated file" time="0.002214465">
            <system-err>
⚠️  [analysis] No substantive EP data in fetchedData — analysis output will be data-sparse. Ensure MCP connection succeeded and feed data was fetched before running analysis.

            </system-err>
        </testcase>
        <testcase classname="test/unit/analysis-stage.test.js" name="runAnalysisStage &gt; markdown file content &gt; includes date in the markdown body" time="0.00135905">
            <system-err>
⚠️  [analysis] No substantive EP data in fetchedData — analysis output will be data-sparse. Ensure MCP connection succeeded and feed data was fetched before running analysis.

            </system-err>
        </testcase>
        <testcase classname="test/unit/analysis-stage.test.js" name="runAnalysisStage &gt; markdown file content &gt; stakeholder-analysis includes data inventory table" time="0.001647891">
            <system-err>
⚠️  [analysis] No substantive EP data in fetchedData — analysis output will be data-sparse. Ensure MCP connection succeeded and feed data was fetched before running analysis.

            </system-err>
        </testcase>
        <testcase classname="test/unit/analysis-stage.test.js" name="runAnalysisStage &gt; markdown file content &gt; coalition-analysis includes cohesion metrics" time="0.001346536">
            <system-err>
⚠️  [analysis] No substantive EP data in fetchedData — analysis output will be data-sparse. Ensure MCP connection succeeded and feed data was fetched before running analysis.

            </system-err>
        </testcase>
        <testcase classname="test/unit/analysis-stage.test.js" name="runAnalysisStage &gt; markdown file content &gt; voting-patterns includes trend table" time="0.001787242">
            <system-err>
⚠️  [analysis] No substantive EP data in fetchedData — analysis output will be data-sparse. Ensure MCP connection succeeded and feed data was fetched before running analysis.

            </system-err>
        </testcase>
        <testcase classname="test/unit/analysis-stage.test.js" name="runAnalysisStage &gt; markdown file content &gt; cross-session-intelligence includes stability report" time="0.003478015">
            <system-err>
⚠️  [analysis] No substantive EP data in fetchedData — analysis output will be data-sparse. Ensure MCP connection succeeded and feed data was fetched before running analysis.

            </system-err>
        </testcase>
        <testcase classname="test/unit/analysis-stage.test.js" name="runAnalysisStage &gt; builder output with populated data &gt; significance-classification reflects data volume in markdown" time="0.00475">
        </testcase>
        <testcase classname="test/unit/analysis-stage.test.js" name="runAnalysisStage &gt; builder output with populated data &gt; impact-matrix includes Mermaid pie chart" time="0.005671089">
        </testcase>
        <testcase classname="test/unit/analysis-stage.test.js" name="runAnalysisStage &gt; builder output with populated data &gt; actor-mapping identifies actors from populated data" time="0.014107291">
        </testcase>
        <testcase classname="test/unit/analysis-stage.test.js" name="runAnalysisStage &gt; builder output with populated data &gt; forces-analysis includes Mermaid pie chart" time="0.003783657">
        </testcase>
        <testcase classname="test/unit/analysis-stage.test.js" name="runAnalysisStage &gt; builder output with populated data &gt; political-stride uses real threat assessment for markdown" time="0.005802786">
        </testcase>
        <testcase classname="test/unit/analysis-stage.test.js" name="runAnalysisStage &gt; builder output with populated data &gt; actor-threat-profiling generates profiles from data" time="0.003205063">
        </testcase>
        <testcase classname="test/unit/analysis-stage.test.js" name="runAnalysisStage &gt; builder output with populated data &gt; consequence-trees generates tree analysis from procedures" time="0.003244546">
        </testcase>
        <testcase classname="test/unit/analysis-stage.test.js" name="runAnalysisStage &gt; builder output with populated data &gt; legislative-disruption analyses procedures for disruption signals" time="0.005452639">
        </testcase>
        <testcase classname="test/unit/analysis-stage.test.js" name="runAnalysisStage &gt; builder output with populated data &gt; risk-matrix computes risk scores from populated data" time="0.003514232">
        </testcase>
        <testcase classname="test/unit/analysis-stage.test.js" name="runAnalysisStage &gt; builder output with populated data &gt; risk-matrix shows no risk entries with empty data" time="0.001322581">
            <system-err>
⚠️  [analysis] No substantive EP data in fetchedData — analysis output will be data-sparse. Ensure MCP connection succeeded and feed data was fetched before running analysis.

            </system-err>
        </testcase>
        <testcase classname="test/unit/analysis-stage.test.js" name="runAnalysisStage &gt; builder output with populated data &gt; political-capital-risk generates data inventory" time="0.004709257">
        </testcase>
        <testcase classname="test/unit/analysis-stage.test.js" name="runAnalysisStage &gt; builder output with populated data &gt; quantitative-swot includes Mermaid quadrant chart" time="0.003250047">
        </testcase>
        <testcase classname="test/unit/analysis-stage.test.js" name="runAnalysisStage &gt; builder output with populated data &gt; legislative-velocity-risk analyses procedure delays" time="0.003663102">
        </testcase>
        <testcase classname="test/unit/analysis-stage.test.js" name="runAnalysisStage &gt; builder output with populated data &gt; agent-risk-workflow produces full assessment workflow" time="0.002730994">
        </testcase>
        <testcase classname="test/unit/analysis-stage.test.js" name="runAnalysisStage &gt; builder output with populated data &gt; deep-analysis works with populated event data" time="0.002133823">
        </testcase>
        <testcase classname="test/unit/analysis-stage.test.js" name="runAnalysisStage &gt; builder output with populated data &gt; runs all 19 methods with populated data without errors" time="0.008217394">
        </testcase>
        <testcase classname="test/unit/analysis-stage.test.js" name="runAnalysisStage &gt; builder output with populated data &gt; all 19 methods produce valid markdown with frontmatter when data is populated" time="0.009395365">
        </testcase>
        <testcase classname="test/unit/analysis-stage.test.js" name="runAnalysisStage &gt; document-analysis method &gt; creates the document-analysis-index.md in documents/ subdirectory" time="0.002146698">
            <system-err>
⚠️  [analysis] No substantive EP data in fetchedData — analysis output will be data-sparse. Ensure MCP connection succeeded and feed data was fetched before running analysis.

            </system-err>
        </testcase>
        <testcase classname="test/unit/analysis-stage.test.js" name="runAnalysisStage &gt; document-analysis method &gt; creates per-document unique analysis files for each document" time="0.00468038">
        </testcase>
        <testcase classname="test/unit/analysis-stage.test.js" name="runAnalysisStage &gt; document-analysis method &gt; generates unique filenames derived from document IDs" time="0.002711878">
        </testcase>
        <testcase classname="test/unit/analysis-stage.test.js" name="runAnalysisStage &gt; document-analysis method &gt; deduplicates documents appearing in multiple feed categories" time="0.003168203">
        </testcase>
        <testcase classname="test/unit/analysis-stage.test.js" name="runAnalysisStage &gt; document-analysis method &gt; per-document files contain SWOT and threat assessment" time="0.002732477">
        </testcase>
        <testcase classname="test/unit/analysis-stage.test.js" name="runAnalysisStage &gt; document-analysis method &gt; stores raw document JSON alongside analysis markdown" time="0.002919787">
        </testcase>
        <testcase classname="test/unit/analysis-stage.test.js" name="runAnalysisStage &gt; document-analysis method &gt; index file contains document count and category breakdown" time="0.00407748">
        </testcase>
        <testcase classname="test/unit/analysis-stage.test.js" name="runAnalysisStage &gt; AnalysisContext return value &gt; outputDir resolves to the date-scoped directory" time="0.001192907">
            <system-err>
⚠️  [analysis] No substantive EP data in fetchedData — analysis output will be data-sparse. Ensure MCP connection succeeded and feed data was fetched before running analysis.

            </system-err>
        </testcase>
        <testcase classname="test/unit/analysis-stage.test.js" name="runAnalysisStage &gt; AnalysisContext return value &gt; manifest in context matches the manifest written to disk" time="0.001484595">
            <system-err>
⚠️  [analysis] No substantive EP data in fetchedData — analysis output will be data-sparse. Ensure MCP connection succeeded and feed data was fetched before running analysis.

            </system-err>
        </testcase>
        <testcase classname="test/unit/analysis-stage.test.js" name="runAnalysisStage &gt; AnalysisContext return value &gt; results map has same size as enabledMethods" time="0.001644986">
            <system-err>
⚠️  [analysis] No substantive EP data in fetchedData — analysis output will be data-sparse. Ensure MCP connection succeeded and feed data was fetched before running analysis.

            </system-err>
        </testcase>
        <testcase classname="test/unit/analysis-stage.test.js" name="runAnalysisStage &gt; backward compatibility &gt; works with an empty fetchedData object" time="0.001370291">
            <system-err>
⚠️  [analysis] No substantive EP data in fetchedData — analysis output will be data-sparse. Ensure MCP connection succeeded and feed data was fetched before running analysis.

            </system-err>
        </testcase>
        <testcase classname="test/unit/analysis-stage.test.js" name="runAnalysisStage &gt; backward compatibility &gt; works with no enabledMethods (defaults to all)" time="0.005578674">
            <system-err>
⚠️  [analysis] No substantive EP data in fetchedData — analysis output will be data-sparse. Ensure MCP connection succeeded and feed data was fetched before running analysis.

            </system-err>
        </testcase>
        <testcase classname="test/unit/analysis-stage.test.js" name="runAnalysisStage &gt; backward compatibility &gt; works with multiple article types" time="0.001615631">
            <system-err>
⚠️  [analysis] No substantive EP data in fetchedData — analysis output will be data-sparse. Ensure MCP connection succeeded and feed data was fetched before running analysis.

            </system-err>
        </testcase>
        <testcase classname="test/unit/analysis-stage.test.js" name="runAnalysisStage &gt; backward compatibility &gt; works with verbose mode without throwing" time="0.003910245">
            <system-out>
🔬 [analysis] Starting analysis stage (runId: 3df1ff89-9720-46db-9321-000b0857497f)
   Date: 2026-03-26
   Methods: 1
   Output: /tmp/ep-analysis-test-8vJ5RK/2026-03-26
  ✅ [analysis] deep-analysis completed in 0ms → existing/deep-analysis.md
🔬 [analysis] Stage complete: 1 completed, 0 skipped, 0 failed
   Overall confidence: high

            </system-out>
            <system-err>
⚠️  [analysis] No substantive EP data in fetchedData — analysis output will be data-sparse. Ensure MCP connection succeeded and feed data was fetched before running analysis.

            </system-err>
        </testcase>
        <testcase classname="test/unit/analysis-stage.test.js" name="runAnalysisStage &gt; backward compatibility &gt; accepts a custom date string" time="0.001712603">
            <system-err>
⚠️  [analysis] No substantive EP data in fetchedData — analysis output will be data-sparse. Ensure MCP connection succeeded and feed data was fetched before running analysis.

            </system-err>
        </testcase>
        <testcase classname="test/unit/analysis-stage.test.js" name="runAnalysisStage &gt; manifest portability &gt; stores relative outputFile paths in the manifest (not absolute)" time="0.002741405">
            <system-err>
⚠️  [analysis] No substantive EP data in fetchedData — analysis output will be data-sparse. Ensure MCP connection succeeded and feed data was fetched before running analysis.

            </system-err>
        </testcase>
        <testcase classname="test/unit/analysis-stage.test.js" name="runAnalysisStage &gt; manifest portability &gt; stores relative paths for all method groups" time="0.003734985">
            <system-err>
⚠️  [analysis] No substantive EP data in fetchedData — analysis output will be data-sparse. Ensure MCP connection succeeded and feed data was fetched before running analysis.

            </system-err>
        </testcase>
        <testcase classname="test/unit/analysis-stage.test.js" name="runAnalysisStage &gt; confidence aggregation &gt; returns high confidence when all skipped methods have high default confidence" time="0.001561489">
            <system-err>
⚠️  [analysis] No substantive EP data in fetchedData — analysis output will be data-sparse. Ensure MCP connection succeeded and feed data was fetched before running analysis.

            </system-err>
        </testcase>
        <testcase classname="test/unit/analysis-stage.test.js" name="runAnalysisStage &gt; confidence aggregation &gt; includes skipped method confidence in aggregation" time="0.003237313">
            <system-err>
⚠️  [analysis] No substantive EP data in fetchedData — analysis output will be data-sparse. Ensure MCP connection succeeded and feed data was fetched before running analysis.

            </system-err>
        </testcase>
        <testcase classname="test/unit/analysis-stage.test.js" name="runAnalysisStage &gt; date validation &gt; rejects a path-traversal date string" time="0.001569464">
        </testcase>
        <testcase classname="test/unit/analysis-stage.test.js" name="runAnalysisStage &gt; date validation &gt; rejects a date with extra characters" time="0.000576692">
        </testcase>
        <testcase classname="test/unit/analysis-stage.test.js" name="runAnalysisStage &gt; date validation &gt; accepts a valid YYYY-MM-DD date" time="0.001488753">
            <system-err>
⚠️  [analysis] No substantive EP data in fetchedData — analysis output will be data-sparse. Ensure MCP connection succeeded and feed data was fetched before running analysis.

            </system-err>
        </testcase>
        <testcase classname="test/unit/analysis-stage.test.js" name="runAnalysisStage &gt; enabledMethods deduplication &gt; deduplicates enabledMethods so each method runs only once" time="0.001927035">
            <system-err>
⚠️  [analysis] No substantive EP data in fetchedData — analysis output will be data-sparse. Ensure MCP connection succeeded and feed data was fetched before running analysis.

            </system-err>
        </testcase>
        <testcase classname="test/unit/analysis-stage.test.js" name="runAnalysisStage &gt; error handling edge cases &gt; records failed status when a builder write throws" time="0.002180731">
            <system-err>
⚠️  [analysis] No substantive EP data in fetchedData — analysis output will be data-sparse. Ensure MCP connection succeeded and feed data was fetched before running analysis.

⚠️  [analysis] No substantive EP data in fetchedData — analysis output will be data-sparse. Ensure MCP connection succeeded and feed data was fetched before running analysis.
atomicWrite: failed to remove temporary file &quot;/tmp/ep-analysis-test-gcRn4n/2026-03-26/existing/deep-analysis.md.3793-1cfd1234-e7c2-44e9-b6e3-98460dba569f.tmp&quot; (code: EACCES): EACCES: permission denied, unlink &apos;/tmp/ep-analysis-test-gcRn4n/2026-03-26/existing/deep-analysis.md.3793-1cfd1234-e7c2-44e9-b6e3-98460dba569f.tmp&apos;
  ❌ [analysis] deep-analysis failed: EACCES: permission denied, open &apos;/tmp/ep-analysis-test-gcRn4n/2026-03-26/existing/deep-analysis.md.3793-1cfd1234-e7c2-44e9-b6e3-98460dba569f.tmp&apos;

            </system-err>
        </testcase>
        <testcase classname="test/unit/analysis-stage.test.js" name="runAnalysisStage &gt; error handling edge cases &gt; returns low confidence when all methods fail" time="0.002094059">
            <system-err>
⚠️  [analysis] No substantive EP data in fetchedData — analysis output will be data-sparse. Ensure MCP connection succeeded and feed data was fetched before running analysis.
atomicWrite: failed to remove temporary file &quot;/tmp/ep-analysis-test-vYvTCP/2026-03-26/existing/deep-analysis.md.3793-0bdc6a0d-49f8-4ae0-9f64-ec84055d1fbb.tmp&quot; (code: EACCES): EACCES: permission denied, unlink &apos;/tmp/ep-analysis-test-vYvTCP/2026-03-26/existing/deep-analysis.md.3793-0bdc6a0d-49f8-4ae0-9f64-ec84055d1fbb.tmp&apos;
  ❌ [analysis] deep-analysis failed: EACCES: permission denied, open &apos;/tmp/ep-analysis-test-vYvTCP/2026-03-26/existing/deep-analysis.md.3793-0bdc6a0d-49f8-4ae0-9f64-ec84055d1fbb.tmp&apos;
atomicWrite: failed to remove temporary file &quot;/tmp/ep-analysis-test-vYvTCP/2026-03-26/existing/stakeholder-analysis.md.3793-4c2245db-1972-4952-8a9c-ece22a56b766.tmp&quot; (code: EACCES): EACCES: permission denied, unlink &apos;/tmp/ep-analysis-test-vYvTCP/2026-03-26/existing/stakeholder-analysis.md.3793-4c2245db-1972-4952-8a9c-ece22a56b766.tmp&apos;
  ❌ [analysis] stakeholder-analysis failed: EACCES: permission denied, open &apos;/tmp/ep-analysis-test-vYvTCP/2026-03-26/existing/stakeholder-analysis.md.3793-4c2245db-1972-4952-8a9c-ece22a56b766.tmp&apos;

            </system-err>
        </testcase>
        <testcase classname="test/unit/analysis-stage.test.js" name="runAnalysisStage &gt; error handling edge cases &gt; failed method summary includes error message" time="0.001414724">
            <system-err>
⚠️  [analysis] No substantive EP data in fetchedData — analysis output will be data-sparse. Ensure MCP connection succeeded and feed data was fetched before running analysis.
atomicWrite: failed to remove temporary file &quot;/tmp/ep-analysis-test-NQ6FrY/2026-03-26/existing/deep-analysis.md.3793-b51cb482-7a88-45d7-a257-f4155df975e4.tmp&quot; (code: EACCES): EACCES: permission denied, unlink &apos;/tmp/ep-analysis-test-NQ6FrY/2026-03-26/existing/deep-analysis.md.3793-b51cb482-7a88-45d7-a257-f4155df975e4.tmp&apos;
  ❌ [analysis] deep-analysis failed: EACCES: permission denied, open &apos;/tmp/ep-analysis-test-NQ6FrY/2026-03-26/existing/deep-analysis.md.3793-b51cb482-7a88-45d7-a257-f4155df975e4.tmp&apos;

            </system-err>
        </testcase>
        <testcase classname="test/unit/analysis-stage.test.js" name="runAnalysisStage &gt; error handling edge cases &gt; handles non-Error exceptions in builder catch block" time="0.003371815">
            <system-err>
⚠️  [analysis] No substantive EP data in fetchedData — analysis output will be data-sparse. Ensure MCP connection succeeded and feed data was fetched before running analysis.
  ❌ [analysis] deep-analysis failed: string error

            </system-err>
        </testcase>
        <testcase classname="test/unit/analysis-stage.test.js" name="runAnalysisStage &gt; requireData option &gt; throws when requireData=true and no substantive data available" time="0.000724178">
        </testcase>
        <testcase classname="test/unit/analysis-stage.test.js" name="runAnalysisStage &gt; requireData option &gt; does not throw when requireData=true and substantive data is present" time="0.001638113">
        </testcase>
        <testcase classname="test/unit/analysis-stage.test.js" name="runAnalysisStage &gt; requireData option &gt; throws when requireData=true and all methods fail" time="0.002517893">
            <system-err>
atomicWrite: failed to remove temporary file &quot;/tmp/ep-analysis-test-TICTs3/2026-03-26/existing/deep-analysis.md.3793-9d4c1652-8d3a-4e22-a768-72c7cec6939e.tmp&quot; (code: EACCES): EACCES: permission denied, unlink &apos;/tmp/ep-analysis-test-TICTs3/2026-03-26/existing/deep-analysis.md.3793-9d4c1652-8d3a-4e22-a768-72c7cec6939e.tmp&apos;
  ❌ [analysis] deep-analysis failed: EACCES: permission denied, open &apos;/tmp/ep-analysis-test-TICTs3/2026-03-26/existing/deep-analysis.md.3793-9d4c1652-8d3a-4e22-a768-72c7cec6939e.tmp&apos;
atomicWrite: failed to remove temporary file &quot;/tmp/ep-analysis-test-TICTs3/2026-03-26/existing/stakeholder-analysis.md.3793-bb243034-a77a-4f31-a11b-1df1f475b188.tmp&quot; (code: EACCES): EACCES: permission denied, unlink &apos;/tmp/ep-analysis-test-TICTs3/2026-03-26/existing/stakeholder-analysis.md.3793-bb243034-a77a-4f31-a11b-1df1f475b188.tmp&apos;
  ❌ [analysis] stakeholder-analysis failed: EACCES: permission denied, open &apos;/tmp/ep-analysis-test-TICTs3/2026-03-26/existing/stakeholder-analysis.md.3793-bb243034-a77a-4f31-a11b-1df1f475b188.tmp&apos;

            </system-err>
        </testcase>
        <testcase classname="test/unit/analysis-stage.test.js" name="runAnalysisStage &gt; requireData option &gt; throws when requireData=true and ANY method fails (not just all)" time="0.002354326">
            <system-err>
atomicWrite: failed to remove temporary file &quot;/tmp/ep-analysis-test-OdZW7g/2026-03-26/existing/deep-analysis.md.3793-32391f3f-627e-4d5a-b93e-9404f7f3f774.tmp&quot; (code: EACCES): EACCES: permission denied, unlink &apos;/tmp/ep-analysis-test-OdZW7g/2026-03-26/existing/deep-analysis.md.3793-32391f3f-627e-4d5a-b93e-9404f7f3f774.tmp&apos;
  ❌ [analysis] deep-analysis failed: EACCES: permission denied, open &apos;/tmp/ep-analysis-test-OdZW7g/2026-03-26/existing/deep-analysis.md.3793-32391f3f-627e-4d5a-b93e-9404f7f3f774.tmp&apos;

            </system-err>
        </testcase>
        <testcase classname="test/unit/analysis-stage.test.js" name="runAnalysisStage &gt; requireData option &gt; does NOT throw when requireData=false and no data (backward compat)" time="0.001527576">
            <system-err>
⚠️  [analysis] No substantive EP data in fetchedData — analysis output will be data-sparse. Ensure MCP connection succeeded and feed data was fetched before running analysis.

            </system-err>
        </testcase>
        <testcase classname="test/unit/analysis-stage.test.js" name="runAnalysisStage &gt; requireData option &gt; defaults requireData to false (backward compat)" time="0.001263891">
            <system-err>
⚠️  [analysis] No substantive EP data in fetchedData — analysis output will be data-sparse. Ensure MCP connection succeeded and feed data was fetched before running analysis.

            </system-err>
        </testcase>
        <testcase classname="test/unit/analysis-stage.test.js" name="runAnalysisStage &gt; article-type-scoped output (articleTypeSlug) &gt; scopes output to {date}/{slug}/ when articleTypeSlug is provided" time="0.002043693">
            <system-err>
⚠️  [analysis] No substantive EP data in fetchedData — analysis output will be data-sparse. Ensure MCP connection succeeded and feed data was fetched before running analysis.

            </system-err>
        </testcase>
        <testcase classname="test/unit/analysis-stage.test.js" name="runAnalysisStage &gt; article-type-scoped output (articleTypeSlug) &gt; writes manifest with articleTypeSlug field" time="0.001497178">
            <system-err>
⚠️  [analysis] No substantive EP data in fetchedData — analysis output will be data-sparse. Ensure MCP connection succeeded and feed data was fetched before running analysis.

            </system-err>
        </testcase>
        <testcase classname="test/unit/analysis-stage.test.js" name="runAnalysisStage &gt; article-type-scoped output (articleTypeSlug) &gt; isolates two different article types to separate directories" time="0.003785231">
            <system-err>
⚠️  [analysis] No substantive EP data in fetchedData — analysis output will be data-sparse. Ensure MCP connection succeeded and feed data was fetched before running analysis.

⚠️  [analysis] No substantive EP data in fetchedData — analysis output will be data-sparse. Ensure MCP connection succeeded and feed data was fetched before running analysis.

            </system-err>
        </testcase>
        <testcase classname="test/unit/analysis-stage.test.js" name="runAnalysisStage &gt; article-type-scoped output (articleTypeSlug) &gt; falls back to {date}/ when articleTypeSlug is omitted (backward compat)" time="0.002706039">
            <system-err>
⚠️  [analysis] No substantive EP data in fetchedData — analysis output will be data-sparse. Ensure MCP connection succeeded and feed data was fetched before running analysis.

            </system-err>
        </testcase>
        <testcase classname="test/unit/analysis-stage.test.js" name="runAnalysisStage &gt; article-type-scoped output (articleTypeSlug) &gt; persists OSINT singleton data to data/osint/ subdirectory" time="0.0022921">
            <system-err>
⚠️  [analysis] No substantive EP data in fetchedData — analysis output will be data-sparse. Ensure MCP connection succeeded and feed data was fetched before running analysis.

            </system-err>
        </testcase>
        <testcase classname="test/unit/analysis-stage.test.js" name="runAnalysisStage &gt; article-type-scoped output (articleTypeSlug) &gt; persists World Bank data to data/world-bank/ subdirectory" time="0.001851043">
            <system-err>
⚠️  [analysis] No substantive EP data in fetchedData — analysis output will be data-sparse. Ensure MCP connection succeeded and feed data was fetched before running analysis.

            </system-err>
        </testcase>
        <testcase classname="test/unit/analysis-stage.test.js" name="runAnalysisStage &gt; article-type-scoped output (articleTypeSlug) &gt; persists MCP tool responses to data/mcp-responses/ subdirectory" time="0.002746863">
            <system-err>
⚠️  [analysis] No substantive EP data in fetchedData — analysis output will be data-sparse. Ensure MCP connection succeeded and feed data was fetched before running analysis.

            </system-err>
        </testcase>
    </testsuite>
    <testsuite name="test/unit/article-quality-scorer.test.js" timestamp="2026-03-29T12:26:55.544Z" hostname="runnervmrg6be" tests="84" failures="0" errors="0" skipped="0" time="0.055470225">
        <testcase classname="test/unit/article-quality-scorer.test.js" name="assessAnalysisDepth &gt; returns all false and score=0 for empty HTML" time="0.005653556">
        </testcase>
        <testcase classname="test/unit/article-quality-scorer.test.js" name="assessAnalysisDepth &gt; detects political context keywords" time="0.001306892">
        </testcase>
        <testcase classname="test/unit/article-quality-scorer.test.js" name="assessAnalysisDepth &gt; detects coalition dynamics keywords" time="0.000521488">
        </testcase>
        <testcase classname="test/unit/article-quality-scorer.test.js" name="assessAnalysisDepth &gt; detects coalition dynamics with HTML-encoded entities (S&amp;amp;D)" time="0.000310081">
        </testcase>
        <testcase classname="test/unit/article-quality-scorer.test.js" name="assessAnalysisDepth &gt; detects historical context keywords" time="0.000368712">
        </testcase>
        <testcase classname="test/unit/article-quality-scorer.test.js" name="assessAnalysisDepth &gt; detects evidence-based keywords" time="0.000196529">
        </testcase>
        <testcase classname="test/unit/article-quality-scorer.test.js" name="assessAnalysisDepth &gt; detects scenario planning keywords" time="0.000222497">
        </testcase>
        <testcase classname="test/unit/article-quality-scorer.test.js" name="assessAnalysisDepth &gt; detects confidence level keywords" time="0.000362741">
        </testcase>
        <testcase classname="test/unit/article-quality-scorer.test.js" name="assessAnalysisDepth &gt; returns score=100 when all dimensions are present" time="0.001034059">
        </testcase>
        <testcase classname="test/unit/article-quality-scorer.test.js" name="assessAnalysisDepth &gt; score is proportional to number of true dimensions" time="0.000344557">
        </testcase>
        <testcase classname="test/unit/article-quality-scorer.test.js" name="assessAnalysisDepth &gt; score is clamped between 0 and 100" time="0.000865493">
        </testcase>
        <testcase classname="test/unit/article-quality-scorer.test.js" name="assessStakeholderCoverage &gt; returns empty present list and full missing list for empty HTML" time="0.0032892">
        </testcase>
        <testcase classname="test/unit/article-quality-scorer.test.js" name="assessStakeholderCoverage &gt; detects MEPs/Parliament stakeholder" time="0.001952523">
        </testcase>
        <testcase classname="test/unit/article-quality-scorer.test.js" name="assessStakeholderCoverage &gt; detects Commission stakeholder" time="0.000434836">
        </testcase>
        <testcase classname="test/unit/article-quality-scorer.test.js" name="assessStakeholderCoverage &gt; detects Council stakeholder" time="0.000307497">
        </testcase>
        <testcase classname="test/unit/article-quality-scorer.test.js" name="assessStakeholderCoverage &gt; detects civil society/NGOs stakeholder" time="0.000270237">
        </testcase>
        <testcase classname="test/unit/article-quality-scorer.test.js" name="assessStakeholderCoverage &gt; detects industry/business stakeholder" time="0.000670537">
        </testcase>
        <testcase classname="test/unit/article-quality-scorer.test.js" name="assessStakeholderCoverage &gt; detects citizens stakeholder" time="0.000263494">
        </testcase>
        <testcase classname="test/unit/article-quality-scorer.test.js" name="assessStakeholderCoverage &gt; detects media stakeholder" time="0.000239189">
        </testcase>
        <testcase classname="test/unit/article-quality-scorer.test.js" name="assessStakeholderCoverage &gt; applies reasoning quality penalty for generic phrases" time="0.000210394">
        </testcase>
        <testcase classname="test/unit/article-quality-scorer.test.js" name="assessStakeholderCoverage &gt; balanceScore is 100 when all stakeholders covered" time="0.000463389">
        </testcase>
        <testcase classname="test/unit/article-quality-scorer.test.js" name="assessStakeholderCoverage &gt; scores are clamped between 0 and 100" time="0.000309761">
        </testcase>
        <testcase classname="test/unit/article-quality-scorer.test.js" name="assessVisualizationQuality &gt; returns all false/zero for empty HTML" time="0.000916449">
        </testcase>
        <testcase classname="test/unit/article-quality-scorer.test.js" name="assessVisualizationQuality &gt; detects SWOT by class" time="0.000324679">
        </testcase>
        <testcase classname="test/unit/article-quality-scorer.test.js" name="assessVisualizationQuality &gt; detects SWOT with multi-class attributes (e.g. swot-multidimensional)" time="0.000179557">
        </testcase>
        <testcase classname="test/unit/article-quality-scorer.test.js" name="assessVisualizationQuality &gt; detects SWOT by id" time="0.000157595">
        </testcase>
        <testcase classname="test/unit/article-quality-scorer.test.js" name="assessVisualizationQuality &gt; counts SWOT dimensions" time="0.000177924">
        </testcase>
        <testcase classname="test/unit/article-quality-scorer.test.js" name="assessVisualizationQuality &gt; detects dashboard by class" time="0.000192421">
        </testcase>
        <testcase classname="test/unit/article-quality-scorer.test.js" name="assessVisualizationQuality &gt; detects dashboard trends via arrow symbols" time="0.00033028">
        </testcase>
        <testcase classname="test/unit/article-quality-scorer.test.js" name="assessVisualizationQuality &gt; detects dashboard trends via class" time="0.000179127">
        </testcase>
        <testcase classname="test/unit/article-quality-scorer.test.js" name="assessVisualizationQuality &gt; does not treat hyphenated dashboard classes as dashboardPresent" time="0.00031432">
        </testcase>
        <testcase classname="test/unit/article-quality-scorer.test.js" name="assessVisualizationQuality &gt; detects mindmap by class" time="0.000419347">
        </testcase>
        <testcase classname="test/unit/article-quality-scorer.test.js" name="assessVisualizationQuality &gt; counts mindmap branches via mindmap-branch classes" time="0.000222678">
        </testcase>
        <testcase classname="test/unit/article-quality-scorer.test.js" name="assessVisualizationQuality &gt; counts mindmap branches from data-branch-count attribute (preferred)" time="0.000213381">
        </testcase>
        <testcase classname="test/unit/article-quality-scorer.test.js" name="assessVisualizationQuality &gt; counts mindmap &lt;li&gt; from mindmap-branches list (fallback when no data-branch-count)" time="0.000741832">
        </testcase>
        <testcase classname="test/unit/article-quality-scorer.test.js" name="assessVisualizationQuality &gt; counts multiple direct &lt;li&gt; branches but not nested subnodes" time="0.000271589">
        </testcase>
        <testcase classname="test/unit/article-quality-scorer.test.js" name="assessVisualizationQuality &gt; counts only analysis-content sections, not generic or non-analysis sections" time="0.00529354">
        </testcase>
        <testcase classname="test/unit/article-quality-scorer.test.js" name="assessVisualizationQuality &gt; detects deep analysis by class" time="0.000420008">
        </testcase>
        <testcase classname="test/unit/article-quality-scorer.test.js" name="assessVisualizationQuality &gt; detects deep analysis by id pattern" time="0.000392687">
        </testcase>
        <testcase classname="test/unit/article-quality-scorer.test.js" name="assessVisualizationQuality &gt; score is &gt; 0 for article with all visual elements" time="0.000476774">
        </testcase>
        <testcase classname="test/unit/article-quality-scorer.test.js" name="assessVisualizationQuality &gt; counts perspective-evidence &lt;li&gt; items inside deep-analysis as deepAnalysisEvidence" time="0.000277171">
        </testcase>
        <testcase classname="test/unit/article-quality-scorer.test.js" name="assessVisualizationQuality &gt; counts evidence across multiple deep-analysis sections" time="0.000287929">
        </testcase>
        <testcase classname="test/unit/article-quality-scorer.test.js" name="assessVisualizationQuality &gt; deduplicates deep-analysis section matching both class and id patterns" time="0.000279946">
        </testcase>
        <testcase classname="test/unit/article-quality-scorer.test.js" name="assessVisualizationQuality &gt; counts &lt;li&gt; items in perspective-evidence &lt;ul&gt; without requiring div/section wrapper" time="0.000582613">
        </testcase>
        <testcase classname="test/unit/article-quality-scorer.test.js" name="assessVisualizationQuality &gt; counts swot-ref-evidence markers in SWOT sections" time="0.000663735">
        </testcase>
        <testcase classname="test/unit/article-quality-scorer.test.js" name="assessVisualizationQuality &gt; score is clamped between 0 and 100" time="0.000221255">
        </testcase>
        <testcase classname="test/unit/article-quality-scorer.test.js" name="calculateOverallScore &gt; returns 0 for all-zero inputs" time="0.00025537">
        </testcase>
        <testcase classname="test/unit/article-quality-scorer.test.js" name="calculateOverallScore &gt; returns 100 for all-maximum inputs" time="0.000219331">
        </testcase>
        <testcase classname="test/unit/article-quality-scorer.test.js" name="calculateOverallScore &gt; is clamped to 0 for negative word count" time="0.000177352">
        </testcase>
        <testcase classname="test/unit/article-quality-scorer.test.js" name="calculateOverallScore &gt; word count of 1500 contributes maximum word-count component" time="0.000208571">
        </testcase>
        <testcase classname="test/unit/article-quality-scorer.test.js" name="calculateOverallScore &gt; evidence count of 10 contributes maximum evidence component" time="0.000165911">
        </testcase>
        <testcase classname="test/unit/article-quality-scorer.test.js" name="calculateOverallScore &gt; returns a number between 0 and 100" time="0.000224882">
        </testcase>
        <testcase classname="test/unit/article-quality-scorer.test.js" name="scoreArticleQuality &gt; returns a report with all required fields for empty HTML" time="0.001723393">
        </testcase>
        <testcase classname="test/unit/article-quality-scorer.test.js" name="scoreArticleQuality &gt; scores empty HTML as grade F with passesQualityGate=false" time="0.000391455">
        </testcase>
        <testcase classname="test/unit/article-quality-scorer.test.js" name="scoreArticleQuality &gt; produces recommendations for empty HTML" time="0.000284423">
        </testcase>
        <testcase classname="test/unit/article-quality-scorer.test.js" name="scoreArticleQuality &gt; scores minimal HTML with short text as low quality" time="0.000325471">
        </testcase>
        <testcase classname="test/unit/article-quality-scorer.test.js" name="scoreArticleQuality &gt; scores rich HTML with all quality signals as C or higher" time="0.001033108">
        </testcase>
        <testcase classname="test/unit/article-quality-scorer.test.js" name="scoreArticleQuality &gt; date field is a valid YYYY-MM-DD string" time="0.000607559">
        </testcase>
        <testcase classname="test/unit/article-quality-scorer.test.js" name="scoreArticleQuality &gt; derives date from articleId when it contains a date prefix" time="0.000304591">
        </testcase>
        <testcase classname="test/unit/article-quality-scorer.test.js" name="scoreArticleQuality &gt; falls back to current date when articleId has no date prefix" time="0.002887113">
        </testcase>
        <testcase classname="test/unit/article-quality-scorer.test.js" name="scoreArticleQuality &gt; articleId, lang, type are preserved from inputs" time="0.000384682">
        </testcase>
        <testcase classname="test/unit/article-quality-scorer.test.js" name="scoreArticleQuality &gt; non-English articles are not penalised by English-only keyword lists" time="0.000700854">
        </testcase>
        <testcase classname="test/unit/article-quality-scorer.test.js" name="scoreArticleQuality &gt; non-English articles receive baseline floors on keyword-dependent scores" time="0.000280397">
        </testcase>
        <testcase classname="test/unit/article-quality-scorer.test.js" name="grade boundaries via scoreArticleQuality &gt; rich content produces a high score (B or A)" time="0.000753914">
        </testcase>
        <testcase classname="test/unit/article-quality-scorer.test.js" name="grade boundaries via scoreArticleQuality &gt; grade F is assigned for very low quality content" time="0.000305403">
        </testcase>
        <testcase classname="test/unit/article-quality-scorer.test.js" name="grade boundaries via scoreArticleQuality &gt; passesQualityGate is false when overallScore &lt; 40" time="0.000270587">
        </testcase>
        <testcase classname="test/unit/article-quality-scorer.test.js" name="grade boundaries via scoreArticleQuality &gt; passesQualityGate is true for rich content" time="0.000699152">
        </testcase>
        <testcase classname="test/unit/article-quality-scorer.test.js" name="generateRecommendations &gt; recommends expanding word count when below 500" time="0.000242575">
        </testcase>
        <testcase classname="test/unit/article-quality-scorer.test.js" name="generateRecommendations &gt; recommends increasing word count when below 1500" time="0.000139592">
        </testcase>
        <testcase classname="test/unit/article-quality-scorer.test.js" name="generateRecommendations &gt; recommends adding political context when missing" time="0.000128661">
        </testcase>
        <testcase classname="test/unit/article-quality-scorer.test.js" name="generateRecommendations &gt; recommends adding SWOT when missing" time="0.000133761">
        </testcase>
        <testcase classname="test/unit/article-quality-scorer.test.js" name="generateRecommendations &gt; recommends adding dashboard when missing" time="0.000173656">
        </testcase>
        <testcase classname="test/unit/article-quality-scorer.test.js" name="generateRecommendations &gt; recommends missing stakeholder perspectives" time="0.000195526">
        </testcase>
        <testcase classname="test/unit/article-quality-scorer.test.js" name="generateRecommendations &gt; recommends adding evidence references when below 3" time="0.000201708">
        </testcase>
        <testcase classname="test/unit/article-quality-scorer.test.js" name="generateRecommendations &gt; returns empty recommendations for a fully scored report" time="0.000244398">
        </testcase>
        <testcase classname="test/unit/article-quality-scorer.test.js" name="generateRecommendations &gt; omits keyword-based recommendations for non-English articles" time="0.000424546">
        </testcase>
        <testcase classname="test/unit/article-quality-scorer.test.js" name="edge cases &gt; handles HTML with only whitespace gracefully" time="0.001107828">
        </testcase>
        <testcase classname="test/unit/article-quality-scorer.test.js" name="edge cases &gt; handles very long HTML without errors" time="0.001470027">
        </testcase>
        <testcase classname="test/unit/article-quality-scorer.test.js" name="edge cases &gt; handles HTML with special characters" time="0.000419647">
        </testcase>
        <testcase classname="test/unit/article-quality-scorer.test.js" name="edge cases &gt; handles articles without a &lt;main&gt; element" time="0.000274164">
        </testcase>
        <testcase classname="test/unit/article-quality-scorer.test.js" name="edge cases &gt; EP document references are counted (known formats TA-, PE-, A9-)" time="0.000258615">
        </testcase>
        <testcase classname="test/unit/article-quality-scorer.test.js" name="edge cases &gt; EP document ref pattern excludes generic codes like EU-27" time="0.000355778">
        </testcase>
        <testcase classname="test/unit/article-quality-scorer.test.js" name="edge cases &gt; EP doc refs inside script blocks (JSON-LD) are not double-counted" time="0.000313147">
        </testcase>
        <testcase classname="test/unit/article-quality-scorer.test.js" name="edge cases &gt; PE-123.456 is not double-counted as both PE-123.456 and PE-123" time="0.000193503">
        </testcase>
    </testsuite>
    <testsuite name="test/unit/article-strategies.test.js" timestamp="2026-03-29T12:26:55.560Z" hostname="runnervmrg6be" tests="248" failures="0" errors="0" skipped="0" time="0.27734095">
        <testcase classname="test/unit/article-strategies.test.js" name="WeekAheadStrategy &gt; has the correct article type" time="0.003499505">
        </testcase>
        <testcase classname="test/unit/article-strategies.test.js" name="WeekAheadStrategy &gt; declares required MCP tools including feed endpoints" time="0.002668876">
        </testcase>
        <testcase classname="test/unit/article-strategies.test.js" name="WeekAheadStrategy &gt; buildContent returns non-empty HTML for the given language" time="0.011522055">
        </testcase>
        <testcase classname="test/unit/article-strategies.test.js" name="WeekAheadStrategy &gt; buildContent returns non-empty content for multiple languages" time="0.004103238">
        </testcase>
        <testcase classname="test/unit/article-strategies.test.js" name="WeekAheadStrategy &gt; buildContent injects What-to-Watch section inside .article-content when pipeline has bottleneck" time="0.003076732">
        </testcase>
        <testcase classname="test/unit/article-strategies.test.js" name="WeekAheadStrategy &gt; getMetadata returns en title containing &quot;Week Ahead&quot; or equivalent" time="0.002873731">
        </testcase>
        <testcase classname="test/unit/article-strategies.test.js" name="WeekAheadStrategy &gt; getMetadata subtitle includes event counts from data" time="0.000179146">
        </testcase>
        <testcase classname="test/unit/article-strategies.test.js" name="WeekAheadStrategy &gt; getMetadata title includes content-aware suffix when events exist" time="0.000259647">
        </testcase>
        <testcase classname="test/unit/article-strategies.test.js" name="WeekAheadStrategy &gt; getMetadata returns different titles for different languages" time="0.001340685">
        </testcase>
        <testcase classname="test/unit/article-strategies.test.js" name="WeekAheadStrategy &gt; getMetadata keywords match the weekData keywords" time="0.000308588">
        </testcase>
        <testcase classname="test/unit/article-strategies.test.js" name="BreakingNewsStrategy &gt; has the correct article type" time="0.00022921">
        </testcase>
        <testcase classname="test/unit/article-strategies.test.js" name="BreakingNewsStrategy &gt; declares required MCP tools" time="0.003488044">
        </testcase>
        <testcase classname="test/unit/article-strategies.test.js" name="BreakingNewsStrategy &gt; buildContent returns non-empty HTML for the given language" time="0.018558153">
        </testcase>
        <testcase classname="test/unit/article-strategies.test.js" name="BreakingNewsStrategy &gt; buildContent returns valid content for multiple languages" time="0.002613222">
        </testcase>
        <testcase classname="test/unit/article-strategies.test.js" name="BreakingNewsStrategy &gt; getMetadata en has title and &quot;breaking&quot; category" time="0.001038559">
        </testcase>
        <testcase classname="test/unit/article-strategies.test.js" name="BreakingNewsStrategy &gt; getMetadata title includes content-aware suffix from feed data" time="0.000252633">
        </testcase>
        <testcase classname="test/unit/article-strategies.test.js" name="BreakingNewsStrategy &gt; getMetadata subtitle includes feed data highlights" time="0.00018683">
        </testcase>
        <testcase classname="test/unit/article-strategies.test.js" name="BreakingNewsStrategy &gt; getMetadata keywords include adopted text titles from feed data" time="0.000238017">
        </testcase>
        <testcase classname="test/unit/article-strategies.test.js" name="BreakingNewsStrategy &gt; getMetadata falls back gracefully when feedData is undefined" time="0.000355387">
        </testcase>
        <testcase classname="test/unit/article-strategies.test.js" name="BreakingNewsStrategy &gt; getMetadata differs by language" time="0.000284183">
        </testcase>
        <testcase classname="test/unit/article-strategies.test.js" name="BreakingNewsStrategy &gt; getMetadata includes significance keyword when feedData is present and score meets threshold" time="0.000387667">
        </testcase>
        <testcase classname="test/unit/article-strategies.test.js" name="BreakingNewsStrategy &gt; getMetadata omits significance keyword when feedData is undefined" time="0.00033034">
        </testcase>
        <testcase classname="test/unit/article-strategies.test.js" name="BreakingNewsStrategy &gt; getMetadata omits significance keyword when score is below threshold" time="0.000241433">
        </testcase>
        <testcase classname="test/unit/article-strategies.test.js" name="CommitteeReportsStrategy &gt; has the correct article type" time="0.000162886">
        </testcase>
        <testcase classname="test/unit/article-strategies.test.js" name="CommitteeReportsStrategy &gt; declares required MCP tools including feed endpoints" time="0.000408346">
        </testcase>
        <testcase classname="test/unit/article-strategies.test.js" name="CommitteeReportsStrategy &gt; buildContent renders committee name and abbreviation" time="0.003387715">
        </testcase>
        <testcase classname="test/unit/article-strategies.test.js" name="CommitteeReportsStrategy &gt; buildContent renders document title" time="0.001168161">
        </testcase>
        <testcase classname="test/unit/article-strategies.test.js" name="CommitteeReportsStrategy &gt; buildContent shows &quot;No recent documents available&quot; when committee has real metadata but no docs" time="0.000912762">
        </testcase>
        <testcase classname="test/unit/article-strategies.test.js" name="CommitteeReportsStrategy &gt; shouldSkip returns true when committeeDataList is empty (all fetches failed)" time="0.000280747">
        </testcase>
        <testcase classname="test/unit/article-strategies.test.js" name="CommitteeReportsStrategy &gt; shouldSkip returns true when all committees are placeholder" time="0.000292919">
        </testcase>
        <testcase classname="test/unit/article-strategies.test.js" name="CommitteeReportsStrategy &gt; shouldSkip returns false when committees are all-placeholder but feedData has adoptedTexts" time="0.000224912">
        </testcase>
        <testcase classname="test/unit/article-strategies.test.js" name="CommitteeReportsStrategy &gt; shouldSkip returns true when committees are all-placeholder and feedData has no items" time="0.00022421">
        </testcase>
        <testcase classname="test/unit/article-strategies.test.js" name="CommitteeReportsStrategy &gt; shouldSkip returns false when there is real committee data" time="0.000189015">
        </testcase>
        <testcase classname="test/unit/article-strategies.test.js" name="CommitteeReportsStrategy &gt; buildContent renders committee-card--unavailable for placeholder-shaped committee data" time="0.000396373">
        </testcase>
        <testcase classname="test/unit/article-strategies.test.js" name="CommitteeReportsStrategy &gt; buildContent escapes HTML in committee name" time="0.00424807">
        </testcase>
        <testcase classname="test/unit/article-strategies.test.js" name="CommitteeReportsStrategy &gt; buildContent renders adopted-texts-overview section when feedData has adoptedTexts" time="0.00122072">
        </testcase>
[...]
        </testcase>
        <testcase classname="test/unit/week-ahead.test.js" name="week-ahead helpers &gt; parseLegislativeDocuments &gt; should use &quot;Untitled Document&quot; when title absent" time="0.000196159">
        </testcase>
        <testcase classname="test/unit/week-ahead.test.js" name="week-ahead helpers &gt; parseLegislativeDocuments &gt; should return empty array for rejected result" time="0.000203081">
        </testcase>
        <testcase classname="test/unit/week-ahead.test.js" name="week-ahead helpers &gt; parseLegislativeDocuments &gt; should return empty array when documents array is absent" time="0.000178314">
        </testcase>
        <testcase classname="test/unit/week-ahead.test.js" name="week-ahead helpers &gt; parseLegislativePipeline &gt; should return procedures from a fulfilled result" time="0.000485641">
        </testcase>
        <testcase classname="test/unit/week-ahead.test.js" name="week-ahead helpers &gt; parseLegislativePipeline &gt; should use &quot;Unnamed Procedure&quot; when title absent" time="0.000199574">
        </testcase>
        <testcase classname="test/unit/week-ahead.test.js" name="week-ahead helpers &gt; parseLegislativePipeline &gt; should return empty array for rejected result" time="0.000202871">
        </testcase>
        <testcase classname="test/unit/week-ahead.test.js" name="week-ahead helpers &gt; parseLegislativePipeline &gt; should return empty array when procedures array is absent" time="0.000178184">
        </testcase>
        <testcase classname="test/unit/week-ahead.test.js" name="week-ahead helpers &gt; buildWeekAheadContent &gt; should contain the lede with date range" time="0.001118027">
        </testcase>
        <testcase classname="test/unit/week-ahead.test.js" name="week-ahead helpers &gt; buildWeekAheadContent &gt; should show &quot;No plenary sessions&quot; when events array is empty" time="0.00021337">
        </testcase>
        <testcase classname="test/unit/week-ahead.test.js" name="week-ahead helpers &gt; buildWeekAheadContent &gt; should render plenary event titles in HTML" time="0.000557706">
        </testcase>
        <testcase classname="test/unit/week-ahead.test.js" name="week-ahead helpers &gt; buildWeekAheadContent &gt; should include committee-calendar section when committees present" time="0.000410249">
        </testcase>
        <testcase classname="test/unit/week-ahead.test.js" name="week-ahead helpers &gt; buildWeekAheadContent &gt; should include legislative-documents section when documents present" time="0.000456576">
        </testcase>
        <testcase classname="test/unit/week-ahead.test.js" name="week-ahead helpers &gt; buildWeekAheadContent &gt; should include legislative-pipeline section when pipeline present" time="0.00052795">
        </testcase>
        <testcase classname="test/unit/week-ahead.test.js" name="week-ahead helpers &gt; buildWeekAheadContent &gt; should include qa-schedule section when questions present" time="0.000410129">
        </testcase>
        <testcase classname="test/unit/week-ahead.test.js" name="week-ahead helpers &gt; buildWeekAheadContent &gt; should escape HTML in event titles to prevent XSS" time="0.000392917">
        </testcase>
        <testcase classname="test/unit/week-ahead.test.js" name="week-ahead helpers &gt; buildWeekAheadContent &gt; should include bottleneck indicator for stalled procedures" time="0.000514545">
        </testcase>
        <testcase classname="test/unit/week-ahead.test.js" name="week-ahead helpers &gt; buildWeekAheadContent &gt; should omit optional sections when data arrays are empty" time="0.000420579">
        </testcase>
        <testcase classname="test/unit/week-ahead.test.js" name="week-ahead helpers &gt; buildKeywords &gt; should always include base keywords" time="0.000942397">
        </testcase>
        <testcase classname="test/unit/week-ahead.test.js" name="week-ahead helpers &gt; buildKeywords &gt; should add committee names from committee meetings" time="0.000266891">
        </testcase>
        <testcase classname="test/unit/week-ahead.test.js" name="week-ahead helpers &gt; buildKeywords &gt; should not duplicate committee names" time="0.000369624">
        </testcase>
        <testcase classname="test/unit/week-ahead.test.js" name="week-ahead helpers &gt; buildKeywords &gt; should add &quot;legislative pipeline&quot; when pipeline has entries" time="0.000267171">
        </testcase>
        <testcase classname="test/unit/week-ahead.test.js" name="week-ahead helpers &gt; buildKeywords &gt; should add &quot;parliamentary questions&quot; when questions has entries" time="0.000253375">
        </testcase>
        <testcase classname="test/unit/week-ahead.test.js" name="week-ahead helpers &gt; buildKeywords &gt; should not add &quot;legislative pipeline&quot; or &quot;parliamentary questions&quot; when empty" time="0.000560011">
        </testcase>
        <testcase classname="test/unit/week-ahead.test.js" name="week-ahead editorial quality &gt; should include &quot;Why This Matters&quot; section in every article" time="0.000167394">
        </testcase>
        <testcase classname="test/unit/week-ahead.test.js" name="week-ahead editorial quality &gt; should include source attribution in &quot;Why This Matters&quot; section" time="0.011023319">
        </testcase>
        <testcase classname="test/unit/week-ahead.test.js" name="week-ahead editorial quality &gt; should include committee count in lede when committees are present" time="0.000310553">
        </testcase>
        <testcase classname="test/unit/week-ahead.test.js" name="week-ahead editorial quality &gt; should use singular form for single committee meeting" time="0.000280295">
        </testcase>
        <testcase classname="test/unit/week-ahead.test.js" name="week-ahead editorial quality &gt; should use localized editorial strings for Swedish" time="0.00022365">
        </testcase>
        <testcase classname="test/unit/week-ahead.test.js" name="week-ahead multi-language section headings &gt; should use localized section headings for all 14 languages" time="0.005775555">
        </testcase>
        <testcase classname="test/unit/week-ahead.test.js" name="week-ahead multi-language section headings &gt; should use localized no-plenary message when events are empty" time="0.001180053">
        </testcase>
        <testcase classname="test/unit/week-ahead.test.js" name="week-ahead multi-language section headings &gt; should use Japanese section headings" time="0.000416071">
        </testcase>
        <testcase classname="test/unit/week-ahead.test.js" name="week-ahead multi-language section headings &gt; should use Korean section headings" time="0.000391635">
        </testcase>
        <testcase classname="test/unit/week-ahead.test.js" name="week-ahead multi-language section headings &gt; should use Chinese section headings" time="0.000342462">
        </testcase>
        <testcase classname="test/unit/week-ahead.test.js" name="week-ahead multi-language section headings &gt; should have WEEK_AHEAD_STRINGS for all 14 languages" time="0.004778865">
        </testcase>
        <testcase classname="test/unit/week-ahead.test.js" name="buildStakeholderImpactMatrix &gt; should return empty rows when no events or documents" time="0.000290014">
        </testcase>
        <testcase classname="test/unit/week-ahead.test.js" name="buildStakeholderImpactMatrix &gt; should include political groups when events are present" time="0.000279504">
        </testcase>
        <testcase classname="test/unit/week-ahead.test.js" name="buildStakeholderImpactMatrix &gt; should include civil society when documents are present" time="0.000207109">
        </testcase>
        <testcase classname="test/unit/week-ahead.test.js" name="buildStakeholderImpactMatrix &gt; should assign high impact to political groups with 3+ events" time="0.000274856">
        </testcase>
        <testcase classname="test/unit/week-ahead.test.js" name="buildStakeholderImpactMatrix &gt; should assign medium impact to political groups with fewer than 3 events" time="0.000232245">
        </testcase>
        <testcase classname="test/unit/week-ahead.test.js" name="buildStakeholderImpactMatrix &gt; should include EU Citizens, EU Institutions and National Governments rows" time="0.000354986">
        </testcase>
        <testcase classname="test/unit/week-ahead.test.js" name="buildStakeholderImpactMatrix &gt; should include industry row when events or documents are present" time="0.000201769">
        </testcase>
        <testcase classname="test/unit/week-ahead.test.js" name="buildStakeholderImpactMatrix &gt; should use localized stakeholder labels for non-English languages" time="0.000324148">
        </testcase>
        <testcase classname="test/unit/week-ahead.test.js" name="computeWeekPoliticalTemperature &gt; should return score 0 when no events or questions" time="0.00025039">
        </testcase>
        <testcase classname="test/unit/week-ahead.test.js" name="computeWeekPoliticalTemperature &gt; should increase score with more events" time="0.000217037">
        </testcase>
        <testcase classname="test/unit/week-ahead.test.js" name="computeWeekPoliticalTemperature &gt; should increase score with more questions" time="0.000204673">
        </testcase>
        <testcase classname="test/unit/week-ahead.test.js" name="computeWeekPoliticalTemperature &gt; should award diversity bonus for distinct event types" time="0.000214532">
        </testcase>
        <testcase classname="test/unit/week-ahead.test.js" name="computeWeekPoliticalTemperature &gt; should cap at 100" time="0.000347382">
        </testcase>
        <testcase classname="test/unit/week-ahead.test.js" name="computeWeekPoliticalTemperature &gt; should return &quot;Very High&quot; label for high scores" time="0.000685666">
        </testcase>
        <testcase classname="test/unit/week-ahead.test.js" name="stakeholder impact HTML integration &gt; should not include stakeholder section when no events or documents" time="0.000267932">
        </testcase>
        <testcase classname="test/unit/week-ahead.test.js" name="stakeholder impact HTML integration &gt; should include stakeholder section when events are present" time="0.000347813">
        </testcase>
        <testcase classname="test/unit/week-ahead.test.js" name="stakeholder impact HTML integration &gt; should include stakeholder section when documents are present" time="0.000273934">
        </testcase>
        <testcase classname="test/unit/week-ahead.test.js" name="stakeholder impact HTML integration &gt; should escape HTML in stakeholder section to prevent XSS" time="0.000356429">
        </testcase>
        <testcase classname="test/unit/week-ahead.test.js" name="stakeholder impact HTML integration &gt; should use localized stakeholder headings for all 14 languages" time="0.001509672">
        </testcase>
        <testcase classname="test/unit/week-ahead.test.js" name="stakeholder impact HTML integration &gt; should have WEEK_AHEAD_STAKEHOLDER_STRINGS for all 14 languages" time="0.004554544">
        </testcase>
        <testcase classname="test/unit/week-ahead.test.js" name="stakeholder impact HTML integration &gt; should use localized temperature descriptors in HTML output" time="0.000278362">
        </testcase>
        <testcase classname="test/unit/week-ahead.test.js" name="stakeholder impact HTML integration &gt; should use localized reason strings with event count" time="0.001115212">
        </testcase>
    </testsuite>
    <testsuite name="test/unit/world-bank-data.test.js" timestamp="2026-03-29T12:26:56.039Z" hostname="runnervmrg6be" tests="42" failures="0" errors="0" skipped="0" time="0.031249141">
        <testcase classname="test/unit/world-bank-data.test.js" name="world-bank-data &gt; EU_COUNTRY_CODES &gt; should contain all 27 EU member states" time="0.00472858">
        </testcase>
        <testcase classname="test/unit/world-bank-data.test.js" name="world-bank-data &gt; EU_COUNTRY_CODES &gt; should map DE to DEU" time="0.000537267">
        </testcase>
        <testcase classname="test/unit/world-bank-data.test.js" name="world-bank-data &gt; EU_COUNTRY_CODES &gt; should map FR to FRA" time="0.00027167">
        </testcase>
        <testcase classname="test/unit/world-bank-data.test.js" name="world-bank-data &gt; EU_COUNTRY_CODES &gt; should map SE to SWE" time="0.000223238">
        </testcase>
        <testcase classname="test/unit/world-bank-data.test.js" name="world-bank-data &gt; EU_COUNTRY_CODES &gt; should map all codes to 3-letter strings" time="0.007125978">
        </testcase>
        <testcase classname="test/unit/world-bank-data.test.js" name="world-bank-data &gt; EU_AGGREGATE_CODE &gt; should be EUU" time="0.000225303">
        </testcase>
        <testcase classname="test/unit/world-bank-data.test.js" name="world-bank-data &gt; POLICY_INDICATORS &gt; should contain gdp indicator" time="0.000208201">
        </testcase>
        <testcase classname="test/unit/world-bank-data.test.js" name="world-bank-data &gt; POLICY_INDICATORS &gt; should contain all 8 policy-relevant indicators" time="0.001310358">
        </testcase>
        <testcase classname="test/unit/world-bank-data.test.js" name="world-bank-data &gt; parseWorldBankCSV &gt; should return empty array for empty input" time="0.001193529">
        </testcase>
        <testcase classname="test/unit/world-bank-data.test.js" name="world-bank-data &gt; parseWorldBankCSV &gt; should return empty array for null-like input" time="0.000370555">
        </testcase>
        <testcase classname="test/unit/world-bank-data.test.js" name="world-bank-data &gt; parseWorldBankCSV &gt; should return empty array for header-only CSV" time="0.00024522">
        </testcase>
        <testcase classname="test/unit/world-bank-data.test.js" name="world-bank-data &gt; parseWorldBankCSV &gt; should parse standard World Bank CSV format" time="0.000739908">
        </testcase>
        <testcase classname="test/unit/world-bank-data.test.js" name="world-bank-data &gt; parseWorldBankCSV &gt; should handle alternative header names" time="0.000434466">
        </testcase>
        <testcase classname="test/unit/world-bank-data.test.js" name="world-bank-data &gt; parseWorldBankCSV &gt; should handle null values" time="0.000337252">
        </testcase>
        <testcase classname="test/unit/world-bank-data.test.js" name="world-bank-data &gt; parseWorldBankCSV &gt; should skip rows with invalid year" time="0.000264066">
        </testcase>
        <testcase classname="test/unit/world-bank-data.test.js" name="world-bank-data &gt; parseWorldBankCSV &gt; should handle quoted fields containing commas" time="0.000513714">
        </testcase>
        <testcase classname="test/unit/world-bank-data.test.js" name="world-bank-data &gt; parseWorldBankCSV &gt; should handle quoted headers containing commas" time="0.000326963">
        </testcase>
        <testcase classname="test/unit/world-bank-data.test.js" name="world-bank-data &gt; parseWorldBankCSV &gt; should handle CRLF line endings" time="0.000326092">
        </testcase>
        <testcase classname="test/unit/world-bank-data.test.js" name="world-bank-data &gt; parseWorldBankCSV &gt; should handle RFC 4180 escaped quotes in fields" time="0.00040507">
        </testcase>
        <testcase classname="test/unit/world-bank-data.test.js" name="world-bank-data &gt; formatIndicatorValue &gt; should return N/A for null value" time="0.000286568">
        </testcase>
        <testcase classname="test/unit/world-bank-data.test.js" name="world-bank-data &gt; formatIndicatorValue &gt; should format GDP in trillions" time="0.000204643">
        </testcase>
        <testcase classname="test/unit/world-bank-data.test.js" name="world-bank-data &gt; formatIndicatorValue &gt; should format GDP in billions" time="0.000192892">
        </testcase>
        <testcase classname="test/unit/world-bank-data.test.js" name="world-bank-data &gt; formatIndicatorValue &gt; should format GDP in millions" time="0.000193773">
        </testcase>
        <testcase classname="test/unit/world-bank-data.test.js" name="world-bank-data &gt; formatIndicatorValue &gt; should format population in millions" time="0.000136656">
        </testcase>
        <testcase classname="test/unit/world-bank-data.test.js" name="world-bank-data &gt; formatIndicatorValue &gt; should format population in billions" time="0.000170189">
        </testcase>
        <testcase classname="test/unit/world-bank-data.test.js" name="world-bank-data &gt; formatIndicatorValue &gt; should format percentage indicators" time="0.000198683">
        </testcase>
        <testcase classname="test/unit/world-bank-data.test.js" name="world-bank-data &gt; formatIndicatorValue &gt; should format CO2 emissions" time="0.000245661">
        </testcase>
        <testcase classname="test/unit/world-bank-data.test.js" name="world-bank-data &gt; formatIndicatorValue &gt; should format unknown indicator as decimal" time="0.000152417">
        </testcase>
        <testcase classname="test/unit/world-bank-data.test.js" name="world-bank-data &gt; getMostRecentValue &gt; should return null for empty array" time="0.000299262">
        </testcase>
        <testcase classname="test/unit/world-bank-data.test.js" name="world-bank-data &gt; getMostRecentValue &gt; should return null when all values are null" time="0.000216917">
        </testcase>
        <testcase classname="test/unit/world-bank-data.test.js" name="world-bank-data &gt; getMostRecentValue &gt; should return the most recent non-null value" time="0.000386014">
        </testcase>
        <testcase classname="test/unit/world-bank-data.test.js" name="world-bank-data &gt; buildEconomicContext &gt; should build context with indicator summaries" time="0.000983155">
        </testcase>
        <testcase classname="test/unit/world-bank-data.test.js" name="world-bank-data &gt; buildEconomicContext &gt; should handle empty indicator data" time="0.000231615">
        </testcase>
        <testcase classname="test/unit/world-bank-data.test.js" name="world-bank-data &gt; getWorldBankCountryCode &gt; should return World Bank code for EU member states" time="0.00026082">
        </testcase>
        <testcase classname="test/unit/world-bank-data.test.js" name="world-bank-data &gt; getWorldBankCountryCode &gt; should be case-insensitive" time="0.00044213">
        </testcase>
        <testcase classname="test/unit/world-bank-data.test.js" name="world-bank-data &gt; getWorldBankCountryCode &gt; should return null for non-EU countries" time="0.000265498">
        </testcase>
        <testcase classname="test/unit/world-bank-data.test.js" name="world-bank-data &gt; isEUMemberState &gt; should return true for EU member states" time="0.000330781">
        </testcase>
        <testcase classname="test/unit/world-bank-data.test.js" name="world-bank-data &gt; isEUMemberState &gt; should return false for non-EU countries" time="0.0002826">
        </testcase>
        <testcase classname="test/unit/world-bank-data.test.js" name="world-bank-data &gt; isEUMemberState &gt; should be case-insensitive" time="0.000171792">
        </testcase>
        <testcase classname="test/unit/world-bank-data.test.js" name="world-bank-data &gt; buildEconomicContextHTML &gt; should return empty string when no indicators" time="0.000322185">
        </testcase>
        <testcase classname="test/unit/world-bank-data.test.js" name="world-bank-data &gt; buildEconomicContextHTML &gt; should generate valid HTML table" time="0.000855225">
        </testcase>
        <testcase classname="test/unit/world-bank-data.test.js" name="world-bank-data &gt; buildEconomicContextHTML &gt; should escape HTML in country name" time="0.000348664">
        </testcase>
    </testsuite>
</testsuites>
